#! /usr/bin/vvp
:ivl_version "12.0 (stable)";
:ivl_delay_selection "TYPICAL";
:vpi_time_precision + 0;
:vpi_module "/usr/lib/x86_64-linux-gnu/ivl/system.vpi";
:vpi_module "/usr/lib/x86_64-linux-gnu/ivl/vhdl_sys.vpi";
:vpi_module "/usr/lib/x86_64-linux-gnu/ivl/vhdl_textio.vpi";
:vpi_module "/usr/lib/x86_64-linux-gnu/ivl/v2005_math.vpi";
:vpi_module "/usr/lib/x86_64-linux-gnu/ivl/va_math.vpi";
S_0x5f0202159510 .scope module, "test" "test" 2 1;
 .timescale 0 0;
L_0x5f020219fe30 .functor AND 1, v0x5f02021596a0_0, v0x5f020219fcd0_0, C4<1>, C4<1>;
L_0x5f020219ff50 .functor OR 1, v0x5f02021596a0_0, v0x5f020219fcd0_0, C4<0>, C4<0>;
v0x5f02021596a0_0 .var "a", 0 0;
v0x5f020219fcd0_0 .var "b", 0 0;
RS_0x7b42e1ca8078 .resolv tri, L_0x5f020219fe30, L_0x5f020219ff50;
v0x5f020219fd90_0 .net8 "y", 0 0, RS_0x7b42e1ca8078;  2 drivers
    .scope S_0x5f0202159510;
T_0 ;
    %vpi_call 2 8 "$display", v0x5f020219fd90_0 {0 0 0};
    %end;
    .thread T_0;
# The file index is used to find the file name in the following table.
:file_names 3;
    "N/A";
    "<interactive>";
    "testbench.v";
