#! /usr/bin/vvp
:ivl_version "12.0 (stable)";
:ivl_delay_selection "TYPICAL";
:vpi_time_precision - 12;
:vpi_module "/usr/lib/x86_64-linux-gnu/ivl/system.vpi";
:vpi_module "/usr/lib/x86_64-linux-gnu/ivl/vhdl_sys.vpi";
:vpi_module "/usr/lib/x86_64-linux-gnu/ivl/vhdl_textio.vpi";
:vpi_module "/usr/lib/x86_64-linux-gnu/ivl/v2005_math.vpi";
:vpi_module "/usr/lib/x86_64-linux-gnu/ivl/va_math.vpi";
S_0x6450de1a4570 .scope module, "test" "test" 2 3;
 .timescale -9 -12;
v0x6450de1a4700_0 .var "clk", 0 0;
v0x6450de1ec530_0 .var/real "freq", 0 0;
v0x6450de1ec5f0_0 .var/real "time_period", 0 0;
    .scope S_0x6450de1a4570;
T_0 ;
    %pushi/real 1677721600, 4073; load=200.000
    %store/real v0x6450de1ec530_0;
    %end;
    .thread T_0;
    .scope S_0x6450de1a4570;
T_1 ;
    %pushi/vec4 0, 0, 1;
    %store/vec4 v0x6450de1a4700_0, 0, 1;
    %pushi/vec4 1, 0, 32;
    %cvt/rv/s;
    %load/real v0x6450de1ec530_0;
    %div/wr;
    %pushi/vec4 1000, 0, 32;
    %cvt/rv/s;
    %mul/wr;
    %store/real v0x6450de1ec5f0_0;
    %delay 500000, 0;
    %vpi_call 2 10 "$finish" {0 0 0};
    %end;
    .thread T_1;
    .scope S_0x6450de1a4570;
T_2 ;
    %load/real v0x6450de1ec5f0_0;
    %pushi/vec4 2, 0, 32;
    %cvt/rv/s;
    %div/wr;
    %pushi/real 2097152000, 4075; load=1000.00
    %mul/wr;
    %cvt/vr 64;
    %muli 1, 0, 64;
    %ix/vec4 4;
    %delayx 4;
    %load/vec4 v0x6450de1a4700_0;
    %inv;
    %store/vec4 v0x6450de1a4700_0, 0, 1;
    %jmp T_2;
    .thread T_2;
    .scope S_0x6450de1a4570;
T_3 ;
    %vpi_call 2 15 "$dumpfile", "dump.vcd" {0 0 0};
    %vpi_call 2 16 "$dumpvars", 32'sb00000000000000000000000000000000, S_0x6450de1a4570 {0 0 0};
    %end;
    .thread T_3;
# The file index is used to find the file name in the following table.
:file_names 3;
    "N/A";
    "<interactive>";
    "clock.v";
