#! /usr/bin/vvp
:ivl_version "12.0 (stable)";
:ivl_delay_selection "TYPICAL";
:vpi_time_precision + 0;
:vpi_module "/usr/lib/x86_64-linux-gnu/ivl/system.vpi";
:vpi_module "/usr/lib/x86_64-linux-gnu/ivl/vhdl_sys.vpi";
:vpi_module "/usr/lib/x86_64-linux-gnu/ivl/vhdl_textio.vpi";
:vpi_module "/usr/lib/x86_64-linux-gnu/ivl/v2005_math.vpi";
:vpi_module "/usr/lib/x86_64-linux-gnu/ivl/va_math.vpi";
S_0x63cea924e490 .scope module, "comparater_tb" "comparater_tb" 2 3;
 .timescale 0 0;
v0x63cea92b0d30_0 .var "a", 3 0;
v0x63cea92b0e10_0 .net "a_eq_b", 0 0, L_0x63cea92b36a0;  1 drivers
v0x63cea92b0ee0_0 .net "a_gt_b", 0 0, L_0x63cea92b34a0;  1 drivers
v0x63cea92b0fe0_0 .net "a_ls_b", 0 0, L_0x63cea92b4140;  1 drivers
v0x63cea92b10b0_0 .var "b", 3 0;
S_0x63cea924e620 .scope module, "dut" "comparator" 2 7, 3 1 0, S_0x63cea924e490;
 .timescale 0 0;
    .port_info 0 /INPUT 4 "a";
    .port_info 1 /INPUT 4 "b";
    .port_info 2 /OUTPUT 1 "a_gt_b";
    .port_info 3 /OUTPUT 1 "a_eq_b";
    .port_info 4 /OUTPUT 1 "a_ls_b";
L_0x63cea92b1150 .functor XNOR 1, L_0x63cea92b1250, L_0x63cea92b1390, C4<0>, C4<0>;
L_0x63cea92b14d0 .functor XNOR 1, L_0x63cea92b1540, L_0x63cea92b1630, C4<0>, C4<0>;
L_0x63cea92b1750 .functor XNOR 1, L_0x63cea92b17c0, L_0x63cea92b18b0, C4<0>, C4<0>;
L_0x63cea92b1a20 .functor XNOR 1, L_0x63cea92b1ac0, L_0x63cea92b1b60, C4<0>, C4<0>;
L_0x63cea92b1ca0 .functor NOT 1, L_0x63cea92b1d10, C4<0>, C4<0>, C4<0>;
L_0x63cea92b1e00 .functor NOT 1, L_0x63cea92b1ee0, C4<0>, C4<0>, C4<0>;
L_0x63cea92b2030 .functor NOT 1, L_0x63cea92b20a0, C4<0>, C4<0>, C4<0>;
L_0x63cea92b2140 .functor NOT 1, L_0x63cea92b2230, C4<0>, C4<0>, C4<0>;
L_0x63cea92b2390 .functor NOT 1, L_0x63cea92b2430, C4<0>, C4<0>, C4<0>;
L_0x63cea92b2520 .functor NOT 1, L_0x63cea92b2620, C4<0>, C4<0>, C4<0>;
L_0x63cea92b2320 .functor NOT 1, L_0x63cea92b2770, C4<0>, C4<0>, C4<0>;
L_0x63cea92b2860 .functor NOT 1, L_0x63cea92b2970, C4<0>, C4<0>, C4<0>;
L_0x63cea92b2af0 .functor AND 1, L_0x63cea92b2be0, L_0x63cea92b1ca0, C4<1>, C4<1>;
L_0x63cea92b2cd0 .functor AND 1, L_0x63cea92b2e90, L_0x63cea92b1e00, L_0x63cea92b1150, C4<1>;
L_0x63cea92b2900 .functor AND 1, L_0x63cea92b30c0, L_0x63cea92b2030, L_0x63cea92b1150, L_0x63cea92b14d0;
L_0x63cea92b31b0/0/0 .functor AND 1, L_0x63cea92b3300, L_0x63cea92b2140, L_0x63cea92b1150, L_0x63cea92b14d0;
L_0x63cea92b31b0/0/4 .functor AND 1, L_0x63cea92b1750, C4<1>, C4<1>, C4<1>;
L_0x63cea92b31b0 .functor AND 1, L_0x63cea92b31b0/0/0, L_0x63cea92b31b0/0/4, C4<1>, C4<1>;
L_0x63cea92b34a0 .functor OR 1, L_0x63cea92b2af0, L_0x63cea92b2cd0, L_0x63cea92b2900, L_0x63cea92b31b0;
L_0x63cea92b36a0 .functor AND 1, L_0x63cea92b1150, L_0x63cea92b14d0, L_0x63cea92b1750, L_0x63cea92b1a20;
L_0x63cea92b3800 .functor AND 1, L_0x63cea92b2f80, L_0x63cea92b2390, C4<1>, C4<1>;
L_0x63cea92b3910 .functor AND 1, L_0x63cea92b3760, L_0x63cea92b2520, L_0x63cea92b1150, C4<1>;
L_0x63cea92b3b90 .functor AND 1, L_0x63cea92b3c50, L_0x63cea92b2320, L_0x63cea92b1150, L_0x63cea92b14d0;
L_0x63cea92b3d40/0/0 .functor AND 1, L_0x63cea92b3fd0, L_0x63cea92b2860, L_0x63cea92b1150, L_0x63cea92b14d0;
L_0x63cea92b3d40/0/4 .functor AND 1, L_0x63cea92b1750, C4<1>, C4<1>, C4<1>;
L_0x63cea92b3d40 .functor AND 1, L_0x63cea92b3d40/0/0, L_0x63cea92b3d40/0/4, C4<1>, C4<1>;
L_0x63cea92b4140 .functor OR 1, L_0x63cea92b3800, L_0x63cea92b3910, L_0x63cea92b3b90, L_0x63cea92b3d40;
v0x63cea924e800_0 .net *"_ivl_1", 0 0, L_0x63cea92b1250;  1 drivers
v0x63cea92ae300_0 .net *"_ivl_11", 0 0, L_0x63cea92b18b0;  1 drivers
v0x63cea92ae3e0_0 .net *"_ivl_13", 0 0, L_0x63cea92b1ac0;  1 drivers
v0x63cea92ae4d0_0 .net *"_ivl_15", 0 0, L_0x63cea92b1b60;  1 drivers
v0x63cea92ae5b0_0 .net *"_ivl_17", 0 0, L_0x63cea92b1d10;  1 drivers
v0x63cea92ae6e0_0 .net *"_ivl_19", 0 0, L_0x63cea92b1ee0;  1 drivers
v0x63cea92ae7c0_0 .net *"_ivl_21", 0 0, L_0x63cea92b20a0;  1 drivers
v0x63cea92ae8a0_0 .net *"_ivl_23", 0 0, L_0x63cea92b2230;  1 drivers
v0x63cea92ae980_0 .net *"_ivl_25", 0 0, L_0x63cea92b2430;  1 drivers
v0x63cea92aea60_0 .net *"_ivl_27", 0 0, L_0x63cea92b2620;  1 drivers
v0x63cea92aeb40_0 .net *"_ivl_29", 0 0, L_0x63cea92b2770;  1 drivers
v0x63cea92aec20_0 .net *"_ivl_3", 0 0, L_0x63cea92b1390;  1 drivers
v0x63cea92aed00_0 .net *"_ivl_31", 0 0, L_0x63cea92b2970;  1 drivers
v0x63cea92aede0_0 .net *"_ivl_33", 0 0, L_0x63cea92b2be0;  1 drivers
v0x63cea92aeec0_0 .net *"_ivl_35", 0 0, L_0x63cea92b2e90;  1 drivers
v0x63cea92aefa0_0 .net *"_ivl_37", 0 0, L_0x63cea92b30c0;  1 drivers
v0x63cea92af080_0 .net *"_ivl_39", 0 0, L_0x63cea92b3300;  1 drivers
v0x63cea92af160_0 .net *"_ivl_41", 0 0, L_0x63cea92b2f80;  1 drivers
v0x63cea92af240_0 .net *"_ivl_43", 0 0, L_0x63cea92b3760;  1 drivers
v0x63cea92af320_0 .net *"_ivl_45", 0 0, L_0x63cea92b3c50;  1 drivers
v0x63cea92af400_0 .net *"_ivl_47", 0 0, L_0x63cea92b3fd0;  1 drivers
v0x63cea92af4e0_0 .net *"_ivl_5", 0 0, L_0x63cea92b1540;  1 drivers
v0x63cea92af5c0_0 .net *"_ivl_7", 0 0, L_0x63cea92b1630;  1 drivers
v0x63cea92af6a0_0 .net *"_ivl_9", 0 0, L_0x63cea92b17c0;  1 drivers
v0x63cea92af780_0 .net "a", 3 0, v0x63cea92b0d30_0;  1 drivers
v0x63cea92af860_0 .net "a_eq_b", 0 0, L_0x63cea92b36a0;  alias, 1 drivers
v0x63cea92af920_0 .net "a_gt_b", 0 0, L_0x63cea92b34a0;  alias, 1 drivers
v0x63cea92af9e0_0 .net "a_ls_b", 0 0, L_0x63cea92b4140;  alias, 1 drivers
v0x63cea92afaa0_0 .net "b", 3 0, v0x63cea92b10b0_0;  1 drivers
v0x63cea92afb80_0 .net "l1", 0 0, L_0x63cea92b3800;  1 drivers
v0x63cea92afc40_0 .net "l2", 0 0, L_0x63cea92b3910;  1 drivers
v0x63cea92afd00_0 .net "l3", 0 0, L_0x63cea92b3b90;  1 drivers
v0x63cea92afdc0_0 .net "l4", 0 0, L_0x63cea92b3d40;  1 drivers
v0x63cea92b0090_0 .net "l5", 0 0, L_0x63cea92b2390;  1 drivers
v0x63cea92b0150_0 .net "l6", 0 0, L_0x63cea92b2520;  1 drivers
v0x63cea92b0210_0 .net "l7", 0 0, L_0x63cea92b2320;  1 drivers
v0x63cea92b02d0_0 .net "l8", 0 0, L_0x63cea92b2860;  1 drivers
v0x63cea92b0390_0 .net "w0", 0 0, L_0x63cea92b1ca0;  1 drivers
v0x63cea92b0450_0 .net "w1", 0 0, L_0x63cea92b1e00;  1 drivers
v0x63cea92b0510_0 .net "w10", 0 0, L_0x63cea92b2900;  1 drivers
v0x63cea92b05d0_0 .net "w11", 0 0, L_0x63cea92b31b0;  1 drivers
v0x63cea92b0690_0 .net "w2", 0 0, L_0x63cea92b2030;  1 drivers
v0x63cea92b0750_0 .net "w3", 0 0, L_0x63cea92b2140;  1 drivers
v0x63cea92b0810_0 .net "w4", 0 0, L_0x63cea92b1150;  1 drivers
v0x63cea92b08d0_0 .net "w5", 0 0, L_0x63cea92b14d0;  1 drivers
v0x63cea92b0990_0 .net "w6", 0 0, L_0x63cea92b1750;  1 drivers
v0x63cea92b0a50_0 .net "w7", 0 0, L_0x63cea92b1a20;  1 drivers
v0x63cea92b0b10_0 .net "w8", 0 0, L_0x63cea92b2af0;  1 drivers
v0x63cea92b0bd0_0 .net "w9", 0 0, L_0x63cea92b2cd0;  1 drivers
L_0x63cea92b1250 .part v0x63cea92b0d30_0, 3, 1;
L_0x63cea92b1390 .part v0x63cea92b10b0_0, 3, 1;
L_0x63cea92b1540 .part v0x63cea92b0d30_0, 2, 1;
L_0x63cea92b1630 .part v0x63cea92b10b0_0, 2, 1;
L_0x63cea92b17c0 .part v0x63cea92b0d30_0, 1, 1;
L_0x63cea92b18b0 .part v0x63cea92b10b0_0, 1, 1;
L_0x63cea92b1ac0 .part v0x63cea92b0d30_0, 0, 1;
L_0x63cea92b1b60 .part v0x63cea92b10b0_0, 0, 1;
L_0x63cea92b1d10 .part v0x63cea92b10b0_0, 3, 1;
L_0x63cea92b1ee0 .part v0x63cea92b10b0_0, 2, 1;
L_0x63cea92b20a0 .part v0x63cea92b10b0_0, 1, 1;
L_0x63cea92b2230 .part v0x63cea92b10b0_0, 0, 1;
L_0x63cea92b2430 .part v0x63cea92b0d30_0, 3, 1;
L_0x63cea92b2620 .part v0x63cea92b0d30_0, 2, 1;
L_0x63cea92b2770 .part v0x63cea92b0d30_0, 1, 1;
L_0x63cea92b2970 .part v0x63cea92b0d30_0, 0, 1;
L_0x63cea92b2be0 .part v0x63cea92b0d30_0, 3, 1;
L_0x63cea92b2e90 .part v0x63cea92b0d30_0, 2, 1;
L_0x63cea92b30c0 .part v0x63cea92b0d30_0, 1, 1;
L_0x63cea92b3300 .part v0x63cea92b0d30_0, 0, 1;
L_0x63cea92b2f80 .part v0x63cea92b10b0_0, 3, 1;
L_0x63cea92b3760 .part v0x63cea92b10b0_0, 2, 1;
L_0x63cea92b3c50 .part v0x63cea92b10b0_0, 1, 1;
L_0x63cea92b3fd0 .part v0x63cea92b10b0_0, 0, 1;
    .scope S_0x63cea924e490;
T_0 ;
    %vpi_call 2 11 "$monitor", "Time = %0t  a = %b  b = %b   ::   a_gt_b = %b a_eq_b = %b  a_ls_b = %b", $time, v0x63cea92b0d30_0, v0x63cea92b10b0_0, v0x63cea92b0ee0_0, v0x63cea92b0e10_0, v0x63cea92b0fe0_0 {0 0 0};
    %end;
    .thread T_0;
    .scope S_0x63cea924e490;
T_1 ;
    %pushi/vec4 0, 0, 4;
    %store/vec4 v0x63cea92b0d30_0, 0, 4;
    %pushi/vec4 0, 0, 4;
    %store/vec4 v0x63cea92b10b0_0, 0, 4;
    %delay 10, 0;
    %pushi/vec4 1, 0, 4;
    %store/vec4 v0x63cea92b0d30_0, 0, 4;
    %pushi/vec4 0, 0, 4;
    %store/vec4 v0x63cea92b10b0_0, 0, 4;
    %delay 10, 0;
    %pushi/vec4 2, 0, 4;
    %store/vec4 v0x63cea92b0d30_0, 0, 4;
    %pushi/vec4 3, 0, 4;
    %store/vec4 v0x63cea92b10b0_0, 0, 4;
    %delay 10, 0;
    %pushi/vec4 5, 0, 4;
    %store/vec4 v0x63cea92b0d30_0, 0, 4;
    %pushi/vec4 5, 0, 4;
    %store/vec4 v0x63cea92b10b0_0, 0, 4;
    %delay 10, 0;
    %pushi/vec4 7, 0, 4;
    %store/vec4 v0x63cea92b0d30_0, 0, 4;
    %pushi/vec4 6, 0, 4;
    %store/vec4 v0x63cea92b10b0_0, 0, 4;
    %delay 10, 0;
    %pushi/vec4 8, 0, 4;
    %store/vec4 v0x63cea92b0d30_0, 0, 4;
    %pushi/vec4 8, 0, 4;
    %store/vec4 v0x63cea92b10b0_0, 0, 4;
    %delay 10, 0;
    %pushi/vec4 12, 0, 4;
    %store/vec4 v0x63cea92b0d30_0, 0, 4;
    %pushi/vec4 13, 0, 4;
    %store/vec4 v0x63cea92b10b0_0, 0, 4;
    %delay 10, 0;
    %pushi/vec4 15, 0, 4;
    %store/vec4 v0x63cea92b0d30_0, 0, 4;
    %pushi/vec4 1, 0, 4;
    %store/vec4 v0x63cea92b10b0_0, 0, 4;
    %delay 10, 0;
    %pushi/vec4 0, 0, 4;
    %store/vec4 v0x63cea92b0d30_0, 0, 4;
    %pushi/vec4 15, 0, 4;
    %store/vec4 v0x63cea92b10b0_0, 0, 4;
    %end;
    .thread T_1;
    .scope S_0x63cea924e490;
T_2 ;
    %vpi_call 2 27 "$dumpfile", "comparater_tb.vcd" {0 0 0};
    %vpi_call 2 28 "$dumpvars", 32'sb00000000000000000000000000000000, S_0x63cea924e490 {0 0 0};
    %end;
    .thread T_2;
# The file index is used to find the file name in the following table.
:file_names 4;
    "N/A";
    "<interactive>";
    "comparator_tb.v";
    "./comparator.v";
