#! /usr/bin/vvp
:ivl_version "12.0 (stable)";
:ivl_delay_selection "TYPICAL";
:vpi_time_precision + 0;
:vpi_module "/usr/lib/x86_64-linux-gnu/ivl/system.vpi";
:vpi_module "/usr/lib/x86_64-linux-gnu/ivl/vhdl_sys.vpi";
:vpi_module "/usr/lib/x86_64-linux-gnu/ivl/vhdl_textio.vpi";
:vpi_module "/usr/lib/x86_64-linux-gnu/ivl/v2005_math.vpi";
:vpi_module "/usr/lib/x86_64-linux-gnu/ivl/va_math.vpi";
S_0x591ca5000df0 .scope module, "tb" "tb" 2 2;
 .timescale 0 0;
v0x591ca5012de0_0 .var "clk_in", 0 0;
v0x591ca5012e80_0 .net "clk_out", 0 0, L_0x591ca5013050;  1 drivers
v0x591ca5012f50_0 .var "rst", 0 0;
S_0x591ca5000f80 .scope module, "dut" "divider" 2 6, 3 1 0, S_0x591ca5000df0;
 .timescale 0 0;
    .port_info 0 /INPUT 1 "rst";
    .port_info 1 /INPUT 1 "clk_in";
    .port_info 2 /OUTPUT 1 "clk_out";
P_0x591ca5001160 .param/l "n" 0 3 1, +C4<00000000000000000000000000000101>;
L_0x591ca5013050 .functor BUFZ 1, v0x591ca5012c50_0, C4<0>, C4<0>, C4<0>;
v0x591ca4fc6490_0 .net "clk_in", 0 0, v0x591ca5012de0_0;  1 drivers
v0x591ca50129e0_0 .net "clk_out", 0 0, L_0x591ca5013050;  alias, 1 drivers
v0x591ca5012aa0_0 .var/i "count", 31 0;
v0x591ca5012b90_0 .net "rst", 0 0, v0x591ca5012f50_0;  1 drivers
v0x591ca5012c50_0 .var "temp_clk", 0 0;
E_0x591ca4fff4d0/0 .event negedge, v0x591ca4fc6490_0;
E_0x591ca4fff4d0/1 .event posedge, v0x591ca4fc6490_0;
E_0x591ca4fff4d0 .event/or E_0x591ca4fff4d0/0, E_0x591ca4fff4d0/1;
    .scope S_0x591ca5000f80;
T_0 ;
    %wait E_0x591ca4fff4d0;
    %load/vec4 v0x591ca5012b90_0;
    %flag_set/vec4 8;
    %jmp/0xz  T_0.0, 8;
    %pushi/vec4 0, 0, 32;
    %store/vec4 v0x591ca5012aa0_0, 0, 32;
    %pushi/vec4 0, 0, 1;
    %store/vec4 v0x591ca5012c50_0, 0, 1;
    %jmp T_0.1;
T_0.0 ;
    %load/vec4 v0x591ca5012aa0_0;
    %addi 1, 0, 32;
    %store/vec4 v0x591ca5012aa0_0, 0, 32;
T_0.1 ;
    %load/vec4 v0x591ca5012aa0_0;
    %cmpi/e 5, 0, 32;
    %jmp/0xz  T_0.2, 4;
    %load/vec4 v0x591ca5012c50_0;
    %inv;
    %store/vec4 v0x591ca5012c50_0, 0, 1;
    %pushi/vec4 0, 0, 32;
    %store/vec4 v0x591ca5012aa0_0, 0, 32;
T_0.2 ;
    %jmp T_0;
    .thread T_0;
    .scope S_0x591ca5000df0;
T_1 ;
    %pushi/vec4 0, 0, 1;
    %store/vec4 v0x591ca5012de0_0, 0, 1;
    %pushi/vec4 1, 0, 1;
    %store/vec4 v0x591ca5012f50_0, 0, 1;
    %delay 12, 0;
    %pushi/vec4 0, 0, 1;
    %store/vec4 v0x591ca5012f50_0, 0, 1;
    %delay 200, 0;
    %vpi_call 2 11 "$finish" {0 0 0};
    %end;
    .thread T_1;
    .scope S_0x591ca5000df0;
T_2 ;
    %delay 5, 0;
    %load/vec4 v0x591ca5012de0_0;
    %inv;
    %store/vec4 v0x591ca5012de0_0, 0, 1;
    %jmp T_2;
    .thread T_2;
    .scope S_0x591ca5000df0;
T_3 ;
    %vpi_call 2 15 "$dumpfile", "dump.vcd" {0 0 0};
    %vpi_call 2 16 "$dumpvars", 32'sb00000000000000000000000000000000, S_0x591ca5000df0 {0 0 0};
    %end;
    .thread T_3;
# The file index is used to find the file name in the following table.
:file_names 4;
    "N/A";
    "<interactive>";
    "testbench.v";
    "./design.v";
