#! /usr/bin/vvp
:ivl_version "12.0 (stable)";
:ivl_delay_selection "TYPICAL";
:vpi_time_precision - 12;
:vpi_module "/usr/lib/x86_64-linux-gnu/ivl/system.vpi";
:vpi_module "/usr/lib/x86_64-linux-gnu/ivl/vhdl_sys.vpi";
:vpi_module "/usr/lib/x86_64-linux-gnu/ivl/vhdl_textio.vpi";
:vpi_module "/usr/lib/x86_64-linux-gnu/ivl/v2005_math.vpi";
:vpi_module "/usr/lib/x86_64-linux-gnu/ivl/va_math.vpi";
S_0x64c798706570 .scope module, "test" "test" 2 3;
 .timescale -9 -12;
v0x64c798706700_0 .var "clk", 0 0;
v0x64c79874faa0_0 .var/real "duty", 0 0;
v0x64c79874fb60_0 .var/real "freq", 0 0;
v0x64c79874fc00_0 .var/real "time_period", 0 0;
v0x64c79874fcc0_0 .var/real "ton", 0 0;
    .scope S_0x64c798706570;
T_0 ;
    %pushi/real 1073741824, 4066; load=1.00000
    %store/real v0x64c79874fb60_0;
    %pushi/real 1677721600, 4071; load=50.0000
    %store/real v0x64c79874faa0_0;
    %end;
    .thread T_0;
    .scope S_0x64c798706570;
T_1 ;
    %pushi/vec4 0, 0, 1;
    %store/vec4 v0x64c798706700_0, 0, 1;
    %pushi/vec4 1, 0, 32;
    %cvt/rv/s;
    %load/real v0x64c79874fb60_0;
    %div/wr;
    %store/real v0x64c79874fc00_0;
    %load/real v0x64c79874fc00_0;
    %load/real v0x64c79874faa0_0;
    %mul/wr;
    %pushi/vec4 100, 0, 32;
    %cvt/rv/s;
    %div/wr;
    %store/real v0x64c79874fcc0_0;
    %delay 100000, 0;
    %vpi_call 2 13 "$finish" {0 0 0};
    %end;
    .thread T_1;
    .scope S_0x64c798706570;
T_2 ;
    %load/real v0x64c79874fc00_0;
    %load/real v0x64c79874fcc0_0;
    %sub/wr;
    %pushi/real 2097152000, 4075; load=1000.00
    %mul/wr;
    %cvt/vr 64;
    %muli 1, 0, 64;
    %ix/vec4 4;
    %delayx 4;
    %pushi/vec4 1, 0, 1;
    %store/vec4 v0x64c798706700_0, 0, 1;
    %load/real v0x64c79874fcc0_0;
    %pushi/real 2097152000, 4075; load=1000.00
    %mul/wr;
    %cvt/vr 64;
    %muli 1, 0, 64;
    %ix/vec4 4;
    %delayx 4;
    %pushi/vec4 0, 0, 1;
    %store/vec4 v0x64c798706700_0, 0, 1;
    %jmp T_2;
    .thread T_2;
    .scope S_0x64c798706570;
T_3 ;
    %vpi_call 2 22 "$dumpfile", "dump.vcd" {0 0 0};
    %vpi_call 2 23 "$dumpvars", 32'sb00000000000000000000000000000000, v0x64c798706700_0 {0 0 0};
    %end;
    .thread T_3;
# The file index is used to find the file name in the following table.
:file_names 3;
    "N/A";
    "<interactive>";
    "clock_gen.v";
