#! /usr/bin/vvp
:ivl_version "12.0 (stable)";
:ivl_delay_selection "TYPICAL";
:vpi_time_precision + 0;
:vpi_module "/usr/lib/x86_64-linux-gnu/ivl/system.vpi";
:vpi_module "/usr/lib/x86_64-linux-gnu/ivl/vhdl_sys.vpi";
:vpi_module "/usr/lib/x86_64-linux-gnu/ivl/vhdl_textio.vpi";
:vpi_module "/usr/lib/x86_64-linux-gnu/ivl/v2005_math.vpi";
:vpi_module "/usr/lib/x86_64-linux-gnu/ivl/va_math.vpi";
S_0x62401f7a1310 .scope module, "tb" "tb" 2 3;
 .timescale 0 0;
v0x62401f7b3fc0_0 .var "clk", 0 0;
v0x62401f7b4090_0 .net "count", 6 0, L_0x62401f7b4260;  1 drivers
v0x62401f7b4160_0 .var "rst", 0 0;
S_0x62401f7a14a0 .scope module, "dut" "counter" 2 7, 3 3 0, S_0x62401f7a1310;
 .timescale 0 0;
    .port_info 0 /INPUT 1 "rst";
    .port_info 1 /INPUT 1 "clk";
    .port_info 2 /OUTPUT 7 "count";
L_0x62401f7b4260 .functor BUFZ 7, v0x62401f7b3e60_0, C4<0000000>, C4<0000000>, C4<0000000>;
v0x62401f7a16d0_0 .net "clk", 0 0, v0x62401f7b3fc0_0;  1 drivers
v0x62401f7b3ce0_0 .net "count", 6 0, L_0x62401f7b4260;  alias, 1 drivers
v0x62401f7b3dc0_0 .net "rst", 0 0, v0x62401f7b4160_0;  1 drivers
v0x62401f7b3e60_0 .var "temp", 6 0;
E_0x62401f767f90 .event posedge, v0x62401f7a16d0_0;
    .scope S_0x62401f7a14a0;
T_0 ;
    %wait E_0x62401f767f90;
    %load/vec4 v0x62401f7b3dc0_0;
    %flag_set/vec4 8;
    %jmp/0xz  T_0.0, 8;
    %pushi/vec4 0, 0, 7;
    %assign/vec4 v0x62401f7b3e60_0, 0;
    %jmp T_0.1;
T_0.0 ;
    %load/vec4 v0x62401f7b3e60_0;
    %pad/u 32;
    %cmpi/e 99, 0, 32;
    %jmp/0xz  T_0.2, 4;
    %pushi/vec4 0, 0, 7;
    %store/vec4 v0x62401f7b3e60_0, 0, 7;
    %jmp T_0.3;
T_0.2 ;
    %load/vec4 v0x62401f7b3e60_0;
    %addi 1, 0, 7;
    %assign/vec4 v0x62401f7b3e60_0, 0;
T_0.3 ;
T_0.1 ;
    %jmp T_0;
    .thread T_0;
    .scope S_0x62401f7a1310;
T_1 ;
    %delay 5, 0;
    %load/vec4 v0x62401f7b3fc0_0;
    %inv;
    %store/vec4 v0x62401f7b3fc0_0, 0, 1;
    %jmp T_1;
    .thread T_1;
    .scope S_0x62401f7a1310;
T_2 ;
    %vpi_call 2 12 "$monitor", "Sim=%0t rst=%b counter=%d", $time, v0x62401f7b4160_0, v0x62401f7b4090_0 {0 0 0};
    %pushi/vec4 0, 0, 1;
    %store/vec4 v0x62401f7b3fc0_0, 0, 1;
    %pushi/vec4 1, 0, 1;
    %store/vec4 v0x62401f7b4160_0, 0, 1;
    %delay 13, 0;
    %pushi/vec4 0, 0, 1;
    %store/vec4 v0x62401f7b4160_0, 0, 1;
    %delay 2000, 0;
    %vpi_call 2 16 "$finish" {0 0 0};
    %end;
    .thread T_2;
    .scope S_0x62401f7a1310;
T_3 ;
    %vpi_call 2 20 "$dumpfile", "dump.vcd" {0 0 0};
    %vpi_call 2 21 "$dumpvars", 32'sb00000000000000000000000000000000, S_0x62401f7a1310 {0 0 0};
    %end;
    .thread T_3;
# The file index is used to find the file name in the following table.
:file_names 4;
    "N/A";
    "<interactive>";
    "testbench.v";
    "./design.v";
