#! /usr/bin/vvp
:ivl_version "12.0 (stable)";
:ivl_delay_selection "TYPICAL";
:vpi_time_precision + 0;
:vpi_module "/usr/lib/x86_64-linux-gnu/ivl/system.vpi";
:vpi_module "/usr/lib/x86_64-linux-gnu/ivl/vhdl_sys.vpi";
:vpi_module "/usr/lib/x86_64-linux-gnu/ivl/vhdl_textio.vpi";
:vpi_module "/usr/lib/x86_64-linux-gnu/ivl/v2005_math.vpi";
:vpi_module "/usr/lib/x86_64-linux-gnu/ivl/va_math.vpi";
S_0x5f650d646dd0 .scope module, "tb" "tb" 2 3;
 .timescale 0 0;
v0x5f650d680f30_0 .net "d", 15 0, L_0x5f650d6866a0;  1 drivers
v0x5f650d680ff0_0 .var "i", 3 0;
S_0x5f650d646f60 .scope begin, "$ivl_for_loop0" "$ivl_for_loop0" 2 9, 2 9 0, S_0x5f650d646dd0;
 .timescale 0 0;
v0x5f650d647140_0 .var/i "j", 31 0;
S_0x5f650d679420 .scope module, "dut" "decoder" 2 6, 3 5 0, S_0x5f650d646dd0;
 .timescale 0 0;
    .port_info 0 /INPUT 4 "i";
    .port_info 1 /OUTPUT 16 "d";
v0x5f650d680c90_0 .net "d", 15 0, L_0x5f650d6866a0;  alias, 1 drivers
v0x5f650d680d70_0 .net "i", 3 0, v0x5f650d680ff0_0;  1 drivers
v0x5f650d680e50_0 .net "w", 3 0, L_0x5f650d687640;  1 drivers
L_0x5f650d682580 .part L_0x5f650d687640, 0, 1;
L_0x5f650d682620 .part v0x5f650d680ff0_0, 0, 2;
L_0x5f650d683b90 .part L_0x5f650d687640, 1, 1;
L_0x5f650d683c30 .part v0x5f650d680ff0_0, 0, 2;
L_0x5f650d6850b0 .part L_0x5f650d687640, 2, 1;
L_0x5f650d685150 .part v0x5f650d680ff0_0, 0, 2;
L_0x5f650d686510 .part L_0x5f650d687640, 3, 1;
L_0x5f650d6865b0 .part v0x5f650d680ff0_0, 0, 2;
L_0x5f650d6866a0 .concat8 [ 4 4 4 4], L_0x5f650d681f10, L_0x5f650d683520, L_0x5f650d684a40, L_0x5f650d685ea0;
L_0x5f650d687cb0 .part v0x5f650d680ff0_0, 2, 2;
S_0x5f650d679620 .scope module, "d1" "decoder_2x4" 3 9, 4 3 0, S_0x5f650d679420;
 .timescale 0 0;
    .port_info 0 /INPUT 1 "en";
    .port_info 1 /INPUT 2 "i";
    .port_info 2 /OUTPUT 4 "d";
L_0x5f650d681160 .functor NOT 1, L_0x5f650d681090, C4<0>, C4<0>, C4<0>;
L_0x5f650d6812f0 .functor NOT 1, L_0x5f650d681200, C4<0>, C4<0>, C4<0>;
L_0x5f650d6813b0 .functor AND 1, L_0x5f650d681160, L_0x5f650d6812f0, C4<1>, C4<1>;
L_0x5f650d6814c0 .functor AND 1, L_0x5f650d6813b0, L_0x5f650d682580, C4<1>, C4<1>;
L_0x5f650d681650 .functor NOT 1, L_0x5f650d6815b0, C4<0>, C4<0>, C4<0>;
L_0x5f650d681810 .functor AND 1, L_0x5f650d681650, L_0x5f650d681740, C4<1>, C4<1>;
L_0x5f650d681940 .functor AND 1, L_0x5f650d681810, L_0x5f650d682580, C4<1>, C4<1>;
L_0x5f650d681bd0 .functor NOT 1, L_0x5f650d681af0, C4<0>, C4<0>, C4<0>;
L_0x5f650d681ce0 .functor AND 1, L_0x5f650d681a50, L_0x5f650d681bd0, C4<1>, C4<1>;
L_0x5f650d681df0 .functor AND 1, L_0x5f650d681ce0, L_0x5f650d682580, C4<1>, C4<1>;
L_0x5f650d6822f0 .functor AND 1, L_0x5f650d682050, L_0x5f650d682140, C4<1>, C4<1>;
L_0x5f650d682400 .functor AND 1, L_0x5f650d6822f0, L_0x5f650d682580, C4<1>, C4<1>;
v0x5f650d679890_0 .net *"_ivl_10", 0 0, L_0x5f650d6813b0;  1 drivers
v0x5f650d679990_0 .net *"_ivl_12", 0 0, L_0x5f650d6814c0;  1 drivers
v0x5f650d679a70_0 .net *"_ivl_17", 0 0, L_0x5f650d6815b0;  1 drivers
v0x5f650d679b30_0 .net *"_ivl_18", 0 0, L_0x5f650d681650;  1 drivers
v0x5f650d679c10_0 .net *"_ivl_21", 0 0, L_0x5f650d681740;  1 drivers
v0x5f650d679d40_0 .net *"_ivl_22", 0 0, L_0x5f650d681810;  1 drivers
v0x5f650d679e20_0 .net *"_ivl_24", 0 0, L_0x5f650d681940;  1 drivers
v0x5f650d679f00_0 .net *"_ivl_29", 0 0, L_0x5f650d681a50;  1 drivers
v0x5f650d679fe0_0 .net *"_ivl_3", 0 0, L_0x5f650d681090;  1 drivers
v0x5f650d67a0c0_0 .net *"_ivl_31", 0 0, L_0x5f650d681af0;  1 drivers
v0x5f650d67a1a0_0 .net *"_ivl_32", 0 0, L_0x5f650d681bd0;  1 drivers
v0x5f650d67a280_0 .net *"_ivl_34", 0 0, L_0x5f650d681ce0;  1 drivers
v0x5f650d67a360_0 .net *"_ivl_36", 0 0, L_0x5f650d681df0;  1 drivers
v0x5f650d67a440_0 .net *"_ivl_4", 0 0, L_0x5f650d681160;  1 drivers
v0x5f650d67a520_0 .net *"_ivl_42", 0 0, L_0x5f650d682050;  1 drivers
v0x5f650d67a600_0 .net *"_ivl_44", 0 0, L_0x5f650d682140;  1 drivers
v0x5f650d67a6e0_0 .net *"_ivl_45", 0 0, L_0x5f650d6822f0;  1 drivers
v0x5f650d67a7c0_0 .net *"_ivl_47", 0 0, L_0x5f650d682400;  1 drivers
v0x5f650d67a8a0_0 .net *"_ivl_7", 0 0, L_0x5f650d681200;  1 drivers
v0x5f650d67a980_0 .net *"_ivl_8", 0 0, L_0x5f650d6812f0;  1 drivers
v0x5f650d67aa60_0 .net "d", 3 0, L_0x5f650d681f10;  1 drivers
v0x5f650d67ab40_0 .net "en", 0 0, L_0x5f650d682580;  1 drivers
v0x5f650d67ac00_0 .net "i", 1 0, L_0x5f650d682620;  1 drivers
L_0x5f650d681090 .part L_0x5f650d682620, 1, 1;
L_0x5f650d681200 .part L_0x5f650d682620, 0, 1;
L_0x5f650d6815b0 .part L_0x5f650d682620, 1, 1;
L_0x5f650d681740 .part L_0x5f650d682620, 0, 1;
L_0x5f650d681a50 .part L_0x5f650d682620, 1, 1;
L_0x5f650d681af0 .part L_0x5f650d682620, 0, 1;
L_0x5f650d681f10 .concat8 [ 1 1 1 1], L_0x5f650d6814c0, L_0x5f650d681940, L_0x5f650d681df0, L_0x5f650d682400;
L_0x5f650d682050 .part L_0x5f650d682620, 1, 1;
L_0x5f650d682140 .part L_0x5f650d682620, 0, 1;
S_0x5f650d67ad60 .scope module, "d2" "decoder_2x4" 3 10, 4 3 0, S_0x5f650d679420;
 .timescale 0 0;
    .port_info 0 /INPUT 1 "en";
    .port_info 1 /INPUT 2 "i";
    .port_info 2 /OUTPUT 4 "d";
L_0x5f650d6827b0 .functor NOT 1, L_0x5f650d682710, C4<0>, C4<0>, C4<0>;
L_0x5f650d682960 .functor NOT 1, L_0x5f650d682870, C4<0>, C4<0>, C4<0>;
L_0x5f650d682a20 .functor AND 1, L_0x5f650d6827b0, L_0x5f650d682960, C4<1>, C4<1>;
L_0x5f650d682b30 .functor AND 1, L_0x5f650d682a20, L_0x5f650d683b90, C4<1>, C4<1>;
L_0x5f650d682cc0 .functor NOT 1, L_0x5f650d682c20, C4<0>, C4<0>, C4<0>;
L_0x5f650d682e50 .functor AND 1, L_0x5f650d682cc0, L_0x5f650d682d80, C4<1>, C4<1>;
L_0x5f650d682f50 .functor AND 1, L_0x5f650d682e50, L_0x5f650d683b90, C4<1>, C4<1>;
L_0x5f650d6831e0 .functor NOT 1, L_0x5f650d683100, C4<0>, C4<0>, C4<0>;
L_0x5f650d6832f0 .functor AND 1, L_0x5f650d683060, L_0x5f650d6831e0, C4<1>, C4<1>;
L_0x5f650d683400 .functor AND 1, L_0x5f650d6832f0, L_0x5f650d683b90, C4<1>, C4<1>;
L_0x5f650d683900 .functor AND 1, L_0x5f650d683660, L_0x5f650d683750, C4<1>, C4<1>;
L_0x5f650d683a10 .functor AND 1, L_0x5f650d683900, L_0x5f650d683b90, C4<1>, C4<1>;
v0x5f650d67af40_0 .net *"_ivl_10", 0 0, L_0x5f650d682a20;  1 drivers
v0x5f650d67b040_0 .net *"_ivl_12", 0 0, L_0x5f650d682b30;  1 drivers
v0x5f650d67b120_0 .net *"_ivl_17", 0 0, L_0x5f650d682c20;  1 drivers
v0x5f650d67b1e0_0 .net *"_ivl_18", 0 0, L_0x5f650d682cc0;  1 drivers
v0x5f650d67b2c0_0 .net *"_ivl_21", 0 0, L_0x5f650d682d80;  1 drivers
v0x5f650d67b3f0_0 .net *"_ivl_22", 0 0, L_0x5f650d682e50;  1 drivers
v0x5f650d67b4d0_0 .net *"_ivl_24", 0 0, L_0x5f650d682f50;  1 drivers
v0x5f650d67b5b0_0 .net *"_ivl_29", 0 0, L_0x5f650d683060;  1 drivers
v0x5f650d67b690_0 .net *"_ivl_3", 0 0, L_0x5f650d682710;  1 drivers
v0x5f650d67b770_0 .net *"_ivl_31", 0 0, L_0x5f650d683100;  1 drivers
v0x5f650d67b850_0 .net *"_ivl_32", 0 0, L_0x5f650d6831e0;  1 drivers
v0x5f650d67b930_0 .net *"_ivl_34", 0 0, L_0x5f650d6832f0;  1 drivers
v0x5f650d67ba10_0 .net *"_ivl_36", 0 0, L_0x5f650d683400;  1 drivers
v0x5f650d67baf0_0 .net *"_ivl_4", 0 0, L_0x5f650d6827b0;  1 drivers
v0x5f650d67bbd0_0 .net *"_ivl_42", 0 0, L_0x5f650d683660;  1 drivers
v0x5f650d67bcb0_0 .net *"_ivl_44", 0 0, L_0x5f650d683750;  1 drivers
v0x5f650d67bd90_0 .net *"_ivl_45", 0 0, L_0x5f650d683900;  1 drivers
v0x5f650d67bf80_0 .net *"_ivl_47", 0 0, L_0x5f650d683a10;  1 drivers
v0x5f650d67c060_0 .net *"_ivl_7", 0 0, L_0x5f650d682870;  1 drivers
v0x5f650d67c140_0 .net *"_ivl_8", 0 0, L_0x5f650d682960;  1 drivers
v0x5f650d67c220_0 .net "d", 3 0, L_0x5f650d683520;  1 drivers
v0x5f650d67c300_0 .net "en", 0 0, L_0x5f650d683b90;  1 drivers
v0x5f650d67c3c0_0 .net "i", 1 0, L_0x5f650d683c30;  1 drivers
L_0x5f650d682710 .part L_0x5f650d683c30, 1, 1;
L_0x5f650d682870 .part L_0x5f650d683c30, 0, 1;
L_0x5f650d682c20 .part L_0x5f650d683c30, 1, 1;
L_0x5f650d682d80 .part L_0x5f650d683c30, 0, 1;
L_0x5f650d683060 .part L_0x5f650d683c30, 1, 1;
L_0x5f650d683100 .part L_0x5f650d683c30, 0, 1;
L_0x5f650d683520 .concat8 [ 1 1 1 1], L_0x5f650d682b30, L_0x5f650d682f50, L_0x5f650d683400, L_0x5f650d683a10;
L_0x5f650d683660 .part L_0x5f650d683c30, 1, 1;
L_0x5f650d683750 .part L_0x5f650d683c30, 0, 1;
S_0x5f650d67c520 .scope module, "d3" "decoder_2x4" 3 11, 4 3 0, S_0x5f650d679420;
 .timescale 0 0;
    .port_info 0 /INPUT 1 "en";
    .port_info 1 /INPUT 2 "i";
    .port_info 2 /OUTPUT 4 "d";
L_0x5f650d683da0 .functor NOT 1, L_0x5f650d683d00, C4<0>, C4<0>, C4<0>;
L_0x5f650d683f00 .functor NOT 1, L_0x5f650d683e10, C4<0>, C4<0>, C4<0>;
L_0x5f650d683fc0 .functor AND 1, L_0x5f650d683da0, L_0x5f650d683f00, C4<1>, C4<1>;
L_0x5f650d6840d0 .functor AND 1, L_0x5f650d683fc0, L_0x5f650d6850b0, C4<1>, C4<1>;
L_0x5f650d684260 .functor NOT 1, L_0x5f650d6841c0, C4<0>, C4<0>, C4<0>;
L_0x5f650d6843f0 .functor AND 1, L_0x5f650d684260, L_0x5f650d684320, C4<1>, C4<1>;
L_0x5f650d6844b0 .functor AND 1, L_0x5f650d6843f0, L_0x5f650d6850b0, C4<1>, C4<1>;
L_0x5f650d684700 .functor NOT 1, L_0x5f650d684660, C4<0>, C4<0>, C4<0>;
L_0x5f650d684810 .functor AND 1, L_0x5f650d6845c0, L_0x5f650d684700, C4<1>, C4<1>;
L_0x5f650d684920 .functor AND 1, L_0x5f650d684810, L_0x5f650d6850b0, C4<1>, C4<1>;
L_0x5f650d684e20 .functor AND 1, L_0x5f650d684b80, L_0x5f650d684c70, C4<1>, C4<1>;
L_0x5f650d684f30 .functor AND 1, L_0x5f650d684e20, L_0x5f650d6850b0, C4<1>, C4<1>;
v0x5f650d67c700_0 .net *"_ivl_10", 0 0, L_0x5f650d683fc0;  1 drivers
v0x5f650d67c7e0_0 .net *"_ivl_12", 0 0, L_0x5f650d6840d0;  1 drivers
v0x5f650d67c8c0_0 .net *"_ivl_17", 0 0, L_0x5f650d6841c0;  1 drivers
v0x5f650d67c980_0 .net *"_ivl_18", 0 0, L_0x5f650d684260;  1 drivers
v0x5f650d67ca60_0 .net *"_ivl_21", 0 0, L_0x5f650d684320;  1 drivers
v0x5f650d67cb90_0 .net *"_ivl_22", 0 0, L_0x5f650d6843f0;  1 drivers
v0x5f650d67cc70_0 .net *"_ivl_24", 0 0, L_0x5f650d6844b0;  1 drivers
v0x5f650d67cd50_0 .net *"_ivl_29", 0 0, L_0x5f650d6845c0;  1 drivers
v0x5f650d67ce30_0 .net *"_ivl_3", 0 0, L_0x5f650d683d00;  1 drivers
v0x5f650d67cf10_0 .net *"_ivl_31", 0 0, L_0x5f650d684660;  1 drivers
v0x5f650d67cff0_0 .net *"_ivl_32", 0 0, L_0x5f650d684700;  1 drivers
v0x5f650d67d0d0_0 .net *"_ivl_34", 0 0, L_0x5f650d684810;  1 drivers
v0x5f650d67d1b0_0 .net *"_ivl_36", 0 0, L_0x5f650d684920;  1 drivers
v0x5f650d67d290_0 .net *"_ivl_4", 0 0, L_0x5f650d683da0;  1 drivers
v0x5f650d67d370_0 .net *"_ivl_42", 0 0, L_0x5f650d684b80;  1 drivers
v0x5f650d67d450_0 .net *"_ivl_44", 0 0, L_0x5f650d684c70;  1 drivers
v0x5f650d67d530_0 .net *"_ivl_45", 0 0, L_0x5f650d684e20;  1 drivers
v0x5f650d67d720_0 .net *"_ivl_47", 0 0, L_0x5f650d684f30;  1 drivers
v0x5f650d67d800_0 .net *"_ivl_7", 0 0, L_0x5f650d683e10;  1 drivers
v0x5f650d67d8e0_0 .net *"_ivl_8", 0 0, L_0x5f650d683f00;  1 drivers
v0x5f650d67d9c0_0 .net "d", 3 0, L_0x5f650d684a40;  1 drivers
v0x5f650d67daa0_0 .net "en", 0 0, L_0x5f650d6850b0;  1 drivers
v0x5f650d67db60_0 .net "i", 1 0, L_0x5f650d685150;  1 drivers
L_0x5f650d683d00 .part L_0x5f650d685150, 1, 1;
L_0x5f650d683e10 .part L_0x5f650d685150, 0, 1;
L_0x5f650d6841c0 .part L_0x5f650d685150, 1, 1;
L_0x5f650d684320 .part L_0x5f650d685150, 0, 1;
L_0x5f650d6845c0 .part L_0x5f650d685150, 1, 1;
L_0x5f650d684660 .part L_0x5f650d685150, 0, 1;
L_0x5f650d684a40 .concat8 [ 1 1 1 1], L_0x5f650d6840d0, L_0x5f650d6844b0, L_0x5f650d684920, L_0x5f650d684f30;
L_0x5f650d684b80 .part L_0x5f650d685150, 1, 1;
L_0x5f650d684c70 .part L_0x5f650d685150, 0, 1;
S_0x5f650d67dcc0 .scope module, "d4" "decoder_2x4" 3 12, 4 3 0, S_0x5f650d679420;
 .timescale 0 0;
    .port_info 0 /INPUT 1 "en";
    .port_info 1 /INPUT 2 "i";
    .port_info 2 /OUTPUT 4 "d";
L_0x5f650d685290 .functor NOT 1, L_0x5f650d6851f0, C4<0>, C4<0>, C4<0>;
L_0x5f650d6853a0 .functor NOT 1, L_0x5f650d685300, C4<0>, C4<0>, C4<0>;
L_0x5f650d685410 .functor AND 1, L_0x5f650d685290, L_0x5f650d6853a0, C4<1>, C4<1>;
L_0x5f650d685520 .functor AND 1, L_0x5f650d685410, L_0x5f650d686510, C4<1>, C4<1>;
L_0x5f650d685680 .functor NOT 1, L_0x5f650d6855e0, C4<0>, C4<0>, C4<0>;
L_0x5f650d685810 .functor AND 1, L_0x5f650d685680, L_0x5f650d685740, C4<1>, C4<1>;
L_0x5f650d6858d0 .functor AND 1, L_0x5f650d685810, L_0x5f650d686510, C4<1>, C4<1>;
L_0x5f650d685b60 .functor NOT 1, L_0x5f650d685a80, C4<0>, C4<0>, C4<0>;
L_0x5f650d685c70 .functor AND 1, L_0x5f650d6859e0, L_0x5f650d685b60, C4<1>, C4<1>;
L_0x5f650d685d80 .functor AND 1, L_0x5f650d685c70, L_0x5f650d686510, C4<1>, C4<1>;
L_0x5f650d686280 .functor AND 1, L_0x5f650d685fe0, L_0x5f650d6860d0, C4<1>, C4<1>;
L_0x5f650d686390 .functor AND 1, L_0x5f650d686280, L_0x5f650d686510, C4<1>, C4<1>;
v0x5f650d67dea0_0 .net *"_ivl_10", 0 0, L_0x5f650d685410;  1 drivers
v0x5f650d67dfa0_0 .net *"_ivl_12", 0 0, L_0x5f650d685520;  1 drivers
v0x5f650d67e080_0 .net *"_ivl_17", 0 0, L_0x5f650d6855e0;  1 drivers
v0x5f650d67e140_0 .net *"_ivl_18", 0 0, L_0x5f650d685680;  1 drivers
v0x5f650d67e220_0 .net *"_ivl_21", 0 0, L_0x5f650d685740;  1 drivers
v0x5f650d67e350_0 .net *"_ivl_22", 0 0, L_0x5f650d685810;  1 drivers
v0x5f650d67e430_0 .net *"_ivl_24", 0 0, L_0x5f650d6858d0;  1 drivers
v0x5f650d67e510_0 .net *"_ivl_29", 0 0, L_0x5f650d6859e0;  1 drivers
v0x5f650d67e5f0_0 .net *"_ivl_3", 0 0, L_0x5f650d6851f0;  1 drivers
v0x5f650d67e6d0_0 .net *"_ivl_31", 0 0, L_0x5f650d685a80;  1 drivers
v0x5f650d67e7b0_0 .net *"_ivl_32", 0 0, L_0x5f650d685b60;  1 drivers
v0x5f650d67e890_0 .net *"_ivl_34", 0 0, L_0x5f650d685c70;  1 drivers
v0x5f650d67e970_0 .net *"_ivl_36", 0 0, L_0x5f650d685d80;  1 drivers
v0x5f650d67ea50_0 .net *"_ivl_4", 0 0, L_0x5f650d685290;  1 drivers
v0x5f650d67eb30_0 .net *"_ivl_42", 0 0, L_0x5f650d685fe0;  1 drivers
v0x5f650d67ec10_0 .net *"_ivl_44", 0 0, L_0x5f650d6860d0;  1 drivers
v0x5f650d67ecf0_0 .net *"_ivl_45", 0 0, L_0x5f650d686280;  1 drivers
v0x5f650d67eee0_0 .net *"_ivl_47", 0 0, L_0x5f650d686390;  1 drivers
v0x5f650d67efc0_0 .net *"_ivl_7", 0 0, L_0x5f650d685300;  1 drivers
v0x5f650d67f0a0_0 .net *"_ivl_8", 0 0, L_0x5f650d6853a0;  1 drivers
v0x5f650d67f180_0 .net "d", 3 0, L_0x5f650d685ea0;  1 drivers
v0x5f650d67f260_0 .net "en", 0 0, L_0x5f650d686510;  1 drivers
v0x5f650d67f320_0 .net "i", 1 0, L_0x5f650d6865b0;  1 drivers
L_0x5f650d6851f0 .part L_0x5f650d6865b0, 1, 1;
L_0x5f650d685300 .part L_0x5f650d6865b0, 0, 1;
L_0x5f650d6855e0 .part L_0x5f650d6865b0, 1, 1;
L_0x5f650d685740 .part L_0x5f650d6865b0, 0, 1;
L_0x5f650d6859e0 .part L_0x5f650d6865b0, 1, 1;
L_0x5f650d685a80 .part L_0x5f650d6865b0, 0, 1;
L_0x5f650d685ea0 .concat8 [ 1 1 1 1], L_0x5f650d685520, L_0x5f650d6858d0, L_0x5f650d685d80, L_0x5f650d686390;
L_0x5f650d685fe0 .part L_0x5f650d6865b0, 1, 1;
L_0x5f650d6860d0 .part L_0x5f650d6865b0, 0, 1;
S_0x5f650d67f480 .scope module, "d5" "decoder_2x4" 3 13, 4 3 0, S_0x5f650d679420;
 .timescale 0 0;
    .port_info 0 /INPUT 1 "en";
    .port_info 1 /INPUT 2 "i";
    .port_info 2 /OUTPUT 4 "d";
L_0x5f650d686920 .functor NOT 1, L_0x5f650d686880, C4<0>, C4<0>, C4<0>;
L_0x5f650d686ad0 .functor NOT 1, L_0x5f650d6869e0, C4<0>, C4<0>, C4<0>;
L_0x5f650d686b90 .functor AND 1, L_0x5f650d686920, L_0x5f650d686ad0, C4<1>, C4<1>;
L_0x7e2bd626e018 .functor BUFT 1, C4<1>, C4<0>, C4<0>, C4<0>;
L_0x5f650d686ca0 .functor AND 1, L_0x5f650d686b90, L_0x7e2bd626e018, C4<1>, C4<1>;
L_0x5f650d686e00 .functor NOT 1, L_0x5f650d686d60, C4<0>, C4<0>, C4<0>;
L_0x5f650d686ff0 .functor AND 1, L_0x5f650d686e00, L_0x5f650d686ec0, C4<1>, C4<1>;
L_0x5f650d6870b0 .functor AND 1, L_0x5f650d686ff0, L_0x7e2bd626e018, C4<1>, C4<1>;
L_0x5f650d687300 .functor NOT 1, L_0x5f650d687260, C4<0>, C4<0>, C4<0>;
L_0x5f650d687410 .functor AND 1, L_0x5f650d6871c0, L_0x5f650d687300, C4<1>, C4<1>;
L_0x5f650d687520 .functor AND 1, L_0x5f650d687410, L_0x7e2bd626e018, C4<1>, C4<1>;
L_0x5f650d687a20 .functor AND 1, L_0x5f650d687780, L_0x5f650d687870, C4<1>, C4<1>;
L_0x5f650d687b30 .functor AND 1, L_0x5f650d687a20, L_0x7e2bd626e018, C4<1>, C4<1>;
v0x5f650d67f6b0_0 .net *"_ivl_10", 0 0, L_0x5f650d686b90;  1 drivers
v0x5f650d67f7b0_0 .net *"_ivl_12", 0 0, L_0x5f650d686ca0;  1 drivers
v0x5f650d67f890_0 .net *"_ivl_17", 0 0, L_0x5f650d686d60;  1 drivers
v0x5f650d67f950_0 .net *"_ivl_18", 0 0, L_0x5f650d686e00;  1 drivers
v0x5f650d67fa30_0 .net *"_ivl_21", 0 0, L_0x5f650d686ec0;  1 drivers
v0x5f650d67fb60_0 .net *"_ivl_22", 0 0, L_0x5f650d686ff0;  1 drivers
v0x5f650d67fc40_0 .net *"_ivl_24", 0 0, L_0x5f650d6870b0;  1 drivers
v0x5f650d67fd20_0 .net *"_ivl_29", 0 0, L_0x5f650d6871c0;  1 drivers
v0x5f650d67fe00_0 .net *"_ivl_3", 0 0, L_0x5f650d686880;  1 drivers
v0x5f650d67fee0_0 .net *"_ivl_31", 0 0, L_0x5f650d687260;  1 drivers
v0x5f650d67ffc0_0 .net *"_ivl_32", 0 0, L_0x5f650d687300;  1 drivers
v0x5f650d6800a0_0 .net *"_ivl_34", 0 0, L_0x5f650d687410;  1 drivers
v0x5f650d680180_0 .net *"_ivl_36", 0 0, L_0x5f650d687520;  1 drivers
v0x5f650d680260_0 .net *"_ivl_4", 0 0, L_0x5f650d686920;  1 drivers
v0x5f650d680340_0 .net *"_ivl_42", 0 0, L_0x5f650d687780;  1 drivers
v0x5f650d680420_0 .net *"_ivl_44", 0 0, L_0x5f650d687870;  1 drivers
v0x5f650d680500_0 .net *"_ivl_45", 0 0, L_0x5f650d687a20;  1 drivers
v0x5f650d6806f0_0 .net *"_ivl_47", 0 0, L_0x5f650d687b30;  1 drivers
v0x5f650d6807d0_0 .net *"_ivl_7", 0 0, L_0x5f650d6869e0;  1 drivers
v0x5f650d6808b0_0 .net *"_ivl_8", 0 0, L_0x5f650d686ad0;  1 drivers
v0x5f650d680990_0 .net "d", 3 0, L_0x5f650d687640;  alias, 1 drivers
v0x5f650d680a70_0 .net "en", 0 0, L_0x7e2bd626e018;  1 drivers
v0x5f650d680b30_0 .net "i", 1 0, L_0x5f650d687cb0;  1 drivers
L_0x5f650d686880 .part L_0x5f650d687cb0, 1, 1;
L_0x5f650d6869e0 .part L_0x5f650d687cb0, 0, 1;
L_0x5f650d686d60 .part L_0x5f650d687cb0, 1, 1;
L_0x5f650d686ec0 .part L_0x5f650d687cb0, 0, 1;
L_0x5f650d6871c0 .part L_0x5f650d687cb0, 1, 1;
L_0x5f650d687260 .part L_0x5f650d687cb0, 0, 1;
L_0x5f650d687640 .concat8 [ 1 1 1 1], L_0x5f650d686ca0, L_0x5f650d6870b0, L_0x5f650d687520, L_0x5f650d687b30;
L_0x5f650d687780 .part L_0x5f650d687cb0, 1, 1;
L_0x5f650d687870 .part L_0x5f650d687cb0, 0, 1;
    .scope S_0x5f650d646dd0;
T_0 ;
    %vpi_call 2 8 "$monitor", "time=%0t i=%b d=%b ", $time, v0x5f650d680ff0_0, v0x5f650d680f30_0 {0 0 0};
    %fork t_1, S_0x5f650d646f60;
    %jmp t_0;
    .scope S_0x5f650d646f60;
t_1 ;
    %pushi/vec4 0, 0, 32;
    %store/vec4 v0x5f650d647140_0, 0, 32;
T_0.0 ;
    %load/vec4 v0x5f650d647140_0;
    %cmpi/s 16, 0, 32;
    %jmp/0xz T_0.1, 5;
    %load/vec4 v0x5f650d647140_0;
    %pad/s 4;
    %store/vec4 v0x5f650d680ff0_0, 0, 4;
    %delay 2, 0;
    %load/vec4 v0x5f650d647140_0;
    %addi 1, 0, 32;
    %store/vec4 v0x5f650d647140_0, 0, 32;
    %jmp T_0.0;
T_0.1 ;
    %end;
    .scope S_0x5f650d646dd0;
t_0 %join;
    %end;
    .thread T_0;
    .scope S_0x5f650d646dd0;
T_1 ;
    %vpi_call 2 15 "$dumpfile", "dump.vcd" {0 0 0};
    %vpi_call 2 16 "$dumpvars", 32'sb00000000000000000000000000000000, S_0x5f650d646dd0 {0 0 0};
    %end;
    .thread T_1;
# The file index is used to find the file name in the following table.
:file_names 5;
    "N/A";
    "<interactive>";
    "testbench.v";
    "./design.v";
    "./2x4_decoder.v";
