#! /usr/bin/vvp
:ivl_version "12.0 (stable)";
:ivl_delay_selection "TYPICAL";
:vpi_time_precision + 0;
:vpi_module "/usr/lib/x86_64-linux-gnu/ivl/system.vpi";
:vpi_module "/usr/lib/x86_64-linux-gnu/ivl/vhdl_sys.vpi";
:vpi_module "/usr/lib/x86_64-linux-gnu/ivl/vhdl_textio.vpi";
:vpi_module "/usr/lib/x86_64-linux-gnu/ivl/v2005_math.vpi";
:vpi_module "/usr/lib/x86_64-linux-gnu/ivl/va_math.vpi";
S_0x56fdd3ea6540 .scope module, "tb" "tb" 2 2;
 .timescale 0 0;
v0x56fdd3ea66d0_0 .var "k", 3 0;
    .scope S_0x56fdd3ea6540;
T_0 ;
    %pushi/vec4 5, 0, 4;
    %store/vec4 v0x56fdd3ea66d0_0, 0, 4;
    %end;
    .thread T_0;
    .scope S_0x56fdd3ea6540;
T_1 ;
    %delay 2, 0;
    %load/vec4 v0x56fdd3ea66d0_0;
    %parti/s 1, 0, 2;
    %load/vec4 v0x56fdd3ea66d0_0;
    %parti/s 3, 1, 2;
    %concat/vec4; draw_concat_vec4
    %store/vec4 v0x56fdd3ea66d0_0, 0, 4;
    %jmp T_1;
    .thread T_1;
    .scope S_0x56fdd3ea6540;
T_2 ;
    %vpi_call 2 9 "$monitor", "%b", v0x56fdd3ea66d0_0 {0 0 0};
    %delay 20, 0;
    %vpi_call 2 10 "$finish", 32'sb00000000000000000000000000000010 {0 0 0};
    %end;
    .thread T_2;
# The file index is used to find the file name in the following table.
:file_names 3;
    "N/A";
    "<interactive>";
    "testbench.v";
