#! /usr/bin/vvp
:ivl_version "12.0 (stable)";
:ivl_delay_selection "TYPICAL";
:vpi_time_precision + 0;
:vpi_module "/usr/lib/x86_64-linux-gnu/ivl/system.vpi";
:vpi_module "/usr/lib/x86_64-linux-gnu/ivl/vhdl_sys.vpi";
:vpi_module "/usr/lib/x86_64-linux-gnu/ivl/vhdl_textio.vpi";
:vpi_module "/usr/lib/x86_64-linux-gnu/ivl/v2005_math.vpi";
:vpi_module "/usr/lib/x86_64-linux-gnu/ivl/va_math.vpi";
S_0x59a082a5f7a0 .scope module, "tb_master_slave_jk_ff" "tb_master_slave_jk_ff" 2 2;
 .timescale 0 0;
v0x59a082a767c0_0 .var "clk", 0 0;
v0x59a082a76880_0 .var "j", 0 0;
v0x59a082a76950_0 .var "k", 0 0;
v0x59a082a76a50_0 .net "q", 0 0, v0x59a082a76550_0;  1 drivers
v0x59a082a76b20_0 .var "reset", 0 0;
S_0x59a082a5f930 .scope module, "uut" "master_slave_jk_ff" 2 12, 3 1 0, S_0x59a082a5f7a0;
 .timescale 0 0;
    .port_info 0 /INPUT 1 "clk";
    .port_info 1 /INPUT 1 "j";
    .port_info 2 /INPUT 1 "k";
    .port_info 3 /INPUT 1 "reset";
    .port_info 4 /OUTPUT 1 "q";
v0x59a082a5fb50_0 .net "clk", 0 0, v0x59a082a767c0_0;  1 drivers
v0x59a082a76300_0 .net "j", 0 0, v0x59a082a76880_0;  1 drivers
v0x59a082a763c0_0 .net "k", 0 0, v0x59a082a76950_0;  1 drivers
v0x59a082a76490_0 .var "master_q", 0 0;
v0x59a082a76550_0 .var "q", 0 0;
v0x59a082a76660_0 .net "reset", 0 0, v0x59a082a76b20_0;  1 drivers
E_0x59a082a5d680/0 .event negedge, v0x59a082a5fb50_0;
E_0x59a082a5d680/1 .event posedge, v0x59a082a76660_0;
E_0x59a082a5d680 .event/or E_0x59a082a5d680/0, E_0x59a082a5d680/1;
E_0x59a082a5d410 .event posedge, v0x59a082a76660_0, v0x59a082a5fb50_0;
    .scope S_0x59a082a5f930;
T_0 ;
    %wait E_0x59a082a5d410;
    %load/vec4 v0x59a082a76660_0;
    %flag_set/vec4 8;
    %jmp/0xz  T_0.0, 8;
    %pushi/vec4 0, 0, 1;
    %assign/vec4 v0x59a082a76490_0, 0;
    %jmp T_0.1;
T_0.0 ;
    %load/vec4 v0x59a082a76300_0;
    %load/vec4 v0x59a082a763c0_0;
    %concat/vec4; draw_concat_vec4
    %dup/vec4;
    %pushi/vec4 0, 0, 2;
    %cmp/u;
    %jmp/1 T_0.2, 6;
    %dup/vec4;
    %pushi/vec4 1, 0, 2;
    %cmp/u;
    %jmp/1 T_0.3, 6;
    %dup/vec4;
    %pushi/vec4 2, 0, 2;
    %cmp/u;
    %jmp/1 T_0.4, 6;
    %dup/vec4;
    %pushi/vec4 3, 0, 2;
    %cmp/u;
    %jmp/1 T_0.5, 6;
    %jmp T_0.6;
T_0.2 ;
    %load/vec4 v0x59a082a76490_0;
    %assign/vec4 v0x59a082a76490_0, 0;
    %jmp T_0.6;
T_0.3 ;
    %pushi/vec4 0, 0, 1;
    %assign/vec4 v0x59a082a76490_0, 0;
    %jmp T_0.6;
T_0.4 ;
    %pushi/vec4 1, 0, 1;
    %assign/vec4 v0x59a082a76490_0, 0;
    %jmp T_0.6;
T_0.5 ;
    %load/vec4 v0x59a082a76490_0;
    %inv;
    %assign/vec4 v0x59a082a76490_0, 0;
    %jmp T_0.6;
T_0.6 ;
    %pop/vec4 1;
T_0.1 ;
    %jmp T_0;
    .thread T_0;
    .scope S_0x59a082a5f930;
T_1 ;
    %wait E_0x59a082a5d680;
    %load/vec4 v0x59a082a76660_0;
    %flag_set/vec4 8;
    %jmp/0xz  T_1.0, 8;
    %pushi/vec4 0, 0, 1;
    %assign/vec4 v0x59a082a76550_0, 0;
    %jmp T_1.1;
T_1.0 ;
    %load/vec4 v0x59a082a76490_0;
    %assign/vec4 v0x59a082a76550_0, 0;
T_1.1 ;
    %jmp T_1;
    .thread T_1;
    .scope S_0x59a082a5f7a0;
T_2 ;
    %pushi/vec4 0, 0, 1;
    %store/vec4 v0x59a082a767c0_0, 0, 1;
T_2.0 ;
    %delay 5, 0;
    %load/vec4 v0x59a082a767c0_0;
    %inv;
    %store/vec4 v0x59a082a767c0_0, 0, 1;
    %jmp T_2.0;
    %end;
    .thread T_2;
    .scope S_0x59a082a5f7a0;
T_3 ;
    %pushi/vec4 1, 0, 1;
    %store/vec4 v0x59a082a76b20_0, 0, 1;
    %pushi/vec4 0, 0, 1;
    %store/vec4 v0x59a082a76880_0, 0, 1;
    %pushi/vec4 0, 0, 1;
    %store/vec4 v0x59a082a76950_0, 0, 1;
    %delay 10, 0;
    %pushi/vec4 0, 0, 1;
    %store/vec4 v0x59a082a76b20_0, 0, 1;
    %delay 10, 0;
    %pushi/vec4 0, 0, 1;
    %store/vec4 v0x59a082a76880_0, 0, 1;
    %pushi/vec4 0, 0, 1;
    %store/vec4 v0x59a082a76950_0, 0, 1;
    %delay 20, 0;
    %delay 10, 0;
    %pushi/vec4 1, 0, 1;
    %store/vec4 v0x59a082a76880_0, 0, 1;
    %pushi/vec4 0, 0, 1;
    %store/vec4 v0x59a082a76950_0, 0, 1;
    %delay 20, 0;
    %delay 10, 0;
    %pushi/vec4 0, 0, 1;
    %store/vec4 v0x59a082a76880_0, 0, 1;
    %pushi/vec4 1, 0, 1;
    %store/vec4 v0x59a082a76950_0, 0, 1;
    %delay 20, 0;
    %delay 10, 0;
    %pushi/vec4 1, 0, 1;
    %store/vec4 v0x59a082a76880_0, 0, 1;
    %pushi/vec4 1, 0, 1;
    %store/vec4 v0x59a082a76950_0, 0, 1;
    %delay 20, 0;
    %delay 10, 0;
    %pushi/vec4 1, 0, 1;
    %store/vec4 v0x59a082a76b20_0, 0, 1;
    %delay 10, 0;
    %pushi/vec4 0, 0, 1;
    %store/vec4 v0x59a082a76b20_0, 0, 1;
    %delay 20, 0;
    %delay 50, 0;
    %vpi_call 2 56 "$stop" {0 0 0};
    %end;
    .thread T_3;
    .scope S_0x59a082a5f7a0;
T_4 ;
    %vpi_call 2 61 "$monitor", "Time = %0t | J = %b | K = %b | Reset = %b | Q = %b", $time, v0x59a082a76880_0, v0x59a082a76950_0, v0x59a082a76b20_0, v0x59a082a76a50_0 {0 0 0};
    %end;
    .thread T_4;
# The file index is used to find the file name in the following table.
:file_names 4;
    "N/A";
    "<interactive>";
    "testbench.v";
    "./design.v";
