#! /usr/bin/vvp
:ivl_version "12.0 (stable)";
:ivl_delay_selection "TYPICAL";
:vpi_time_precision + 0;
:vpi_module "/usr/lib/x86_64-linux-gnu/ivl/system.vpi";
:vpi_module "/usr/lib/x86_64-linux-gnu/ivl/vhdl_sys.vpi";
:vpi_module "/usr/lib/x86_64-linux-gnu/ivl/vhdl_textio.vpi";
:vpi_module "/usr/lib/x86_64-linux-gnu/ivl/v2005_math.vpi";
:vpi_module "/usr/lib/x86_64-linux-gnu/ivl/va_math.vpi";
S_0x5b262c3d4330 .scope module, "tb" "tb" 2 1;
 .timescale 0 0;
v0x5b262c3af590_0 .var/i "a", 31 0;
v0x5b262c3f7f00_0 .var/i "b", 31 0;
v0x5b262c3f7fe0_0 .var/i "c", 31 0;
E_0x5b262c3af950 .event anyedge, v0x5b262c3f7fe0_0, v0x5b262c3f7f00_0, v0x5b262c3af590_0;
    .scope S_0x5b262c3d4330;
T_0 ;
    %pushi/vec4 10, 0, 32;
    %store/vec4 v0x5b262c3af590_0, 0, 32;
    %pushi/vec4 20, 0, 32;
    %store/vec4 v0x5b262c3f7f00_0, 0, 32;
    %pushi/vec4 5, 0, 32;
    %store/vec4 v0x5b262c3f7fe0_0, 0, 32;
    %end;
    .thread T_0;
    .scope S_0x5b262c3d4330;
T_1 ;
    %wait E_0x5b262c3af950;
    %load/vec4 v0x5b262c3f7f00_0;
    %load/vec4 v0x5b262c3af590_0;
    %cmp/s;
    %flag_get/vec4 5;
    %jmp/0 T_1.2, 5;
    %load/vec4 v0x5b262c3f7fe0_0;
    %load/vec4 v0x5b262c3af590_0;
    %cmp/s;
    %flag_get/vec4 5;
    %and;
T_1.2;
    %flag_set/vec4 8;
    %jmp/0xz  T_1.0, 8;
    %vpi_call 2 10 "$display", "A is greater" {0 0 0};
T_1.0 ;
    %load/vec4 v0x5b262c3af590_0;
    %load/vec4 v0x5b262c3f7f00_0;
    %cmp/s;
    %flag_get/vec4 5;
    %jmp/0 T_1.5, 5;
    %load/vec4 v0x5b262c3f7fe0_0;
    %load/vec4 v0x5b262c3f7f00_0;
    %cmp/s;
    %flag_get/vec4 5;
    %and;
T_1.5;
    %flag_set/vec4 8;
    %jmp/0xz  T_1.3, 8;
    %vpi_call 2 12 "$display", "B is greater" {0 0 0};
    %jmp T_1.4;
T_1.3 ;
    %vpi_call 2 14 "$display", "C is the greater" {0 0 0};
T_1.4 ;
    %jmp T_1;
    .thread T_1, $push;
# The file index is used to find the file name in the following table.
:file_names 3;
    "N/A";
    "<interactive>";
    "testbench.v";
