#! /usr/bin/vvp
:ivl_version "12.0 (stable)";
:ivl_delay_selection "TYPICAL";
:vpi_time_precision + 0;
:vpi_module "/usr/lib/x86_64-linux-gnu/ivl/system.vpi";
:vpi_module "/usr/lib/x86_64-linux-gnu/ivl/vhdl_sys.vpi";
:vpi_module "/usr/lib/x86_64-linux-gnu/ivl/vhdl_textio.vpi";
:vpi_module "/usr/lib/x86_64-linux-gnu/ivl/v2005_math.vpi";
:vpi_module "/usr/lib/x86_64-linux-gnu/ivl/va_math.vpi";
S_0x592e759b74f0 .scope module, "test" "test" 2 1;
 .timescale 0 0;
v0x592e759b7680_0 .var "a", 7 0;
v0x592e759fffa0_0 .var "b", 7 0;
v0x592e75a00080_0 .var "c", 7 0;
v0x592e75a00140_0 .var "d", 7 0;
v0x592e75a00220_0 .var/real "f", 0 0;
    .scope S_0x592e759b74f0;
T_0 ;
    %pushi/vec4 1, 0, 8;
    %store/vec4 v0x592e759b7680_0, 0, 8;
    %pushi/vec4 2, 0, 8;
    %store/vec4 v0x592e759fffa0_0, 0, 8;
    %pushi/vec4 3, 0, 8;
    %store/vec4 v0x592e75a00080_0, 0, 8;
    %pushi/vec4 4, 0, 8;
    %store/vec4 v0x592e75a00140_0, 0, 8;
    %pushi/real 1127428915, 4070; load=16.8000
    %pushi/real 838861, 4048; load=16.8000
    %add/wr;
    %store/real v0x592e75a00220_0;
    %end;
    .thread T_0;
    .scope S_0x592e759b74f0;
T_1 ;
    %load/vec4 v0x592e759b7680_0;
    %store/vec4 v0x592e759fffa0_0, 0, 8;
    %vpi_call 2 7 "$display", v0x592e759fffa0_0 {0 0 0};
    %load/vec4 v0x592e759fffa0_0;
    %store/vec4 v0x592e75a00080_0, 0, 8;
    %vpi_call 2 9 "$display", v0x592e75a00080_0 {0 0 0};
    %load/vec4 v0x592e75a00080_0;
    %store/vec4 v0x592e75a00140_0, 0, 8;
    %vpi_call 2 11 "$display", v0x592e75a00140_0 {0 0 0};
    %load/vec4 v0x592e75a00140_0;
    %store/vec4 v0x592e759b7680_0, 0, 8;
    %vpi_call 2 13 "$display", v0x592e759b7680_0 {0 0 0};
    %vpi_call 2 14 "$display", v0x592e75a00220_0 {0 0 0};
    %end;
    .thread T_1;
# The file index is used to find the file name in the following table.
:file_names 3;
    "N/A";
    "<interactive>";
    "sample1.v";
