#! /usr/bin/vvp
:ivl_version "12.0 (stable)";
:ivl_delay_selection "TYPICAL";
:vpi_time_precision + 0;
:vpi_module "/usr/lib/x86_64-linux-gnu/ivl/system.vpi";
:vpi_module "/usr/lib/x86_64-linux-gnu/ivl/vhdl_sys.vpi";
:vpi_module "/usr/lib/x86_64-linux-gnu/ivl/vhdl_textio.vpi";
:vpi_module "/usr/lib/x86_64-linux-gnu/ivl/v2005_math.vpi";
:vpi_module "/usr/lib/x86_64-linux-gnu/ivl/va_math.vpi";
S_0x5d0c31997260 .scope module, "tb" "tb" 2 19;
 .timescale 0 0;
v0x5d0c319a9df0_0 .var "clk", 0 0;
v0x5d0c319a9eb0_0 .net "q", 0 0, v0x5d0c319a9af0_0;  1 drivers
v0x5d0c319a9f80_0 .var "r", 0 0;
v0x5d0c319aa080_0 .var "s", 0 0;
S_0x5d0c319973f0 .scope module, "dut" "srff" 2 22, 2 3 0, S_0x5d0c31997260;
 .timescale 0 0;
    .port_info 0 /INPUT 1 "s";
    .port_info 1 /INPUT 1 "r";
    .port_info 2 /INPUT 1 "clk";
    .port_info 3 /OUTPUT 1 "q";
v0x5d0c3195d490_0 .net "clk", 0 0, v0x5d0c319a9df0_0;  1 drivers
v0x5d0c319a9af0_0 .var "q", 0 0;
v0x5d0c319a9bb0_0 .net "r", 0 0, v0x5d0c319a9f80_0;  1 drivers
v0x5d0c319a9c80_0 .net "s", 0 0, v0x5d0c319aa080_0;  1 drivers
E_0x5d0c3195e060 .event posedge, v0x5d0c3195d490_0;
    .scope S_0x5d0c319973f0;
T_0 ;
    %wait E_0x5d0c3195e060;
    %load/vec4 v0x5d0c319a9c80_0;
    %load/vec4 v0x5d0c319a9bb0_0;
    %concat/vec4; draw_concat_vec4
    %dup/vec4;
    %pushi/vec4 0, 0, 2;
    %cmp/u;
    %jmp/1 T_0.0, 6;
    %dup/vec4;
    %pushi/vec4 1, 0, 2;
    %cmp/u;
    %jmp/1 T_0.1, 6;
    %dup/vec4;
    %pushi/vec4 2, 0, 2;
    %cmp/u;
    %jmp/1 T_0.2, 6;
    %dup/vec4;
    %pushi/vec4 3, 0, 2;
    %cmp/u;
    %jmp/1 T_0.3, 6;
    %jmp T_0.4;
T_0.0 ;
    %load/vec4 v0x5d0c319a9af0_0;
    %assign/vec4 v0x5d0c319a9af0_0, 0;
    %jmp T_0.4;
T_0.1 ;
    %pushi/vec4 0, 0, 1;
    %assign/vec4 v0x5d0c319a9af0_0, 0;
    %jmp T_0.4;
T_0.2 ;
    %pushi/vec4 1, 0, 1;
    %assign/vec4 v0x5d0c319a9af0_0, 0;
    %jmp T_0.4;
T_0.3 ;
    %pushi/vec4 1, 1, 1;
    %assign/vec4 v0x5d0c319a9af0_0, 0;
    %jmp T_0.4;
T_0.4 ;
    %pop/vec4 1;
    %jmp T_0;
    .thread T_0;
    .scope S_0x5d0c31997260;
T_1 ;
    %delay 4, 0;
    %load/vec4 v0x5d0c319a9df0_0;
    %inv;
    %store/vec4 v0x5d0c319a9df0_0, 0, 1;
    %jmp T_1;
    .thread T_1;
    .scope S_0x5d0c31997260;
T_2 ;
    %pushi/vec4 0, 0, 1;
    %store/vec4 v0x5d0c319a9df0_0, 0, 1;
    %pushi/vec4 0, 0, 1;
    %store/vec4 v0x5d0c319aa080_0, 0, 1;
    %pushi/vec4 0, 0, 1;
    %store/vec4 v0x5d0c319a9f80_0, 0, 1;
    %delay 5, 0;
    %pushi/vec4 0, 0, 1;
    %store/vec4 v0x5d0c319aa080_0, 0, 1;
    %pushi/vec4 1, 0, 1;
    %store/vec4 v0x5d0c319a9f80_0, 0, 1;
    %delay 5, 0;
    %pushi/vec4 1, 0, 1;
    %store/vec4 v0x5d0c319aa080_0, 0, 1;
    %pushi/vec4 0, 0, 1;
    %store/vec4 v0x5d0c319a9f80_0, 0, 1;
    %delay 5, 0;
    %pushi/vec4 1, 0, 1;
    %store/vec4 v0x5d0c319aa080_0, 0, 1;
    %pushi/vec4 1, 0, 1;
    %store/vec4 v0x5d0c319a9f80_0, 0, 1;
    %delay 10, 0;
    %vpi_call 2 30 "$finish" {0 0 0};
    %end;
    .thread T_2;
    .scope S_0x5d0c31997260;
T_3 ;
    %vpi_call 2 34 "$dumpfile", "dump.vcd" {0 0 0};
    %vpi_call 2 35 "$dumpvars", 32'sb00000000000000000000000000000000, S_0x5d0c31997260 {0 0 0};
    %end;
    .thread T_3;
# The file index is used to find the file name in the following table.
:file_names 3;
    "N/A";
    "<interactive>";
    "srff.v";
