#! /usr/bin/vvp
:ivl_version "12.0 (stable)";
:ivl_delay_selection "TYPICAL";
:vpi_time_precision + 0;
:vpi_module "/usr/lib/x86_64-linux-gnu/ivl/system.vpi";
:vpi_module "/usr/lib/x86_64-linux-gnu/ivl/vhdl_sys.vpi";
:vpi_module "/usr/lib/x86_64-linux-gnu/ivl/vhdl_textio.vpi";
:vpi_module "/usr/lib/x86_64-linux-gnu/ivl/v2005_math.vpi";
:vpi_module "/usr/lib/x86_64-linux-gnu/ivl/va_math.vpi";
S_0x63a71d474570 .scope module, "tb" "tb" 2 1;
 .timescale 0 0;
    .scope S_0x63a71d474570;
T_0 ;
    %fork t_1, S_0x63a71d474570;
    %fork t_2, S_0x63a71d474570;
    %join;
    %join;
    %jmp t_0;
t_1 ;
    %vpi_call 2 4 "$display", "th2" {0 0 0};
    %end;
t_2 ;
    %vpi_call 2 5 "$display", "th1" {0 0 0};
    %end;
    .scope S_0x63a71d474570;
t_0 ;
    %end;
    .thread T_0;
# The file index is used to find the file name in the following table.
:file_names 3;
    "N/A";
    "<interactive>";
    "tb1.v";
