#! /usr/bin/vvp
:ivl_version "12.0 (stable)";
:ivl_delay_selection "TYPICAL";
:vpi_time_precision + 0;
:vpi_module "/usr/lib/x86_64-linux-gnu/ivl/system.vpi";
:vpi_module "/usr/lib/x86_64-linux-gnu/ivl/vhdl_sys.vpi";
:vpi_module "/usr/lib/x86_64-linux-gnu/ivl/vhdl_textio.vpi";
:vpi_module "/usr/lib/x86_64-linux-gnu/ivl/v2005_math.vpi";
:vpi_module "/usr/lib/x86_64-linux-gnu/ivl/va_math.vpi";
S_0x638ddf6155c0 .scope module, "tb" "tb" 2 1;
 .timescale 0 0;
v0x638ddf615750_0 .var/i "i", 31 0;
v0x638ddf6614e0_0 .var/i "j", 31 0;
v0x638ddf6615c0_0 .var/i "k", 31 0;
    .scope S_0x638ddf6155c0;
T_0 ;
    %pushi/vec4 0, 0, 32;
    %store/vec4 v0x638ddf615750_0, 0, 32;
T_0.0 ;
    %load/vec4 v0x638ddf615750_0;
    %cmpi/s 10, 0, 32;
    %flag_or 5, 4;
    %jmp/0xz T_0.1, 5;
    %pushi/vec4 1, 0, 32;
    %store/vec4 v0x638ddf6614e0_0, 0, 32;
T_0.2 ;
    %load/vec4 v0x638ddf6614e0_0;
    %pushi/vec4 10, 0, 32;
    %load/vec4 v0x638ddf615750_0;
    %sub;
    %cmp/s;
    %flag_or 5, 4;
    %jmp/0xz T_0.3, 5;
    %vpi_call 2 8 "$write", " " {0 0 0};
    ; show_stmt_assign_vector: Get l-value for compressed += operand
    %load/vec4 v0x638ddf6614e0_0;
    %pushi/vec4 1, 0, 32;
    %add;
    %store/vec4 v0x638ddf6614e0_0, 0, 32;
    %jmp T_0.2;
T_0.3 ;
    %pushi/vec4 1, 0, 32;
    %store/vec4 v0x638ddf6615c0_0, 0, 32;
T_0.4 ;
    %load/vec4 v0x638ddf6615c0_0;
    %load/vec4 v0x638ddf615750_0;
    %muli 2, 0, 32;
    %subi 1, 0, 32;
    %cmp/s;
    %flag_or 5, 4;
    %jmp/0xz T_0.5, 5;
    %vpi_call 2 11 "$write", "*" {0 0 0};
    ; show_stmt_assign_vector: Get l-value for compressed += operand
    %load/vec4 v0x638ddf6615c0_0;
    %pushi/vec4 1, 0, 32;
    %add;
    %store/vec4 v0x638ddf6615c0_0, 0, 32;
    %jmp T_0.4;
T_0.5 ;
    %vpi_call 2 13 "$display" {0 0 0};
    ; show_stmt_assign_vector: Get l-value for compressed += operand
    %load/vec4 v0x638ddf615750_0;
    %pushi/vec4 1, 0, 32;
    %add;
    %store/vec4 v0x638ddf615750_0, 0, 32;
    %jmp T_0.0;
T_0.1 ;
    %pushi/vec4 10, 0, 32;
    %store/vec4 v0x638ddf615750_0, 0, 32;
T_0.6 ;
    %load/vec4 v0x638ddf615750_0;
    %cmpi/s 0, 0, 32;
    %flag_inv 5; GE is !LT
    %jmp/0xz T_0.7, 5;
    %pushi/vec4 1, 0, 32;
    %store/vec4 v0x638ddf6614e0_0, 0, 32;
T_0.8 ;
    %load/vec4 v0x638ddf6614e0_0;
    %pushi/vec4 10, 0, 32;
    %load/vec4 v0x638ddf615750_0;
    %sub;
    %cmp/s;
    %flag_or 5, 4;
    %jmp/0xz T_0.9, 5;
    %vpi_call 2 19 "$write", " " {0 0 0};
    ; show_stmt_assign_vector: Get l-value for compressed += operand
    %load/vec4 v0x638ddf6614e0_0;
    %pushi/vec4 1, 0, 32;
    %add;
    %store/vec4 v0x638ddf6614e0_0, 0, 32;
    %jmp T_0.8;
T_0.9 ;
    %pushi/vec4 1, 0, 32;
    %store/vec4 v0x638ddf6615c0_0, 0, 32;
T_0.10 ;
    %load/vec4 v0x638ddf6615c0_0;
    %load/vec4 v0x638ddf615750_0;
    %muli 2, 0, 32;
    %subi 1, 0, 32;
    %cmp/s;
    %flag_or 5, 4;
    %jmp/0xz T_0.11, 5;
    %vpi_call 2 22 "$write", "*" {0 0 0};
    ; show_stmt_assign_vector: Get l-value for compressed += operand
    %load/vec4 v0x638ddf6615c0_0;
    %pushi/vec4 1, 0, 32;
    %add;
    %store/vec4 v0x638ddf6615c0_0, 0, 32;
    %jmp T_0.10;
T_0.11 ;
    %vpi_call 2 24 "$display" {0 0 0};
    ; show_stmt_assign_vector: Get l-value for compressed -= operand
    %load/vec4 v0x638ddf615750_0;
    %pushi/vec4 1, 0, 32;
    %sub;
    %store/vec4 v0x638ddf615750_0, 0, 32;
    %jmp T_0.6;
T_0.7 ;
    %end;
    .thread T_0;
# The file index is used to find the file name in the following table.
:file_names 3;
    "N/A";
    "<interactive>";
    "daimond.v";
