#! /usr/bin/vvp
:ivl_version "12.0 (stable)";
:ivl_delay_selection "TYPICAL";
:vpi_time_precision + 0;
:vpi_module "/usr/lib/x86_64-linux-gnu/ivl/system.vpi";
:vpi_module "/usr/lib/x86_64-linux-gnu/ivl/vhdl_sys.vpi";
:vpi_module "/usr/lib/x86_64-linux-gnu/ivl/vhdl_textio.vpi";
:vpi_module "/usr/lib/x86_64-linux-gnu/ivl/v2005_math.vpi";
:vpi_module "/usr/lib/x86_64-linux-gnu/ivl/va_math.vpi";
S_0x5e46a7b95750 .scope module, "tb" "tb" 2 2;
 .timescale 0 0;
v0x5e46a7bab450_0 .var "clk", 0 0;
v0x5e46a7bab510_0 .var "in_seq", 0 0;
v0x5e46a7bab5e0_0 .net "out", 0 0, v0x5e46a7bab120_0;  1 drivers
v0x5e46a7bab6e0_0 .var "rst", 0 0;
S_0x5e46a7b958e0 .scope module, "dut" "mealy" 2 5, 3 1 0, S_0x5e46a7b95750;
 .timescale 0 0;
    .port_info 0 /INPUT 1 "in_seq";
    .port_info 1 /INPUT 1 "clk";
    .port_info 2 /INPUT 1 "rst";
    .port_info 3 /OUTPUT 1 "out";
P_0x5e46a7b80a70 .param/l "idle" 0 3 7, C4<000>;
P_0x5e46a7b80ab0 .param/l "s1" 0 3 8, C4<001>;
P_0x5e46a7b80af0 .param/l "s11" 0 3 9, C4<010>;
P_0x5e46a7b80b30 .param/l "s110" 0 3 10, C4<011>;
v0x5e46a7b57490_0 .net "clk", 0 0, v0x5e46a7bab450_0;  1 drivers
v0x5e46a7baaf70_0 .net "in_seq", 0 0, v0x5e46a7bab510_0;  1 drivers
v0x5e46a7bab030_0 .var "ns", 2 0;
v0x5e46a7bab120_0 .var "out", 0 0;
v0x5e46a7bab1e0_0 .var "ps", 2 0;
v0x5e46a7bab310_0 .net "rst", 0 0, v0x5e46a7bab6e0_0;  1 drivers
E_0x5e46a7b90700 .event anyedge, v0x5e46a7bab1e0_0, v0x5e46a7baaf70_0;
E_0x5e46a7b90580 .event posedge, v0x5e46a7b57490_0;
    .scope S_0x5e46a7b958e0;
T_0 ;
    %wait E_0x5e46a7b90580;
    %load/vec4 v0x5e46a7bab310_0;
    %nor/r;
    %flag_set/vec4 8;
    %jmp/0xz  T_0.0, 8;
    %pushi/vec4 0, 0, 3;
    %assign/vec4 v0x5e46a7bab1e0_0, 0;
    %jmp T_0.1;
T_0.0 ;
    %load/vec4 v0x5e46a7bab030_0;
    %assign/vec4 v0x5e46a7bab1e0_0, 0;
T_0.1 ;
    %jmp T_0;
    .thread T_0;
    .scope S_0x5e46a7b958e0;
T_1 ;
    %wait E_0x5e46a7b90700;
    %load/vec4 v0x5e46a7bab1e0_0;
    %dup/vec4;
    %pushi/vec4 0, 0, 3;
    %cmp/u;
    %jmp/1 T_1.0, 6;
    %dup/vec4;
    %pushi/vec4 1, 0, 3;
    %cmp/u;
    %jmp/1 T_1.1, 6;
    %dup/vec4;
    %pushi/vec4 2, 0, 3;
    %cmp/u;
    %jmp/1 T_1.2, 6;
    %dup/vec4;
    %pushi/vec4 3, 0, 3;
    %cmp/u;
    %jmp/1 T_1.3, 6;
    %jmp T_1.4;
T_1.0 ;
    %load/vec4 v0x5e46a7baaf70_0;
    %flag_set/vec4 8;
    %jmp/0xz  T_1.5, 8;
    %pushi/vec4 1, 0, 3;
    %store/vec4 v0x5e46a7bab030_0, 0, 3;
    %pushi/vec4 0, 0, 1;
    %store/vec4 v0x5e46a7bab120_0, 0, 1;
    %jmp T_1.6;
T_1.5 ;
    %pushi/vec4 0, 0, 3;
    %store/vec4 v0x5e46a7bab030_0, 0, 3;
    %pushi/vec4 0, 0, 1;
    %store/vec4 v0x5e46a7bab120_0, 0, 1;
T_1.6 ;
    %jmp T_1.4;
T_1.1 ;
    %load/vec4 v0x5e46a7baaf70_0;
    %flag_set/vec4 8;
    %jmp/0xz  T_1.7, 8;
    %pushi/vec4 2, 0, 3;
    %store/vec4 v0x5e46a7bab030_0, 0, 3;
    %pushi/vec4 0, 0, 1;
    %store/vec4 v0x5e46a7bab120_0, 0, 1;
    %jmp T_1.8;
T_1.7 ;
    %pushi/vec4 0, 0, 3;
    %store/vec4 v0x5e46a7bab030_0, 0, 3;
    %pushi/vec4 0, 0, 1;
    %store/vec4 v0x5e46a7bab120_0, 0, 1;
T_1.8 ;
    %jmp T_1.4;
T_1.2 ;
    %load/vec4 v0x5e46a7baaf70_0;
    %flag_set/vec4 8;
    %jmp/0xz  T_1.9, 8;
    %pushi/vec4 2, 0, 3;
    %store/vec4 v0x5e46a7bab030_0, 0, 3;
    %pushi/vec4 0, 0, 1;
    %store/vec4 v0x5e46a7bab120_0, 0, 1;
    %jmp T_1.10;
T_1.9 ;
    %pushi/vec4 3, 0, 3;
    %store/vec4 v0x5e46a7bab030_0, 0, 3;
    %pushi/vec4 0, 0, 1;
    %store/vec4 v0x5e46a7bab120_0, 0, 1;
T_1.10 ;
    %jmp T_1.4;
T_1.3 ;
    %load/vec4 v0x5e46a7baaf70_0;
    %flag_set/vec4 8;
    %jmp/0xz  T_1.11, 8;
    %pushi/vec4 1, 0, 3;
    %store/vec4 v0x5e46a7bab030_0, 0, 3;
    %pushi/vec4 1, 0, 1;
    %store/vec4 v0x5e46a7bab120_0, 0, 1;
    %jmp T_1.12;
T_1.11 ;
    %pushi/vec4 0, 0, 3;
    %store/vec4 v0x5e46a7bab030_0, 0, 3;
    %pushi/vec4 0, 0, 1;
    %store/vec4 v0x5e46a7bab120_0, 0, 1;
T_1.12 ;
    %jmp T_1.4;
T_1.4 ;
    %pop/vec4 1;
    %jmp T_1;
    .thread T_1, $push;
    .scope S_0x5e46a7b95750;
T_2 ;
    %vpi_call 2 7 "$monitor", "time = %0t in_sequence = %b out = %b", $time, v0x5e46a7bab510_0, v0x5e46a7bab5e0_0 {0 0 0};
    %pushi/vec4 0, 0, 1;
    %store/vec4 v0x5e46a7bab450_0, 0, 1;
    %pushi/vec4 0, 0, 1;
    %store/vec4 v0x5e46a7bab6e0_0, 0, 1;
    %delay 13, 0;
    %pushi/vec4 1, 0, 1;
    %store/vec4 v0x5e46a7bab6e0_0, 0, 1;
    %pushi/vec4 1, 0, 1;
    %store/vec4 v0x5e46a7bab510_0, 0, 1;
    %delay 10, 0;
    %pushi/vec4 1, 0, 1;
    %store/vec4 v0x5e46a7bab510_0, 0, 1;
    %delay 10, 0;
    %pushi/vec4 0, 0, 1;
    %store/vec4 v0x5e46a7bab510_0, 0, 1;
    %delay 10, 0;
    %pushi/vec4 0, 0, 1;
    %store/vec4 v0x5e46a7bab510_0, 0, 1;
    %delay 20, 0;
    %vpi_call 2 15 "$finish" {0 0 0};
    %end;
    .thread T_2;
    .scope S_0x5e46a7b95750;
T_3 ;
    %delay 5, 0;
    %load/vec4 v0x5e46a7bab450_0;
    %inv;
    %store/vec4 v0x5e46a7bab450_0, 0, 1;
    %jmp T_3;
    .thread T_3;
    .scope S_0x5e46a7b95750;
T_4 ;
    %vpi_call 2 19 "$dumpfile", "dump.vcd" {0 0 0};
    %vpi_call 2 20 "$dumpvars", 32'sb00000000000000000000000000000000, S_0x5e46a7b95750 {0 0 0};
    %end;
    .thread T_4;
# The file index is used to find the file name in the following table.
:file_names 4;
    "N/A";
    "<interactive>";
    "testbench.v";
    "./design.v";
