#! /usr/bin/vvp
:ivl_version "12.0 (stable)";
:ivl_delay_selection "TYPICAL";
:vpi_time_precision + 0;
:vpi_module "/usr/lib/x86_64-linux-gnu/ivl/system.vpi";
:vpi_module "/usr/lib/x86_64-linux-gnu/ivl/vhdl_sys.vpi";
:vpi_module "/usr/lib/x86_64-linux-gnu/ivl/vhdl_textio.vpi";
:vpi_module "/usr/lib/x86_64-linux-gnu/ivl/v2005_math.vpi";
:vpi_module "/usr/lib/x86_64-linux-gnu/ivl/va_math.vpi";
S_0x57b84ce96ca0 .scope module, "shift_register_tb" "shift_register_tb" 2 2;
 .timescale 0 0;
P_0x57b84ce96e30 .param/l "N" 0 2 3, +C4<00000000000000000000000000001000>;
v0x57b84ceaaf80_0 .var "S_in", 0 0;
v0x57b84ceab070_0 .net "S_out", 0 0, L_0x57b84ceab580;  1 drivers
v0x57b84ceab140_0 .var "clk", 0 0;
v0x57b84ceab240_0 .var "reset", 0 0;
S_0x57b84ce96ed0 .scope module, "uut" "shift_register" 2 11, 3 1 0, S_0x57b84ce96ca0;
 .timescale 0 0;
    .port_info 0 /INPUT 1 "clk";
    .port_info 1 /INPUT 1 "reset";
    .port_info 2 /INPUT 1 "S_in";
    .port_info 3 /OUTPUT 1 "S_out";
P_0x57b84ce970b0 .param/l "N" 0 3 2, +C4<00000000000000000000000000001000>;
v0x57b84ce5c500_0 .net "S_in", 0 0, v0x57b84ceaaf80_0;  1 drivers
v0x57b84ceaa9c0_0 .net "S_out", 0 0, L_0x57b84ceab580;  alias, 1 drivers
v0x57b84ceaaa80_0 .net *"_ivl_1", 6 0, L_0x57b84ceab310;  1 drivers
v0x57b84ceaab70_0 .net "clk", 0 0, v0x57b84ceab140_0;  1 drivers
v0x57b84ceaac30_0 .net "r_next", 7 0, L_0x57b84ceab410;  1 drivers
v0x57b84ceaad60_0 .var "r_reg", 7 0;
v0x57b84ceaae40_0 .net "reset", 0 0, v0x57b84ceab240_0;  1 drivers
E_0x57b84ce5ca90 .event posedge, v0x57b84ceaae40_0, v0x57b84ceaab70_0;
L_0x57b84ceab310 .part v0x57b84ceaad60_0, 1, 7;
L_0x57b84ceab410 .concat [ 7 1 0 0], L_0x57b84ceab310, v0x57b84ceaaf80_0;
L_0x57b84ceab580 .part v0x57b84ceaad60_0, 0, 1;
    .scope S_0x57b84ce96ed0;
T_0 ;
    %wait E_0x57b84ce5ca90;
    %load/vec4 v0x57b84ceaae40_0;
    %flag_set/vec4 8;
    %jmp/0xz  T_0.0, 8;
    %pushi/vec4 0, 0, 8;
    %assign/vec4 v0x57b84ceaad60_0, 0;
    %jmp T_0.1;
T_0.0 ;
    %load/vec4 v0x57b84ceaac30_0;
    %assign/vec4 v0x57b84ceaad60_0, 0;
T_0.1 ;
    %jmp T_0;
    .thread T_0;
    .scope S_0x57b84ce96ca0;
T_1 ;
    %delay 5, 0;
    %load/vec4 v0x57b84ceab140_0;
    %inv;
    %store/vec4 v0x57b84ceab140_0, 0, 1;
    %jmp T_1;
    .thread T_1;
    .scope S_0x57b84ce96ca0;
T_2 ;
    %pushi/vec4 0, 0, 1;
    %store/vec4 v0x57b84ceab140_0, 0, 1;
    %pushi/vec4 0, 0, 1;
    %store/vec4 v0x57b84ceab240_0, 0, 1;
    %pushi/vec4 0, 0, 1;
    %store/vec4 v0x57b84ceaaf80_0, 0, 1;
    %delay 5, 0;
    %pushi/vec4 1, 0, 1;
    %store/vec4 v0x57b84ceab240_0, 0, 1;
    %delay 10, 0;
    %pushi/vec4 0, 0, 1;
    %store/vec4 v0x57b84ceab240_0, 0, 1;
    %pushi/vec4 1, 0, 1;
    %store/vec4 v0x57b84ceaaf80_0, 0, 1;
    %delay 10, 0;
    %pushi/vec4 0, 0, 1;
    %store/vec4 v0x57b84ceaaf80_0, 0, 1;
    %delay 10, 0;
    %pushi/vec4 1, 0, 1;
    %store/vec4 v0x57b84ceaaf80_0, 0, 1;
    %delay 10, 0;
    %pushi/vec4 0, 0, 1;
    %store/vec4 v0x57b84ceaaf80_0, 0, 1;
    %delay 10, 0;
    %pushi/vec4 1, 0, 1;
    %store/vec4 v0x57b84ceaaf80_0, 0, 1;
    %delay 10, 0;
    %delay 50, 0;
    %vpi_call 2 33 "$finish" {0 0 0};
    %end;
    .thread T_2;
# The file index is used to find the file name in the following table.
:file_names 4;
    "N/A";
    "<interactive>";
    "testbench.v";
    "./design.v";
