#! /usr/bin/vvp
:ivl_version "12.0 (stable)";
:ivl_delay_selection "TYPICAL";
:vpi_time_precision + 0;
:vpi_module "/usr/lib/x86_64-linux-gnu/ivl/system.vpi";
:vpi_module "/usr/lib/x86_64-linux-gnu/ivl/vhdl_sys.vpi";
:vpi_module "/usr/lib/x86_64-linux-gnu/ivl/vhdl_textio.vpi";
:vpi_module "/usr/lib/x86_64-linux-gnu/ivl/v2005_math.vpi";
:vpi_module "/usr/lib/x86_64-linux-gnu/ivl/va_math.vpi";
S_0x5d807efe9560 .scope module, "tb" "tb" 2 1;
 .timescale 0 0;
v0x5d807f031880_0 .var "a", 3 0;
S_0x5d807efe96f0 .scope begin, "$ivl_for_loop0" "$ivl_for_loop0" 2 5, 2 5 0, S_0x5d807efe9560;
 .timescale 0 0;
v0x5d807efeb400_0 .var/i "i", 31 0;
    .scope S_0x5d807efe9560;
T_0 ;
    %pushi/vec4 1, 1, 1;
    %ix/load 4, 2, 0;
    %flag_set/imm 4, 0;
    %store/vec4 v0x5d807f031880_0, 4, 1;
    %fork t_1, S_0x5d807efe96f0;
    %jmp t_0;
    .scope S_0x5d807efe96f0;
t_1 ;
    %pushi/vec4 0, 0, 32;
    %store/vec4 v0x5d807efeb400_0, 0, 32;
T_0.0 ;
    %load/vec4 v0x5d807efeb400_0;
    %cmpi/s 4, 0, 32;
    %jmp/0xz T_0.1, 5;
    %load/vec4 v0x5d807f031880_0;
    %load/vec4 v0x5d807efeb400_0;
    %part/s 1;
    %pad/u 32;
    %cmpi/e 4294967295, 4294967295, 32;
    %jmp/0xz  T_0.2, 4;
    %vpi_call 2 7 "$display", "unknown value at index %0d", v0x5d807efeb400_0 {0 0 0};
T_0.2 ;
    ; show_stmt_assign_vector: Get l-value for compressed += operand
    %load/vec4 v0x5d807efeb400_0;
    %pushi/vec4 1, 0, 32;
    %add;
    %store/vec4 v0x5d807efeb400_0, 0, 32;
    %jmp T_0.0;
T_0.1 ;
    %end;
    .scope S_0x5d807efe9560;
t_0 %join;
    %end;
    .thread T_0;
# The file index is used to find the file name in the following table.
:file_names 3;
    "N/A";
    "<interactive>";
    "testbench.v";
