#! /usr/bin/vvp
:ivl_version "12.0 (stable)";
:ivl_delay_selection "TYPICAL";
:vpi_time_precision + 0;
:vpi_module "/usr/lib/x86_64-linux-gnu/ivl/system.vpi";
:vpi_module "/usr/lib/x86_64-linux-gnu/ivl/vhdl_sys.vpi";
:vpi_module "/usr/lib/x86_64-linux-gnu/ivl/vhdl_textio.vpi";
:vpi_module "/usr/lib/x86_64-linux-gnu/ivl/v2005_math.vpi";
:vpi_module "/usr/lib/x86_64-linux-gnu/ivl/va_math.vpi";
S_0x6388aa898d00 .scope module, "tb" "tb" 2 8;
 .timescale 0 0;
v0x6388aa8bd390_0 .var "c", 3 0;
v0x6388aa8bd450_0 .var "s", 1 0;
v0x6388aa8bd520_0 .net "y", 0 0, L_0x6388aa8c1570;  1 drivers
S_0x6388aa898e90 .scope begin, "$ivl_for_loop0" "$ivl_for_loop0" 2 15, 2 15 0, S_0x6388aa898d00;
 .timescale 0 0;
v0x6388aa899070_0 .var/i "i", 31 0;
S_0x6388aa8b9920 .scope module, "dut" "pallindrome" 2 12, 2 1 0, S_0x6388aa898d00;
 .timescale 0 0;
    .port_info 0 /INPUT 4 "c";
    .port_info 1 /INPUT 2 "s";
    .port_info 2 /OUTPUT 1 "y";
L_0x6388aa8bd6f0 .functor NOT 1, L_0x6388aa8bd620, C4<0>, C4<0>, C4<0>;
L_0x6388aa8bd850 .functor NOT 1, L_0x6388aa8bd7b0, C4<0>, C4<0>, C4<0>;
L_0x6388aa8bd940 .functor AND 1, L_0x6388aa8bd6f0, L_0x6388aa8bd850, C4<1>, C4<1>;
L_0x6388aa8bdb40 .functor NOT 1, L_0x6388aa8bda50, C4<0>, C4<0>, C4<0>;
L_0x6388aa8bdd00 .functor NOT 1, L_0x6388aa8bdc30, C4<0>, C4<0>, C4<0>;
L_0x6388aa8bddc0 .functor AND 1, L_0x6388aa8bdb40, L_0x6388aa8bdd00, C4<1>, C4<1>;
L_0x6388aa8be090 .functor AND 1, L_0x6388aa8bdf10, L_0x6388aa8bdfb0, C4<1>, C4<1>;
L_0x6388aa8be150 .functor OR 1, L_0x6388aa8bddc0, L_0x6388aa8be090, C4<0>, C4<0>;
L_0x6388aa8be2b0 .functor AND 1, L_0x6388aa8bd940, L_0x6388aa8be150, C4<1>, C4<1>;
L_0x6388aa8be4f0 .functor NOT 1, L_0x6388aa8be3c0, C4<0>, C4<0>, C4<0>;
L_0x6388aa8be6b0 .functor AND 1, L_0x6388aa8be4f0, L_0x6388aa8be5c0, C4<1>, C4<1>;
L_0x6388aa8be810 .functor NOT 1, L_0x6388aa8be770, C4<0>, C4<0>, C4<0>;
L_0x6388aa8bea40 .functor NOT 1, L_0x6388aa8be940, C4<0>, C4<0>, C4<0>;
L_0x6388aa8beab0 .functor AND 1, L_0x6388aa8be810, L_0x6388aa8bea40, C4<1>, C4<1>;
L_0x6388aa8be8d0 .functor AND 1, L_0x6388aa8bec40, L_0x6388aa8bece0, C4<1>, C4<1>;
L_0x6388aa8bee90 .functor OR 1, L_0x6388aa8beab0, L_0x6388aa8be8d0, C4<0>, C4<0>;
L_0x6388aa8bf030 .functor AND 1, L_0x6388aa8be6b0, L_0x6388aa8bee90, C4<1>, C4<1>;
L_0x6388aa8bf140 .functor OR 1, L_0x6388aa8be2b0, L_0x6388aa8bf030, C4<0>, C4<0>;
L_0x6388aa8bed80 .functor NOT 1, L_0x6388aa8bf390, C4<0>, C4<0>, C4<0>;
L_0x6388aa8bf500 .functor AND 1, L_0x6388aa8bf2f0, L_0x6388aa8bed80, C4<1>, C4<1>;
L_0x6388aa8bf6c0 .functor NOT 1, L_0x6388aa8bf250, C4<0>, C4<0>, C4<0>;
L_0x6388aa8bf8b0 .functor NOT 1, L_0x6388aa8bf780, C4<0>, C4<0>, C4<0>;
L_0x6388aa8bfa30 .functor AND 1, L_0x6388aa8bf6c0, L_0x6388aa8bf8b0, C4<1>, C4<1>;
L_0x6388aa8bfd20 .functor AND 1, L_0x6388aa8bfb40, L_0x6388aa8bfbe0, C4<1>, C4<1>;
L_0x6388aa8bff00 .functor OR 1, L_0x6388aa8bfa30, L_0x6388aa8bfd20, C4<0>, C4<0>;
L_0x6388aa8c0010 .functor AND 1, L_0x6388aa8bf500, L_0x6388aa8bff00, C4<1>, C4<1>;
L_0x6388aa8c0200 .functor OR 1, L_0x6388aa8bf140, L_0x6388aa8c0010, C4<0>, C4<0>;
L_0x6388aa8c0500 .functor AND 1, L_0x6388aa8c0310, L_0x6388aa8c03b0, C4<1>, C4<1>;
L_0x6388aa8c0700 .functor NOT 1, L_0x6388aa8bfc80, C4<0>, C4<0>, C4<0>;
L_0x6388aa8c0920 .functor NOT 1, L_0x6388aa8c07c0, C4<0>, C4<0>, C4<0>;
L_0x6388aa8c0ae0 .functor AND 1, L_0x6388aa8c0700, L_0x6388aa8c0920, C4<1>, C4<1>;
L_0x6388aa8c1010 .functor AND 1, L_0x6388aa8c0bf0, L_0x6388aa8c0ea0, C4<1>, C4<1>;
L_0x6388aa8c1230 .functor OR 1, L_0x6388aa8c0ae0, L_0x6388aa8c1010, C4<0>, C4<0>;
L_0x6388aa8c1340 .functor AND 1, L_0x6388aa8c0500, L_0x6388aa8c1230, C4<1>, C4<1>;
L_0x6388aa8c1570 .functor OR 1, L_0x6388aa8c0200, L_0x6388aa8c1340, C4<0>, C4<0>;
v0x6388aa8b9b70_0 .net *"_ivl_1", 0 0, L_0x6388aa8bd620;  1 drivers
v0x6388aa8b9c70_0 .net *"_ivl_101", 0 0, L_0x6388aa8c07c0;  1 drivers
v0x6388aa8b9d50_0 .net *"_ivl_102", 0 0, L_0x6388aa8c0920;  1 drivers
v0x6388aa8b9e10_0 .net *"_ivl_104", 0 0, L_0x6388aa8c0ae0;  1 drivers
v0x6388aa8b9ef0_0 .net *"_ivl_107", 0 0, L_0x6388aa8c0bf0;  1 drivers
v0x6388aa8ba020_0 .net *"_ivl_109", 0 0, L_0x6388aa8c0ea0;  1 drivers
v0x6388aa8ba100_0 .net *"_ivl_11", 0 0, L_0x6388aa8bda50;  1 drivers
v0x6388aa8ba1e0_0 .net *"_ivl_110", 0 0, L_0x6388aa8c1010;  1 drivers
v0x6388aa8ba2c0_0 .net *"_ivl_112", 0 0, L_0x6388aa8c1230;  1 drivers
v0x6388aa8ba3a0_0 .net *"_ivl_114", 0 0, L_0x6388aa8c1340;  1 drivers
v0x6388aa8ba480_0 .net *"_ivl_12", 0 0, L_0x6388aa8bdb40;  1 drivers
v0x6388aa8ba560_0 .net *"_ivl_15", 0 0, L_0x6388aa8bdc30;  1 drivers
v0x6388aa8ba640_0 .net *"_ivl_16", 0 0, L_0x6388aa8bdd00;  1 drivers
v0x6388aa8ba720_0 .net *"_ivl_18", 0 0, L_0x6388aa8bddc0;  1 drivers
v0x6388aa8ba800_0 .net *"_ivl_2", 0 0, L_0x6388aa8bd6f0;  1 drivers
v0x6388aa8ba8e0_0 .net *"_ivl_21", 0 0, L_0x6388aa8bdf10;  1 drivers
v0x6388aa8ba9c0_0 .net *"_ivl_23", 0 0, L_0x6388aa8bdfb0;  1 drivers
v0x6388aa8baaa0_0 .net *"_ivl_24", 0 0, L_0x6388aa8be090;  1 drivers
v0x6388aa8bab80_0 .net *"_ivl_26", 0 0, L_0x6388aa8be150;  1 drivers
v0x6388aa8bac60_0 .net *"_ivl_28", 0 0, L_0x6388aa8be2b0;  1 drivers
v0x6388aa8bad40_0 .net *"_ivl_31", 0 0, L_0x6388aa8be3c0;  1 drivers
v0x6388aa8bae20_0 .net *"_ivl_32", 0 0, L_0x6388aa8be4f0;  1 drivers
v0x6388aa8baf00_0 .net *"_ivl_35", 0 0, L_0x6388aa8be5c0;  1 drivers
v0x6388aa8bafe0_0 .net *"_ivl_36", 0 0, L_0x6388aa8be6b0;  1 drivers
v0x6388aa8bb0c0_0 .net *"_ivl_39", 0 0, L_0x6388aa8be770;  1 drivers
v0x6388aa8bb1a0_0 .net *"_ivl_40", 0 0, L_0x6388aa8be810;  1 drivers
v0x6388aa8bb280_0 .net *"_ivl_43", 0 0, L_0x6388aa8be940;  1 drivers
v0x6388aa8bb360_0 .net *"_ivl_44", 0 0, L_0x6388aa8bea40;  1 drivers
v0x6388aa8bb440_0 .net *"_ivl_46", 0 0, L_0x6388aa8beab0;  1 drivers
v0x6388aa8bb520_0 .net *"_ivl_49", 0 0, L_0x6388aa8bec40;  1 drivers
v0x6388aa8bb600_0 .net *"_ivl_5", 0 0, L_0x6388aa8bd7b0;  1 drivers
v0x6388aa8bb6e0_0 .net *"_ivl_51", 0 0, L_0x6388aa8bece0;  1 drivers
v0x6388aa8bb7c0_0 .net *"_ivl_52", 0 0, L_0x6388aa8be8d0;  1 drivers
v0x6388aa8bbab0_0 .net *"_ivl_54", 0 0, L_0x6388aa8bee90;  1 drivers
v0x6388aa8bbb90_0 .net *"_ivl_56", 0 0, L_0x6388aa8bf030;  1 drivers
v0x6388aa8bbc70_0 .net *"_ivl_58", 0 0, L_0x6388aa8bf140;  1 drivers
v0x6388aa8bbd50_0 .net *"_ivl_6", 0 0, L_0x6388aa8bd850;  1 drivers
v0x6388aa8bbe30_0 .net *"_ivl_61", 0 0, L_0x6388aa8bf2f0;  1 drivers
v0x6388aa8bbf10_0 .net *"_ivl_63", 0 0, L_0x6388aa8bf390;  1 drivers
v0x6388aa8bbff0_0 .net *"_ivl_64", 0 0, L_0x6388aa8bed80;  1 drivers
v0x6388aa8bc0d0_0 .net *"_ivl_66", 0 0, L_0x6388aa8bf500;  1 drivers
v0x6388aa8bc1b0_0 .net *"_ivl_69", 0 0, L_0x6388aa8bf250;  1 drivers
v0x6388aa8bc290_0 .net *"_ivl_70", 0 0, L_0x6388aa8bf6c0;  1 drivers
v0x6388aa8bc370_0 .net *"_ivl_73", 0 0, L_0x6388aa8bf780;  1 drivers
v0x6388aa8bc450_0 .net *"_ivl_74", 0 0, L_0x6388aa8bf8b0;  1 drivers
v0x6388aa8bc530_0 .net *"_ivl_76", 0 0, L_0x6388aa8bfa30;  1 drivers
v0x6388aa8bc610_0 .net *"_ivl_79", 0 0, L_0x6388aa8bfb40;  1 drivers
v0x6388aa8bc6f0_0 .net *"_ivl_8", 0 0, L_0x6388aa8bd940;  1 drivers
v0x6388aa8bc7d0_0 .net *"_ivl_81", 0 0, L_0x6388aa8bfbe0;  1 drivers
v0x6388aa8bc8b0_0 .net *"_ivl_82", 0 0, L_0x6388aa8bfd20;  1 drivers
v0x6388aa8bc990_0 .net *"_ivl_84", 0 0, L_0x6388aa8bff00;  1 drivers
v0x6388aa8bca70_0 .net *"_ivl_86", 0 0, L_0x6388aa8c0010;  1 drivers
v0x6388aa8bcb50_0 .net *"_ivl_88", 0 0, L_0x6388aa8c0200;  1 drivers
v0x6388aa8bcc30_0 .net *"_ivl_91", 0 0, L_0x6388aa8c0310;  1 drivers
v0x6388aa8bcd10_0 .net *"_ivl_93", 0 0, L_0x6388aa8c03b0;  1 drivers
v0x6388aa8bcdf0_0 .net *"_ivl_94", 0 0, L_0x6388aa8c0500;  1 drivers
v0x6388aa8bced0_0 .net *"_ivl_97", 0 0, L_0x6388aa8bfc80;  1 drivers
v0x6388aa8bcfb0_0 .net *"_ivl_98", 0 0, L_0x6388aa8c0700;  1 drivers
v0x6388aa8bd090_0 .net "c", 3 0, v0x6388aa8bd390_0;  1 drivers
v0x6388aa8bd170_0 .net "s", 1 0, v0x6388aa8bd450_0;  1 drivers
v0x6388aa8bd250_0 .net "y", 0 0, L_0x6388aa8c1570;  alias, 1 drivers
L_0x6388aa8bd620 .part v0x6388aa8bd450_0, 1, 1;
L_0x6388aa8bd7b0 .part v0x6388aa8bd450_0, 0, 1;
L_0x6388aa8bda50 .part v0x6388aa8bd390_0, 0, 1;
L_0x6388aa8bdc30 .part v0x6388aa8bd390_0, 3, 1;
L_0x6388aa8bdf10 .part v0x6388aa8bd390_0, 0, 1;
L_0x6388aa8bdfb0 .part v0x6388aa8bd390_0, 3, 1;
L_0x6388aa8be3c0 .part v0x6388aa8bd450_0, 1, 1;
L_0x6388aa8be5c0 .part v0x6388aa8bd450_0, 0, 1;
L_0x6388aa8be770 .part v0x6388aa8bd390_0, 1, 1;
L_0x6388aa8be940 .part v0x6388aa8bd390_0, 2, 1;
L_0x6388aa8bec40 .part v0x6388aa8bd390_0, 1, 1;
L_0x6388aa8bece0 .part v0x6388aa8bd390_0, 2, 1;
L_0x6388aa8bf2f0 .part v0x6388aa8bd450_0, 1, 1;
L_0x6388aa8bf390 .part v0x6388aa8bd450_0, 0, 1;
L_0x6388aa8bf250 .part v0x6388aa8bd390_0, 2, 1;
L_0x6388aa8bf780 .part v0x6388aa8bd390_0, 1, 1;
L_0x6388aa8bfb40 .part v0x6388aa8bd390_0, 2, 1;
L_0x6388aa8bfbe0 .part v0x6388aa8bd390_0, 1, 1;
L_0x6388aa8c0310 .part v0x6388aa8bd450_0, 1, 1;
L_0x6388aa8c03b0 .part v0x6388aa8bd450_0, 0, 1;
L_0x6388aa8bfc80 .part v0x6388aa8bd390_0, 3, 1;
L_0x6388aa8c07c0 .part v0x6388aa8bd390_0, 0, 1;
L_0x6388aa8c0bf0 .part v0x6388aa8bd390_0, 3, 1;
L_0x6388aa8c0ea0 .part v0x6388aa8bd390_0, 0, 1;
    .scope S_0x6388aa898d00;
T_0 ;
    %vpi_call 2 14 "$monitor", "c=%b s=%b y=%b", v0x6388aa8bd390_0, v0x6388aa8bd450_0, v0x6388aa8bd520_0 {0 0 0};
    %fork t_1, S_0x6388aa898e90;
    %jmp t_0;
    .scope S_0x6388aa898e90;
t_1 ;
    %pushi/vec4 0, 0, 32;
    %store/vec4 v0x6388aa899070_0, 0, 32;
T_0.0 ;
    %load/vec4 v0x6388aa899070_0;
    %cmpi/s 64, 0, 32;
    %jmp/0xz T_0.1, 5;
    %load/vec4 v0x6388aa899070_0;
    %pad/s 6;
    %split/vec4 4;
    %store/vec4 v0x6388aa8bd390_0, 0, 4;
    %store/vec4 v0x6388aa8bd450_0, 0, 2;
    %delay 5, 0;
    %load/vec4 v0x6388aa899070_0;
    %addi 1, 0, 32;
    %store/vec4 v0x6388aa899070_0, 0, 32;
    %jmp T_0.0;
T_0.1 ;
    %end;
    .scope S_0x6388aa898d00;
t_0 %join;
    %end;
    .thread T_0;
# The file index is used to find the file name in the following table.
:file_names 3;
    "N/A";
    "<interactive>";
    "pallindrome.v";
