#! /usr/bin/vvp
:ivl_version "12.0 (stable)";
:ivl_delay_selection "TYPICAL";
:vpi_time_precision + 0;
:vpi_module "/usr/lib/x86_64-linux-gnu/ivl/system.vpi";
:vpi_module "/usr/lib/x86_64-linux-gnu/ivl/vhdl_sys.vpi";
:vpi_module "/usr/lib/x86_64-linux-gnu/ivl/vhdl_textio.vpi";
:vpi_module "/usr/lib/x86_64-linux-gnu/ivl/v2005_math.vpi";
:vpi_module "/usr/lib/x86_64-linux-gnu/ivl/va_math.vpi";
S_0x5b2d627a0570 .scope module, "tb" "tb" 2 1;
 .timescale 0 0;
v0x5b2d627a2400_0 .var/i "a", 31 0;
v0x5b2d627e6b50_0 .var/i "b", 31 0;
    .scope S_0x5b2d627a0570;
T_0 ;
    %pushi/vec4 10, 0, 32;
    %store/vec4 v0x5b2d627a2400_0, 0, 32;
    %pushi/vec4 20, 0, 32;
    %store/vec4 v0x5b2d627e6b50_0, 0, 32;
    %end;
    .thread T_0;
    .scope S_0x5b2d627a0570;
T_1 ;
    %load/vec4 v0x5b2d627a2400_0;
    %store/vec4 v0x5b2d627e6b50_0, 0, 32;
    %end;
    .thread T_1;
    .scope S_0x5b2d627a0570;
T_2 ;
    %load/vec4 v0x5b2d627e6b50_0;
    %store/vec4 v0x5b2d627a2400_0, 0, 32;
    %end;
    .thread T_2;
    .scope S_0x5b2d627a0570;
T_3 ;
    %vpi_call 2 6 "$display", v0x5b2d627a2400_0, v0x5b2d627e6b50_0 {0 0 0};
    %end;
    .thread T_3;
# The file index is used to find the file name in the following table.
:file_names 3;
    "N/A";
    "<interactive>";
    "testbench.v";
