#! /usr/bin/vvp
:ivl_version "12.0 (stable)";
:ivl_delay_selection "TYPICAL";
:vpi_time_precision + 0;
:vpi_module "/usr/lib/x86_64-linux-gnu/ivl/system.vpi";
:vpi_module "/usr/lib/x86_64-linux-gnu/ivl/vhdl_sys.vpi";
:vpi_module "/usr/lib/x86_64-linux-gnu/ivl/vhdl_textio.vpi";
:vpi_module "/usr/lib/x86_64-linux-gnu/ivl/v2005_math.vpi";
:vpi_module "/usr/lib/x86_64-linux-gnu/ivl/va_math.vpi";
S_0x5628d036e490 .scope module, "tb" "tb" 2 24;
 .timescale 0 0;
v0x5628d03bc2b0_0 .var "clk", 0 0;
v0x5628d03bc3a0_0 .var "d", 0 0;
v0x5628d03bc4b0_0 .net "q", 0 0, L_0x5628d03bc5f0;  1 drivers
S_0x5628d036e620 .scope module, "dut" "latch" 2 28, 2 12 0, S_0x5628d036e490;
 .timescale 0 0;
    .port_info 0 /INPUT 1 "d";
    .port_info 1 /INPUT 1 "clk";
    .port_info 2 /OUTPUT 1 "q";
L_0x5628d03bc5f0 .functor BUFZ 1, L_0x5628d03bc550, C4<0>, C4<0>, C4<0>;
v0x5628d03bbf20_0 .net "clk", 0 0, v0x5628d03bc2b0_0;  1 drivers
v0x5628d03bbfe0_0 .net "d", 0 0, v0x5628d03bc3a0_0;  1 drivers
v0x5628d03bc0b0_0 .net "q", 0 0, L_0x5628d03bc5f0;  alias, 1 drivers
v0x5628d03bc180_0 .net "q_t", 0 0, L_0x5628d03bc550;  1 drivers
S_0x5628d03a8950 .scope module, "m1" "mux" 2 16, 2 3 0, S_0x5628d036e620;
 .timescale 0 0;
    .port_info 0 /INPUT 1 "i0";
    .port_info 1 /INPUT 1 "i1";
    .port_info 2 /INPUT 1 "s";
    .port_info 3 /OUTPUT 1 "y";
v0x5628d0394220_0 .net "i0", 0 0, L_0x5628d03bc550;  alias, 1 drivers
v0x5628d03bbc90_0 .net "i1", 0 0, v0x5628d03bc3a0_0;  alias, 1 drivers
v0x5628d03bbd50_0 .net "s", 0 0, v0x5628d03bc2b0_0;  alias, 1 drivers
v0x5628d03bbdf0_0 .net "y", 0 0, L_0x5628d03bc550;  alias, 1 drivers
L_0x5628d03bc550 .functor MUXZ 1, L_0x5628d03bc550, v0x5628d03bc3a0_0, v0x5628d03bc2b0_0, C4<>;
    .scope S_0x5628d036e490;
T_0 ;
    %delay 5, 0;
    %load/vec4 v0x5628d03bc2b0_0;
    %inv;
    %store/vec4 v0x5628d03bc2b0_0, 0, 1;
    %jmp T_0;
    .thread T_0;
    .scope S_0x5628d036e490;
T_1 ;
    %vpi_call 2 31 "$monitor", " d =%b   clk = %b   ::   q =%b  ", v0x5628d03bc3a0_0, v0x5628d03bc2b0_0, v0x5628d03bc4b0_0 {0 0 0};
    %end;
    .thread T_1;
    .scope S_0x5628d036e490;
T_2 ;
    %pushi/vec4 0, 0, 1;
    %store/vec4 v0x5628d03bc2b0_0, 0, 1;
    %pushi/vec4 1, 0, 1;
    %store/vec4 v0x5628d03bc3a0_0, 0, 1;
    %delay 6, 0;
    %pushi/vec4 0, 0, 1;
    %store/vec4 v0x5628d03bc3a0_0, 0, 1;
    %delay 7, 0;
    %pushi/vec4 1, 0, 1;
    %store/vec4 v0x5628d03bc3a0_0, 0, 1;
    %delay 4, 0;
    %pushi/vec4 1, 0, 1;
    %store/vec4 v0x5628d03bc3a0_0, 0, 1;
    %delay 3, 0;
    %pushi/vec4 0, 0, 1;
    %store/vec4 v0x5628d03bc3a0_0, 0, 1;
    %delay 50, 0;
    %vpi_call 2 40 "$finish" {0 0 0};
    %end;
    .thread T_2;
    .scope S_0x5628d036e490;
T_3 ;
    %vpi_call 2 46 "$dumpfile", "dump.vcd" {0 0 0};
    %vpi_call 2 47 "$dumpvars", 32'sb00000000000000000000000000000000, S_0x5628d036e490 {0 0 0};
    %end;
    .thread T_3;
# The file index is used to find the file name in the following table.
:file_names 3;
    "N/A";
    "<interactive>";
    "dff.v";
