#! /usr/bin/vvp
:ivl_version "12.0 (stable)";
:ivl_delay_selection "TYPICAL";
:vpi_time_precision + 0;
:vpi_module "/usr/lib/x86_64-linux-gnu/ivl/system.vpi";
:vpi_module "/usr/lib/x86_64-linux-gnu/ivl/vhdl_sys.vpi";
:vpi_module "/usr/lib/x86_64-linux-gnu/ivl/vhdl_textio.vpi";
:vpi_module "/usr/lib/x86_64-linux-gnu/ivl/v2005_math.vpi";
:vpi_module "/usr/lib/x86_64-linux-gnu/ivl/va_math.vpi";
S_0x598afdc9f5a0 .scope module, "tb" "tb" 2 1;
 .timescale 0 0;
v0x598afdc9f750_0 .var/i "a", 31 0;
E_0x598afdca0690 .event anyedge, v0x598afdc9f750_0;
    .scope S_0x598afdc9f5a0;
T_0 ;
    %wait E_0x598afdca0690;
    %load/vec4 v0x598afdc9f750_0;
    %addi 1, 0, 32;
    %store/vec4 v0x598afdc9f750_0, 0, 32;
    %vpi_call 2 6 "$display", "a = %0d", v0x598afdc9f750_0 {0 0 0};
    %jmp T_0;
    .thread T_0, $push;
# The file index is used to find the file name in the following table.
:file_names 3;
    "N/A";
    "<interactive>";
    "prgm1.v";
