#! /usr/bin/vvp
:ivl_version "12.0 (stable)";
:ivl_delay_selection "TYPICAL";
:vpi_time_precision + 0;
:vpi_module "/usr/lib/x86_64-linux-gnu/ivl/system.vpi";
:vpi_module "/usr/lib/x86_64-linux-gnu/ivl/vhdl_sys.vpi";
:vpi_module "/usr/lib/x86_64-linux-gnu/ivl/vhdl_textio.vpi";
:vpi_module "/usr/lib/x86_64-linux-gnu/ivl/v2005_math.vpi";
:vpi_module "/usr/lib/x86_64-linux-gnu/ivl/va_math.vpi";
S_0x5840b6373720 .scope module, "tb" "tb" 2 3;
 .timescale 0 0;
v0x5840b63899d0_0 .var "clk", 0 0;
v0x5840b6389a90_0 .var "in_seq", 0 0;
v0x5840b6389b60_0 .net "out", 0 0, v0x5840b63896a0_0;  1 drivers
v0x5840b6389c60_0 .var "rst", 0 0;
S_0x5840b63738b0 .scope module, "dut" "mealy" 2 6, 3 3 0, S_0x5840b6373720;
 .timescale 0 0;
    .port_info 0 /INPUT 1 "in_seq";
    .port_info 1 /INPUT 1 "clk";
    .port_info 2 /INPUT 1 "rst";
    .port_info 3 /OUTPUT 1 "out";
P_0x5840b6373a40 .param/l "idle" 0 3 9, C4<00>;
P_0x5840b6373a80 .param/l "s1" 0 3 10, C4<01>;
P_0x5840b6373ac0 .param/l "s2" 0 3 11, C4<10>;
v0x5840b63365c0_0 .net "clk", 0 0, v0x5840b63899d0_0;  1 drivers
v0x5840b63894f0_0 .net "in_seq", 0 0, v0x5840b6389a90_0;  1 drivers
v0x5840b63895b0_0 .var "ns", 1 0;
v0x5840b63896a0_0 .var "out", 0 0;
v0x5840b6389760_0 .var "ps", 1 0;
v0x5840b6389890_0 .net "rst", 0 0, v0x5840b6389c60_0;  1 drivers
E_0x5840b636f700 .event anyedge, v0x5840b6389760_0, v0x5840b63894f0_0;
E_0x5840b636f580 .event posedge, v0x5840b63365c0_0;
    .scope S_0x5840b63738b0;
T_0 ;
    %wait E_0x5840b636f580;
    %load/vec4 v0x5840b6389890_0;
    %inv;
    %flag_set/vec4 8;
    %jmp/0xz  T_0.0, 8;
    %pushi/vec4 0, 0, 2;
    %assign/vec4 v0x5840b6389760_0, 0;
    %jmp T_0.1;
T_0.0 ;
    %load/vec4 v0x5840b63895b0_0;
    %assign/vec4 v0x5840b6389760_0, 0;
T_0.1 ;
    %jmp T_0;
    .thread T_0;
    .scope S_0x5840b63738b0;
T_1 ;
    %wait E_0x5840b636f700;
    %load/vec4 v0x5840b6389760_0;
    %dup/vec4;
    %pushi/vec4 0, 0, 2;
    %cmp/u;
    %jmp/1 T_1.0, 6;
    %dup/vec4;
    %pushi/vec4 1, 0, 2;
    %cmp/u;
    %jmp/1 T_1.1, 6;
    %dup/vec4;
    %pushi/vec4 2, 0, 2;
    %cmp/u;
    %jmp/1 T_1.2, 6;
    %jmp T_1.3;
T_1.0 ;
    %load/vec4 v0x5840b63894f0_0;
    %flag_set/vec4 8;
    %jmp/0xz  T_1.4, 8;
    %pushi/vec4 1, 0, 2;
    %store/vec4 v0x5840b63895b0_0, 0, 2;
    %pushi/vec4 0, 0, 1;
    %store/vec4 v0x5840b63896a0_0, 0, 1;
    %jmp T_1.5;
T_1.4 ;
    %pushi/vec4 0, 0, 2;
    %store/vec4 v0x5840b63895b0_0, 0, 2;
    %pushi/vec4 0, 0, 1;
    %store/vec4 v0x5840b63896a0_0, 0, 1;
T_1.5 ;
    %jmp T_1.3;
T_1.1 ;
    %load/vec4 v0x5840b63894f0_0;
    %flag_set/vec4 8;
    %jmp/0xz  T_1.6, 8;
    %pushi/vec4 1, 0, 2;
    %store/vec4 v0x5840b63895b0_0, 0, 2;
    %pushi/vec4 0, 0, 1;
    %store/vec4 v0x5840b63896a0_0, 0, 1;
    %jmp T_1.7;
T_1.6 ;
    %pushi/vec4 2, 0, 2;
    %store/vec4 v0x5840b63895b0_0, 0, 2;
    %pushi/vec4 0, 0, 1;
    %store/vec4 v0x5840b63896a0_0, 0, 1;
T_1.7 ;
    %jmp T_1.3;
T_1.2 ;
    %load/vec4 v0x5840b63894f0_0;
    %flag_set/vec4 8;
    %jmp/0xz  T_1.8, 8;
    %pushi/vec4 1, 0, 2;
    %store/vec4 v0x5840b63895b0_0, 0, 2;
    %pushi/vec4 1, 0, 1;
    %store/vec4 v0x5840b63896a0_0, 0, 1;
    %jmp T_1.9;
T_1.8 ;
    %pushi/vec4 0, 0, 2;
    %store/vec4 v0x5840b63895b0_0, 0, 2;
    %pushi/vec4 0, 0, 1;
    %store/vec4 v0x5840b63896a0_0, 0, 1;
T_1.9 ;
    %jmp T_1.3;
T_1.3 ;
    %pop/vec4 1;
    %jmp T_1;
    .thread T_1, $push;
    .scope S_0x5840b6373720;
T_2 ;
    %vpi_call 2 8 "$monitor", "time = %0t in_sequence = %b out = %b", $time, v0x5840b6389a90_0, v0x5840b6389b60_0 {0 0 0};
    %pushi/vec4 0, 0, 1;
    %store/vec4 v0x5840b63899d0_0, 0, 1;
    %pushi/vec4 0, 0, 1;
    %store/vec4 v0x5840b6389c60_0, 0, 1;
    %delay 12, 0;
    %pushi/vec4 1, 0, 1;
    %store/vec4 v0x5840b6389c60_0, 0, 1;
    %pushi/vec4 1, 0, 1;
    %store/vec4 v0x5840b6389a90_0, 0, 1;
    %delay 10, 0;
    %pushi/vec4 0, 0, 1;
    %store/vec4 v0x5840b6389a90_0, 0, 1;
    %delay 10, 0;
    %pushi/vec4 1, 0, 1;
    %store/vec4 v0x5840b6389a90_0, 0, 1;
    %delay 10, 0;
    %pushi/vec4 0, 0, 1;
    %store/vec4 v0x5840b6389a90_0, 0, 1;
    %delay 10, 0;
    %pushi/vec4 1, 0, 1;
    %store/vec4 v0x5840b6389a90_0, 0, 1;
    %delay 10, 0;
    %pushi/vec4 0, 0, 1;
    %store/vec4 v0x5840b6389a90_0, 0, 1;
    %delay 10, 0;
    %pushi/vec4 1, 0, 1;
    %store/vec4 v0x5840b6389a90_0, 0, 1;
    %delay 20, 0;
    %vpi_call 2 19 "$finish" {0 0 0};
    %end;
    .thread T_2;
    .scope S_0x5840b6373720;
T_3 ;
    %delay 5, 0;
    %load/vec4 v0x5840b63899d0_0;
    %inv;
    %store/vec4 v0x5840b63899d0_0, 0, 1;
    %jmp T_3;
    .thread T_3;
    .scope S_0x5840b6373720;
T_4 ;
    %vpi_call 2 23 "$dumpfile", "dump.vcd" {0 0 0};
    %vpi_call 2 24 "$dumpvars", 32'sb00000000000000000000000000000000, S_0x5840b6373720 {0 0 0};
    %end;
    .thread T_4;
# The file index is used to find the file name in the following table.
:file_names 4;
    "N/A";
    "<interactive>";
    "testbench.v";
    "./design.v";
