#! /usr/bin/vvp
:ivl_version "12.0 (stable)";
:ivl_delay_selection "TYPICAL";
:vpi_time_precision + 0;
:vpi_module "/usr/lib/x86_64-linux-gnu/ivl/system.vpi";
:vpi_module "/usr/lib/x86_64-linux-gnu/ivl/vhdl_sys.vpi";
:vpi_module "/usr/lib/x86_64-linux-gnu/ivl/vhdl_textio.vpi";
:vpi_module "/usr/lib/x86_64-linux-gnu/ivl/v2005_math.vpi";
:vpi_module "/usr/lib/x86_64-linux-gnu/ivl/va_math.vpi";
S_0x5b45cb768870 .scope module, "tb" "tb" 2 3;
 .timescale 0 0;
v0x5b45cb780fc0_0 .var "a", 3 0;
v0x5b45cb7810a0_0 .var "b", 3 0;
v0x5b45cb781170_0 .var "op", 2 0;
v0x5b45cb781270_0 .var "sym", 32 0;
v0x5b45cb781310_0 .net "y", 4 0, v0x5b45cb780e30_0;  1 drivers
S_0x5b45cb768a00 .scope begin, "$ivl_for_loop0" "$ivl_for_loop0" 2 11, 2 11 0, S_0x5b45cb768870;
 .timescale 0 0;
v0x5b45cb768be0_0 .var/i "i", 31 0;
S_0x5b45cb780900 .scope module, "dut" "alu" 2 8, 3 2 0, S_0x5b45cb768870;
 .timescale 0 0;
    .port_info 0 /INPUT 4 "a";
    .port_info 1 /INPUT 4 "b";
    .port_info 2 /INPUT 3 "op";
    .port_info 3 /OUTPUT 5 "y";
v0x5b45cb780b90_0 .net "a", 3 0, v0x5b45cb780fc0_0;  1 drivers
v0x5b45cb780c90_0 .net "b", 3 0, v0x5b45cb7810a0_0;  1 drivers
v0x5b45cb780d70_0 .net "op", 2 0, v0x5b45cb781170_0;  1 drivers
v0x5b45cb780e30_0 .var "y", 4 0;
E_0x5b45cb72ddc0 .event anyedge, v0x5b45cb780d70_0, v0x5b45cb780b90_0, v0x5b45cb780c90_0;
    .scope S_0x5b45cb780900;
T_0 ;
    %wait E_0x5b45cb72ddc0;
    %load/vec4 v0x5b45cb780d70_0;
    %dup/vec4;
    %pushi/vec4 0, 0, 3;
    %cmp/u;
    %jmp/1 T_0.0, 6;
    %dup/vec4;
    %pushi/vec4 1, 0, 3;
    %cmp/u;
    %jmp/1 T_0.1, 6;
    %dup/vec4;
    %pushi/vec4 2, 0, 3;
    %cmp/u;
    %jmp/1 T_0.2, 6;
    %dup/vec4;
    %pushi/vec4 3, 0, 3;
    %cmp/u;
    %jmp/1 T_0.3, 6;
    %dup/vec4;
    %pushi/vec4 4, 0, 3;
    %cmp/u;
    %jmp/1 T_0.4, 6;
    %dup/vec4;
    %pushi/vec4 5, 0, 3;
    %cmp/u;
    %jmp/1 T_0.5, 6;
    %dup/vec4;
    %pushi/vec4 6, 0, 3;
    %cmp/u;
    %jmp/1 T_0.6, 6;
    %dup/vec4;
    %pushi/vec4 7, 0, 3;
    %cmp/u;
    %jmp/1 T_0.7, 6;
    %jmp T_0.8;
T_0.0 ;
    %load/vec4 v0x5b45cb780b90_0;
    %pad/u 5;
    %load/vec4 v0x5b45cb780c90_0;
    %pad/u 5;
    %add;
    %store/vec4 v0x5b45cb780e30_0, 0, 5;
    %jmp T_0.8;
T_0.1 ;
    %load/vec4 v0x5b45cb780b90_0;
    %pad/u 5;
    %load/vec4 v0x5b45cb780c90_0;
    %pad/u 5;
    %sub;
    %store/vec4 v0x5b45cb780e30_0, 0, 5;
    %jmp T_0.8;
T_0.2 ;
    %load/vec4 v0x5b45cb780b90_0;
    %pad/u 5;
    %load/vec4 v0x5b45cb780c90_0;
    %pad/u 5;
    %mod;
    %store/vec4 v0x5b45cb780e30_0, 0, 5;
    %jmp T_0.8;
T_0.3 ;
    %load/vec4 v0x5b45cb780b90_0;
    %pad/u 5;
    %load/vec4 v0x5b45cb780c90_0;
    %pad/u 5;
    %mul;
    %store/vec4 v0x5b45cb780e30_0, 0, 5;
    %jmp T_0.8;
T_0.4 ;
    %load/vec4 v0x5b45cb780b90_0;
    %pad/u 5;
    %load/vec4 v0x5b45cb780c90_0;
    %pad/u 5;
    %and;
    %store/vec4 v0x5b45cb780e30_0, 0, 5;
    %jmp T_0.8;
T_0.5 ;
    %load/vec4 v0x5b45cb780b90_0;
    %pad/u 5;
    %load/vec4 v0x5b45cb780c90_0;
    %pad/u 5;
    %or;
    %store/vec4 v0x5b45cb780e30_0, 0, 5;
    %jmp T_0.8;
T_0.6 ;
    %load/vec4 v0x5b45cb780b90_0;
    %pad/u 5;
    %load/vec4 v0x5b45cb780c90_0;
    %pad/u 5;
    %xor;
    %store/vec4 v0x5b45cb780e30_0, 0, 5;
    %jmp T_0.8;
T_0.7 ;
    %load/vec4 v0x5b45cb780b90_0;
    %pad/u 5;
    %load/vec4 v0x5b45cb780c90_0;
    %pad/u 5;
    %xor;
    %inv;
    %store/vec4 v0x5b45cb780e30_0, 0, 5;
    %jmp T_0.8;
T_0.8 ;
    %pop/vec4 1;
    %jmp T_0;
    .thread T_0, $push;
    .scope S_0x5b45cb768870;
T_1 ;
    %pushi/vec4 10, 0, 4;
    %store/vec4 v0x5b45cb780fc0_0, 0, 4;
    %pushi/vec4 3, 0, 4;
    %store/vec4 v0x5b45cb7810a0_0, 0, 4;
    %end;
    .thread T_1;
    .scope S_0x5b45cb768870;
T_2 ;
    %vpi_call 2 10 "$monitor", " a = %b(%d)    %s      b =%b(%d)  op=%b   ::  y= %b (%d)", v0x5b45cb780fc0_0, v0x5b45cb780fc0_0, v0x5b45cb781270_0, v0x5b45cb7810a0_0, v0x5b45cb7810a0_0, v0x5b45cb781170_0, v0x5b45cb781310_0, v0x5b45cb781310_0 {0 0 0};
    %fork t_1, S_0x5b45cb768a00;
    %jmp t_0;
    .scope S_0x5b45cb768a00;
t_1 ;
    %pushi/vec4 0, 0, 32;
    %store/vec4 v0x5b45cb768be0_0, 0, 32;
T_2.0 ;
    %load/vec4 v0x5b45cb768be0_0;
    %cmpi/s 8, 0, 32;
    %jmp/0xz T_2.1, 5;
    %load/vec4 v0x5b45cb768be0_0;
    %pad/s 3;
    %store/vec4 v0x5b45cb781170_0, 0, 3;
    %load/vec4 v0x5b45cb768be0_0;
    %dup/vec4;
    %pushi/vec4 0, 0, 32;
    %cmp/u;
    %jmp/1 T_2.2, 6;
    %dup/vec4;
    %pushi/vec4 1, 0, 32;
    %cmp/u;
    %jmp/1 T_2.3, 6;
    %dup/vec4;
    %pushi/vec4 2, 0, 32;
    %cmp/u;
    %jmp/1 T_2.4, 6;
    %dup/vec4;
    %pushi/vec4 3, 0, 32;
    %cmp/u;
    %jmp/1 T_2.5, 6;
    %dup/vec4;
    %pushi/vec4 4, 0, 32;
    %cmp/u;
    %jmp/1 T_2.6, 6;
    %dup/vec4;
    %pushi/vec4 5, 0, 32;
    %cmp/u;
    %jmp/1 T_2.7, 6;
    %dup/vec4;
    %pushi/vec4 6, 0, 32;
    %cmp/u;
    %jmp/1 T_2.8, 6;
    %dup/vec4;
    %pushi/vec4 7, 0, 32;
    %cmp/u;
    %jmp/1 T_2.9, 6;
    %jmp T_2.10;
T_2.2 ;
    %pushi/vec4 43, 0, 33;
    %store/vec4 v0x5b45cb781270_0, 0, 33;
    %jmp T_2.10;
T_2.3 ;
    %pushi/vec4 45, 0, 33;
    %store/vec4 v0x5b45cb781270_0, 0, 33;
    %jmp T_2.10;
T_2.4 ;
    %pushi/vec4 37, 0, 33;
    %store/vec4 v0x5b45cb781270_0, 0, 33;
    %jmp T_2.10;
T_2.5 ;
    %pushi/vec4 42, 0, 33;
    %store/vec4 v0x5b45cb781270_0, 0, 33;
    %jmp T_2.10;
T_2.6 ;
    %pushi/vec4 38, 0, 33;
    %store/vec4 v0x5b45cb781270_0, 0, 33;
    %jmp T_2.10;
T_2.7 ;
    %pushi/vec4 124, 0, 33;
    %store/vec4 v0x5b45cb781270_0, 0, 33;
    %jmp T_2.10;
T_2.8 ;
    %pushi/vec4 94, 0, 33;
    %store/vec4 v0x5b45cb781270_0, 0, 33;
    %jmp T_2.10;
T_2.9 ;
    %pushi/vec4 32350, 0, 33;
    %store/vec4 v0x5b45cb781270_0, 0, 33;
    %jmp T_2.10;
T_2.10 ;
    %pop/vec4 1;
    %delay 5, 0;
    %load/vec4 v0x5b45cb768be0_0;
    %addi 1, 0, 32;
    %store/vec4 v0x5b45cb768be0_0, 0, 32;
    %jmp T_2.0;
T_2.1 ;
    %end;
    .scope S_0x5b45cb768870;
t_0 %join;
    %end;
    .thread T_2;
    .scope S_0x5b45cb768870;
T_3 ;
    %vpi_call 2 27 "$dumpfile", "dump.vcd" {0 0 0};
    %vpi_call 2 28 "$dumpvars", 32'sb00000000000000000000000000000000, S_0x5b45cb768870 {0 0 0};
    %end;
    .thread T_3;
# The file index is used to find the file name in the following table.
:file_names 4;
    "N/A";
    "<interactive>";
    "testbench.v";
    "./design.v";
