#! /usr/bin/vvp
:ivl_version "12.0 (stable)";
:ivl_delay_selection "TYPICAL";
:vpi_time_precision + 0;
:vpi_module "/usr/lib/x86_64-linux-gnu/ivl/system.vpi";
:vpi_module "/usr/lib/x86_64-linux-gnu/ivl/vhdl_sys.vpi";
:vpi_module "/usr/lib/x86_64-linux-gnu/ivl/vhdl_textio.vpi";
:vpi_module "/usr/lib/x86_64-linux-gnu/ivl/v2005_math.vpi";
:vpi_module "/usr/lib/x86_64-linux-gnu/ivl/va_math.vpi";
S_0x5fcd3ec3fd30 .scope module, "tb" "tb" 2 29;
 .timescale 0 0;
v0x5fcd3ec704f0_0 .var "i", 7 0;
v0x5fcd3ec705e0_0 .var/i "j", 31 0;
v0x5fcd3ec706a0_0 .var "sel", 2 0;
v0x5fcd3ec707a0_0 .net "y", 0 0, L_0x5fcd3ec72190;  1 drivers
S_0x5fcd3ec46650 .scope module, "dut" "mux8_1" 2 34, 2 8 0, S_0x5fcd3ec3fd30;
 .timescale 0 0;
    .port_info 0 /INPUT 8 "i";
    .port_info 1 /INPUT 3 "sel";
    .port_info 2 /OUTPUT 1 "y";
v0x5fcd3ec70020_0 .net "i", 7 0, v0x5fcd3ec704f0_0;  1 drivers
v0x5fcd3ec70120_0 .net "sel", 2 0, v0x5fcd3ec706a0_0;  1 drivers
v0x5fcd3ec70200_0 .net "w1", 3 0, L_0x5fcd3ec718b0;  1 drivers
v0x5fcd3ec702c0_0 .net "w2", 1 0, L_0x5fcd3ec72320;  1 drivers
v0x5fcd3ec703a0_0 .net "y", 0 0, L_0x5fcd3ec72190;  alias, 1 drivers
L_0x5fcd3ec709c0 .part v0x5fcd3ec704f0_0, 0, 1;
L_0x5fcd3ec70b00 .part v0x5fcd3ec704f0_0, 1, 1;
L_0x5fcd3ec70bf0 .part v0x5fcd3ec706a0_0, 0, 1;
L_0x5fcd3ec70dd0 .part v0x5fcd3ec704f0_0, 2, 1;
L_0x5fcd3ec70ef0 .part v0x5fcd3ec704f0_0, 3, 1;
L_0x5fcd3ec70f90 .part v0x5fcd3ec706a0_0, 0, 1;
L_0x5fcd3ec71160 .part v0x5fcd3ec704f0_0, 4, 1;
L_0x5fcd3ec71250 .part v0x5fcd3ec704f0_0, 5, 1;
L_0x5fcd3ec71390 .part v0x5fcd3ec706a0_0, 0, 1;
L_0x5fcd3ec715b0 .part v0x5fcd3ec704f0_0, 6, 1;
L_0x5fcd3ec716b0 .part v0x5fcd3ec704f0_0, 7, 1;
L_0x5fcd3ec71750 .part v0x5fcd3ec706a0_0, 0, 1;
L_0x5fcd3ec718b0 .concat8 [ 1 1 1 1], L_0x5fcd3ec70890, L_0x5fcd3ec70d30, L_0x5fcd3ec710c0, L_0x5fcd3ec71510;
L_0x5fcd3ec71b30 .part L_0x5fcd3ec718b0, 0, 1;
L_0x5fcd3ec71cf0 .part L_0x5fcd3ec718b0, 1, 1;
L_0x5fcd3ec71de0 .part v0x5fcd3ec706a0_0, 1, 1;
L_0x5fcd3ec72000 .part L_0x5fcd3ec718b0, 2, 1;
L_0x5fcd3ec720f0 .part L_0x5fcd3ec718b0, 3, 1;
L_0x5fcd3ec72230 .part v0x5fcd3ec706a0_0, 1, 1;
L_0x5fcd3ec72320 .concat8 [ 1 1 0 0], L_0x5fcd3ec71a90, L_0x5fcd3ec71f60;
L_0x5fcd3ec72510 .part L_0x5fcd3ec72320, 0, 1;
L_0x5fcd3ec72650 .part L_0x5fcd3ec72320, 1, 1;
L_0x5fcd3ec72800 .part v0x5fcd3ec706a0_0, 2, 1;
S_0x5fcd3ec43f60 .scope module, "m0" "mux" 2 15, 2 1 0, S_0x5fcd3ec46650;
 .timescale 0 0;
    .port_info 0 /INPUT 1 "i0";
    .port_info 1 /INPUT 1 "i1";
    .port_info 2 /INPUT 1 "s";
    .port_info 3 /OUTPUT 1 "y";
v0x5fcd3ec52700_0 .net "i0", 0 0, L_0x5fcd3ec709c0;  1 drivers
v0x5fcd3ec6d890_0 .net "i1", 0 0, L_0x5fcd3ec70b00;  1 drivers
v0x5fcd3ec6d950_0 .net "s", 0 0, L_0x5fcd3ec70bf0;  1 drivers
v0x5fcd3ec6d9f0_0 .net "y", 0 0, L_0x5fcd3ec70890;  1 drivers
L_0x5fcd3ec70890 .functor MUXZ 1, L_0x5fcd3ec709c0, L_0x5fcd3ec70b00, L_0x5fcd3ec70bf0, C4<>;
S_0x5fcd3ec6db30 .scope module, "m1" "mux" 2 16, 2 1 0, S_0x5fcd3ec46650;
 .timescale 0 0;
    .port_info 0 /INPUT 1 "i0";
    .port_info 1 /INPUT 1 "i1";
    .port_info 2 /INPUT 1 "s";
    .port_info 3 /OUTPUT 1 "y";
v0x5fcd3ec6dda0_0 .net "i0", 0 0, L_0x5fcd3ec70dd0;  1 drivers
v0x5fcd3ec6de60_0 .net "i1", 0 0, L_0x5fcd3ec70ef0;  1 drivers
v0x5fcd3ec6df20_0 .net "s", 0 0, L_0x5fcd3ec70f90;  1 drivers
v0x5fcd3ec6dfc0_0 .net "y", 0 0, L_0x5fcd3ec70d30;  1 drivers
L_0x5fcd3ec70d30 .functor MUXZ 1, L_0x5fcd3ec70dd0, L_0x5fcd3ec70ef0, L_0x5fcd3ec70f90, C4<>;
S_0x5fcd3ec6e100 .scope module, "m2" "mux" 2 17, 2 1 0, S_0x5fcd3ec46650;
 .timescale 0 0;
    .port_info 0 /INPUT 1 "i0";
    .port_info 1 /INPUT 1 "i1";
    .port_info 2 /INPUT 1 "s";
    .port_info 3 /OUTPUT 1 "y";
v0x5fcd3ec6e380_0 .net "i0", 0 0, L_0x5fcd3ec71160;  1 drivers
v0x5fcd3ec6e440_0 .net "i1", 0 0, L_0x5fcd3ec71250;  1 drivers
v0x5fcd3ec6e500_0 .net "s", 0 0, L_0x5fcd3ec71390;  1 drivers
v0x5fcd3ec6e5d0_0 .net "y", 0 0, L_0x5fcd3ec710c0;  1 drivers
L_0x5fcd3ec710c0 .functor MUXZ 1, L_0x5fcd3ec71160, L_0x5fcd3ec71250, L_0x5fcd3ec71390, C4<>;
S_0x5fcd3ec6e740 .scope module, "m3" "mux" 2 18, 2 1 0, S_0x5fcd3ec46650;
 .timescale 0 0;
    .port_info 0 /INPUT 1 "i0";
    .port_info 1 /INPUT 1 "i1";
    .port_info 2 /INPUT 1 "s";
    .port_info 3 /OUTPUT 1 "y";
v0x5fcd3ec6e990_0 .net "i0", 0 0, L_0x5fcd3ec715b0;  1 drivers
v0x5fcd3ec6ea70_0 .net "i1", 0 0, L_0x5fcd3ec716b0;  1 drivers
v0x5fcd3ec6eb30_0 .net "s", 0 0, L_0x5fcd3ec71750;  1 drivers
v0x5fcd3ec6ec00_0 .net "y", 0 0, L_0x5fcd3ec71510;  1 drivers
L_0x5fcd3ec71510 .functor MUXZ 1, L_0x5fcd3ec715b0, L_0x5fcd3ec716b0, L_0x5fcd3ec71750, C4<>;
S_0x5fcd3ec6ed70 .scope module, "m4" "mux" 2 20, 2 1 0, S_0x5fcd3ec46650;
 .timescale 0 0;
    .port_info 0 /INPUT 1 "i0";
    .port_info 1 /INPUT 1 "i1";
    .port_info 2 /INPUT 1 "s";
    .port_info 3 /OUTPUT 1 "y";
v0x5fcd3ec6f010_0 .net "i0", 0 0, L_0x5fcd3ec71b30;  1 drivers
v0x5fcd3ec6f0f0_0 .net "i1", 0 0, L_0x5fcd3ec71cf0;  1 drivers
v0x5fcd3ec6f1b0_0 .net "s", 0 0, L_0x5fcd3ec71de0;  1 drivers
v0x5fcd3ec6f250_0 .net "y", 0 0, L_0x5fcd3ec71a90;  1 drivers
L_0x5fcd3ec71a90 .functor MUXZ 1, L_0x5fcd3ec71b30, L_0x5fcd3ec71cf0, L_0x5fcd3ec71de0, C4<>;
S_0x5fcd3ec6f3c0 .scope module, "m5" "mux" 2 21, 2 1 0, S_0x5fcd3ec46650;
 .timescale 0 0;
    .port_info 0 /INPUT 1 "i0";
    .port_info 1 /INPUT 1 "i1";
    .port_info 2 /INPUT 1 "s";
    .port_info 3 /OUTPUT 1 "y";
v0x5fcd3ec6f610_0 .net "i0", 0 0, L_0x5fcd3ec72000;  1 drivers
v0x5fcd3ec6f6f0_0 .net "i1", 0 0, L_0x5fcd3ec720f0;  1 drivers
v0x5fcd3ec6f7b0_0 .net "s", 0 0, L_0x5fcd3ec72230;  1 drivers
v0x5fcd3ec6f880_0 .net "y", 0 0, L_0x5fcd3ec71f60;  1 drivers
L_0x5fcd3ec71f60 .functor MUXZ 1, L_0x5fcd3ec72000, L_0x5fcd3ec720f0, L_0x5fcd3ec72230, C4<>;
S_0x5fcd3ec6f9f0 .scope module, "m6" "mux" 2 23, 2 1 0, S_0x5fcd3ec46650;
 .timescale 0 0;
    .port_info 0 /INPUT 1 "i0";
    .port_info 1 /INPUT 1 "i1";
    .port_info 2 /INPUT 1 "s";
    .port_info 3 /OUTPUT 1 "y";
v0x5fcd3ec6fc40_0 .net "i0", 0 0, L_0x5fcd3ec72510;  1 drivers
v0x5fcd3ec6fd20_0 .net "i1", 0 0, L_0x5fcd3ec72650;  1 drivers
v0x5fcd3ec6fde0_0 .net "s", 0 0, L_0x5fcd3ec72800;  1 drivers
v0x5fcd3ec6feb0_0 .net "y", 0 0, L_0x5fcd3ec72190;  alias, 1 drivers
L_0x5fcd3ec72190 .functor MUXZ 1, L_0x5fcd3ec72510, L_0x5fcd3ec72650, L_0x5fcd3ec72800, C4<>;
    .scope S_0x5fcd3ec3fd30;
T_0 ;
    %pushi/vec4 170, 0, 8;
    %store/vec4 v0x5fcd3ec704f0_0, 0, 8;
    %pushi/vec4 0, 0, 32;
    %store/vec4 v0x5fcd3ec705e0_0, 0, 32;
T_0.0 ;
    %load/vec4 v0x5fcd3ec705e0_0;
    %cmpi/s 8, 0, 32;
    %jmp/0xz T_0.1, 5;
    %delay 5, 0;
    %load/vec4 v0x5fcd3ec705e0_0;
    %pad/s 3;
    %store/vec4 v0x5fcd3ec706a0_0, 0, 3;
    %load/vec4 v0x5fcd3ec705e0_0;
    %addi 1, 0, 32;
    %store/vec4 v0x5fcd3ec705e0_0, 0, 32;
    %jmp T_0.0;
T_0.1 ;
    %end;
    .thread T_0;
    .scope S_0x5fcd3ec3fd30;
T_1 ;
    %vpi_call 2 40 "$monitor", "sel = %0d -> y = %b", v0x5fcd3ec706a0_0, v0x5fcd3ec707a0_0 {0 0 0};
    %end;
    .thread T_1;
    .scope S_0x5fcd3ec3fd30;
T_2 ;
    %vpi_call 2 42 "$dumpfile", "dump.vcd" {0 0 0};
    %vpi_call 2 43 "$dumpvars", 32'sb00000000000000000000000000000000, S_0x5fcd3ec3fd30 {0 0 0};
    %end;
    .thread T_2;
# The file index is used to find the file name in the following table.
:file_names 3;
    "N/A";
    "<interactive>";
    "mux.v";
