#! /usr/bin/vvp
:ivl_version "12.0 (stable)";
:ivl_delay_selection "TYPICAL";
:vpi_time_precision + 0;
:vpi_module "/usr/lib/x86_64-linux-gnu/ivl/system.vpi";
:vpi_module "/usr/lib/x86_64-linux-gnu/ivl/vhdl_sys.vpi";
:vpi_module "/usr/lib/x86_64-linux-gnu/ivl/vhdl_textio.vpi";
:vpi_module "/usr/lib/x86_64-linux-gnu/ivl/v2005_math.vpi";
:vpi_module "/usr/lib/x86_64-linux-gnu/ivl/va_math.vpi";
S_0x5637678e5060 .scope module, "tb" "tb" 2 42;
 .timescale 0 0;
v0x563767901fa0_0 .var "clk", 0 0;
v0x563767902040_0 .var "d_in", 7 0;
v0x5637679020e0_0 .net "d_out", 7 0, v0x5637679013f0_0;  1 drivers
v0x5637679021b0_0 .net "empty", 0 0, L_0x5637679025e0;  1 drivers
v0x563767902280_0 .net "full", 0 0, L_0x563767902ab0;  1 drivers
v0x563767902370_0 .var "rd_en", 0 0;
v0x563767902440_0 .var "rst", 0 0;
v0x563767902510_0 .var "wr_en", 0 0;
S_0x5637678e51f0 .scope module, "dut" "fifo" 2 49, 2 2 0, S_0x5637678e5060;
 .timescale 0 0;
    .port_info 0 /INPUT 1 "clk";
    .port_info 1 /INPUT 1 "rst";
    .port_info 2 /INPUT 1 "wr_en";
    .port_info 3 /INPUT 1 "rd_en";
    .port_info 4 /INPUT 8 "d_in";
    .port_info 5 /OUTPUT 1 "full";
    .port_info 6 /OUTPUT 1 "empty";
    .port_info 7 /OUTPUT 8 "d_out";
L_0x5637678ced50 .functor NOT 1, L_0x563767902700, C4<0>, C4<0>, C4<0>;
v0x5637678ceeb0_0 .net *"_ivl_3", 0 0, L_0x563767902700;  1 drivers
v0x5637678ce870_0 .net *"_ivl_4", 0 0, L_0x5637678ced50;  1 drivers
v0x5637678d2920_0 .net *"_ivl_7", 3 0, L_0x563767902870;  1 drivers
v0x563767901120_0 .net *"_ivl_8", 4 0, L_0x563767902910;  1 drivers
v0x563767901200_0 .net "clk", 0 0, v0x563767901fa0_0;  1 drivers
v0x563767901310_0 .net "d_in", 7 0, v0x563767902040_0;  1 drivers
v0x5637679013f0_0 .var "d_out", 7 0;
v0x5637679014d0_0 .net "empty", 0 0, L_0x5637679025e0;  alias, 1 drivers
v0x563767901590_0 .net "full", 0 0, L_0x563767902ab0;  alias, 1 drivers
v0x563767901650 .array "mem", 0 15, 7 0;
v0x563767901710_0 .net "rd_en", 0 0, v0x563767902370_0;  1 drivers
v0x5637679017d0_0 .var "rd_ptr", 4 0;
v0x5637679018b0_0 .net "rst", 0 0, v0x563767902440_0;  1 drivers
v0x563767901970_0 .net "wr_en", 0 0, v0x563767902510_0;  1 drivers
v0x563767901a30_0 .var "wr_ptr", 4 0;
E_0x5637678a7b60 .event posedge, v0x563767901200_0;
L_0x5637679025e0 .cmp/eq 5, v0x563767901a30_0, v0x5637679017d0_0;
L_0x563767902700 .part v0x563767901a30_0, 4, 1;
L_0x563767902870 .part v0x563767901a30_0, 0, 4;
L_0x563767902910 .concat [ 4 1 0 0], L_0x563767902870, L_0x5637678ced50;
L_0x563767902ab0 .cmp/eq 5, L_0x563767902910, v0x5637679017d0_0;
S_0x563767901c10 .scope task, "pop" "pop" 2 70, 2 70 0, S_0x5637678e5060;
 .timescale 0 0;
TD_tb.pop ;
    %wait E_0x5637678a7b60;
    %load/vec4 v0x5637679021b0_0;
    %nor/r;
    %flag_set/vec4 8;
    %jmp/0xz  T_0.0, 8;
    %pushi/vec4 1, 0, 1;
    %store/vec4 v0x563767902370_0, 0, 1;
    %jmp T_0.1;
T_0.0 ;
    %pushi/vec4 0, 0, 1;
    %store/vec4 v0x563767902370_0, 0, 1;
T_0.1 ;
    %end;
S_0x563767901dc0 .scope task, "push" "push" 2 57, 2 57 0, S_0x5637678e5060;
 .timescale 0 0;
TD_tb.push ;
    %wait E_0x5637678a7b60;
    %load/vec4 v0x563767902280_0;
    %nor/r;
    %flag_set/vec4 8;
    %jmp/0xz  T_1.2, 8;
    %vpi_func 2 61 "$random" 32 {0 0 0};
    %pad/s 8;
    %store/vec4 v0x563767902040_0, 0, 8;
    %pushi/vec4 1, 0, 1;
    %store/vec4 v0x563767902510_0, 0, 1;
    %jmp T_1.3;
T_1.2 ;
    %pushi/vec4 0, 0, 1;
    %store/vec4 v0x563767902510_0, 0, 1;
T_1.3 ;
    %end;
    .scope S_0x5637678e51f0;
T_2 ;
    %wait E_0x5637678a7b60;
    %load/vec4 v0x5637679018b0_0;
    %nor/r;
    %flag_set/vec4 8;
    %jmp/0xz  T_2.0, 8;
    %pushi/vec4 0, 0, 5;
    %assign/vec4 v0x563767901a30_0, 0;
    %pushi/vec4 0, 0, 5;
    %assign/vec4 v0x5637679017d0_0, 0;
    %pushi/vec4 0, 0, 8;
    %assign/vec4 v0x5637679013f0_0, 0;
    %jmp T_2.1;
T_2.0 ;
    %load/vec4 v0x563767901970_0;
    %flag_set/vec4 9;
    %flag_get/vec4 9;
    %jmp/0 T_2.4, 9;
    %load/vec4 v0x563767901590_0;
    %nor/r;
    %and;
T_2.4;
    %flag_set/vec4 8;
    %jmp/0xz  T_2.2, 8;
    %load/vec4 v0x563767901310_0;
    %load/vec4 v0x563767901a30_0;
    %parti/s 4, 0, 2;
    %pad/u 6;
    %ix/vec4 3;
    %ix/load 4, 0, 0; Constant delay
    %assign/vec4/a/d v0x563767901650, 0, 4;
    %load/vec4 v0x563767901a30_0;
    %addi 1, 0, 5;
    %assign/vec4 v0x563767901a30_0, 0;
T_2.2 ;
T_2.1 ;
    %jmp T_2;
    .thread T_2;
    .scope S_0x5637678e51f0;
T_3 ;
    %wait E_0x5637678a7b60;
    %load/vec4 v0x5637679018b0_0;
    %nor/r;
    %flag_set/vec4 8;
    %jmp/0xz  T_3.0, 8;
    %pushi/vec4 0, 0, 8;
    %assign/vec4 v0x5637679013f0_0, 0;
    %jmp T_3.1;
T_3.0 ;
    %load/vec4 v0x563767901710_0;
    %flag_set/vec4 9;
    %flag_get/vec4 9;
    %jmp/0 T_3.4, 9;
    %load/vec4 v0x5637679014d0_0;
    %nor/r;
    %and;
T_3.4;
    %flag_set/vec4 8;
    %jmp/0xz  T_3.2, 8;
    %load/vec4 v0x5637679017d0_0;
    %parti/s 4, 0, 2;
    %pad/u 6;
    %ix/vec4 4;
    %load/vec4a v0x563767901650, 4;
    %assign/vec4 v0x5637679013f0_0, 0;
    %load/vec4 v0x5637679017d0_0;
    %addi 1, 0, 5;
    %assign/vec4 v0x5637679017d0_0, 0;
T_3.2 ;
T_3.1 ;
    %jmp T_3;
    .thread T_3;
    .scope S_0x5637678e5060;
T_4 ;
    %pushi/vec4 0, 0, 1;
    %store/vec4 v0x563767901fa0_0, 0, 1;
T_4.0 ;
    %delay 5, 0;
    %load/vec4 v0x563767901fa0_0;
    %inv;
    %store/vec4 v0x563767901fa0_0, 0, 1;
    %jmp T_4.0;
    %end;
    .thread T_4;
    .scope S_0x5637678e5060;
T_5 ;
    %pushi/vec4 0, 0, 1;
    %store/vec4 v0x563767902440_0, 0, 1;
    %pushi/vec4 0, 0, 1;
    %store/vec4 v0x563767902510_0, 0, 1;
    %pushi/vec4 0, 0, 1;
    %store/vec4 v0x563767902370_0, 0, 1;
    %pushi/vec4 0, 0, 8;
    %store/vec4 v0x563767902040_0, 0, 8;
    %delay 10, 0;
    %pushi/vec4 1, 0, 1;
    %store/vec4 v0x563767902440_0, 0, 1;
    %fork t_1, S_0x5637678e5060;
    %fork t_2, S_0x5637678e5060;
    %join;
    %join;
    %jmp t_0;
t_1 ;
    %pushi/vec4 30, 0, 32;
T_5.0 %dup/vec4;
    %pushi/vec4 0, 0, 32;
    %cmp/s;
    %jmp/1xz T_5.1, 5;
    %jmp/1 T_5.1, 4;
    %pushi/vec4 1, 0, 32;
    %sub;
    %fork TD_tb.push, S_0x563767901dc0;
    %join;
    %jmp T_5.0;
T_5.1 ;
    %pop/vec4 1;
    %pushi/vec4 0, 0, 1;
    %store/vec4 v0x563767902510_0, 0, 1;
    %end;
t_2 ;
    %delay 15, 0;
    %pushi/vec4 10, 0, 32;
T_5.2 %dup/vec4;
    %pushi/vec4 0, 0, 32;
    %cmp/s;
    %jmp/1xz T_5.3, 5;
    %jmp/1 T_5.3, 4;
    %pushi/vec4 1, 0, 32;
    %sub;
    %fork TD_tb.pop, S_0x563767901c10;
    %join;
    %jmp T_5.2;
T_5.3 ;
    %pop/vec4 1;
    %pushi/vec4 0, 0, 1;
    %store/vec4 v0x563767902370_0, 0, 1;
    %end;
    .scope S_0x5637678e5060;
t_0 ;
    %delay 20, 0;
    %vpi_call 2 101 "$finish" {0 0 0};
    %end;
    .thread T_5;
    .scope S_0x5637678e5060;
T_6 ;
    %vpi_call 2 105 "$dumpfile", "dump.vcd" {0 0 0};
    %vpi_call 2 106 "$dumpvars", 32'sb00000000000000000000000000000000, S_0x5637678e5060 {0 0 0};
    %end;
    .thread T_6;
# The file index is used to find the file name in the following table.
:file_names 3;
    "N/A";
    "<interactive>";
    "testbench.v";
