#! /usr/bin/vvp
:ivl_version "12.0 (stable)";
:ivl_delay_selection "TYPICAL";
:vpi_time_precision + 0;
:vpi_module "/usr/lib/x86_64-linux-gnu/ivl/system.vpi";
:vpi_module "/usr/lib/x86_64-linux-gnu/ivl/vhdl_sys.vpi";
:vpi_module "/usr/lib/x86_64-linux-gnu/ivl/vhdl_textio.vpi";
:vpi_module "/usr/lib/x86_64-linux-gnu/ivl/v2005_math.vpi";
:vpi_module "/usr/lib/x86_64-linux-gnu/ivl/va_math.vpi";
S_0x55fa9f08a490 .scope module, "tb" "tb" 2 17;
 .timescale 0 0;
v0x55fa9f0d7050_0 .var "clk", 0 0;
v0x55fa9f0d7110_0 .net "q", 0 0, v0x55fa9f0d6c70_0;  1 drivers
v0x55fa9f0d71e0_0 .var "rst", 0 0;
v0x55fa9f0d72e0_0 .var "t", 0 0;
S_0x55fa9f08a620 .scope module, "dut" "tff" 2 20, 2 2 0, S_0x55fa9f08a490;
 .timescale 0 0;
    .port_info 0 /INPUT 1 "t";
    .port_info 1 /INPUT 1 "clk";
    .port_info 2 /INPUT 1 "rst";
    .port_info 3 /OUTPUT 1 "q";
v0x55fa9f0c3f10_0 .net "clk", 0 0, v0x55fa9f0d7050_0;  1 drivers
v0x55fa9f0d6c70_0 .var "q", 0 0;
v0x55fa9f0d6d30_0 .net "rst", 0 0, v0x55fa9f0d71e0_0;  1 drivers
v0x55fa9f0d6e00_0 .net "t", 0 0, v0x55fa9f0d72e0_0;  1 drivers
v0x55fa9f0d6ec0_0 .var "temp", 0 0;
E_0x55fa9f0c4ab0 .event posedge, v0x55fa9f0c3f10_0;
    .scope S_0x55fa9f08a620;
T_0 ;
    %wait E_0x55fa9f0c4ab0;
    %load/vec4 v0x55fa9f0d6d30_0;
    %flag_set/vec4 8;
    %jmp/0xz  T_0.0, 8;
    %pushi/vec4 0, 0, 1;
    %assign/vec4 v0x55fa9f0d6ec0_0, 0;
    %jmp T_0.1;
T_0.0 ;
    %load/vec4 v0x55fa9f0d6e00_0;
    %flag_set/vec4 8;
    %jmp/0xz  T_0.2, 8;
    %load/vec4 v0x55fa9f0d6ec0_0;
    %inv;
    %assign/vec4 v0x55fa9f0d6ec0_0, 0;
T_0.2 ;
T_0.1 ;
    %load/vec4 v0x55fa9f0d6ec0_0;
    %assign/vec4 v0x55fa9f0d6c70_0, 0;
    %jmp T_0;
    .thread T_0;
    .scope S_0x55fa9f08a490;
T_1 ;
    %delay 5, 0;
    %load/vec4 v0x55fa9f0d7050_0;
    %inv;
    %store/vec4 v0x55fa9f0d7050_0, 0, 1;
    %jmp T_1;
    .thread T_1;
    .scope S_0x55fa9f08a490;
T_2 ;
    %vpi_call 2 23 "$monitor", "rst =%b  clk=%b  t =%b  ::  q=%b", v0x55fa9f0d71e0_0, v0x55fa9f0d7050_0, v0x55fa9f0d72e0_0, v0x55fa9f0d7110_0 {0 0 0};
    %pushi/vec4 0, 0, 1;
    %store/vec4 v0x55fa9f0d7050_0, 0, 1;
    %delay 5, 0;
    %pushi/vec4 1, 0, 1;
    %store/vec4 v0x55fa9f0d71e0_0, 0, 1;
    %delay 5, 0;
    %pushi/vec4 0, 0, 1;
    %store/vec4 v0x55fa9f0d71e0_0, 0, 1;
    %pushi/vec4 0, 0, 1;
    %store/vec4 v0x55fa9f0d72e0_0, 0, 1;
    %delay 5, 0;
    %pushi/vec4 1, 0, 1;
    %store/vec4 v0x55fa9f0d72e0_0, 0, 1;
    %delay 5, 0;
    %pushi/vec4 0, 0, 1;
    %store/vec4 v0x55fa9f0d72e0_0, 0, 1;
    %delay 5, 0;
    %pushi/vec4 1, 0, 1;
    %store/vec4 v0x55fa9f0d72e0_0, 0, 1;
    %delay 4, 0;
    %pushi/vec4 1, 0, 1;
    %store/vec4 v0x55fa9f0d72e0_0, 0, 1;
    %delay 20, 0;
    %vpi_call 2 31 "$finish" {0 0 0};
    %end;
    .thread T_2;
# The file index is used to find the file name in the following table.
:file_names 3;
    "N/A";
    "<interactive>";
    "tff.v";
