#! /usr/bin/vvp
:ivl_version "12.0 (stable)";
:ivl_delay_selection "TYPICAL";
:vpi_time_precision + 0;
:vpi_module "/usr/lib/x86_64-linux-gnu/ivl/system.vpi";
:vpi_module "/usr/lib/x86_64-linux-gnu/ivl/vhdl_sys.vpi";
:vpi_module "/usr/lib/x86_64-linux-gnu/ivl/vhdl_textio.vpi";
:vpi_module "/usr/lib/x86_64-linux-gnu/ivl/v2005_math.vpi";
:vpi_module "/usr/lib/x86_64-linux-gnu/ivl/va_math.vpi";
S_0x56265f493970 .scope module, "tb" "tb" 2 14;
 .timescale 0 0;
v0x56265f4a6350_0 .var "en", 0 0;
v0x56265f4a63f0_0 .var "i", 2 0;
v0x56265f4a64c0_0 .net "y", 7 0, v0x56265f4a6210_0;  1 drivers
S_0x56265f493b00 .scope begin, "$ivl_for_loop0" "$ivl_for_loop0" 2 21, 2 21 0, S_0x56265f493970;
 .timescale 0 0;
v0x56265f4945f0_0 .var/i "j", 31 0;
S_0x56265f4a5dc0 .scope module, "dut" "dec" 2 18, 2 3 0, S_0x56265f493970;
 .timescale 0 0;
    .port_info 0 /INPUT 3 "i";
    .port_info 1 /INPUT 1 "en";
    .port_info 2 /OUTPUT 8 "y";
v0x56265f4a6050_0 .net "en", 0 0, v0x56265f4a6350_0;  1 drivers
v0x56265f4a6130_0 .net "i", 2 0, v0x56265f4a63f0_0;  1 drivers
v0x56265f4a6210_0 .var "y", 7 0;
E_0x56265f45b050 .event anyedge, v0x56265f4a6050_0, v0x56265f4a6130_0;
    .scope S_0x56265f4a5dc0;
T_0 ;
    %wait E_0x56265f45b050;
    %load/vec4 v0x56265f4a6050_0;
    %flag_set/vec4 8;
    %jmp/0 T_0.0, 8;
    %pushi/vec4 1, 0, 8;
    %ix/getv 4, v0x56265f4a6130_0;
    %shiftl 4;
    %jmp/1 T_0.1, 8;
T_0.0 ; End of true expr.
    %pushi/vec4 0, 255, 8;
    %jmp/0 T_0.1, 8;
 ; End of false expr.
    %blend;
T_0.1;
    %store/vec4 v0x56265f4a6210_0, 0, 8;
    %jmp T_0;
    .thread T_0, $push;
    .scope S_0x56265f493970;
T_1 ;
    %vpi_call 2 20 "$monitor", "en = %b  ||   i = %b  :: y=%b ", v0x56265f4a6350_0, v0x56265f4a63f0_0, v0x56265f4a64c0_0 {0 0 0};
    %fork t_1, S_0x56265f493b00;
    %jmp t_0;
    .scope S_0x56265f493b00;
t_1 ;
    %pushi/vec4 0, 0, 32;
    %store/vec4 v0x56265f4945f0_0, 0, 32;
T_1.0 ;
    %load/vec4 v0x56265f4945f0_0;
    %cmpi/s 16, 0, 32;
    %jmp/0xz T_1.1, 5;
    %load/vec4 v0x56265f4945f0_0;
    %pad/s 4;
    %split/vec4 3;
    %store/vec4 v0x56265f4a63f0_0, 0, 3;
    %store/vec4 v0x56265f4a6350_0, 0, 1;
    %delay 5, 0;
    %load/vec4 v0x56265f4945f0_0;
    %addi 1, 0, 32;
    %store/vec4 v0x56265f4945f0_0, 0, 32;
    %jmp T_1.0;
T_1.1 ;
    %end;
    .scope S_0x56265f493970;
t_0 %join;
    %end;
    .thread T_1;
# The file index is used to find the file name in the following table.
:file_names 3;
    "N/A";
    "<interactive>";
    "dec.v";
