#! /usr/bin/vvp
:ivl_version "12.0 (stable)";
:ivl_delay_selection "TYPICAL";
:vpi_time_precision + 0;
:vpi_module "/usr/lib/x86_64-linux-gnu/ivl/system.vpi";
:vpi_module "/usr/lib/x86_64-linux-gnu/ivl/vhdl_sys.vpi";
:vpi_module "/usr/lib/x86_64-linux-gnu/ivl/vhdl_textio.vpi";
:vpi_module "/usr/lib/x86_64-linux-gnu/ivl/v2005_math.vpi";
:vpi_module "/usr/lib/x86_64-linux-gnu/ivl/va_math.vpi";
S_0x5e8178d2d180 .scope module, "jkff_fsm_tb" "jkff_fsm_tb" 2 2;
 .timescale 0 0;
v0x5e8178d43bb0_0 .var "clk", 0 0;
v0x5e8178d43c70_0 .var "j", 0 0;
v0x5e8178d43d30_0 .var "k", 0 0;
v0x5e8178d43e00_0 .net "q", 0 0, L_0x5e8178d444f0;  1 drivers
v0x5e8178d43ed0_0 .var "rst", 0 0;
S_0x5e8178d2d310 .scope module, "uut" "jkff_fsm" 2 12, 3 1 0, S_0x5e8178d2d180;
 .timescale 0 0;
    .port_info 0 /INPUT 1 "clk";
    .port_info 1 /INPUT 1 "j";
    .port_info 2 /INPUT 1 "k";
    .port_info 3 /INPUT 1 "rst";
    .port_info 4 /OUTPUT 1 "q";
L_0x5e8178d44010 .functor NOT 1, L_0x5e8178d444f0, C4<0>, C4<0>, C4<0>;
L_0x5e8178d440d0 .functor AND 1, v0x5e8178d43c70_0, L_0x5e8178d44010, C4<1>, C4<1>;
L_0x5e8178d441e0 .functor NOT 1, v0x5e8178d43d30_0, C4<0>, C4<0>, C4<0>;
L_0x5e8178d442a0 .functor AND 1, L_0x5e8178d441e0, L_0x5e8178d444f0, C4<1>, C4<1>;
L_0x5e8178d44390 .functor OR 1, L_0x5e8178d440d0, L_0x5e8178d442a0, C4<0>, C4<0>;
L_0x5e8178d444f0 .functor BUFZ 1, v0x5e8178d42fa0_0, C4<0>, C4<0>, C4<0>;
v0x5e8178d43240_0 .net "NS", 0 0, L_0x5e8178d44390;  1 drivers
v0x5e8178d43300_0 .net *"_ivl_0", 0 0, L_0x5e8178d44010;  1 drivers
v0x5e8178d433c0_0 .net *"_ivl_2", 0 0, L_0x5e8178d440d0;  1 drivers
v0x5e8178d434b0_0 .net *"_ivl_4", 0 0, L_0x5e8178d441e0;  1 drivers
v0x5e8178d43590_0 .net *"_ivl_6", 0 0, L_0x5e8178d442a0;  1 drivers
v0x5e8178d436c0_0 .net "clk", 0 0, v0x5e8178d43bb0_0;  1 drivers
v0x5e8178d43760_0 .net "j", 0 0, v0x5e8178d43c70_0;  1 drivers
v0x5e8178d43800_0 .net "k", 0 0, v0x5e8178d43d30_0;  1 drivers
v0x5e8178d438c0_0 .net "q", 0 0, L_0x5e8178d444f0;  alias, 1 drivers
v0x5e8178d43980_0 .net "rst", 0 0, v0x5e8178d43ed0_0;  1 drivers
v0x5e8178d43a50_0 .net "s", 0 0, v0x5e8178d42fa0_0;  1 drivers
S_0x5e8178d2b3f0 .scope module, "D0" "DFF" 3 6, 3 10 0, S_0x5e8178d2d310;
 .timescale 0 0;
    .port_info 0 /INPUT 1 "D";
    .port_info 1 /INPUT 1 "clk";
    .port_info 2 /INPUT 1 "reset";
    .port_info 3 /OUTPUT 1 "Q";
v0x5e8178d2b660_0 .net "D", 0 0, L_0x5e8178d44390;  alias, 1 drivers
v0x5e8178d42fa0_0 .var "Q", 0 0;
v0x5e8178d43060_0 .net "clk", 0 0, v0x5e8178d43bb0_0;  alias, 1 drivers
v0x5e8178d43100_0 .net "reset", 0 0, v0x5e8178d43ed0_0;  alias, 1 drivers
E_0x5e8178d2baa0 .event posedge, v0x5e8178d43100_0, v0x5e8178d43060_0;
    .scope S_0x5e8178d2b3f0;
T_0 ;
    %wait E_0x5e8178d2baa0;
    %load/vec4 v0x5e8178d43100_0;
    %flag_set/vec4 8;
    %jmp/0xz  T_0.0, 8;
    %pushi/vec4 0, 0, 1;
    %assign/vec4 v0x5e8178d42fa0_0, 0;
    %jmp T_0.1;
T_0.0 ;
    %load/vec4 v0x5e8178d2b660_0;
    %assign/vec4 v0x5e8178d42fa0_0, 0;
T_0.1 ;
    %jmp T_0;
    .thread T_0;
    .scope S_0x5e8178d2d180;
T_1 ;
    %delay 10, 0;
    %load/vec4 v0x5e8178d43bb0_0;
    %inv;
    %store/vec4 v0x5e8178d43bb0_0, 0, 1;
    %jmp T_1;
    .thread T_1;
    .scope S_0x5e8178d2d180;
T_2 ;
    %pushi/vec4 0, 0, 1;
    %store/vec4 v0x5e8178d43bb0_0, 0, 1;
    %pushi/vec4 0, 0, 1;
    %store/vec4 v0x5e8178d43ed0_0, 0, 1;
    %pushi/vec4 0, 0, 1;
    %store/vec4 v0x5e8178d43c70_0, 0, 1;
    %pushi/vec4 0, 0, 1;
    %store/vec4 v0x5e8178d43d30_0, 0, 1;
    %pushi/vec4 1, 0, 1;
    %store/vec4 v0x5e8178d43ed0_0, 0, 1;
    %delay 20, 0;
    %pushi/vec4 0, 0, 1;
    %store/vec4 v0x5e8178d43ed0_0, 0, 1;
    %pushi/vec4 0, 0, 1;
    %store/vec4 v0x5e8178d43c70_0, 0, 1;
    %pushi/vec4 0, 0, 1;
    %store/vec4 v0x5e8178d43d30_0, 0, 1;
    %delay 20, 0;
    %pushi/vec4 1, 0, 1;
    %store/vec4 v0x5e8178d43c70_0, 0, 1;
    %pushi/vec4 0, 0, 1;
    %store/vec4 v0x5e8178d43d30_0, 0, 1;
    %delay 20, 0;
    %pushi/vec4 0, 0, 1;
    %store/vec4 v0x5e8178d43c70_0, 0, 1;
    %pushi/vec4 1, 0, 1;
    %store/vec4 v0x5e8178d43d30_0, 0, 1;
    %delay 20, 0;
    %pushi/vec4 1, 0, 1;
    %store/vec4 v0x5e8178d43c70_0, 0, 1;
    %pushi/vec4 1, 0, 1;
    %store/vec4 v0x5e8178d43d30_0, 0, 1;
    %delay 20, 0;
    %pushi/vec4 1, 0, 1;
    %store/vec4 v0x5e8178d43ed0_0, 0, 1;
    %delay 20, 0;
    %pushi/vec4 0, 0, 1;
    %store/vec4 v0x5e8178d43ed0_0, 0, 1;
    %vpi_call 2 59 "$stop" {0 0 0};
    %end;
    .thread T_2;
# The file index is used to find the file name in the following table.
:file_names 4;
    "N/A";
    "<interactive>";
    "testbench.v";
    "./design.v";
