#! /usr/bin/vvp
:ivl_version "12.0 (stable)";
:ivl_delay_selection "TYPICAL";
:vpi_time_precision + 0;
:vpi_module "/usr/lib/x86_64-linux-gnu/ivl/system.vpi";
:vpi_module "/usr/lib/x86_64-linux-gnu/ivl/vhdl_sys.vpi";
:vpi_module "/usr/lib/x86_64-linux-gnu/ivl/vhdl_textio.vpi";
:vpi_module "/usr/lib/x86_64-linux-gnu/ivl/v2005_math.vpi";
:vpi_module "/usr/lib/x86_64-linux-gnu/ivl/va_math.vpi";
S_0x61fa8f5502b0 .scope module, "tb" "tb" 2 20;
 .timescale 0 0;
v0x61fa8f563080_0 .var "clk", 0 0;
v0x61fa8f563150_0 .net "count", 3 0, L_0x61fa8f563320;  1 drivers
v0x61fa8f563220_0 .var "rst", 0 0;
S_0x61fa8f550440 .scope module, "dut" "counter" 2 23, 2 3 0, S_0x61fa8f5502b0;
 .timescale 0 0;
    .port_info 0 /INPUT 1 "rst";
    .port_info 1 /INPUT 1 "clk";
    .port_info 2 /OUTPUT 4 "count";
L_0x61fa8f563320 .functor BUFZ 4, v0x61fa8f562f20_0, C4<0000>, C4<0000>, C4<0000>;
v0x61fa8f550670_0 .net "clk", 0 0, v0x61fa8f563080_0;  1 drivers
v0x61fa8f562da0_0 .net "count", 3 0, L_0x61fa8f563320;  alias, 1 drivers
v0x61fa8f562e80_0 .net "rst", 0 0, v0x61fa8f563220_0;  1 drivers
v0x61fa8f562f20_0 .var "temp", 3 0;
E_0x61fa8f516f50 .event posedge, v0x61fa8f550670_0;
    .scope S_0x61fa8f550440;
T_0 ;
    %wait E_0x61fa8f516f50;
    %load/vec4 v0x61fa8f562e80_0;
    %flag_set/vec4 8;
    %jmp/0xz  T_0.0, 8;
    %pushi/vec4 0, 0, 4;
    %assign/vec4 v0x61fa8f562f20_0, 0;
    %jmp T_0.1;
T_0.0 ;
    %load/vec4 v0x61fa8f562f20_0;
    %pad/u 32;
    %cmpi/e 9, 0, 32;
    %jmp/0xz  T_0.2, 4;
    %pushi/vec4 0, 0, 4;
    %assign/vec4 v0x61fa8f562f20_0, 0;
    %jmp T_0.3;
T_0.2 ;
    %load/vec4 v0x61fa8f562f20_0;
    %addi 1, 0, 4;
    %assign/vec4 v0x61fa8f562f20_0, 0;
T_0.3 ;
T_0.1 ;
    %jmp T_0;
    .thread T_0;
    .scope S_0x61fa8f5502b0;
T_1 ;
    %delay 5, 0;
    %load/vec4 v0x61fa8f563080_0;
    %inv;
    %store/vec4 v0x61fa8f563080_0, 0, 1;
    %jmp T_1;
    .thread T_1;
    .scope S_0x61fa8f5502b0;
T_2 ;
    %vpi_call 2 27 "$monitor", "Time = %0t  rst = %b  count=%d", $time, v0x61fa8f563220_0, v0x61fa8f563150_0 {0 0 0};
    %pushi/vec4 0, 0, 1;
    %store/vec4 v0x61fa8f563080_0, 0, 1;
    %pushi/vec4 1, 0, 1;
    %store/vec4 v0x61fa8f563220_0, 0, 1;
    %delay 13, 0;
    %pushi/vec4 0, 0, 1;
    %store/vec4 v0x61fa8f563220_0, 0, 1;
    %delay 400, 0;
    %vpi_call 2 31 "$finish" {0 0 0};
    %end;
    .thread T_2;
    .scope S_0x61fa8f5502b0;
T_3 ;
    %vpi_call 2 34 "$dumpfile", "dump.vcd" {0 0 0};
    %vpi_call 2 35 "$dumpvars", 32'sb00000000000000000000000000000000, S_0x61fa8f5502b0 {0 0 0};
    %end;
    .thread T_3;
# The file index is used to find the file name in the following table.
:file_names 3;
    "N/A";
    "<interactive>";
    "mod10.v";
