#! /usr/bin/vvp
:ivl_version "12.0 (stable)";
:ivl_delay_selection "TYPICAL";
:vpi_time_precision + 0;
:vpi_module "/usr/lib/x86_64-linux-gnu/ivl/system.vpi";
:vpi_module "/usr/lib/x86_64-linux-gnu/ivl/vhdl_sys.vpi";
:vpi_module "/usr/lib/x86_64-linux-gnu/ivl/vhdl_textio.vpi";
:vpi_module "/usr/lib/x86_64-linux-gnu/ivl/v2005_math.vpi";
:vpi_module "/usr/lib/x86_64-linux-gnu/ivl/va_math.vpi";
S_0x5823c4a6c1f0 .scope module, "tb" "tb" 2 19;
 .timescale 0 0;
v0x5823c4a7e320_0 .var "i", 1 0;
v0x5823c4a7e410_0 .net "y", 3 0, v0x5823c4a7e1e0_0;  1 drivers
S_0x5823c4a6c380 .scope begin, "$ivl_for_loop0" "$ivl_for_loop0" 2 25, 2 25 0, S_0x5823c4a6c1f0;
 .timescale 0 0;
v0x5823c4a6c560_0 .var/i "j", 31 0;
S_0x5823c4a7dea0 .scope module, "dut" "dec" 2 22, 2 3 0, S_0x5823c4a6c1f0;
 .timescale 0 0;
    .port_info 0 /INPUT 2 "i";
    .port_info 1 /OUTPUT 4 "y";
v0x5823c4a7e0e0_0 .net "i", 1 0, v0x5823c4a7e320_0;  1 drivers
v0x5823c4a7e1e0_0 .var "y", 3 0;
E_0x5823c4a32a30 .event anyedge, v0x5823c4a7e0e0_0;
    .scope S_0x5823c4a7dea0;
T_0 ;
    %wait E_0x5823c4a32a30;
    %load/vec4 v0x5823c4a7e0e0_0;
    %dup/vec4;
    %pushi/vec4 0, 0, 2;
    %cmp/u;
    %jmp/1 T_0.0, 6;
    %dup/vec4;
    %pushi/vec4 1, 0, 2;
    %cmp/u;
    %jmp/1 T_0.1, 6;
    %dup/vec4;
    %pushi/vec4 2, 0, 2;
    %cmp/u;
    %jmp/1 T_0.2, 6;
    %dup/vec4;
    %pushi/vec4 3, 0, 2;
    %cmp/u;
    %jmp/1 T_0.3, 6;
    %pushi/vec4 0, 15, 4;
    %store/vec4 v0x5823c4a7e1e0_0, 0, 4;
    %jmp T_0.5;
T_0.0 ;
    %pushi/vec4 1, 0, 4;
    %store/vec4 v0x5823c4a7e1e0_0, 0, 4;
    %jmp T_0.5;
T_0.1 ;
    %pushi/vec4 2, 0, 4;
    %store/vec4 v0x5823c4a7e1e0_0, 0, 4;
    %jmp T_0.5;
T_0.2 ;
    %pushi/vec4 4, 0, 4;
    %store/vec4 v0x5823c4a7e1e0_0, 0, 4;
    %jmp T_0.5;
T_0.3 ;
    %pushi/vec4 8, 0, 4;
    %store/vec4 v0x5823c4a7e1e0_0, 0, 4;
    %jmp T_0.5;
T_0.5 ;
    %pop/vec4 1;
    %jmp T_0;
    .thread T_0, $push;
    .scope S_0x5823c4a6c1f0;
T_1 ;
    %vpi_call 2 24 "$monitor", " i= %b  ::  y=%b", v0x5823c4a7e320_0, v0x5823c4a7e410_0 {0 0 0};
    %fork t_1, S_0x5823c4a6c380;
    %jmp t_0;
    .scope S_0x5823c4a6c380;
t_1 ;
    %pushi/vec4 0, 0, 32;
    %store/vec4 v0x5823c4a6c560_0, 0, 32;
T_1.0 ;
    %load/vec4 v0x5823c4a6c560_0;
    %cmpi/s 4, 0, 32;
    %jmp/0xz T_1.1, 5;
    %load/vec4 v0x5823c4a6c560_0;
    %pad/s 2;
    %store/vec4 v0x5823c4a7e320_0, 0, 2;
    %delay 5, 0;
    %load/vec4 v0x5823c4a6c560_0;
    %addi 1, 0, 32;
    %store/vec4 v0x5823c4a6c560_0, 0, 32;
    %jmp T_1.0;
T_1.1 ;
    %end;
    .scope S_0x5823c4a6c1f0;
t_0 %join;
    %end;
    .thread T_1;
# The file index is used to find the file name in the following table.
:file_names 3;
    "N/A";
    "<interactive>";
    "dec.v";
