#! /usr/bin/vvp
:ivl_version "12.0 (stable)";
:ivl_delay_selection "TYPICAL";
:vpi_time_precision + 0;
:vpi_module "/usr/lib/x86_64-linux-gnu/ivl/system.vpi";
:vpi_module "/usr/lib/x86_64-linux-gnu/ivl/vhdl_sys.vpi";
:vpi_module "/usr/lib/x86_64-linux-gnu/ivl/vhdl_textio.vpi";
:vpi_module "/usr/lib/x86_64-linux-gnu/ivl/v2005_math.vpi";
:vpi_module "/usr/lib/x86_64-linux-gnu/ivl/va_math.vpi";
S_0x6285312e55c0 .scope module, "tb" "tb" 2 2;
 .timescale 0 0;
v0x6285312e5750_0 .var/i "a", 31 0;
v0x62853132d4b0_0 .var/i "b", 31 0;
    .scope S_0x6285312e55c0;
T_0 ;
    %pushi/vec4 0, 0, 32;
    %store/vec4 v0x6285312e5750_0, 0, 32;
T_0.0 ;
    %load/vec4 v0x6285312e5750_0;
    %cmpi/s 5, 0, 32;
    %jmp/0xz T_0.1, 5;
    %pushi/vec4 5, 0, 32;
    %store/vec4 v0x62853132d4b0_0, 0, 32;
T_0.2 ;
    %load/vec4 v0x62853132d4b0_0;
    %cmpi/s 0, 0, 32;
    %flag_or 5, 4; GT is !LE
    %flag_inv 5;
    %jmp/0xz T_0.3, 5;
    %load/vec4 v0x62853132d4b0_0;
    %load/vec4 v0x6285312e5750_0;
    %cmp/s;
    %jmp/0xz  T_0.4, 5;
    %vpi_call 2 8 "$write", "%d", v0x62853132d4b0_0 {0 0 0};
    %jmp T_0.5;
T_0.4 ;
    %vpi_call 2 9 "$write", " " {0 0 0};
T_0.5 ;
    %load/vec4 v0x62853132d4b0_0;
    %subi 1, 0, 32;
    %store/vec4 v0x62853132d4b0_0, 0, 32;
    %jmp T_0.2;
T_0.3 ;
    %vpi_call 2 11 "$write", "\012" {0 0 0};
    %load/vec4 v0x6285312e5750_0;
    %addi 1, 0, 32;
    %store/vec4 v0x6285312e5750_0, 0, 32;
    %jmp T_0.0;
T_0.1 ;
    %end;
    .thread T_0;
# The file index is used to find the file name in the following table.
:file_names 3;
    "N/A";
    "<interactive>";
    "testbench.v";
