#! /usr/bin/vvp
:ivl_version "12.0 (stable)";
:ivl_delay_selection "TYPICAL";
:vpi_time_precision + 0;
:vpi_module "/usr/lib/x86_64-linux-gnu/ivl/system.vpi";
:vpi_module "/usr/lib/x86_64-linux-gnu/ivl/vhdl_sys.vpi";
:vpi_module "/usr/lib/x86_64-linux-gnu/ivl/vhdl_textio.vpi";
:vpi_module "/usr/lib/x86_64-linux-gnu/ivl/v2005_math.vpi";
:vpi_module "/usr/lib/x86_64-linux-gnu/ivl/va_math.vpi";
S_0x5b7ba5da3df0 .scope module, "tb" "tb" 2 16;
 .timescale 0 0;
v0x5b7ba5db66c0_0 .var "clk", 0 0;
v0x5b7ba5db6790_0 .net "q", 9 0, v0x5b7ba5db64c0_0;  1 drivers
v0x5b7ba5db6860_0 .var "reset", 0 0;
S_0x5b7ba5da3f80 .scope module, "uut" "ring_counter" 2 20, 2 1 0, S_0x5b7ba5da3df0;
 .timescale 0 0;
    .port_info 0 /INPUT 1 "clk";
    .port_info 1 /INPUT 1 "reset";
    .port_info 2 /OUTPUT 10 "q";
v0x5b7ba5d6a490_0 .net "clk", 0 0, v0x5b7ba5db66c0_0;  1 drivers
v0x5b7ba5db64c0_0 .var "q", 9 0;
v0x5b7ba5db65a0_0 .net "reset", 0 0, v0x5b7ba5db6860_0;  1 drivers
E_0x5b7ba5d6b6a0 .event posedge, v0x5b7ba5db65a0_0, v0x5b7ba5d6a490_0;
    .scope S_0x5b7ba5da3f80;
T_0 ;
    %wait E_0x5b7ba5d6b6a0;
    %load/vec4 v0x5b7ba5db65a0_0;
    %flag_set/vec4 8;
    %jmp/0xz  T_0.0, 8;
    %pushi/vec4 832, 0, 10;
    %assign/vec4 v0x5b7ba5db64c0_0, 0;
    %jmp T_0.1;
T_0.0 ;
    %load/vec4 v0x5b7ba5db64c0_0;
    %parti/s 1, 0, 2;
    %inv;
    %load/vec4 v0x5b7ba5db64c0_0;
    %parti/s 9, 1, 2;
    %concat/vec4; draw_concat_vec4
    %assign/vec4 v0x5b7ba5db64c0_0, 0;
T_0.1 ;
    %jmp T_0;
    .thread T_0;
    .scope S_0x5b7ba5da3df0;
T_1 ;
    %pushi/vec4 0, 0, 1;
    %store/vec4 v0x5b7ba5db66c0_0, 0, 1;
    %pushi/vec4 1, 0, 1;
    %store/vec4 v0x5b7ba5db6860_0, 0, 1;
    %delay 10, 0;
    %pushi/vec4 0, 0, 1;
    %store/vec4 v0x5b7ba5db6860_0, 0, 1;
    %delay 100, 0;
    %vpi_call 2 25 "$finish" {0 0 0};
    %end;
    .thread T_1;
    .scope S_0x5b7ba5da3df0;
T_2 ;
    %delay 5, 0;
    %load/vec4 v0x5b7ba5db66c0_0;
    %inv;
    %store/vec4 v0x5b7ba5db66c0_0, 0, 1;
    %jmp T_2;
    .thread T_2;
    .scope S_0x5b7ba5da3df0;
T_3 ;
    %vpi_call 2 31 "$monitor", "Time=%0t q=%b", $time, v0x5b7ba5db6790_0 {0 0 0};
    %end;
    .thread T_3;
    .scope S_0x5b7ba5da3df0;
T_4 ;
    %vpi_call 2 34 "$dumpfile", "dump.vcd" {0 0 0};
    %vpi_call 2 35 "$dumpvars", 32'sb00000000000000000000000000000000, S_0x5b7ba5da3df0 {0 0 0};
    %end;
    .thread T_4;
# The file index is used to find the file name in the following table.
:file_names 3;
    "N/A";
    "<interactive>";
    "testbench.v";
