#! /usr/bin/vvp
:ivl_version "12.0 (stable)";
:ivl_delay_selection "TYPICAL";
:vpi_time_precision + 0;
:vpi_module "/usr/lib/x86_64-linux-gnu/ivl/system.vpi";
:vpi_module "/usr/lib/x86_64-linux-gnu/ivl/vhdl_sys.vpi";
:vpi_module "/usr/lib/x86_64-linux-gnu/ivl/vhdl_textio.vpi";
:vpi_module "/usr/lib/x86_64-linux-gnu/ivl/v2005_math.vpi";
:vpi_module "/usr/lib/x86_64-linux-gnu/ivl/va_math.vpi";
S_0x5fa0da11c400 .scope module, "tb" "tb" 2 14;
 .timescale 0 0;
v0x5fa0da1314c0_0 .var "b", 3 0;
v0x5fa0da131580_0 .net "g", 3 0, L_0x5fa0da131c30;  1 drivers
S_0x5fa0da11c590 .scope begin, "$ivl_for_loop0" "$ivl_for_loop0" 2 20, 2 20 0, S_0x5fa0da11c400;
 .timescale 0 0;
v0x5fa0da109fd0_0 .var/i "i", 31 0;
S_0x5fa0da130790 .scope module, "dut" "grey" 2 17, 2 3 0, S_0x5fa0da11c400;
 .timescale 0 0;
    .port_info 0 /INPUT 4 "b";
    .port_info 1 /OUTPUT 4 "g";
L_0x5fa0da131890 .functor XOR 1, L_0x5fa0da131720, L_0x5fa0da1317c0, C4<0>, C4<0>;
L_0x5fa0da131af0 .functor XOR 1, L_0x5fa0da131980, L_0x5fa0da131a50, C4<0>, C4<0>;
L_0x5fa0da131fe0 .functor XOR 1, L_0x5fa0da131e50, L_0x5fa0da131ef0, C4<0>, C4<0>;
v0x5fa0da130990_0 .net *"_ivl_10", 0 0, L_0x5fa0da131890;  1 drivers
v0x5fa0da130a90_0 .net *"_ivl_15", 0 0, L_0x5fa0da131980;  1 drivers
v0x5fa0da130b70_0 .net *"_ivl_17", 0 0, L_0x5fa0da131a50;  1 drivers
v0x5fa0da130c30_0 .net *"_ivl_18", 0 0, L_0x5fa0da131af0;  1 drivers
v0x5fa0da130d10_0 .net *"_ivl_24", 0 0, L_0x5fa0da131e50;  1 drivers
v0x5fa0da130e40_0 .net *"_ivl_26", 0 0, L_0x5fa0da131ef0;  1 drivers
v0x5fa0da130f20_0 .net *"_ivl_27", 0 0, L_0x5fa0da131fe0;  1 drivers
v0x5fa0da131000_0 .net *"_ivl_3", 0 0, L_0x5fa0da131650;  1 drivers
v0x5fa0da1310e0_0 .net *"_ivl_7", 0 0, L_0x5fa0da131720;  1 drivers
v0x5fa0da1311c0_0 .net *"_ivl_9", 0 0, L_0x5fa0da1317c0;  1 drivers
v0x5fa0da1312a0_0 .net "b", 3 0, v0x5fa0da1314c0_0;  1 drivers
v0x5fa0da131380_0 .net "g", 3 0, L_0x5fa0da131c30;  alias, 1 drivers
L_0x5fa0da131650 .part v0x5fa0da1314c0_0, 3, 1;
L_0x5fa0da131720 .part v0x5fa0da1314c0_0, 3, 1;
L_0x5fa0da1317c0 .part v0x5fa0da1314c0_0, 2, 1;
L_0x5fa0da131980 .part v0x5fa0da1314c0_0, 2, 1;
L_0x5fa0da131a50 .part v0x5fa0da1314c0_0, 1, 1;
L_0x5fa0da131c30 .concat8 [ 1 1 1 1], L_0x5fa0da131fe0, L_0x5fa0da131af0, L_0x5fa0da131890, L_0x5fa0da131650;
L_0x5fa0da131e50 .part v0x5fa0da1314c0_0, 1, 1;
L_0x5fa0da131ef0 .part v0x5fa0da1314c0_0, 0, 1;
    .scope S_0x5fa0da11c400;
T_0 ;
    %vpi_call 2 19 "$monitor", "b = %b    ::  g = %b", v0x5fa0da1314c0_0, v0x5fa0da131580_0 {0 0 0};
    %fork t_1, S_0x5fa0da11c590;
    %jmp t_0;
    .scope S_0x5fa0da11c590;
t_1 ;
    %pushi/vec4 0, 0, 32;
    %store/vec4 v0x5fa0da109fd0_0, 0, 32;
T_0.0 ;
    %load/vec4 v0x5fa0da109fd0_0;
    %cmpi/s 16, 0, 32;
    %jmp/0xz T_0.1, 5;
    %load/vec4 v0x5fa0da109fd0_0;
    %pad/s 4;
    %store/vec4 v0x5fa0da1314c0_0, 0, 4;
    %delay 5, 0;
    %load/vec4 v0x5fa0da109fd0_0;
    %addi 1, 0, 32;
    %store/vec4 v0x5fa0da109fd0_0, 0, 32;
    %jmp T_0.0;
T_0.1 ;
    %end;
    .scope S_0x5fa0da11c400;
t_0 %join;
    %end;
    .thread T_0;
# The file index is used to find the file name in the following table.
:file_names 3;
    "N/A";
    "<interactive>";
    "grey.v";
