#! /usr/bin/vvp
:ivl_version "12.0 (stable)";
:ivl_delay_selection "TYPICAL";
:vpi_time_precision + 0;
:vpi_module "/usr/lib/x86_64-linux-gnu/ivl/system.vpi";
:vpi_module "/usr/lib/x86_64-linux-gnu/ivl/vhdl_sys.vpi";
:vpi_module "/usr/lib/x86_64-linux-gnu/ivl/vhdl_textio.vpi";
:vpi_module "/usr/lib/x86_64-linux-gnu/ivl/v2005_math.vpi";
:vpi_module "/usr/lib/x86_64-linux-gnu/ivl/va_math.vpi";
S_0x620ed34904f0 .scope module, "tb" "tb" 2 18;
 .timescale 0 0;
v0x620ed34da870_0 .var "clk", 0 0;
v0x620ed34da940_0 .net "q", 0 0, v0x620ed34da690_0;  1 drivers
v0x620ed34daa10_0 .var "t", 0 0;
S_0x620ed3490680 .scope module, "dut" "tff" 2 21, 2 3 0, S_0x620ed34904f0;
 .timescale 0 0;
    .port_info 0 /INPUT 1 "t";
    .port_info 1 /INPUT 1 "clk";
    .port_info 2 /OUTPUT 1 "q";
v0x620ed34c9990_0 .net "clk", 0 0, v0x620ed34da870_0;  1 drivers
v0x620ed34da690_0 .var "q", 0 0;
v0x620ed34da750_0 .net "t", 0 0, v0x620ed34daa10_0;  1 drivers
E_0x620ed34ca220 .event posedge, v0x620ed34c9990_0;
    .scope S_0x620ed3490680;
T_0 ;
    %wait E_0x620ed34ca220;
    %load/vec4 v0x620ed34da750_0;
    %dup/vec4;
    %pushi/vec4 0, 0, 1;
    %cmp/u;
    %jmp/1 T_0.0, 6;
    %dup/vec4;
    %pushi/vec4 1, 0, 1;
    %cmp/u;
    %jmp/1 T_0.1, 6;
    %jmp T_0.2;
T_0.0 ;
    %load/vec4 v0x620ed34da690_0;
    %assign/vec4 v0x620ed34da690_0, 0;
    %jmp T_0.2;
T_0.1 ;
    %load/vec4 v0x620ed34da690_0;
    %inv;
    %assign/vec4 v0x620ed34da690_0, 0;
    %jmp T_0.2;
T_0.2 ;
    %pop/vec4 1;
    %jmp T_0;
    .thread T_0;
    .scope S_0x620ed34904f0;
T_1 ;
    %delay 5, 0;
    %load/vec4 v0x620ed34da870_0;
    %inv;
    %store/vec4 v0x620ed34da870_0, 0, 1;
    %jmp T_1;
    .thread T_1;
    .scope S_0x620ed34904f0;
T_2 ;
    %pushi/vec4 0, 0, 1;
    %store/vec4 v0x620ed34da870_0, 0, 1;
    %pushi/vec4 0, 0, 1;
    %store/vec4 v0x620ed34daa10_0, 0, 1;
    %delay 5, 0;
    %pushi/vec4 1, 0, 1;
    %store/vec4 v0x620ed34daa10_0, 0, 1;
    %delay 10, 0;
    %vpi_call 2 27 "$finish" {0 0 0};
    %end;
    .thread T_2;
    .scope S_0x620ed34904f0;
T_3 ;
    %vpi_call 2 31 "$dumpfile", "dump.vcd" {0 0 0};
    %vpi_call 2 32 "$dumpvars", 32'sb00000000000000000000000000000000, S_0x620ed34904f0 {0 0 0};
    %end;
    .thread T_3;
# The file index is used to find the file name in the following table.
:file_names 3;
    "N/A";
    "<interactive>";
    "tff.v";
