#! /usr/bin/vvp
:ivl_version "12.0 (stable)";
:ivl_delay_selection "TYPICAL";
:vpi_time_precision + 0;
:vpi_module "/usr/lib/x86_64-linux-gnu/ivl/system.vpi";
:vpi_module "/usr/lib/x86_64-linux-gnu/ivl/vhdl_sys.vpi";
:vpi_module "/usr/lib/x86_64-linux-gnu/ivl/vhdl_textio.vpi";
:vpi_module "/usr/lib/x86_64-linux-gnu/ivl/v2005_math.vpi";
:vpi_module "/usr/lib/x86_64-linux-gnu/ivl/va_math.vpi";
S_0x64393a2ad570 .scope module, "fibonacci" "fibonacci" 2 1;
 .timescale 0 0;
P_0x64393a2ad700 .param/l "n" 0 2 1, +C4<00000000000000000000000000001100>;
v0x64393a2ad7a0 .array/i "a", 0 12, 31 0;
v0x64393a2ad840_0 .var/i "i", 31 0;
    .scope S_0x64393a2ad570;
T_0 ;
    %pushi/vec4 0, 0, 32;
    %ix/load 4, 0, 0;
    %flag_set/imm 4, 0;
    %store/vec4a v0x64393a2ad7a0, 4, 0;
    %pushi/vec4 1, 0, 32;
    %ix/load 4, 1, 0;
    %flag_set/imm 4, 0;
    %store/vec4a v0x64393a2ad7a0, 4, 0;
    %vpi_call 2 7 "$display", "the fibonacci sequence of %0d is ", P_0x64393a2ad700 {0 0 0};
    %vpi_call 2 8 "$write", "%0d\011 %0d\011", &A<v0x64393a2ad7a0, 0>, &A<v0x64393a2ad7a0, 1> {0 0 0};
    %pushi/vec4 2, 0, 32;
    %store/vec4 v0x64393a2ad840_0, 0, 32;
T_0.0 ;
    %load/vec4 v0x64393a2ad840_0;
    %cmpi/s 12, 0, 32;
    %flag_or 5, 4;
    %jmp/0xz T_0.1, 5;
    %load/vec4 v0x64393a2ad840_0;
    %subi 1, 0, 32;
    %ix/vec4/s 4;
    %load/vec4a v0x64393a2ad7a0, 4;
    %load/vec4 v0x64393a2ad840_0;
    %subi 2, 0, 32;
    %ix/vec4/s 4;
    %load/vec4a v0x64393a2ad7a0, 4;
    %add;
    %ix/getv/s 4, v0x64393a2ad840_0;
    %store/vec4a v0x64393a2ad7a0, 4, 0;
    %vpi_call 2 12 "$write", "%0d\011", &A<v0x64393a2ad7a0, v0x64393a2ad840_0 > {0 0 0};
    %load/vec4 v0x64393a2ad840_0;
    %addi 1, 0, 32;
    %store/vec4 v0x64393a2ad840_0, 0, 32;
    %jmp T_0.0;
T_0.1 ;
    %vpi_call 2 15 "$write", "\012" {0 0 0};
    %end;
    .thread T_0;
# The file index is used to find the file name in the following table.
:file_names 3;
    "N/A";
    "<interactive>";
    "testbench.v";
