#! /usr/bin/vvp
:ivl_version "12.0 (stable)";
:ivl_delay_selection "TYPICAL";
:vpi_time_precision + 0;
:vpi_module "/usr/lib/x86_64-linux-gnu/ivl/system.vpi";
:vpi_module "/usr/lib/x86_64-linux-gnu/ivl/vhdl_sys.vpi";
:vpi_module "/usr/lib/x86_64-linux-gnu/ivl/vhdl_textio.vpi";
:vpi_module "/usr/lib/x86_64-linux-gnu/ivl/v2005_math.vpi";
:vpi_module "/usr/lib/x86_64-linux-gnu/ivl/va_math.vpi";
S_0x5c6031512300 .scope module, "tb" "tb" 2 3;
 .timescale 0 0;
v0x5c60315273e0_0 .var "clk", 0 0;
v0x5c60315274a0_0 .var "rst", 0 0;
v0x5c6031527570_0 .var "s_in", 0 0;
v0x5c6031527670_0 .net "s_out", 0 0, L_0x5c6031527740;  1 drivers
S_0x5c6031512490 .scope module, "dut" "siso" 2 6, 3 3 0, S_0x5c6031512300;
 .timescale 0 0;
    .port_info 0 /INPUT 1 "clk";
    .port_info 1 /INPUT 1 "rst";
    .port_info 2 /INPUT 1 "s_in";
    .port_info 3 /OUTPUT 1 "s_out";
v0x5c60315126e0_0 .net "clk", 0 0, v0x5c60315273e0_0;  1 drivers
v0x5c6031526fe0_0 .net "rst", 0 0, v0x5c60315274a0_0;  1 drivers
v0x5c60315270a0_0 .net "s_in", 0 0, v0x5c6031527570_0;  1 drivers
v0x5c6031527170_0 .net "s_out", 0 0, L_0x5c6031527740;  alias, 1 drivers
v0x5c6031527230_0 .var "shift_register", 3 0;
E_0x5c60314d8e00 .event posedge, v0x5c6031526fe0_0, v0x5c60315126e0_0;
L_0x5c6031527740 .part v0x5c6031527230_0, 3, 1;
    .scope S_0x5c6031512490;
T_0 ;
    %wait E_0x5c60314d8e00;
    %load/vec4 v0x5c6031526fe0_0;
    %flag_set/vec4 8;
    %jmp/0xz  T_0.0, 8;
    %pushi/vec4 0, 0, 4;
    %assign/vec4 v0x5c6031527230_0, 0;
    %jmp T_0.1;
T_0.0 ;
    %load/vec4 v0x5c6031527230_0;
    %parti/s 3, 0, 2;
    %load/vec4 v0x5c60315270a0_0;
    %concat/vec4; draw_concat_vec4
    %assign/vec4 v0x5c6031527230_0, 0;
T_0.1 ;
    %jmp T_0;
    .thread T_0;
    .scope S_0x5c6031512300;
T_1 ;
    %delay 5, 0;
    %load/vec4 v0x5c60315273e0_0;
    %inv;
    %store/vec4 v0x5c60315273e0_0, 0, 1;
    %jmp T_1;
    .thread T_1;
    .scope S_0x5c6031512300;
T_2 ;
    %vpi_call 2 9 "$monitor", "Sim =%0t rst=%b s_in =%b  shift_register=%b  ::  s_out=%b", $time, v0x5c60315274a0_0, v0x5c6031527570_0, v0x5c6031527230_0, v0x5c6031527670_0 {0 0 0};
    %pushi/vec4 0, 0, 1;
    %store/vec4 v0x5c60315273e0_0, 0, 1;
    %pushi/vec4 1, 0, 1;
    %store/vec4 v0x5c60315274a0_0, 0, 1;
    %delay 10, 0;
    %pushi/vec4 0, 0, 1;
    %store/vec4 v0x5c60315274a0_0, 0, 1;
    %delay 5, 0;
    %pushi/vec4 1, 0, 1;
    %store/vec4 v0x5c6031527570_0, 0, 1;
    %delay 10, 0;
    %pushi/vec4 0, 0, 1;
    %store/vec4 v0x5c6031527570_0, 0, 1;
    %delay 10, 0;
    %pushi/vec4 1, 0, 1;
    %store/vec4 v0x5c6031527570_0, 0, 1;
    %delay 10, 0;
    %pushi/vec4 0, 0, 1;
    %store/vec4 v0x5c6031527570_0, 0, 1;
    %delay 10, 0;
    %pushi/vec4 1, 0, 1;
    %store/vec4 v0x5c6031527570_0, 0, 1;
    %delay 10, 0;
    %pushi/vec4 1, 0, 1;
    %store/vec4 v0x5c6031527570_0, 0, 1;
    %delay 10, 0;
    %pushi/vec4 0, 0, 1;
    %store/vec4 v0x5c6031527570_0, 0, 1;
    %delay 10, 0;
    %vpi_call 2 21 "$finish" {0 0 0};
    %end;
    .thread T_2;
    .scope S_0x5c6031512300;
T_3 ;
    %vpi_call 2 24 "$dumpfile", "dump.vcd" {0 0 0};
    %vpi_call 2 25 "$dumpvars", 32'sb00000000000000000000000000000000, S_0x5c6031512300 {0 0 0};
    %end;
    .thread T_3;
# The file index is used to find the file name in the following table.
:file_names 4;
    "N/A";
    "<interactive>";
    "testbench.v";
    "./design.v";
