#! /usr/bin/vvp
:ivl_version "12.0 (stable)";
:ivl_delay_selection "TYPICAL";
:vpi_time_precision + 0;
:vpi_module "/usr/lib/x86_64-linux-gnu/ivl/system.vpi";
:vpi_module "/usr/lib/x86_64-linux-gnu/ivl/vhdl_sys.vpi";
:vpi_module "/usr/lib/x86_64-linux-gnu/ivl/vhdl_textio.vpi";
:vpi_module "/usr/lib/x86_64-linux-gnu/ivl/v2005_math.vpi";
:vpi_module "/usr/lib/x86_64-linux-gnu/ivl/va_math.vpi";
S_0x64c3f3b6d5d0 .scope module, "test" "test" 2 13;
 .timescale 0 0;
v0x64c3f3b8b9b0_0 .var "i", 3 0;
v0x64c3f3b8ba70_0 .var "s", 1 0;
v0x64c3f3b8bb10_0 .net "y", 0 0, L_0x64c3f3b8d240;  1 drivers
S_0x64c3f3b6d760 .scope module, "dut" "mux_2" 2 19, 2 1 0, S_0x64c3f3b6d5d0;
 .timescale 0 0;
    .port_info 0 /INPUT 4 "i";
    .port_info 1 /INPUT 2 "s";
    .port_info 2 /OUTPUT 1 "y";
L_0x64c3f3b8bd40 .functor NOT 1, L_0x64c3f3b8bc50, C4<0>, C4<0>, C4<0>;
L_0x64c3f3b8be00 .functor AND 1, L_0x64c3f3b8bbb0, L_0x64c3f3b8bd40, C4<1>, C4<1>;
L_0x64c3f3b8bfb0 .functor NOT 1, L_0x64c3f3b8bf10, C4<0>, C4<0>, C4<0>;
L_0x64c3f3b8c070 .functor AND 1, L_0x64c3f3b8be00, L_0x64c3f3b8bfb0, C4<1>, C4<1>;
L_0x64c3f3b8c320 .functor NOT 1, L_0x64c3f3b8c280, C4<0>, C4<0>, C4<0>;
L_0x64c3f3b8c3c0 .functor AND 1, L_0x64c3f3b8c1b0, L_0x64c3f3b8c320, C4<1>, C4<1>;
L_0x64c3f3b8c5f0 .functor AND 1, L_0x64c3f3b8c3c0, L_0x64c3f3b8c510, C4<1>, C4<1>;
L_0x64c3f3b8c920 .functor NOT 1, L_0x64c3f3b8c830, C4<0>, C4<0>, C4<0>;
L_0x64c3f3b8c9e0 .functor AND 1, L_0x64c3f3b8c700, L_0x64c3f3b8c920, C4<1>, C4<1>;
L_0x64c3f3b8cb90 .functor AND 1, L_0x64c3f3b8c9e0, L_0x64c3f3b8caf0, C4<1>, C4<1>;
L_0x64c3f3b8cfb0 .functor AND 1, L_0x64c3f3b8cd00, L_0x64c3f3b8ce00, C4<1>, C4<1>;
L_0x64c3f3b8d130 .functor AND 1, L_0x64c3f3b8cfb0, L_0x64c3f3b8d020, C4<1>, C4<1>;
L_0x64c3f3b8d2b0 .functor OR 1, L_0x64c3f3b8c070, L_0x64c3f3b8c5f0, C4<0>, C4<0>;
L_0x64c3f3b8d3c0 .functor OR 1, L_0x64c3f3b8d2b0, L_0x64c3f3b8cb90, C4<0>, C4<0>;
L_0x64c3f3b8d240 .functor OR 1, L_0x64c3f3b8d3c0, L_0x64c3f3b8d130, C4<0>, C4<0>;
v0x64c3f3b6d990_0 .net *"_ivl_1", 0 0, L_0x64c3f3b8bbb0;  1 drivers
v0x64c3f3b8a120_0 .net *"_ivl_10", 0 0, L_0x64c3f3b8bfb0;  1 drivers
v0x64c3f3b8a200_0 .net *"_ivl_15", 0 0, L_0x64c3f3b8c1b0;  1 drivers
v0x64c3f3b8a2c0_0 .net *"_ivl_17", 0 0, L_0x64c3f3b8c280;  1 drivers
v0x64c3f3b8a3a0_0 .net *"_ivl_18", 0 0, L_0x64c3f3b8c320;  1 drivers
v0x64c3f3b8a4d0_0 .net *"_ivl_20", 0 0, L_0x64c3f3b8c3c0;  1 drivers
v0x64c3f3b8a5b0_0 .net *"_ivl_23", 0 0, L_0x64c3f3b8c510;  1 drivers
v0x64c3f3b8a690_0 .net *"_ivl_27", 0 0, L_0x64c3f3b8c700;  1 drivers
v0x64c3f3b8a770_0 .net *"_ivl_29", 0 0, L_0x64c3f3b8c830;  1 drivers
v0x64c3f3b8a850_0 .net *"_ivl_3", 0 0, L_0x64c3f3b8bc50;  1 drivers
v0x64c3f3b8a930_0 .net *"_ivl_30", 0 0, L_0x64c3f3b8c920;  1 drivers
v0x64c3f3b8aa10_0 .net *"_ivl_32", 0 0, L_0x64c3f3b8c9e0;  1 drivers
v0x64c3f3b8aaf0_0 .net *"_ivl_35", 0 0, L_0x64c3f3b8caf0;  1 drivers
v0x64c3f3b8abd0_0 .net *"_ivl_39", 0 0, L_0x64c3f3b8cd00;  1 drivers
v0x64c3f3b8acb0_0 .net *"_ivl_4", 0 0, L_0x64c3f3b8bd40;  1 drivers
v0x64c3f3b8ad90_0 .net *"_ivl_41", 0 0, L_0x64c3f3b8ce00;  1 drivers
v0x64c3f3b8ae70_0 .net *"_ivl_42", 0 0, L_0x64c3f3b8cfb0;  1 drivers
v0x64c3f3b8af50_0 .net *"_ivl_45", 0 0, L_0x64c3f3b8d020;  1 drivers
v0x64c3f3b8b030_0 .net *"_ivl_48", 0 0, L_0x64c3f3b8d2b0;  1 drivers
v0x64c3f3b8b110_0 .net *"_ivl_50", 0 0, L_0x64c3f3b8d3c0;  1 drivers
v0x64c3f3b8b1f0_0 .net *"_ivl_6", 0 0, L_0x64c3f3b8be00;  1 drivers
v0x64c3f3b8b2d0_0 .net *"_ivl_9", 0 0, L_0x64c3f3b8bf10;  1 drivers
v0x64c3f3b8b3b0_0 .net "i", 3 0, v0x64c3f3b8b9b0_0;  1 drivers
v0x64c3f3b8b490_0 .net "s", 1 0, v0x64c3f3b8ba70_0;  1 drivers
v0x64c3f3b8b570_0 .net "y", 0 0, L_0x64c3f3b8d240;  alias, 1 drivers
v0x64c3f3b8b630_0 .net "y1", 0 0, L_0x64c3f3b8c070;  1 drivers
v0x64c3f3b8b6f0_0 .net "y2", 0 0, L_0x64c3f3b8c5f0;  1 drivers
v0x64c3f3b8b7b0_0 .net "y3", 0 0, L_0x64c3f3b8cb90;  1 drivers
v0x64c3f3b8b870_0 .net "y4", 0 0, L_0x64c3f3b8d130;  1 drivers
L_0x64c3f3b8bbb0 .part v0x64c3f3b8b9b0_0, 0, 1;
L_0x64c3f3b8bc50 .part v0x64c3f3b8ba70_0, 1, 1;
L_0x64c3f3b8bf10 .part v0x64c3f3b8ba70_0, 0, 1;
L_0x64c3f3b8c1b0 .part v0x64c3f3b8b9b0_0, 1, 1;
L_0x64c3f3b8c280 .part v0x64c3f3b8ba70_0, 1, 1;
L_0x64c3f3b8c510 .part v0x64c3f3b8ba70_0, 0, 1;
L_0x64c3f3b8c700 .part v0x64c3f3b8b9b0_0, 2, 1;
L_0x64c3f3b8c830 .part v0x64c3f3b8ba70_0, 1, 1;
L_0x64c3f3b8caf0 .part v0x64c3f3b8ba70_0, 0, 1;
L_0x64c3f3b8cd00 .part v0x64c3f3b8b9b0_0, 3, 1;
L_0x64c3f3b8ce00 .part v0x64c3f3b8ba70_0, 1, 1;
L_0x64c3f3b8d020 .part v0x64c3f3b8ba70_0, 0, 1;
    .scope S_0x64c3f3b6d5d0;
T_0 ;
    %vpi_call 2 22 "$monitor", "Time = %0t  i=%b  s=%b y= %b", $time, v0x64c3f3b8b9b0_0, v0x64c3f3b8ba70_0, v0x64c3f3b8bb10_0 {0 0 0};
    %pushi/vec4 0, 0, 1;
    %ix/load 4, 3, 0;
    %flag_set/imm 4, 0;
    %store/vec4 v0x64c3f3b8b9b0_0, 4, 1;
    %pushi/vec4 1, 0, 1;
    %ix/load 4, 2, 0;
    %flag_set/imm 4, 0;
    %store/vec4 v0x64c3f3b8b9b0_0, 4, 1;
    %pushi/vec4 0, 0, 1;
    %ix/load 4, 1, 0;
    %flag_set/imm 4, 0;
    %store/vec4 v0x64c3f3b8b9b0_0, 4, 1;
    %pushi/vec4 0, 0, 1;
    %ix/load 4, 0, 0;
    %flag_set/imm 4, 0;
    %store/vec4 v0x64c3f3b8b9b0_0, 4, 1;
    %pushi/vec4 1, 0, 2;
    %store/vec4 v0x64c3f3b8ba70_0, 0, 2;
    %delay 10, 0;
    %pushi/vec4 1, 0, 1;
    %ix/load 4, 3, 0;
    %flag_set/imm 4, 0;
    %store/vec4 v0x64c3f3b8b9b0_0, 4, 1;
    %pushi/vec4 0, 0, 1;
    %ix/load 4, 2, 0;
    %flag_set/imm 4, 0;
    %store/vec4 v0x64c3f3b8b9b0_0, 4, 1;
    %pushi/vec4 0, 0, 1;
    %ix/load 4, 1, 0;
    %flag_set/imm 4, 0;
    %store/vec4 v0x64c3f3b8b9b0_0, 4, 1;
    %pushi/vec4 0, 0, 1;
    %ix/load 4, 0, 0;
    %flag_set/imm 4, 0;
    %store/vec4 v0x64c3f3b8b9b0_0, 4, 1;
    %pushi/vec4 3, 0, 2;
    %store/vec4 v0x64c3f3b8ba70_0, 0, 2;
    %delay 10, 0;
    %pushi/vec4 0, 0, 1;
    %ix/load 4, 3, 0;
    %flag_set/imm 4, 0;
    %store/vec4 v0x64c3f3b8b9b0_0, 4, 1;
    %pushi/vec4 0, 0, 1;
    %ix/load 4, 2, 0;
    %flag_set/imm 4, 0;
    %store/vec4 v0x64c3f3b8b9b0_0, 4, 1;
    %pushi/vec4 0, 0, 1;
    %ix/load 4, 1, 0;
    %flag_set/imm 4, 0;
    %store/vec4 v0x64c3f3b8b9b0_0, 4, 1;
    %pushi/vec4 1, 0, 1;
    %ix/load 4, 0, 0;
    %flag_set/imm 4, 0;
    %store/vec4 v0x64c3f3b8b9b0_0, 4, 1;
    %pushi/vec4 0, 0, 2;
    %store/vec4 v0x64c3f3b8ba70_0, 0, 2;
    %delay 10, 0;
    %vpi_call 2 27 "$finish" {0 0 0};
    %end;
    .thread T_0;
    .scope S_0x64c3f3b6d5d0;
T_1 ;
    %vpi_call 2 30 "$dumpfile", "dump.vcd" {0 0 0};
    %vpi_call 2 31 "$dumpvars", 32'sb00000000000000000000000000000000, S_0x64c3f3b6d5d0 {0 0 0};
    %end;
    .thread T_1;
# The file index is used to find the file name in the following table.
:file_names 3;
    "N/A";
    "<interactive>";
    "mux.v";
