#! /usr/bin/vvp
:ivl_version "12.0 (stable)";
:ivl_delay_selection "TYPICAL";
:vpi_time_precision + 0;
:vpi_module "/usr/lib/x86_64-linux-gnu/ivl/system.vpi";
:vpi_module "/usr/lib/x86_64-linux-gnu/ivl/vhdl_sys.vpi";
:vpi_module "/usr/lib/x86_64-linux-gnu/ivl/vhdl_textio.vpi";
:vpi_module "/usr/lib/x86_64-linux-gnu/ivl/v2005_math.vpi";
:vpi_module "/usr/lib/x86_64-linux-gnu/ivl/va_math.vpi";
S_0x64194a8292d0 .scope module, "tb" "tb" 2 1;
 .timescale 0 0;
v0x64194a803400 .array/i "a", 9 0, 31 0;
v0x64194a801730_0 .var/i "i", 31 0;
v0x64194a84fcd0_0 .var/i "j", 31 0;
v0x64194a84fd90_0 .var/i "temp", 31 0;
S_0x64194a801510 .scope begin, "loop" "loop" 2 9, 2 9 0, S_0x64194a8292d0;
 .timescale 0 0;
    .scope S_0x64194a8292d0;
T_0 ;
    %pushi/vec4 0, 0, 32;
    %store/vec4 v0x64194a801730_0, 0, 32;
T_0.0 ;
    %load/vec4 v0x64194a801730_0;
    %cmpi/ne 10, 0, 32;
    %jmp/0xz T_0.1, 4;
    %vpi_func 2 8 "$random" 32 {0 0 0};
    %pushi/vec4 100, 0, 32;
    %mod;
    %store/vec4 v0x64194a84fd90_0, 0, 32;
    %fork t_1, S_0x64194a801510;
    %jmp t_0;
    .scope S_0x64194a801510;
t_1 ;
    %pushi/vec4 0, 0, 32;
    %store/vec4 v0x64194a84fcd0_0, 0, 32;
T_0.2 ;
    %load/vec4 v0x64194a84fcd0_0;
    %load/vec4 v0x64194a801730_0;
    %cmp/s;
    %jmp/0xz T_0.3, 5;
    %ix/getv/s 4, v0x64194a84fcd0_0;
    %load/vec4a v0x64194a803400, 4;
    %load/vec4 v0x64194a84fd90_0;
    %cmp/e;
    %jmp/0xz  T_0.4, 4;
    %disable S_0x64194a801510;
T_0.4 ;
    %load/vec4 v0x64194a84fcd0_0;
    %addi 1, 0, 32;
    %store/vec4 v0x64194a84fcd0_0, 0, 32;
    %jmp T_0.2;
T_0.3 ;
    %load/vec4 v0x64194a84fd90_0;
    %ix/getv/s 4, v0x64194a801730_0;
    %store/vec4a v0x64194a803400, 4, 0;
    %load/vec4 v0x64194a801730_0;
    %addi 1, 0, 32;
    %store/vec4 v0x64194a801730_0, 0, 32;
    %end;
    .scope S_0x64194a8292d0;
t_0 %join;
    %jmp T_0.0;
T_0.1 ;
    %pushi/vec4 0, 0, 32;
    %store/vec4 v0x64194a801730_0, 0, 32;
T_0.6 ;
    %load/vec4 v0x64194a801730_0;
    %cmpi/s 9, 0, 32;
    %jmp/0xz T_0.7, 5;
    %pushi/vec4 0, 0, 32;
    %store/vec4 v0x64194a84fcd0_0, 0, 32;
T_0.8 ;
    %load/vec4 v0x64194a84fcd0_0;
    %cmpi/s 9, 0, 32;
    %jmp/0xz T_0.9, 5;
    %load/vec4 v0x64194a84fcd0_0;
    %addi 1, 0, 32;
    %ix/vec4/s 4;
    %load/vec4a v0x64194a803400, 4;
    %ix/getv/s 4, v0x64194a84fcd0_0;
    %load/vec4a v0x64194a803400, 4;
    %cmp/s;
    %jmp/0xz  T_0.10, 5;
    %ix/getv/s 4, v0x64194a84fcd0_0;
    %load/vec4a v0x64194a803400, 4;
    %store/vec4 v0x64194a84fd90_0, 0, 32;
    %load/vec4 v0x64194a84fcd0_0;
    %addi 1, 0, 32;
    %ix/vec4/s 4;
    %load/vec4a v0x64194a803400, 4;
    %ix/getv/s 4, v0x64194a84fcd0_0;
    %store/vec4a v0x64194a803400, 4, 0;
    %load/vec4 v0x64194a84fd90_0;
    %load/vec4 v0x64194a84fcd0_0;
    %addi 1, 0, 32;
    %ix/vec4/s 4;
    %store/vec4a v0x64194a803400, 4, 0;
T_0.10 ;
    %load/vec4 v0x64194a84fcd0_0;
    %addi 1, 0, 32;
    %store/vec4 v0x64194a84fcd0_0, 0, 32;
    %jmp T_0.8;
T_0.9 ;
    %load/vec4 v0x64194a801730_0;
    %addi 1, 0, 32;
    %store/vec4 v0x64194a801730_0, 0, 32;
    %jmp T_0.6;
T_0.7 ;
    %pushi/vec4 0, 0, 32;
    %store/vec4 v0x64194a801730_0, 0, 32;
T_0.12 ;
    %load/vec4 v0x64194a801730_0;
    %cmpi/s 10, 0, 32;
    %jmp/0xz T_0.13, 5;
    %vpi_call 2 37 "$display", "a[%0d] = %0d", v0x64194a801730_0, &A<v0x64194a803400, v0x64194a801730_0 > {0 0 0};
    %load/vec4 v0x64194a801730_0;
    %addi 1, 0, 32;
    %store/vec4 v0x64194a801730_0, 0, 32;
    %jmp T_0.12;
T_0.13 ;
    %end;
    .thread T_0;
# The file index is used to find the file name in the following table.
:file_names 3;
    "N/A";
    "<interactive>";
    "design.v";
