#! /usr/bin/vvp
:ivl_version "12.0 (stable)";
:ivl_delay_selection "TYPICAL";
:vpi_time_precision + 0;
:vpi_module "/usr/lib/x86_64-linux-gnu/ivl/system.vpi";
:vpi_module "/usr/lib/x86_64-linux-gnu/ivl/vhdl_sys.vpi";
:vpi_module "/usr/lib/x86_64-linux-gnu/ivl/vhdl_textio.vpi";
:vpi_module "/usr/lib/x86_64-linux-gnu/ivl/v2005_math.vpi";
:vpi_module "/usr/lib/x86_64-linux-gnu/ivl/va_math.vpi";
S_0x5b6eed2f2eb0 .scope module, "tb" "tb" 2 30;
 .timescale 0 0;
v0x5b6eed31a440_0 .var "i", 15 0;
v0x5b6eed31a500_0 .var "s", 3 0;
v0x5b6eed31a5a0_0 .net "y", 0 0, L_0x5b6eed31d240;  1 drivers
S_0x5b6eed2f3040 .scope begin, "$ivl_for_loop0" "$ivl_for_loop0" 2 37, 2 37 0, S_0x5b6eed2f2eb0;
 .timescale 0 0;
v0x5b6eed2f42c0_0 .var/i "j", 31 0;
S_0x5b6eed316cf0 .scope module, "dut" "mux10" 2 34, 2 12 0, S_0x5b6eed2f2eb0;
 .timescale 0 0;
    .port_info 0 /INPUT 16 "i";
    .port_info 1 /INPUT 4 "s";
    .port_info 2 /OUTPUT 1 "y";
L_0x5b6eed31a640 .functor NOT 1, L_0x5b6eed31a6e0, C4<0>, C4<0>, C4<0>;
L_0x5b6eed31a820 .functor NOT 1, L_0x5b6eed31a890, C4<0>, C4<0>, C4<0>;
L_0x5b6eed31a980 .functor AND 1, L_0x5b6eed31aa70, L_0x5b6eed31a640, C4<1>, C4<1>;
L_0x5b6eed31abb0 .functor AND 1, L_0x5b6eed31ac50, L_0x5b6eed31ad70, C4<1>, C4<1>;
L_0x5b6eed31ae60 .functor AND 1, L_0x5b6eed31a820, L_0x5b6eed31aed0, C4<1>, C4<1>;
v0x5b6eed3196e0_0 .net *"_ivl_1", 0 0, L_0x5b6eed31a6e0;  1 drivers
v0x5b6eed3197c0_0 .net *"_ivl_11", 0 0, L_0x5b6eed31aed0;  1 drivers
v0x5b6eed3198a0_0 .net *"_ivl_28", 0 0, L_0x5b6eed31d5e0;  1 drivers
v0x5b6eed319960_0 .net *"_ivl_3", 0 0, L_0x5b6eed31a890;  1 drivers
v0x5b6eed319a40_0 .net *"_ivl_5", 0 0, L_0x5b6eed31aa70;  1 drivers
v0x5b6eed319b20_0 .net *"_ivl_7", 0 0, L_0x5b6eed31ac50;  1 drivers
v0x5b6eed319c00_0 .net *"_ivl_9", 0 0, L_0x5b6eed31ad70;  1 drivers
v0x5b6eed319ce0_0 .net "i", 15 0, v0x5b6eed31a440_0;  1 drivers
v0x5b6eed319dc0_0 .net "l1", 0 0, L_0x5b6eed31a640;  1 drivers
v0x5b6eed319e80_0 .net "l2", 0 0, L_0x5b6eed31a820;  1 drivers
v0x5b6eed319f40_0 .net "l3", 0 0, L_0x5b6eed31a980;  1 drivers
v0x5b6eed31a000_0 .net "l4", 0 0, L_0x5b6eed31abb0;  1 drivers
v0x5b6eed31a0c0_0 .net "l5", 0 0, L_0x5b6eed31ae60;  1 drivers
v0x5b6eed31a180_0 .net "s", 3 0, v0x5b6eed31a500_0;  1 drivers
v0x5b6eed31a260_0 .net "w", 1 0, L_0x5b6eed31c8c0;  1 drivers
v0x5b6eed31a340_0 .net "y", 0 0, L_0x5b6eed31d240;  alias, 1 drivers
L_0x5b6eed31a6e0 .part v0x5b6eed31a500_0, 0, 1;
L_0x5b6eed31a890 .part v0x5b6eed31a500_0, 3, 1;
L_0x5b6eed31aa70 .part v0x5b6eed31a440_0, 8, 1;
L_0x5b6eed31ac50 .part v0x5b6eed31a440_0, 9, 1;
L_0x5b6eed31ad70 .part v0x5b6eed31a500_0, 0, 1;
L_0x5b6eed31aed0 .part v0x5b6eed31a500_0, 2, 1;
L_0x5b6eed31ba90 .part v0x5b6eed31a440_0, 0, 4;
L_0x5b6eed31bb30 .part v0x5b6eed31a500_0, 0, 2;
L_0x5b6eed31c690 .part v0x5b6eed31a440_0, 4, 4;
L_0x5b6eed31c730 .part v0x5b6eed31a500_0, 0, 2;
L_0x5b6eed31c8c0 .concat8 [ 1 1 0 0], L_0x5b6eed31b8f0, L_0x5b6eed31c4f0;
L_0x5b6eed31d3e0 .concat [ 2 1 1 0], L_0x5b6eed31c8c0, L_0x5b6eed31a980, L_0x5b6eed31abb0;
L_0x5b6eed31d5e0 .part v0x5b6eed31a500_0, 3, 1;
L_0x5b6eed31d680 .concat [ 1 1 0 0], L_0x5b6eed31ae60, L_0x5b6eed31d5e0;
S_0x5b6eed316f40 .scope module, "m1" "mux" 2 23, 2 2 0, S_0x5b6eed316cf0;
 .timescale 0 0;
    .port_info 0 /INPUT 4 "i";
    .port_info 1 /INPUT 2 "s";
    .port_info 2 /OUTPUT 1 "y";
v0x5b6eed3171b0_0 .net *"_ivl_1", 0 0, L_0x5b6eed31b000;  1 drivers
v0x5b6eed3172b0_0 .net *"_ivl_11", 0 0, L_0x5b6eed31b540;  1 drivers
v0x5b6eed317390_0 .net *"_ivl_13", 0 0, L_0x5b6eed31b620;  1 drivers
v0x5b6eed317450_0 .net *"_ivl_15", 0 0, L_0x5b6eed31b6c0;  1 drivers
v0x5b6eed317530_0 .net *"_ivl_16", 0 0, L_0x5b6eed31b7b0;  1 drivers
v0x5b6eed317660_0 .net *"_ivl_3", 0 0, L_0x5b6eed31b0a0;  1 drivers
v0x5b6eed317740_0 .net *"_ivl_5", 0 0, L_0x5b6eed31b190;  1 drivers
v0x5b6eed317820_0 .net *"_ivl_7", 0 0, L_0x5b6eed31b260;  1 drivers
v0x5b6eed317900_0 .net *"_ivl_8", 0 0, L_0x5b6eed31b3b0;  1 drivers
v0x5b6eed3179e0_0 .net "i", 3 0, L_0x5b6eed31ba90;  1 drivers
v0x5b6eed317ac0_0 .net "s", 1 0, L_0x5b6eed31bb30;  1 drivers
v0x5b6eed317ba0_0 .net "y", 0 0, L_0x5b6eed31b8f0;  1 drivers
L_0x5b6eed31b000 .part L_0x5b6eed31bb30, 1, 1;
L_0x5b6eed31b0a0 .part L_0x5b6eed31bb30, 0, 1;
L_0x5b6eed31b190 .part L_0x5b6eed31ba90, 3, 1;
L_0x5b6eed31b260 .part L_0x5b6eed31ba90, 2, 1;
L_0x5b6eed31b3b0 .functor MUXZ 1, L_0x5b6eed31b260, L_0x5b6eed31b190, L_0x5b6eed31b0a0, C4<>;
L_0x5b6eed31b540 .part L_0x5b6eed31bb30, 0, 1;
L_0x5b6eed31b620 .part L_0x5b6eed31ba90, 1, 1;
L_0x5b6eed31b6c0 .part L_0x5b6eed31ba90, 0, 1;
L_0x5b6eed31b7b0 .functor MUXZ 1, L_0x5b6eed31b6c0, L_0x5b6eed31b620, L_0x5b6eed31b540, C4<>;
L_0x5b6eed31b8f0 .functor MUXZ 1, L_0x5b6eed31b7b0, L_0x5b6eed31b3b0, L_0x5b6eed31b000, C4<>;
S_0x5b6eed317ce0 .scope module, "m2" "mux" 2 24, 2 2 0, S_0x5b6eed316cf0;
 .timescale 0 0;
    .port_info 0 /INPUT 4 "i";
    .port_info 1 /INPUT 2 "s";
    .port_info 2 /OUTPUT 1 "y";
v0x5b6eed317ec0_0 .net *"_ivl_1", 0 0, L_0x5b6eed31bcb0;  1 drivers
v0x5b6eed317fc0_0 .net *"_ivl_11", 0 0, L_0x5b6eed31c0f0;  1 drivers
v0x5b6eed3180a0_0 .net *"_ivl_13", 0 0, L_0x5b6eed31c190;  1 drivers
v0x5b6eed318160_0 .net *"_ivl_15", 0 0, L_0x5b6eed31c230;  1 drivers
v0x5b6eed318240_0 .net *"_ivl_16", 0 0, L_0x5b6eed31c3b0;  1 drivers
v0x5b6eed318370_0 .net *"_ivl_3", 0 0, L_0x5b6eed31bd50;  1 drivers
v0x5b6eed318450_0 .net *"_ivl_5", 0 0, L_0x5b6eed31bdf0;  1 drivers
v0x5b6eed318530_0 .net *"_ivl_7", 0 0, L_0x5b6eed31be90;  1 drivers
v0x5b6eed318610_0 .net *"_ivl_8", 0 0, L_0x5b6eed31bf60;  1 drivers
v0x5b6eed3186f0_0 .net "i", 3 0, L_0x5b6eed31c690;  1 drivers
v0x5b6eed3187d0_0 .net "s", 1 0, L_0x5b6eed31c730;  1 drivers
v0x5b6eed3188b0_0 .net "y", 0 0, L_0x5b6eed31c4f0;  1 drivers
L_0x5b6eed31bcb0 .part L_0x5b6eed31c730, 1, 1;
L_0x5b6eed31bd50 .part L_0x5b6eed31c730, 0, 1;
L_0x5b6eed31bdf0 .part L_0x5b6eed31c690, 3, 1;
L_0x5b6eed31be90 .part L_0x5b6eed31c690, 2, 1;
L_0x5b6eed31bf60 .functor MUXZ 1, L_0x5b6eed31be90, L_0x5b6eed31bdf0, L_0x5b6eed31bd50, C4<>;
L_0x5b6eed31c0f0 .part L_0x5b6eed31c730, 0, 1;
L_0x5b6eed31c190 .part L_0x5b6eed31c690, 1, 1;
L_0x5b6eed31c230 .part L_0x5b6eed31c690, 0, 1;
L_0x5b6eed31c3b0 .functor MUXZ 1, L_0x5b6eed31c230, L_0x5b6eed31c190, L_0x5b6eed31c0f0, C4<>;
L_0x5b6eed31c4f0 .functor MUXZ 1, L_0x5b6eed31c3b0, L_0x5b6eed31bf60, L_0x5b6eed31bcb0, C4<>;
S_0x5b6eed3189f0 .scope module, "m3" "mux" 2 25, 2 2 0, S_0x5b6eed316cf0;
 .timescale 0 0;
    .port_info 0 /INPUT 4 "i";
    .port_info 1 /INPUT 2 "s";
    .port_info 2 /OUTPUT 1 "y";
v0x5b6eed318bd0_0 .net *"_ivl_1", 0 0, L_0x5b6eed31c960;  1 drivers
v0x5b6eed318cb0_0 .net *"_ivl_11", 0 0, L_0x5b6eed31ce40;  1 drivers
v0x5b6eed318d90_0 .net *"_ivl_13", 0 0, L_0x5b6eed31cee0;  1 drivers
v0x5b6eed318e50_0 .net *"_ivl_15", 0 0, L_0x5b6eed31cf80;  1 drivers
v0x5b6eed318f30_0 .net *"_ivl_16", 0 0, L_0x5b6eed31d100;  1 drivers
v0x5b6eed319060_0 .net *"_ivl_3", 0 0, L_0x5b6eed31ca00;  1 drivers
v0x5b6eed319140_0 .net *"_ivl_5", 0 0, L_0x5b6eed31caf0;  1 drivers
v0x5b6eed319220_0 .net *"_ivl_7", 0 0, L_0x5b6eed31cb90;  1 drivers
v0x5b6eed319300_0 .net *"_ivl_8", 0 0, L_0x5b6eed31ccb0;  1 drivers
v0x5b6eed3193e0_0 .net "i", 3 0, L_0x5b6eed31d3e0;  1 drivers
v0x5b6eed3194c0_0 .net "s", 1 0, L_0x5b6eed31d680;  1 drivers
v0x5b6eed3195a0_0 .net "y", 0 0, L_0x5b6eed31d240;  alias, 1 drivers
L_0x5b6eed31c960 .part L_0x5b6eed31d680, 1, 1;
L_0x5b6eed31ca00 .part L_0x5b6eed31d680, 0, 1;
L_0x5b6eed31caf0 .part L_0x5b6eed31d3e0, 3, 1;
L_0x5b6eed31cb90 .part L_0x5b6eed31d3e0, 2, 1;
L_0x5b6eed31ccb0 .functor MUXZ 1, L_0x5b6eed31cb90, L_0x5b6eed31caf0, L_0x5b6eed31ca00, C4<>;
L_0x5b6eed31ce40 .part L_0x5b6eed31d680, 0, 1;
L_0x5b6eed31cee0 .part L_0x5b6eed31d3e0, 1, 1;
L_0x5b6eed31cf80 .part L_0x5b6eed31d3e0, 0, 1;
L_0x5b6eed31d100 .functor MUXZ 1, L_0x5b6eed31cf80, L_0x5b6eed31cee0, L_0x5b6eed31ce40, C4<>;
L_0x5b6eed31d240 .functor MUXZ 1, L_0x5b6eed31d100, L_0x5b6eed31ccb0, L_0x5b6eed31c960, C4<>;
    .scope S_0x5b6eed2f2eb0;
T_0 ;
    %pushi/vec4 44970, 0, 16;
    %store/vec4 v0x5b6eed31a440_0, 0, 16;
    %end;
    .thread T_0;
    .scope S_0x5b6eed2f2eb0;
T_1 ;
    %vpi_call 2 36 "$monitor", "i = %b  s = %b  ::  y=%b ", v0x5b6eed31a440_0, v0x5b6eed31a500_0, v0x5b6eed31a5a0_0 {0 0 0};
    %fork t_1, S_0x5b6eed2f3040;
    %jmp t_0;
    .scope S_0x5b6eed2f3040;
t_1 ;
    %pushi/vec4 0, 0, 32;
    %store/vec4 v0x5b6eed2f42c0_0, 0, 32;
T_1.0 ;
    %load/vec4 v0x5b6eed2f42c0_0;
    %cmpi/s 16, 0, 32;
    %jmp/0xz T_1.1, 5;
    %load/vec4 v0x5b6eed2f42c0_0;
    %pad/s 4;
    %store/vec4 v0x5b6eed31a500_0, 0, 4;
    %delay 5, 0;
    %load/vec4 v0x5b6eed2f42c0_0;
    %addi 1, 0, 32;
    %store/vec4 v0x5b6eed2f42c0_0, 0, 32;
    %jmp T_1.0;
T_1.1 ;
    %end;
    .scope S_0x5b6eed2f2eb0;
t_0 %join;
    %end;
    .thread T_1;
# The file index is used to find the file name in the following table.
:file_names 3;
    "N/A";
    "<interactive>";
    "mux.v";
