#! /usr/bin/vvp
:ivl_version "12.0 (stable)";
:ivl_delay_selection "TYPICAL";
:vpi_time_precision + 0;
:vpi_module "/usr/lib/x86_64-linux-gnu/ivl/system.vpi";
:vpi_module "/usr/lib/x86_64-linux-gnu/ivl/vhdl_sys.vpi";
:vpi_module "/usr/lib/x86_64-linux-gnu/ivl/vhdl_textio.vpi";
:vpi_module "/usr/lib/x86_64-linux-gnu/ivl/v2005_math.vpi";
:vpi_module "/usr/lib/x86_64-linux-gnu/ivl/va_math.vpi";
S_0x59cfdfb7b730 .scope module, "tb" "tb" 2 3;
 .timescale 0 0;
v0x59cfdfba2f00_0 .var "clk", 0 0;
v0x59cfdfba2fc0_0 .var/i "file", 31 0;
v0x59cfdfba3080_0 .var "load", 0 0;
v0x59cfdfba3180_0 .var "parallel_in", 3 0;
v0x59cfdfba3250_0 .var "rst", 0 0;
v0x59cfdfba3340_0 .net "s_out", 0 0, L_0x59cfdfba3410;  1 drivers
E_0x59cfdfb52910 .event posedge, v0x59cfdfb8cc70_0;
S_0x59cfdfb8ca70 .scope module, "dut" "piso" 2 8, 3 3 0, S_0x59cfdfb7b730;
 .timescale 0 0;
    .port_info 0 /INPUT 1 "rst";
    .port_info 1 /INPUT 1 "clk";
    .port_info 2 /INPUT 1 "load";
    .port_info 3 /INPUT 4 "parallel_in";
    .port_info 4 /OUTPUT 1 "s_out";
v0x59cfdfb8cc70_0 .net "clk", 0 0, v0x59cfdfba2f00_0;  1 drivers
v0x59cfdfba2a00_0 .net "load", 0 0, v0x59cfdfba3080_0;  1 drivers
v0x59cfdfba2ac0_0 .net "parallel_in", 3 0, v0x59cfdfba3180_0;  1 drivers
v0x59cfdfba2bb0_0 .net "rst", 0 0, v0x59cfdfba3250_0;  1 drivers
v0x59cfdfba2c70_0 .net "s_out", 0 0, L_0x59cfdfba3410;  alias, 1 drivers
v0x59cfdfba2d80_0 .var "shift_register", 3 0;
E_0x59cfdfb8b5b0 .event posedge, v0x59cfdfba2bb0_0, v0x59cfdfb8cc70_0;
L_0x59cfdfba3410 .part v0x59cfdfba2d80_0, 3, 1;
    .scope S_0x59cfdfb8ca70;
T_0 ;
    %wait E_0x59cfdfb8b5b0;
    %load/vec4 v0x59cfdfba2bb0_0;
    %flag_set/vec4 8;
    %jmp/0xz  T_0.0, 8;
    %pushi/vec4 0, 0, 4;
    %assign/vec4 v0x59cfdfba2d80_0, 0;
    %jmp T_0.1;
T_0.0 ;
    %load/vec4 v0x59cfdfba2a00_0;
    %flag_set/vec4 8;
    %jmp/0xz  T_0.2, 8;
    %load/vec4 v0x59cfdfba2ac0_0;
    %assign/vec4 v0x59cfdfba2d80_0, 0;
    %jmp T_0.3;
T_0.2 ;
    %load/vec4 v0x59cfdfba2d80_0;
    %parti/s 3, 0, 2;
    %concati/vec4 0, 0, 1;
    %assign/vec4 v0x59cfdfba2d80_0, 0;
T_0.3 ;
T_0.1 ;
    %jmp T_0;
    .thread T_0;
    .scope S_0x59cfdfb7b730;
T_1 ;
    %delay 5, 0;
    %load/vec4 v0x59cfdfba2f00_0;
    %inv;
    %store/vec4 v0x59cfdfba2f00_0, 0, 1;
    %jmp T_1;
    .thread T_1;
    .scope S_0x59cfdfb7b730;
T_2 ;
    %vpi_func 2 11 "$fopen" 32, "output_data.txt", "w" {0 0 0};
    %store/vec4 v0x59cfdfba2fc0_0, 0, 32;
    %pushi/vec4 0, 0, 1;
    %store/vec4 v0x59cfdfba2f00_0, 0, 1;
    %pushi/vec4 1, 0, 1;
    %store/vec4 v0x59cfdfba3250_0, 0, 1;
    %delay 10, 0;
    %pushi/vec4 0, 0, 1;
    %store/vec4 v0x59cfdfba3250_0, 0, 1;
    %delay 5, 0;
    %pushi/vec4 1, 0, 1;
    %store/vec4 v0x59cfdfba3080_0, 0, 1;
    %pushi/vec4 10, 0, 4;
    %store/vec4 v0x59cfdfba3180_0, 0, 4;
    %delay 5, 0;
    %pushi/vec4 0, 0, 1;
    %store/vec4 v0x59cfdfba3080_0, 0, 1;
    %delay 50, 0;
    %vpi_call 2 21 "$fclose", v0x59cfdfba2fc0_0 {0 0 0};
    %vpi_call 2 22 "$finish" {0 0 0};
    %end;
    .thread T_2;
    .scope S_0x59cfdfb7b730;
T_3 ;
    %wait E_0x59cfdfb52910;
    %vpi_call 2 25 "$fdisplay", v0x59cfdfba2fc0_0, "sim= %0t rst =%b load=%b :: parrarel in =%d :: shift register =%b :: serial out =%b", $time, v0x59cfdfba3250_0, v0x59cfdfba3080_0, v0x59cfdfba3180_0, v0x59cfdfba2d80_0, v0x59cfdfba3340_0 {0 0 0};
    %jmp T_3;
    .thread T_3;
    .scope S_0x59cfdfb7b730;
T_4 ;
    %vpi_call 2 28 "$dumpfile", "dump.vcd" {0 0 0};
    %vpi_call 2 29 "$dumpvars", 32'sb00000000000000000000000000000000, S_0x59cfdfb7b730 {0 0 0};
    %end;
    .thread T_4;
# The file index is used to find the file name in the following table.
:file_names 4;
    "N/A";
    "<interactive>";
    "testbench.v";
    "./design.v";
