#! /usr/bin/vvp
:ivl_version "12.0 (stable)";
:ivl_delay_selection "TYPICAL";
:vpi_time_precision + 0;
:vpi_module "/usr/lib/x86_64-linux-gnu/ivl/system.vpi";
:vpi_module "/usr/lib/x86_64-linux-gnu/ivl/vhdl_sys.vpi";
:vpi_module "/usr/lib/x86_64-linux-gnu/ivl/vhdl_textio.vpi";
:vpi_module "/usr/lib/x86_64-linux-gnu/ivl/v2005_math.vpi";
:vpi_module "/usr/lib/x86_64-linux-gnu/ivl/va_math.vpi";
S_0x56667d18e670 .scope module, "tb" "tb" 2 2;
 .timescale 0 0;
v0x56667d1a0640_0 .var "N", 31 0;
v0x56667d1a0700_0 .net "facto", 63 0, L_0x56667d1a07d0;  1 drivers
S_0x56667d18e800 .scope module, "dut" "factorial" 2 5, 3 1 0, S_0x56667d18e670;
 .timescale 0 0;
    .port_info 0 /INPUT 32 "N";
    .port_info 1 /OUTPUT 64 "facto";
v0x56667d1a0400_0 .net "N", 31 0, v0x56667d1a0640_0;  1 drivers
v0x56667d1a0500_0 .net "facto", 63 0, L_0x56667d1a07d0;  alias, 1 drivers
L_0x56667d1a07d0 .ufunc/vec4 TD_tb.dut.fact, 64, v0x56667d1a0640_0 (v0x56667d18f120_0) S_0x56667d154490;
S_0x56667d154490 .scope autofunction.vec4.s64, "fact" "fact" 3 3, 3 3 0, S_0x56667d18e800;
 .timescale 0 0;
v0x56667d18f120_0 .var "N", 31 0;
; Variable fact is vec4 return value of scope S_0x56667d154490
TD_tb.dut.fact ;
    %load/vec4 v0x56667d18f120_0;
    %cmpi/u 1, 0, 32;
    %flag_inv 5; GE is !LT
    %jmp/0xz  T_0.0, 5;
    %alloc S_0x56667d154490;
    %load/vec4 v0x56667d18f120_0;
    %subi 1, 0, 32;
    %store/vec4 v0x56667d18f120_0, 0, 32;
    %callf/vec4 TD_tb.dut.fact, S_0x56667d154490;
    %free S_0x56667d154490;
    %load/vec4 v0x56667d18f120_0;
    %pad/u 64;
    %mul;
    %ret/vec4 0, 0, 64;  Assign to fact (store_vec4_to_lval)
    %jmp T_0.1;
T_0.0 ;
    %pushi/vec4 1, 0, 64;
    %ret/vec4 0, 0, 64;  Assign to fact (store_vec4_to_lval)
T_0.1 ;
    %end;
    .scope S_0x56667d18e670;
T_1 ;
    %vpi_call 2 7 "$monitor", "sim=%0t    the factorial of %0d is %0d ", $time, v0x56667d1a0640_0, v0x56667d1a0700_0 {0 0 0};
    %pushi/vec4 4, 0, 32;
    %store/vec4 v0x56667d1a0640_0, 0, 32;
    %delay 20, 0;
    %pushi/vec4 6, 0, 32;
    %store/vec4 v0x56667d1a0640_0, 0, 32;
    %delay 10, 0;
    %pushi/vec4 5, 0, 32;
    %store/vec4 v0x56667d1a0640_0, 0, 32;
    %end;
    .thread T_1;
# The file index is used to find the file name in the following table.
:file_names 4;
    "N/A";
    "<interactive>";
    "testbench.v";
    "./design.v";
