#! /usr/bin/vvp
:ivl_version "12.0 (stable)";
:ivl_delay_selection "TYPICAL";
:vpi_time_precision + 0;
:vpi_module "/usr/lib/x86_64-linux-gnu/ivl/system.vpi";
:vpi_module "/usr/lib/x86_64-linux-gnu/ivl/vhdl_sys.vpi";
:vpi_module "/usr/lib/x86_64-linux-gnu/ivl/vhdl_textio.vpi";
:vpi_module "/usr/lib/x86_64-linux-gnu/ivl/v2005_math.vpi";
:vpi_module "/usr/lib/x86_64-linux-gnu/ivl/va_math.vpi";
S_0x59e36ce2f510 .scope module, "test" "test" 2 31;
 .timescale 0 0;
v0x59e36ce31400_0 .var/i "a", 31 0;
v0x59e36ce76180_0 .var/i "b", 31 0;
v0x59e36ce76260_0 .var/i "c", 31 0;
    .scope S_0x59e36ce2f510;
T_0 ;
    %pushi/vec4 1, 0, 32;
    %store/vec4 v0x59e36ce31400_0, 0, 32;
    %pushi/vec4 2, 0, 32;
    %store/vec4 v0x59e36ce76180_0, 0, 32;
    %load/vec4 v0x59e36ce76180_0;
    %assign/vec4 v0x59e36ce31400_0, 0;
    %end;
    .thread T_0;
    .scope S_0x59e36ce2f510;
T_1 ;
    %load/vec4 v0x59e36ce76180_0;
    %assign/vec4 v0x59e36ce76260_0, 0;
    %end;
    .thread T_1;
    .scope S_0x59e36ce2f510;
T_2 ;
    %vpi_call 2 39 "$strobe", v0x59e36ce31400_0, v0x59e36ce76180_0, v0x59e36ce76260_0 {0 0 0};
    %end;
    .thread T_2;
# The file index is used to find the file name in the following table.
:file_names 3;
    "N/A";
    "<interactive>";
    "testbench.v";
