#! /usr/bin/vvp
:ivl_version "12.0 (stable)";
:ivl_delay_selection "TYPICAL";
:vpi_time_precision + 0;
:vpi_module "/usr/lib/x86_64-linux-gnu/ivl/system.vpi";
:vpi_module "/usr/lib/x86_64-linux-gnu/ivl/vhdl_sys.vpi";
:vpi_module "/usr/lib/x86_64-linux-gnu/ivl/vhdl_textio.vpi";
:vpi_module "/usr/lib/x86_64-linux-gnu/ivl/v2005_math.vpi";
:vpi_module "/usr/lib/x86_64-linux-gnu/ivl/va_math.vpi";
S_0x627728660430 .scope module, "jk_fsm_tb" "jk_fsm_tb" 2 2;
 .timescale 0 0;
v0x6277286799e0_0 .var "clk", 0 0;
v0x627728679aa0_0 .var "j", 0 0;
v0x627728679b70_0 .var "k", 0 0;
v0x627728679c70_0 .net "q", 0 0, v0x6277286797c0_0;  1 drivers
v0x627728679d40_0 .var "rst", 0 0;
S_0x6277286605c0 .scope module, "dut" "jk_fsm" 2 5, 3 1 0, S_0x627728660430;
 .timescale 0 0;
    .port_info 0 /INPUT 1 "j";
    .port_info 1 /INPUT 1 "k";
    .port_info 2 /INPUT 1 "clk";
    .port_info 3 /INPUT 1 "rst";
    .port_info 4 /OUTPUT 1 "q";
P_0x62772864bc00 .param/l "s0" 0 3 6, C4<0>;
P_0x62772864bc40 .param/l "s1" 0 3 7, C4<1>;
v0x627728624490_0 .net "clk", 0 0, v0x6277286799e0_0;  1 drivers
v0x627728679460_0 .net "j", 0 0, v0x627728679aa0_0;  1 drivers
v0x627728679520_0 .net "k", 0 0, v0x627728679b70_0;  1 drivers
v0x6277286795f0_0 .var "ns", 0 0;
v0x6277286796b0_0 .var "ps", 0 0;
v0x6277286797c0_0 .var "q", 0 0;
v0x627728679880_0 .net "rst", 0 0, v0x627728679d40_0;  1 drivers
E_0x62772865d960 .event anyedge, v0x6277286796b0_0, v0x627728679520_0, v0x627728679460_0;
E_0x62772865d410/0 .event negedge, v0x627728679880_0;
E_0x62772865d410/1 .event posedge, v0x627728624490_0;
E_0x62772865d410 .event/or E_0x62772865d410/0, E_0x62772865d410/1;
    .scope S_0x6277286605c0;
T_0 ;
    %wait E_0x62772865d410;
    %load/vec4 v0x627728679880_0;
    %nor/r;
    %flag_set/vec4 8;
    %jmp/0xz  T_0.0, 8;
    %pushi/vec4 0, 0, 1;
    %assign/vec4 v0x6277286796b0_0, 0;
    %jmp T_0.1;
T_0.0 ;
    %load/vec4 v0x6277286795f0_0;
    %assign/vec4 v0x6277286796b0_0, 0;
T_0.1 ;
    %jmp T_0;
    .thread T_0;
    .scope S_0x6277286605c0;
T_1 ;
    %wait E_0x62772865d960;
    %load/vec4 v0x6277286796b0_0;
    %dup/vec4;
    %pushi/vec4 0, 0, 1;
    %cmp/u;
    %jmp/1 T_1.0, 6;
    %dup/vec4;
    %pushi/vec4 1, 0, 1;
    %cmp/u;
    %jmp/1 T_1.1, 6;
    %pushi/vec4 0, 0, 1;
    %store/vec4 v0x6277286795f0_0, 0, 1;
    %pushi/vec4 0, 0, 1;
    %store/vec4 v0x6277286797c0_0, 0, 1;
    %jmp T_1.3;
T_1.0 ;
    %load/vec4 v0x627728679460_0;
    %flag_set/vec4 8;
    %jmp/0 T_1.4, 8;
    %pushi/vec4 1, 0, 1;
    %jmp/1 T_1.5, 8;
T_1.4 ; End of true expr.
    %pushi/vec4 0, 0, 1;
    %jmp/0 T_1.5, 8;
 ; End of false expr.
    %blend;
T_1.5;
    %store/vec4 v0x6277286795f0_0, 0, 1;
    %pushi/vec4 0, 0, 1;
    %store/vec4 v0x6277286797c0_0, 0, 1;
    %jmp T_1.3;
T_1.1 ;
    %load/vec4 v0x627728679520_0;
    %flag_set/vec4 8;
    %jmp/0 T_1.6, 8;
    %pushi/vec4 0, 0, 1;
    %jmp/1 T_1.7, 8;
T_1.6 ; End of true expr.
    %pushi/vec4 1, 0, 1;
    %jmp/0 T_1.7, 8;
 ; End of false expr.
    %blend;
T_1.7;
    %store/vec4 v0x6277286795f0_0, 0, 1;
    %pushi/vec4 1, 0, 1;
    %store/vec4 v0x6277286797c0_0, 0, 1;
    %jmp T_1.3;
T_1.3 ;
    %pop/vec4 1;
    %jmp T_1;
    .thread T_1, $push;
    .scope S_0x627728660430;
T_2 ;
    %pushi/vec4 0, 0, 1;
    %store/vec4 v0x6277286799e0_0, 0, 1;
T_2.0 ;
    %delay 5, 0;
    %load/vec4 v0x6277286799e0_0;
    %inv;
    %store/vec4 v0x6277286799e0_0, 0, 1;
    %jmp T_2.0;
    %end;
    .thread T_2;
    .scope S_0x627728660430;
T_3 ;
    %pushi/vec4 1, 0, 1;
    %store/vec4 v0x627728679d40_0, 0, 1;
    %pushi/vec4 0, 0, 1;
    %store/vec4 v0x627728679aa0_0, 0, 1;
    %pushi/vec4 0, 0, 1;
    %store/vec4 v0x627728679b70_0, 0, 1;
    %delay 10, 0;
    %pushi/vec4 0, 0, 1;
    %store/vec4 v0x627728679d40_0, 0, 1;
    %delay 10, 0;
    %pushi/vec4 0, 0, 1;
    %store/vec4 v0x627728679aa0_0, 0, 1;
    %pushi/vec4 0, 0, 1;
    %store/vec4 v0x627728679b70_0, 0, 1;
    %delay 10, 0;
    %pushi/vec4 0, 0, 1;
    %store/vec4 v0x627728679aa0_0, 0, 1;
    %pushi/vec4 1, 0, 1;
    %store/vec4 v0x627728679b70_0, 0, 1;
    %delay 10, 0;
    %pushi/vec4 1, 0, 1;
    %store/vec4 v0x627728679aa0_0, 0, 1;
    %pushi/vec4 0, 0, 1;
    %store/vec4 v0x627728679b70_0, 0, 1;
    %delay 10, 0;
    %pushi/vec4 1, 0, 1;
    %store/vec4 v0x627728679aa0_0, 0, 1;
    %pushi/vec4 1, 0, 1;
    %store/vec4 v0x627728679b70_0, 0, 1;
    %delay 10, 0;
    %pushi/vec4 0, 0, 1;
    %store/vec4 v0x627728679aa0_0, 0, 1;
    %pushi/vec4 0, 0, 1;
    %store/vec4 v0x627728679b70_0, 0, 1;
    %delay 10, 0;
    %pushi/vec4 1, 0, 1;
    %store/vec4 v0x627728679aa0_0, 0, 1;
    %pushi/vec4 1, 0, 1;
    %store/vec4 v0x627728679b70_0, 0, 1;
    %delay 10, 0;
    %pushi/vec4 1, 0, 1;
    %store/vec4 v0x627728679aa0_0, 0, 1;
    %pushi/vec4 1, 0, 1;
    %store/vec4 v0x627728679b70_0, 0, 1;
    %delay 10, 0;
    %pushi/vec4 0, 0, 1;
    %store/vec4 v0x627728679aa0_0, 0, 1;
    %pushi/vec4 1, 0, 1;
    %store/vec4 v0x627728679b70_0, 0, 1;
    %delay 10, 0;
    %pushi/vec4 1, 0, 1;
    %store/vec4 v0x627728679aa0_0, 0, 1;
    %pushi/vec4 0, 0, 1;
    %store/vec4 v0x627728679b70_0, 0, 1;
    %delay 10, 0;
    %vpi_call 2 30 "$finish" {0 0 0};
    %end;
    .thread T_3;
    .scope S_0x627728660430;
T_4 ;
    %vpi_call 2 33 "$monitor", "Time = %0t, Reset = %b, J = %b, K = %b, Q = %b", $time, v0x627728679d40_0, v0x627728679aa0_0, v0x627728679b70_0, v0x627728679c70_0 {0 0 0};
    %end;
    .thread T_4;
    .scope S_0x627728660430;
T_5 ;
    %vpi_call 2 37 "$dumpfile", "jk_fsm_tb.vcd" {0 0 0};
    %vpi_call 2 38 "$dumpvars", 32'sb00000000000000000000000000000000, S_0x627728660430 {0 0 0};
    %end;
    .thread T_5;
# The file index is used to find the file name in the following table.
:file_names 4;
    "N/A";
    "<interactive>";
    "testbench.v";
    "./design.v";
