#! /usr/bin/vvp
:ivl_version "12.0 (stable)";
:ivl_delay_selection "TYPICAL";
:vpi_time_precision + 0;
:vpi_module "/usr/lib/x86_64-linux-gnu/ivl/system.vpi";
:vpi_module "/usr/lib/x86_64-linux-gnu/ivl/vhdl_sys.vpi";
:vpi_module "/usr/lib/x86_64-linux-gnu/ivl/vhdl_textio.vpi";
:vpi_module "/usr/lib/x86_64-linux-gnu/ivl/v2005_math.vpi";
:vpi_module "/usr/lib/x86_64-linux-gnu/ivl/va_math.vpi";
S_0x5aa630fa2410 .scope module, "tb" "tb" 2 2;
 .timescale 0 0;
v0x5aa630fb2b80_0 .net "clk", 0 0, L_0x5aa630fb2d20;  1 drivers
v0x5aa630fb2c50_0 .var "rst", 0 0;
S_0x5aa630fa25a0 .scope module, "dut" "clk_gen" 2 5, 3 1 0, S_0x5aa630fa2410;
 .timescale 0 0;
    .port_info 0 /INPUT 1 "rst";
    .port_info 1 /OUTPUT 1 "clk";
L_0x5aa630fb2d20 .functor BUFZ 1, v0x5aa630fb29c0_0, C4<0>, C4<0>, C4<0>;
v0x5aa630f68670_0 .net "clk", 0 0, L_0x5aa630fb2d20;  alias, 1 drivers
v0x5aa630fb29c0_0 .var "int_clk", 0 0;
v0x5aa630fb2a80_0 .net "rst", 0 0, v0x5aa630fb2c50_0;  1 drivers
S_0x5aa630f68490 .scope task, "cg" "cg" 3 4, 3 4 0, S_0x5aa630fa25a0;
 .timescale 0 0;
TD_tb.dut.cg ;
    %load/vec4 v0x5aa630f68670_0;
    %inv;
    %store/vec4 v0x5aa630fb29c0_0, 0, 1;
    %delay 2, 0;
    %end;
    .scope S_0x5aa630fa25a0;
T_1 ;
    %pushi/vec4 0, 0, 1;
    %store/vec4 v0x5aa630fb29c0_0, 0, 1;
    %end;
    .thread T_1;
    .scope S_0x5aa630fa25a0;
T_2 ;
    %fork TD_tb.dut.cg, S_0x5aa630f68490;
    %join;
    %delay 3, 0;
    %jmp T_2;
    .thread T_2;
    .scope S_0x5aa630fa25a0;
T_3 ;
    %delay 100, 0;
    %vpi_call 3 16 "$finish" {0 0 0};
    %end;
    .thread T_3;
    .scope S_0x5aa630fa2410;
T_4 ;
    %pushi/vec4 1, 0, 1;
    %store/vec4 v0x5aa630fb2c50_0, 0, 1;
    %delay 5, 0;
    %pushi/vec4 0, 0, 1;
    %store/vec4 v0x5aa630fb2c50_0, 0, 1;
    %end;
    .thread T_4;
    .scope S_0x5aa630fa2410;
T_5 ;
    %vpi_call 2 11 "$dumpfile", "dump.vcd" {0 0 0};
    %vpi_call 2 12 "$dumpvars", 32'sb00000000000000000000000000000000, S_0x5aa630fa2410 {0 0 0};
    %end;
    .thread T_5;
# The file index is used to find the file name in the following table.
:file_names 4;
    "N/A";
    "<interactive>";
    "testbench.v";
    "./design.v";
