#! /usr/bin/vvp
:ivl_version "12.0 (stable)";
:ivl_delay_selection "TYPICAL";
:vpi_time_precision - 12;
:vpi_module "/usr/lib/x86_64-linux-gnu/ivl/system.vpi";
:vpi_module "/usr/lib/x86_64-linux-gnu/ivl/vhdl_sys.vpi";
:vpi_module "/usr/lib/x86_64-linux-gnu/ivl/vhdl_textio.vpi";
:vpi_module "/usr/lib/x86_64-linux-gnu/ivl/v2005_math.vpi";
:vpi_module "/usr/lib/x86_64-linux-gnu/ivl/va_math.vpi";
S_0x5b4107427570 .scope module, "test" "test" 2 3;
 .timescale -9 -12;
v0x5b4107427700_0 .var "clk1", 0 0;
v0x5b410746fc80_0 .var "clk2", 0 0;
v0x5b410746fd40_0 .var/real "time_period", 0 0;
    .scope S_0x5b4107427570;
T_0 ;
    %pushi/real 1342177280, 4069; load=10.0000
    %store/real v0x5b410746fd40_0;
    %end;
    .thread T_0;
    .scope S_0x5b4107427570;
T_1 ;
    %load/real v0x5b410746fd40_0;
    %pushi/vec4 2, 0, 32;
    %cvt/rv/s;
    %div/wr;
    %pushi/real 2097152000, 4075; load=1000.00
    %mul/wr;
    %cvt/vr 64;
    %muli 1, 0, 64;
    %ix/vec4 4;
    %delayx 4;
    %load/vec4 v0x5b4107427700_0;
    %inv;
    %store/vec4 v0x5b4107427700_0, 0, 1;
    %jmp T_1;
    .thread T_1;
    .scope S_0x5b4107427570;
T_2 ;
    %load/real v0x5b410746fd40_0;
    %pushi/vec4 2, 0, 32;
    %cvt/rv/s;
    %div/wr;
    %pushi/real 2097152000, 4075; load=1000.00
    %mul/wr;
    %cvt/vr 64;
    %muli 1, 0, 64;
    %ix/vec4 4;
    %delayx 4;
    %load/vec4 v0x5b410746fc80_0;
    %inv;
    %store/vec4 v0x5b410746fc80_0, 0, 1;
    %jmp T_2;
    .thread T_2;
    .scope S_0x5b4107427570;
T_3 ;
    %pushi/vec4 0, 0, 1;
    %store/vec4 v0x5b4107427700_0, 0, 1;
    %delay 5000, 0;
    %pushi/vec4 0, 0, 1;
    %store/vec4 v0x5b410746fc80_0, 0, 1;
    %delay 500000, 0;
    %vpi_call 2 14 "$finish" {0 0 0};
    %end;
    .thread T_3;
    .scope S_0x5b4107427570;
T_4 ;
    %vpi_call 2 19 "$dumpfile", "dump.vcd" {0 0 0};
    %vpi_call 2 20 "$dumpvars", 32'sb00000000000000000000000000000000, S_0x5b4107427570 {0 0 0};
    %end;
    .thread T_4;
# The file index is used to find the file name in the following table.
:file_names 3;
    "N/A";
    "<interactive>";
    "clock.v";
