#! /usr/bin/vvp
:ivl_version "12.0 (stable)";
:ivl_delay_selection "TYPICAL";
:vpi_time_precision + 0;
:vpi_module "/usr/lib/x86_64-linux-gnu/ivl/system.vpi";
:vpi_module "/usr/lib/x86_64-linux-gnu/ivl/vhdl_sys.vpi";
:vpi_module "/usr/lib/x86_64-linux-gnu/ivl/vhdl_textio.vpi";
:vpi_module "/usr/lib/x86_64-linux-gnu/ivl/v2005_math.vpi";
:vpi_module "/usr/lib/x86_64-linux-gnu/ivl/va_math.vpi";
S_0x62b552643fc0 .scope module, "tb" "tb" 2 2;
 .timescale 0 0;
v0x62b552659e90_0 .var "clk", 0 0;
v0x62b552659f50_0 .var "in", 0 0;
v0x62b55265a020_0 .var "rst", 0 0;
v0x62b55265a120_0 .net "y", 0 0, v0x62b552659d50_0;  1 drivers
S_0x62b552644150 .scope module, "dut" "fsm" 2 5, 3 3 0, S_0x62b552643fc0;
 .timescale 0 0;
    .port_info 0 /INPUT 1 "rst";
    .port_info 1 /INPUT 1 "clk";
    .port_info 2 /INPUT 1 "in";
    .port_info 3 /OUTPUT 1 "y";
P_0x62b55262f130 .param/l "s0" 0 3 6, C4<00>;
P_0x62b55262f170 .param/l "s1" 0 3 6, C4<01>;
P_0x62b55262f1b0 .param/l "s2" 0 3 6, C4<10>;
P_0x62b55262f1f0 .param/l "s3" 0 3 6, C4<11>;
v0x62b552607490_0 .net "clk", 0 0, v0x62b552659e90_0;  1 drivers
v0x62b5526599b0_0 .net "in", 0 0, v0x62b552659f50_0;  1 drivers
v0x62b552659a70_0 .var "next_state", 1 0;
v0x62b552659b60_0 .net "rst", 0 0, v0x62b55265a020_0;  1 drivers
v0x62b552659c20_0 .var "state", 1 0;
v0x62b552659d50_0 .var "y", 0 0;
E_0x62b552640cc0 .event anyedge, v0x62b552659c20_0, v0x62b5526599b0_0;
E_0x62b552607910 .event posedge, v0x62b552659b60_0, v0x62b552607490_0;
    .scope S_0x62b552644150;
T_0 ;
    %wait E_0x62b552607910;
    %load/vec4 v0x62b552659b60_0;
    %flag_set/vec4 8;
    %jmp/0xz  T_0.0, 8;
    %pushi/vec4 0, 0, 2;
    %assign/vec4 v0x62b552659c20_0, 0;
    %jmp T_0.1;
T_0.0 ;
    %load/vec4 v0x62b552659a70_0;
    %assign/vec4 v0x62b552659c20_0, 0;
T_0.1 ;
    %jmp T_0;
    .thread T_0;
    .scope S_0x62b552644150;
T_1 ;
    %wait E_0x62b552640cc0;
    %load/vec4 v0x62b552659c20_0;
    %dup/vec4;
    %pushi/vec4 0, 0, 2;
    %cmp/u;
    %jmp/1 T_1.0, 6;
    %dup/vec4;
    %pushi/vec4 1, 0, 2;
    %cmp/u;
    %jmp/1 T_1.1, 6;
    %dup/vec4;
    %pushi/vec4 2, 0, 2;
    %cmp/u;
    %jmp/1 T_1.2, 6;
    %dup/vec4;
    %pushi/vec4 3, 0, 2;
    %cmp/u;
    %jmp/1 T_1.3, 6;
    %jmp T_1.4;
T_1.0 ;
    %load/vec4 v0x62b5526599b0_0;
    %flag_set/vec4 8;
    %jmp/0 T_1.5, 8;
    %pushi/vec4 1, 0, 2;
    %jmp/1 T_1.6, 8;
T_1.5 ; End of true expr.
    %pushi/vec4 0, 0, 2;
    %jmp/0 T_1.6, 8;
 ; End of false expr.
    %blend;
T_1.6;
    %store/vec4 v0x62b552659a70_0, 0, 2;
    %pushi/vec4 0, 0, 1;
    %store/vec4 v0x62b552659d50_0, 0, 1;
    %jmp T_1.4;
T_1.1 ;
    %load/vec4 v0x62b5526599b0_0;
    %flag_set/vec4 8;
    %jmp/0 T_1.7, 8;
    %pushi/vec4 2, 0, 2;
    %jmp/1 T_1.8, 8;
T_1.7 ; End of true expr.
    %pushi/vec4 0, 0, 2;
    %jmp/0 T_1.8, 8;
 ; End of false expr.
    %blend;
T_1.8;
    %store/vec4 v0x62b552659a70_0, 0, 2;
    %pushi/vec4 0, 0, 1;
    %store/vec4 v0x62b552659d50_0, 0, 1;
    %jmp T_1.4;
T_1.2 ;
    %load/vec4 v0x62b5526599b0_0;
    %flag_set/vec4 8;
    %jmp/0 T_1.9, 8;
    %pushi/vec4 2, 0, 2;
    %jmp/1 T_1.10, 8;
T_1.9 ; End of true expr.
    %pushi/vec4 3, 0, 2;
    %jmp/0 T_1.10, 8;
 ; End of false expr.
    %blend;
T_1.10;
    %store/vec4 v0x62b552659a70_0, 0, 2;
    %pushi/vec4 0, 0, 1;
    %store/vec4 v0x62b552659d50_0, 0, 1;
    %jmp T_1.4;
T_1.3 ;
    %load/vec4 v0x62b5526599b0_0;
    %flag_set/vec4 8;
    %jmp/0 T_1.11, 8;
    %pushi/vec4 0, 0, 2;
    %jmp/1 T_1.12, 8;
T_1.11 ; End of true expr.
    %pushi/vec4 0, 0, 2;
    %jmp/0 T_1.12, 8;
 ; End of false expr.
    %blend;
T_1.12;
    %store/vec4 v0x62b552659a70_0, 0, 2;
    %load/vec4 v0x62b5526599b0_0;
    %flag_set/vec4 8;
    %jmp/0 T_1.13, 8;
    %pushi/vec4 1, 0, 2;
    %jmp/1 T_1.14, 8;
T_1.13 ; End of true expr.
    %pushi/vec4 0, 0, 2;
    %jmp/0 T_1.14, 8;
 ; End of false expr.
    %blend;
T_1.14;
    %pad/s 1;
    %store/vec4 v0x62b552659d50_0, 0, 1;
    %jmp T_1.4;
T_1.4 ;
    %pop/vec4 1;
    %jmp T_1;
    .thread T_1, $push;
    .scope S_0x62b552643fc0;
T_2 ;
    %delay 5, 0;
    %load/vec4 v0x62b552659e90_0;
    %inv;
    %store/vec4 v0x62b552659e90_0, 0, 1;
    %jmp T_2;
    .thread T_2;
    .scope S_0x62b552643fc0;
T_3 ;
    %pushi/vec4 0, 0, 1;
    %store/vec4 v0x62b552659e90_0, 0, 1;
    %pushi/vec4 1, 0, 1;
    %store/vec4 v0x62b55265a020_0, 0, 1;
    %pushi/vec4 0, 0, 1;
    %store/vec4 v0x62b552659f50_0, 0, 1;
    %delay 10, 0;
    %pushi/vec4 0, 0, 1;
    %store/vec4 v0x62b55265a020_0, 0, 1;
    %delay 10, 0;
    %pushi/vec4 1, 0, 1;
    %store/vec4 v0x62b552659f50_0, 0, 1;
    %delay 10, 0;
    %pushi/vec4 1, 0, 1;
    %store/vec4 v0x62b552659f50_0, 0, 1;
    %delay 10, 0;
    %pushi/vec4 0, 0, 1;
    %store/vec4 v0x62b552659f50_0, 0, 1;
    %delay 10, 0;
    %pushi/vec4 1, 0, 1;
    %store/vec4 v0x62b552659f50_0, 0, 1;
    %delay 10, 0;
    %vpi_call 2 17 "$finish" {0 0 0};
    %end;
    .thread T_3;
    .scope S_0x62b552643fc0;
T_4 ;
    %vpi_call 2 20 "$monitor", " sim = %0t in=%b :: y=%b state = %d", $time, v0x62b552659f50_0, v0x62b55265a120_0, v0x62b552659c20_0 {0 0 0};
    %end;
    .thread T_4;
    .scope S_0x62b552643fc0;
T_5 ;
    %vpi_call 2 24 "$dumpfile", "dump.vcd" {0 0 0};
    %vpi_call 2 25 "$dumpvars", 32'sb00000000000000000000000000000000, S_0x62b552643fc0 {0 0 0};
    %end;
    .thread T_5;
# The file index is used to find the file name in the following table.
:file_names 4;
    "N/A";
    "<interactive>";
    "testbench.v";
    "./design.v";
