#! /usr/bin/vvp
:ivl_version "12.0 (stable)";
:ivl_delay_selection "TYPICAL";
:vpi_time_precision + 0;
:vpi_module "/usr/lib/x86_64-linux-gnu/ivl/system.vpi";
:vpi_module "/usr/lib/x86_64-linux-gnu/ivl/vhdl_sys.vpi";
:vpi_module "/usr/lib/x86_64-linux-gnu/ivl/vhdl_textio.vpi";
:vpi_module "/usr/lib/x86_64-linux-gnu/ivl/v2005_math.vpi";
:vpi_module "/usr/lib/x86_64-linux-gnu/ivl/va_math.vpi";
S_0x55ee95e54860 .scope module, "det_2_tb" "det_2_tb" 2 8;
 .timescale 0 0;
v0x55ee95e6c0a0_0 .var "a", 0 0;
v0x55ee95e6c160_0 .var "b", 0 0;
v0x55ee95e6c230_0 .var "c", 0 0;
v0x55ee95e6c330_0 .net "y0", 0 0, L_0x55ee95e6c4f0;  1 drivers
v0x55ee95e6c400_0 .net "y1", 0 0, L_0x55ee95e6c600;  1 drivers
S_0x55ee95e549f0 .scope module, "dut" "det_2" 2 11, 2 1 0, S_0x55ee95e54860;
 .timescale 0 0;
    .port_info 0 /INPUT 1 "a";
    .port_info 1 /INPUT 1 "b";
    .port_info 2 /INPUT 1 "c";
    .port_info 3 /OUTPUT 1 "y0";
    .port_info 4 /OUTPUT 1 "y1";
L_0x55ee95e6c4f0 .functor NOT 1, v0x55ee95e6c230_0, C4<0>, C4<0>, C4<0>;
L_0x55ee95e6c600 .functor BUFZ 1, v0x55ee95e6c230_0, C4<0>, C4<0>, C4<0>;
v0x55ee95e54bd0_0 .net "a", 0 0, v0x55ee95e6c0a0_0;  1 drivers
v0x55ee95e6bcd0_0 .net "b", 0 0, v0x55ee95e6c160_0;  1 drivers
v0x55ee95e6bd90_0 .net "c", 0 0, v0x55ee95e6c230_0;  1 drivers
v0x55ee95e6be30_0 .net "y0", 0 0, L_0x55ee95e6c4f0;  alias, 1 drivers
v0x55ee95e6bef0_0 .net "y1", 0 0, L_0x55ee95e6c600;  alias, 1 drivers
    .scope S_0x55ee95e54860;
T_0 ;
    %vpi_call 2 13 "$monitor", "Time = %0t  a= %b b=%b c= %b y0 = %b y1 =%b  ", $time, v0x55ee95e6c0a0_0, v0x55ee95e6c160_0, v0x55ee95e6c230_0, v0x55ee95e6c330_0, v0x55ee95e6c400_0 {0 0 0};
    %end;
    .thread T_0;
    .scope S_0x55ee95e54860;
T_1 ;
    %pushi/vec4 0, 0, 1;
    %store/vec4 v0x55ee95e6c0a0_0, 0, 1;
    %pushi/vec4 0, 0, 1;
    %store/vec4 v0x55ee95e6c160_0, 0, 1;
    %pushi/vec4 0, 0, 1;
    %store/vec4 v0x55ee95e6c230_0, 0, 1;
    %delay 10, 0;
    %pushi/vec4 0, 0, 1;
    %store/vec4 v0x55ee95e6c0a0_0, 0, 1;
    %pushi/vec4 0, 0, 1;
    %store/vec4 v0x55ee95e6c160_0, 0, 1;
    %pushi/vec4 0, 0, 1;
    %store/vec4 v0x55ee95e6c230_0, 0, 1;
    %delay 10, 0;
    %pushi/vec4 0, 0, 1;
    %store/vec4 v0x55ee95e6c0a0_0, 0, 1;
    %pushi/vec4 0, 0, 1;
    %store/vec4 v0x55ee95e6c160_0, 0, 1;
    %pushi/vec4 1, 0, 1;
    %store/vec4 v0x55ee95e6c230_0, 0, 1;
    %delay 10, 0;
    %pushi/vec4 0, 0, 1;
    %store/vec4 v0x55ee95e6c0a0_0, 0, 1;
    %pushi/vec4 1, 0, 1;
    %store/vec4 v0x55ee95e6c160_0, 0, 1;
    %pushi/vec4 0, 0, 1;
    %store/vec4 v0x55ee95e6c230_0, 0, 1;
    %delay 10, 0;
    %pushi/vec4 0, 0, 1;
    %store/vec4 v0x55ee95e6c0a0_0, 0, 1;
    %pushi/vec4 1, 0, 1;
    %store/vec4 v0x55ee95e6c160_0, 0, 1;
    %pushi/vec4 1, 0, 1;
    %store/vec4 v0x55ee95e6c230_0, 0, 1;
    %delay 10, 0;
    %pushi/vec4 1, 0, 1;
    %store/vec4 v0x55ee95e6c0a0_0, 0, 1;
    %pushi/vec4 0, 0, 1;
    %store/vec4 v0x55ee95e6c160_0, 0, 1;
    %pushi/vec4 0, 0, 1;
    %store/vec4 v0x55ee95e6c230_0, 0, 1;
    %delay 10, 0;
    %pushi/vec4 1, 0, 1;
    %store/vec4 v0x55ee95e6c0a0_0, 0, 1;
    %pushi/vec4 0, 0, 1;
    %store/vec4 v0x55ee95e6c160_0, 0, 1;
    %pushi/vec4 1, 0, 1;
    %store/vec4 v0x55ee95e6c230_0, 0, 1;
    %delay 10, 0;
    %pushi/vec4 1, 0, 1;
    %store/vec4 v0x55ee95e6c0a0_0, 0, 1;
    %pushi/vec4 1, 0, 1;
    %store/vec4 v0x55ee95e6c160_0, 0, 1;
    %pushi/vec4 0, 0, 1;
    %store/vec4 v0x55ee95e6c230_0, 0, 1;
    %delay 10, 0;
    %pushi/vec4 1, 0, 1;
    %store/vec4 v0x55ee95e6c0a0_0, 0, 1;
    %pushi/vec4 1, 0, 1;
    %store/vec4 v0x55ee95e6c160_0, 0, 1;
    %pushi/vec4 1, 0, 1;
    %store/vec4 v0x55ee95e6c230_0, 0, 1;
    %end;
    .thread T_1;
    .scope S_0x55ee95e54860;
T_2 ;
    %vpi_call 2 28 "$dumpfile", "det_2.vcd" {0 0 0};
    %vpi_call 2 29 "$dumpvars", 32'sb00000000000000000000000000000000, S_0x55ee95e54860 {0 0 0};
    %end;
    .thread T_2;
# The file index is used to find the file name in the following table.
:file_names 3;
    "N/A";
    "<interactive>";
    "det.v";
