#! /usr/bin/vvp
:ivl_version "12.0 (stable)";
:ivl_delay_selection "TYPICAL";
:vpi_time_precision + 0;
:vpi_module "/usr/lib/x86_64-linux-gnu/ivl/system.vpi";
:vpi_module "/usr/lib/x86_64-linux-gnu/ivl/vhdl_sys.vpi";
:vpi_module "/usr/lib/x86_64-linux-gnu/ivl/vhdl_textio.vpi";
:vpi_module "/usr/lib/x86_64-linux-gnu/ivl/v2005_math.vpi";
:vpi_module "/usr/lib/x86_64-linux-gnu/ivl/va_math.vpi";
S_0x5efe3221b810 .scope module, "tb" "tb" 2 3;
 .timescale 0 0;
v0x5efe32233c20_0 .var "clk", 0 0;
v0x5efe32233ce0_0 .var "in_seq", 0 0;
v0x5efe32233db0_0 .net "out", 0 0, v0x5efe322338f0_0;  1 drivers
v0x5efe32233eb0_0 .var "rst", 0 0;
S_0x5efe3221b9a0 .scope module, "dut" "moore" 2 6, 3 2 0, S_0x5efe3221b810;
 .timescale 0 0;
    .port_info 0 /INPUT 1 "in_seq";
    .port_info 1 /INPUT 1 "clk";
    .port_info 2 /INPUT 1 "rst";
    .port_info 3 /OUTPUT 1 "out";
P_0x5efe321db490 .param/l "idle" 0 3 6, C4<000>;
P_0x5efe321db4d0 .param/l "s1" 0 3 7, C4<001>;
P_0x5efe321db510 .param/l "s10" 0 3 8, C4<010>;
P_0x5efe321db550 .param/l "s101" 0 3 9, C4<011>;
P_0x5efe321db590 .param/l "s1011" 0 3 10, C4<100>;
P_0x5efe321db5d0 .param/l "s10110" 0 3 11, C4<101>;
v0x5efe3221c0b0_0 .net "clk", 0 0, v0x5efe32233c20_0;  1 drivers
v0x5efe32233740_0 .net "in_seq", 0 0, v0x5efe32233ce0_0;  1 drivers
v0x5efe32233800_0 .var "ns", 2 0;
v0x5efe322338f0_0 .var "out", 0 0;
v0x5efe322339b0_0 .var "ps", 2 0;
v0x5efe32233ae0_0 .net "rst", 0 0, v0x5efe32233eb0_0;  1 drivers
E_0x5efe32214700 .event anyedge, v0x5efe322339b0_0, v0x5efe32233740_0;
E_0x5efe32214580 .event posedge, v0x5efe3221c0b0_0;
    .scope S_0x5efe3221b9a0;
T_0 ;
    %wait E_0x5efe32214580;
    %load/vec4 v0x5efe32233ae0_0;
    %nor/r;
    %flag_set/vec4 8;
    %jmp/0xz  T_0.0, 8;
    %pushi/vec4 0, 0, 3;
    %assign/vec4 v0x5efe322339b0_0, 0;
    %jmp T_0.1;
T_0.0 ;
    %load/vec4 v0x5efe32233800_0;
    %assign/vec4 v0x5efe322339b0_0, 0;
T_0.1 ;
    %jmp T_0;
    .thread T_0;
    .scope S_0x5efe3221b9a0;
T_1 ;
    %wait E_0x5efe32214700;
    %load/vec4 v0x5efe322339b0_0;
    %dup/vec4;
    %pushi/vec4 0, 0, 3;
    %cmp/u;
    %jmp/1 T_1.0, 6;
    %dup/vec4;
    %pushi/vec4 1, 0, 3;
    %cmp/u;
    %jmp/1 T_1.1, 6;
    %dup/vec4;
    %pushi/vec4 2, 0, 3;
    %cmp/u;
    %jmp/1 T_1.2, 6;
    %dup/vec4;
    %pushi/vec4 3, 0, 3;
    %cmp/u;
    %jmp/1 T_1.3, 6;
    %dup/vec4;
    %pushi/vec4 4, 0, 3;
    %cmp/u;
    %jmp/1 T_1.4, 6;
    %dup/vec4;
    %pushi/vec4 5, 0, 3;
    %cmp/u;
    %jmp/1 T_1.5, 6;
    %jmp T_1.6;
T_1.0 ;
    %load/vec4 v0x5efe32233740_0;
    %flag_set/vec4 8;
    %jmp/0xz  T_1.7, 8;
    %pushi/vec4 1, 0, 3;
    %store/vec4 v0x5efe32233800_0, 0, 3;
    %pushi/vec4 0, 0, 1;
    %store/vec4 v0x5efe322338f0_0, 0, 1;
    %jmp T_1.8;
T_1.7 ;
    %pushi/vec4 0, 0, 3;
    %store/vec4 v0x5efe32233800_0, 0, 3;
    %pushi/vec4 0, 0, 1;
    %store/vec4 v0x5efe322338f0_0, 0, 1;
T_1.8 ;
    %jmp T_1.6;
T_1.1 ;
    %load/vec4 v0x5efe32233740_0;
    %flag_set/vec4 8;
    %jmp/0xz  T_1.9, 8;
    %pushi/vec4 1, 0, 3;
    %store/vec4 v0x5efe32233800_0, 0, 3;
    %pushi/vec4 0, 0, 1;
    %store/vec4 v0x5efe322338f0_0, 0, 1;
    %jmp T_1.10;
T_1.9 ;
    %pushi/vec4 2, 0, 3;
    %store/vec4 v0x5efe32233800_0, 0, 3;
    %pushi/vec4 0, 0, 1;
    %store/vec4 v0x5efe322338f0_0, 0, 1;
T_1.10 ;
    %jmp T_1.6;
T_1.2 ;
    %load/vec4 v0x5efe32233740_0;
    %flag_set/vec4 8;
    %jmp/0xz  T_1.11, 8;
    %pushi/vec4 3, 0, 3;
    %store/vec4 v0x5efe32233800_0, 0, 3;
    %pushi/vec4 0, 0, 1;
    %store/vec4 v0x5efe322338f0_0, 0, 1;
    %jmp T_1.12;
T_1.11 ;
    %pushi/vec4 0, 0, 3;
    %store/vec4 v0x5efe32233800_0, 0, 3;
    %pushi/vec4 0, 0, 1;
    %store/vec4 v0x5efe322338f0_0, 0, 1;
T_1.12 ;
    %jmp T_1.6;
T_1.3 ;
    %load/vec4 v0x5efe32233740_0;
    %flag_set/vec4 8;
    %jmp/0xz  T_1.13, 8;
    %pushi/vec4 4, 0, 3;
    %store/vec4 v0x5efe32233800_0, 0, 3;
    %pushi/vec4 0, 0, 1;
    %store/vec4 v0x5efe322338f0_0, 0, 1;
    %jmp T_1.14;
T_1.13 ;
    %pushi/vec4 1, 0, 3;
    %store/vec4 v0x5efe32233800_0, 0, 3;
    %pushi/vec4 0, 0, 1;
    %store/vec4 v0x5efe322338f0_0, 0, 1;
T_1.14 ;
    %jmp T_1.6;
T_1.4 ;
    %load/vec4 v0x5efe32233740_0;
    %flag_set/vec4 8;
    %jmp/0xz  T_1.15, 8;
    %pushi/vec4 1, 0, 3;
    %store/vec4 v0x5efe32233800_0, 0, 3;
    %pushi/vec4 0, 0, 1;
    %store/vec4 v0x5efe322338f0_0, 0, 1;
    %jmp T_1.16;
T_1.15 ;
    %pushi/vec4 5, 0, 3;
    %store/vec4 v0x5efe32233800_0, 0, 3;
    %pushi/vec4 0, 0, 1;
    %store/vec4 v0x5efe322338f0_0, 0, 1;
T_1.16 ;
    %jmp T_1.6;
T_1.5 ;
    %load/vec4 v0x5efe32233740_0;
    %flag_set/vec4 8;
    %jmp/0xz  T_1.17, 8;
    %pushi/vec4 3, 0, 3;
    %store/vec4 v0x5efe32233800_0, 0, 3;
    %pushi/vec4 1, 0, 1;
    %store/vec4 v0x5efe322338f0_0, 0, 1;
    %jmp T_1.18;
T_1.17 ;
    %pushi/vec4 0, 0, 3;
    %store/vec4 v0x5efe32233800_0, 0, 3;
    %pushi/vec4 1, 0, 1;
    %store/vec4 v0x5efe322338f0_0, 0, 1;
T_1.18 ;
    %jmp T_1.6;
T_1.6 ;
    %pop/vec4 1;
    %jmp T_1;
    .thread T_1, $push;
    .scope S_0x5efe3221b810;
T_2 ;
    %vpi_call 2 8 "$monitor", "time = %0t in_sequence = %b out = %b", $time, v0x5efe32233ce0_0, v0x5efe32233db0_0 {0 0 0};
    %pushi/vec4 0, 0, 1;
    %store/vec4 v0x5efe32233c20_0, 0, 1;
    %pushi/vec4 0, 0, 1;
    %store/vec4 v0x5efe32233eb0_0, 0, 1;
    %delay 7, 0;
    %pushi/vec4 1, 0, 1;
    %store/vec4 v0x5efe32233eb0_0, 0, 1;
    %pushi/vec4 1, 0, 1;
    %store/vec4 v0x5efe32233ce0_0, 0, 1;
    %delay 10, 0;
    %pushi/vec4 0, 0, 1;
    %store/vec4 v0x5efe32233ce0_0, 0, 1;
    %delay 10, 0;
    %pushi/vec4 1, 0, 1;
    %store/vec4 v0x5efe32233ce0_0, 0, 1;
    %delay 10, 0;
    %pushi/vec4 1, 0, 1;
    %store/vec4 v0x5efe32233ce0_0, 0, 1;
    %delay 10, 0;
    %pushi/vec4 0, 0, 1;
    %store/vec4 v0x5efe32233ce0_0, 0, 1;
    %delay 10, 0;
    %pushi/vec4 1, 0, 1;
    %store/vec4 v0x5efe32233ce0_0, 0, 1;
    %delay 10, 0;
    %pushi/vec4 0, 0, 1;
    %store/vec4 v0x5efe32233ce0_0, 0, 1;
    %delay 10, 0;
    %pushi/vec4 1, 0, 1;
    %store/vec4 v0x5efe32233ce0_0, 0, 1;
    %delay 10, 0;
    %pushi/vec4 1, 0, 1;
    %store/vec4 v0x5efe32233ce0_0, 0, 1;
    %delay 10, 0;
    %pushi/vec4 0, 0, 1;
    %store/vec4 v0x5efe32233ce0_0, 0, 1;
    %delay 20, 0;
    %vpi_call 2 23 "$finish" {0 0 0};
    %end;
    .thread T_2;
    .scope S_0x5efe3221b810;
T_3 ;
    %delay 5, 0;
    %load/vec4 v0x5efe32233c20_0;
    %inv;
    %store/vec4 v0x5efe32233c20_0, 0, 1;
    %jmp T_3;
    .thread T_3;
    .scope S_0x5efe3221b810;
T_4 ;
    %vpi_call 2 27 "$dumpfile", "dump.vcd" {0 0 0};
    %vpi_call 2 28 "$dumpvars", 32'sb00000000000000000000000000000000, S_0x5efe3221b810 {0 0 0};
    %end;
    .thread T_4;
# The file index is used to find the file name in the following table.
:file_names 4;
    "N/A";
    "<interactive>";
    "testbench.v";
    "./design.v";
