#! /usr/bin/vvp
:ivl_version "12.0 (stable)";
:ivl_delay_selection "TYPICAL";
:vpi_time_precision + 0;
:vpi_module "/usr/lib/x86_64-linux-gnu/ivl/system.vpi";
:vpi_module "/usr/lib/x86_64-linux-gnu/ivl/vhdl_sys.vpi";
:vpi_module "/usr/lib/x86_64-linux-gnu/ivl/vhdl_textio.vpi";
:vpi_module "/usr/lib/x86_64-linux-gnu/ivl/v2005_math.vpi";
:vpi_module "/usr/lib/x86_64-linux-gnu/ivl/va_math.vpi";
S_0x623d6f2cea20 .scope module, "tb" "tb" 2 11;
 .timescale 0 0;
P_0x623d6f2cebb0 .param/l "n" 0 2 12, +C4<00000000000000000000000000100000>;
v0x623d6f2e29a0_0 .var "i", 31 0;
v0x623d6f2e2a90_0 .var "s", 4 0;
v0x623d6f2e2b60_0 .net "y", 0 0, L_0x623d6f2e2c60;  1 drivers
S_0x623d6f2cec50 .scope begin, "$ivl_for_loop0" "$ivl_for_loop0" 2 19, 2 19 0, S_0x623d6f2cea20;
 .timescale 0 0;
v0x623d6f2cefa0_0 .var/i "j", 31 0;
S_0x623d6f2e2350 .scope module, "dut" "mux" 2 16, 2 2 0, S_0x623d6f2cea20;
 .timescale 0 0;
    .port_info 0 /INPUT 32 "i";
    .port_info 1 /INPUT 5 "s";
    .port_info 2 /OUTPUT 1 "y";
P_0x623d6f2e2550 .param/l "n" 0 2 2, +C4<00000000000000000000000000100000>;
v0x623d6f2e2670_0 .net "i", 31 0, v0x623d6f2e29a0_0;  1 drivers
v0x623d6f2e2770_0 .net "s", 4 0, v0x623d6f2e2a90_0;  1 drivers
v0x623d6f2e2850_0 .net "y", 0 0, L_0x623d6f2e2c60;  alias, 1 drivers
L_0x623d6f2e2c60 .part/v v0x623d6f2e29a0_0, v0x623d6f2e2a90_0, 1;
    .scope S_0x623d6f2cea20;
T_0 ;
    %vpi_call 2 18 "$monitor", "i = %b  s = %b  ::  y=%b", v0x623d6f2e29a0_0, v0x623d6f2e2a90_0, v0x623d6f2e2b60_0 {0 0 0};
    %fork t_1, S_0x623d6f2cec50;
    %jmp t_0;
    .scope S_0x623d6f2cec50;
t_1 ;
    %pushi/vec4 0, 0, 32;
    %store/vec4 v0x623d6f2cefa0_0, 0, 32;
T_0.0 ;
    %load/vec4 v0x623d6f2cefa0_0;
    %cmpi/s 32, 0, 32;
    %jmp/0xz T_0.1, 5;
    %pushi/vec4 1, 0, 32;
    %load/vec4 v0x623d6f2cefa0_0;
    %ix/vec4 4;
    %shiftl 4;
    %store/vec4 v0x623d6f2e29a0_0, 0, 32;
    %load/vec4 v0x623d6f2cefa0_0;
    %pad/s 5;
    %store/vec4 v0x623d6f2e2a90_0, 0, 5;
    %delay 5, 0;
    %load/vec4 v0x623d6f2cefa0_0;
    %addi 1, 0, 32;
    %store/vec4 v0x623d6f2cefa0_0, 0, 32;
    %jmp T_0.0;
T_0.1 ;
    %end;
    .scope S_0x623d6f2cea20;
t_0 %join;
    %end;
    .thread T_0;
    .scope S_0x623d6f2cea20;
T_1 ;
    %vpi_call 2 25 "$dumpfile", "dump.vcd" {0 0 0};
    %vpi_call 2 26 "$dumpvars", 32'sb00000000000000000000000000000000, S_0x623d6f2cea20 {0 0 0};
    %end;
    .thread T_1;
# The file index is used to find the file name in the following table.
:file_names 3;
    "N/A";
    "<interactive>";
    "mux.v";
