#! /usr/bin/vvp
:ivl_version "12.0 (stable)";
:ivl_delay_selection "TYPICAL";
:vpi_time_precision + 0;
:vpi_module "/usr/lib/x86_64-linux-gnu/ivl/system.vpi";
:vpi_module "/usr/lib/x86_64-linux-gnu/ivl/vhdl_sys.vpi";
:vpi_module "/usr/lib/x86_64-linux-gnu/ivl/vhdl_textio.vpi";
:vpi_module "/usr/lib/x86_64-linux-gnu/ivl/v2005_math.vpi";
:vpi_module "/usr/lib/x86_64-linux-gnu/ivl/va_math.vpi";
S_0x5acd6419e440 .scope module, "tb" "tb" 2 3;
 .timescale 0 0;
v0x5acd641b3bc0_0 .var "clk", 0 0;
v0x5acd641b3c80_0 .net "q", 3 0, L_0x5acd641b3f20;  1 drivers
v0x5acd641b3d50_0 .var "rst", 0 0;
v0x5acd641b3e50_0 .var "si", 0 0;
S_0x5acd6419e5d0 .scope module, "dut" "register" 2 6, 3 3 0, S_0x5acd6419e440;
 .timescale 0 0;
    .port_info 0 /INPUT 1 "rst";
    .port_info 1 /INPUT 1 "clk";
    .port_info 2 /INPUT 1 "si";
    .port_info 3 /OUTPUT 4 "q";
L_0x5acd641b3f20 .functor BUFZ 4, v0x5acd641b3a10_0, C4<0000>, C4<0000>, C4<0000>;
v0x5acd6419e820_0 .net "clk", 0 0, v0x5acd641b3bc0_0;  1 drivers
v0x5acd641b37d0_0 .net "q", 3 0, L_0x5acd641b3f20;  alias, 1 drivers
v0x5acd641b38b0_0 .net "rst", 0 0, v0x5acd641b3d50_0;  1 drivers
v0x5acd641b3950_0 .net "si", 0 0, v0x5acd641b3e50_0;  1 drivers
v0x5acd641b3a10_0 .var "temp", 3 0;
E_0x5acd64164910 .event posedge, v0x5acd641b38b0_0, v0x5acd6419e820_0;
    .scope S_0x5acd6419e5d0;
T_0 ;
    %wait E_0x5acd64164910;
    %load/vec4 v0x5acd641b38b0_0;
    %flag_set/vec4 8;
    %jmp/0xz  T_0.0, 8;
    %pushi/vec4 0, 0, 4;
    %assign/vec4 v0x5acd641b3a10_0, 0;
    %jmp T_0.1;
T_0.0 ;
    %load/vec4 v0x5acd641b3950_0;
    %load/vec4 v0x5acd641b3a10_0;
    %parti/s 3, 1, 2;
    %concat/vec4; draw_concat_vec4
    %assign/vec4 v0x5acd641b3a10_0, 0;
T_0.1 ;
    %jmp T_0;
    .thread T_0;
    .scope S_0x5acd6419e440;
T_1 ;
    %vpi_call 2 8 "$monitor", "time = %0t rst=%b si=%b :: q=%b", $time, v0x5acd641b3d50_0, v0x5acd641b3e50_0, v0x5acd641b3c80_0 {0 0 0};
    %pushi/vec4 0, 0, 1;
    %store/vec4 v0x5acd641b3bc0_0, 0, 1;
    %pushi/vec4 1, 0, 1;
    %store/vec4 v0x5acd641b3d50_0, 0, 1;
    %delay 12, 0;
    %pushi/vec4 0, 0, 1;
    %store/vec4 v0x5acd641b3d50_0, 0, 1;
    %pushi/vec4 0, 0, 1;
    %store/vec4 v0x5acd641b3e50_0, 0, 1;
    %delay 10, 0;
    %pushi/vec4 1, 0, 1;
    %store/vec4 v0x5acd641b3e50_0, 0, 1;
    %delay 10, 0;
    %pushi/vec4 1, 0, 1;
    %store/vec4 v0x5acd641b3e50_0, 0, 1;
    %delay 10, 0;
    %pushi/vec4 0, 0, 1;
    %store/vec4 v0x5acd641b3e50_0, 0, 1;
    %delay 10, 0;
    %pushi/vec4 1, 0, 1;
    %store/vec4 v0x5acd641b3e50_0, 0, 1;
    %delay 10, 0;
    %pushi/vec4 0, 0, 1;
    %store/vec4 v0x5acd641b3e50_0, 0, 1;
    %delay 10, 0;
    %pushi/vec4 1, 0, 1;
    %store/vec4 v0x5acd641b3e50_0, 0, 1;
    %delay 10, 0;
    %pushi/vec4 0, 0, 1;
    %store/vec4 v0x5acd641b3e50_0, 0, 1;
    %delay 10, 0;
    %pushi/vec4 1, 0, 1;
    %store/vec4 v0x5acd641b3e50_0, 0, 1;
    %delay 20, 0;
    %vpi_call 2 21 "$finish" {0 0 0};
    %end;
    .thread T_1;
    .scope S_0x5acd6419e440;
T_2 ;
    %delay 5, 0;
    %load/vec4 v0x5acd641b3bc0_0;
    %inv;
    %store/vec4 v0x5acd641b3bc0_0, 0, 1;
    %jmp T_2;
    .thread T_2;
    .scope S_0x5acd6419e440;
T_3 ;
    %vpi_call 2 25 "$dumpfile", "dump.vcd" {0 0 0};
    %vpi_call 2 26 "$dumpvars", 32'sb00000000000000000000000000000000, S_0x5acd6419e440 {0 0 0};
    %end;
    .thread T_3;
# The file index is used to find the file name in the following table.
:file_names 4;
    "N/A";
    "<interactive>";
    "testbench.v";
    "./design.v";
