#! /usr/bin/vvp
:ivl_version "12.0 (stable)";
:ivl_delay_selection "TYPICAL";
:vpi_time_precision + 0;
:vpi_module "/usr/lib/x86_64-linux-gnu/ivl/system.vpi";
:vpi_module "/usr/lib/x86_64-linux-gnu/ivl/vhdl_sys.vpi";
:vpi_module "/usr/lib/x86_64-linux-gnu/ivl/vhdl_textio.vpi";
:vpi_module "/usr/lib/x86_64-linux-gnu/ivl/v2005_math.vpi";
:vpi_module "/usr/lib/x86_64-linux-gnu/ivl/va_math.vpi";
S_0x5b79cc5e8f20 .scope module, "tb" "tb" 2 19;
 .timescale 0 0;
v0x5b79cc5fb000_0 .var "clk", 0 0;
v0x5b79cc5fb0d0_0 .net "count", 2 0, L_0x5b79cc5fb2a0;  1 drivers
v0x5b79cc5fb1a0_0 .var "rst", 0 0;
S_0x5b79cc5e90b0 .scope module, "dut" "counter" 2 22, 2 3 0, S_0x5b79cc5e8f20;
 .timescale 0 0;
    .port_info 0 /INPUT 1 "rst";
    .port_info 1 /INPUT 1 "clk";
    .port_info 2 /OUTPUT 3 "count";
L_0x5b79cc5fb2a0 .functor BUFZ 3, v0x5b79cc5faea0_0, C4<000>, C4<000>, C4<000>;
v0x5b79cc5e9300_0 .net "clk", 0 0, v0x5b79cc5fb000_0;  1 drivers
v0x5b79cc5fad20_0 .net "count", 2 0, L_0x5b79cc5fb2a0;  alias, 1 drivers
v0x5b79cc5fae00_0 .net "rst", 0 0, v0x5b79cc5fb1a0_0;  1 drivers
v0x5b79cc5faea0_0 .var "temp", 2 0;
E_0x5b79cc5aff50 .event posedge, v0x5b79cc5e9300_0;
    .scope S_0x5b79cc5e90b0;
T_0 ;
    %wait E_0x5b79cc5aff50;
    %load/vec4 v0x5b79cc5fae00_0;
    %flag_set/vec4 8;
    %jmp/0xz  T_0.0, 8;
    %pushi/vec4 0, 0, 3;
    %assign/vec4 v0x5b79cc5faea0_0, 0;
    %jmp T_0.1;
T_0.0 ;
    %load/vec4 v0x5b79cc5faea0_0;
    %addi 1, 0, 3;
    %assign/vec4 v0x5b79cc5faea0_0, 0;
T_0.1 ;
    %jmp T_0;
    .thread T_0;
    .scope S_0x5b79cc5e8f20;
T_1 ;
    %delay 5, 0;
    %load/vec4 v0x5b79cc5fb000_0;
    %inv;
    %store/vec4 v0x5b79cc5fb000_0, 0, 1;
    %jmp T_1;
    .thread T_1;
    .scope S_0x5b79cc5e8f20;
T_2 ;
    %vpi_call 2 25 "$monitor", "rst =%b  ::   count =%b ", v0x5b79cc5fb1a0_0, v0x5b79cc5fb0d0_0 {0 0 0};
    %pushi/vec4 0, 0, 1;
    %store/vec4 v0x5b79cc5fb000_0, 0, 1;
    %delay 6, 0;
    %pushi/vec4 1, 0, 1;
    %store/vec4 v0x5b79cc5fb1a0_0, 0, 1;
    %delay 13, 0;
    %pushi/vec4 0, 0, 1;
    %store/vec4 v0x5b79cc5fb1a0_0, 0, 1;
    %delay 1000, 0;
    %vpi_call 2 29 "$finish" {0 0 0};
    %end;
    .thread T_2;
    .scope S_0x5b79cc5e8f20;
T_3 ;
    %vpi_call 2 32 "$dumpfile", "dump.vcd" {0 0 0};
    %vpi_call 2 33 "$dumpvars", 32'sb00000000000000000000000000000000, S_0x5b79cc5e8f20 {0 0 0};
    %end;
    .thread T_3;
# The file index is used to find the file name in the following table.
:file_names 3;
    "N/A";
    "<interactive>";
    "counter.v";
