#! /usr/bin/vvp
:ivl_version "12.0 (stable)";
:ivl_delay_selection "TYPICAL";
:vpi_time_precision + 0;
:vpi_module "/usr/lib/x86_64-linux-gnu/ivl/system.vpi";
:vpi_module "/usr/lib/x86_64-linux-gnu/ivl/vhdl_sys.vpi";
:vpi_module "/usr/lib/x86_64-linux-gnu/ivl/vhdl_textio.vpi";
:vpi_module "/usr/lib/x86_64-linux-gnu/ivl/v2005_math.vpi";
:vpi_module "/usr/lib/x86_64-linux-gnu/ivl/va_math.vpi";
S_0x5a70d9f73120 .scope module, "tb" "tb" 2 4;
 .timescale 0 0;
v0x5a70d9f9ec50_0 .var "a", 3 0;
v0x5a70d9f9ed30_0 .var "b", 3 0;
v0x5a70d9f9ee00_0 .net "carry", 0 0, L_0x5a70d9fa2260;  1 drivers
v0x5a70d9f9ef00_0 .var "cin", 0 0;
v0x5a70d9f9efd0_0 .var/i "k", 31 0;
v0x5a70d9f9f0c0_0 .net "sum", 3 0, L_0x5a70d9fa1d80;  1 drivers
S_0x5a70d9f6fe60 .scope module, "dut" "adder" 2 12, 3 8 0, S_0x5a70d9f73120;
 .timescale 0 0;
    .port_info 0 /INPUT 4 "a";
    .port_info 1 /INPUT 4 "b";
    .port_info 2 /INPUT 1 "cin";
    .port_info 3 /OUTPUT 4 "sum";
    .port_info 4 /OUTPUT 1 "cout";
L_0x5a70d9fa1d10 .functor BUFZ 1, v0x5a70d9f9ef00_0, C4<0>, C4<0>, C4<0>;
v0x5a70d9f9e5d0_0 .net *"_ivl_33", 0 0, L_0x5a70d9fa1d10;  1 drivers
v0x5a70d9f9e6d0_0 .net "a", 3 0, v0x5a70d9f9ec50_0;  1 drivers
v0x5a70d9f9e7b0_0 .net "b", 3 0, v0x5a70d9f9ed30_0;  1 drivers
v0x5a70d9f9e870_0 .net "cin", 0 0, v0x5a70d9f9ef00_0;  1 drivers
v0x5a70d9f9e930_0 .net "cout", 0 0, L_0x5a70d9fa2260;  alias, 1 drivers
v0x5a70d9f9e9f0_0 .net "sum", 3 0, L_0x5a70d9fa1d80;  alias, 1 drivers
v0x5a70d9f9ead0_0 .net "w", 4 0, L_0x5a70d9fa1f60;  1 drivers
L_0x5a70d9f9fa30 .part v0x5a70d9f9ec50_0, 0, 1;
L_0x5a70d9f9fb70 .part v0x5a70d9f9ed30_0, 0, 1;
L_0x5a70d9f9fcb0 .part L_0x5a70d9fa1f60, 0, 1;
L_0x5a70d9fa0540 .part v0x5a70d9f9ec50_0, 1, 1;
L_0x5a70d9fa0660 .part v0x5a70d9f9ed30_0, 1, 1;
L_0x5a70d9fa0750 .part L_0x5a70d9fa1f60, 1, 1;
L_0x5a70d9fa0fa0 .part v0x5a70d9f9ec50_0, 2, 1;
L_0x5a70d9fa1090 .part v0x5a70d9f9ed30_0, 2, 1;
L_0x5a70d9fa1180 .part L_0x5a70d9fa1f60, 2, 1;
L_0x5a70d9fa19a0 .part v0x5a70d9f9ec50_0, 3, 1;
L_0x5a70d9fa1af0 .part v0x5a70d9f9ed30_0, 3, 1;
L_0x5a70d9fa1b90 .part L_0x5a70d9fa1f60, 3, 1;
L_0x5a70d9fa1d80 .concat8 [ 1 1 1 1], L_0x5a70d9f9f260, L_0x5a70d9f9fe40, L_0x5a70d9fa0970, L_0x5a70d9fa12c0;
LS_0x5a70d9fa1f60_0_0 .concat8 [ 1 1 1 1], L_0x5a70d9fa1d10, L_0x5a70d9f9f160, L_0x5a70d9f9fda0, L_0x5a70d9fa08d0;
LS_0x5a70d9fa1f60_0_4 .concat8 [ 1 0 0 0], L_0x5a70d9fa1220;
L_0x5a70d9fa1f60 .concat8 [ 4 1 0 0], LS_0x5a70d9fa1f60_0_0, LS_0x5a70d9fa1f60_0_4;
L_0x5a70d9fa2260 .part L_0x5a70d9fa1f60, 4, 1;
S_0x5a70d9f7cb40 .scope generate, "ripple[0]" "ripple[0]" 3 20, 3 20 0, S_0x5a70d9f6fe60;
 .timescale 0 0;
P_0x5a70d9f7cd20 .param/l "i" 1 3 20, +C4<00>;
S_0x5a70d9f75920 .scope module, "fa" "FA" 3 22, 3 1 0, S_0x5a70d9f7cb40;
 .timescale 0 0;
    .port_info 0 /INPUT 1 "a";
    .port_info 1 /INPUT 1 "b";
    .port_info 2 /INPUT 1 "cin";
    .port_info 3 /OUTPUT 1 "sum";
    .port_info 4 /OUTPUT 1 "carry";
L_0x70fc6f840060 .functor BUFT 1, C4<0>, C4<0>, C4<0>, C4<0>;
v0x5a70d9f70570_0 .net *"_ivl_10", 0 0, L_0x70fc6f840060;  1 drivers
v0x5a70d9f6d2b0_0 .net *"_ivl_11", 1 0, L_0x5a70d9f9f650;  1 drivers
v0x5a70d9f69ff0_0 .net *"_ivl_13", 1 0, L_0x5a70d9f9f790;  1 drivers
L_0x70fc6f8400a8 .functor BUFT 1, C4<0>, C4<0>, C4<0>, C4<0>;
v0x5a70d9f701a0_0 .net *"_ivl_16", 0 0, L_0x70fc6f8400a8;  1 drivers
v0x5a70d9f6cee0_0 .net *"_ivl_17", 1 0, L_0x5a70d9f9f8f0;  1 drivers
v0x5a70d9f69bf0_0 .net *"_ivl_3", 1 0, L_0x5a70d9f9f380;  1 drivers
L_0x70fc6f840018 .functor BUFT 1, C4<0>, C4<0>, C4<0>, C4<0>;
v0x5a70d9f9af10_0 .net *"_ivl_6", 0 0, L_0x70fc6f840018;  1 drivers
v0x5a70d9f9aff0_0 .net *"_ivl_7", 1 0, L_0x5a70d9f9f4d0;  1 drivers
v0x5a70d9f9b0d0_0 .net "a", 0 0, L_0x5a70d9f9fa30;  1 drivers
v0x5a70d9f9b190_0 .net "b", 0 0, L_0x5a70d9f9fb70;  1 drivers
v0x5a70d9f9b250_0 .net "carry", 0 0, L_0x5a70d9f9f160;  1 drivers
v0x5a70d9f9b310_0 .net "cin", 0 0, L_0x5a70d9f9fcb0;  1 drivers
v0x5a70d9f9b3d0_0 .net "sum", 0 0, L_0x5a70d9f9f260;  1 drivers
L_0x5a70d9f9f160 .part L_0x5a70d9f9f8f0, 1, 1;
L_0x5a70d9f9f260 .part L_0x5a70d9f9f8f0, 0, 1;
L_0x5a70d9f9f380 .concat [ 1 1 0 0], L_0x5a70d9f9fa30, L_0x70fc6f840018;
L_0x5a70d9f9f4d0 .concat [ 1 1 0 0], L_0x5a70d9f9fb70, L_0x70fc6f840060;
L_0x5a70d9f9f650 .arith/sum 2, L_0x5a70d9f9f380, L_0x5a70d9f9f4d0;
L_0x5a70d9f9f790 .concat [ 1 1 0 0], L_0x5a70d9f9fcb0, L_0x70fc6f8400a8;
L_0x5a70d9f9f8f0 .arith/sum 2, L_0x5a70d9f9f650, L_0x5a70d9f9f790;
S_0x5a70d9f9b530 .scope generate, "ripple[1]" "ripple[1]" 3 20, 3 20 0, S_0x5a70d9f6fe60;
 .timescale 0 0;
P_0x5a70d9f9b700 .param/l "i" 1 3 20, +C4<01>;
S_0x5a70d9f9b7c0 .scope module, "fa" "FA" 3 22, 3 1 0, S_0x5a70d9f9b530;
 .timescale 0 0;
    .port_info 0 /INPUT 1 "a";
    .port_info 1 /INPUT 1 "b";
    .port_info 2 /INPUT 1 "cin";
    .port_info 3 /OUTPUT 1 "sum";
    .port_info 4 /OUTPUT 1 "carry";
L_0x70fc6f840138 .functor BUFT 1, C4<0>, C4<0>, C4<0>, C4<0>;
v0x5a70d9f9b9a0_0 .net *"_ivl_10", 0 0, L_0x70fc6f840138;  1 drivers
v0x5a70d9f9baa0_0 .net *"_ivl_11", 1 0, L_0x5a70d9fa0190;  1 drivers
v0x5a70d9f9bb80_0 .net *"_ivl_13", 1 0, L_0x5a70d9fa02d0;  1 drivers
L_0x70fc6f840180 .functor BUFT 1, C4<0>, C4<0>, C4<0>, C4<0>;
v0x5a70d9f9bc40_0 .net *"_ivl_16", 0 0, L_0x70fc6f840180;  1 drivers
v0x5a70d9f9bd20_0 .net *"_ivl_17", 1 0, L_0x5a70d9fa0400;  1 drivers
v0x5a70d9f9be50_0 .net *"_ivl_3", 1 0, L_0x5a70d9f9ff30;  1 drivers
L_0x70fc6f8400f0 .functor BUFT 1, C4<0>, C4<0>, C4<0>, C4<0>;
v0x5a70d9f9bf30_0 .net *"_ivl_6", 0 0, L_0x70fc6f8400f0;  1 drivers
v0x5a70d9f9c010_0 .net *"_ivl_7", 1 0, L_0x5a70d9fa0020;  1 drivers
v0x5a70d9f9c0f0_0 .net "a", 0 0, L_0x5a70d9fa0540;  1 drivers
v0x5a70d9f9c1b0_0 .net "b", 0 0, L_0x5a70d9fa0660;  1 drivers
v0x5a70d9f9c270_0 .net "carry", 0 0, L_0x5a70d9f9fda0;  1 drivers
v0x5a70d9f9c330_0 .net "cin", 0 0, L_0x5a70d9fa0750;  1 drivers
v0x5a70d9f9c3f0_0 .net "sum", 0 0, L_0x5a70d9f9fe40;  1 drivers
L_0x5a70d9f9fda0 .part L_0x5a70d9fa0400, 1, 1;
L_0x5a70d9f9fe40 .part L_0x5a70d9fa0400, 0, 1;
L_0x5a70d9f9ff30 .concat [ 1 1 0 0], L_0x5a70d9fa0540, L_0x70fc6f8400f0;
L_0x5a70d9fa0020 .concat [ 1 1 0 0], L_0x5a70d9fa0660, L_0x70fc6f840138;
L_0x5a70d9fa0190 .arith/sum 2, L_0x5a70d9f9ff30, L_0x5a70d9fa0020;
L_0x5a70d9fa02d0 .concat [ 1 1 0 0], L_0x5a70d9fa0750, L_0x70fc6f840180;
L_0x5a70d9fa0400 .arith/sum 2, L_0x5a70d9fa0190, L_0x5a70d9fa02d0;
S_0x5a70d9f9c550 .scope generate, "ripple[2]" "ripple[2]" 3 20, 3 20 0, S_0x5a70d9f6fe60;
 .timescale 0 0;
P_0x5a70d9f9c700 .param/l "i" 1 3 20, +C4<010>;
S_0x5a70d9f9c7c0 .scope module, "fa" "FA" 3 22, 3 1 0, S_0x5a70d9f9c550;
 .timescale 0 0;
    .port_info 0 /INPUT 1 "a";
    .port_info 1 /INPUT 1 "b";
    .port_info 2 /INPUT 1 "cin";
    .port_info 3 /OUTPUT 1 "sum";
    .port_info 4 /OUTPUT 1 "carry";
L_0x70fc6f840210 .functor BUFT 1, C4<0>, C4<0>, C4<0>, C4<0>;
v0x5a70d9f9c9a0_0 .net *"_ivl_10", 0 0, L_0x70fc6f840210;  1 drivers
v0x5a70d9f9caa0_0 .net *"_ivl_11", 1 0, L_0x5a70d9fa0c40;  1 drivers
v0x5a70d9f9cb80_0 .net *"_ivl_13", 1 0, L_0x5a70d9fa0d80;  1 drivers
L_0x70fc6f840258 .functor BUFT 1, C4<0>, C4<0>, C4<0>, C4<0>;
v0x5a70d9f9cc70_0 .net *"_ivl_16", 0 0, L_0x70fc6f840258;  1 drivers
v0x5a70d9f9cd50_0 .net *"_ivl_17", 1 0, L_0x5a70d9fa0eb0;  1 drivers
v0x5a70d9f9ce80_0 .net *"_ivl_3", 1 0, L_0x5a70d9fa0a60;  1 drivers
L_0x70fc6f8401c8 .functor BUFT 1, C4<0>, C4<0>, C4<0>, C4<0>;
v0x5a70d9f9cf60_0 .net *"_ivl_6", 0 0, L_0x70fc6f8401c8;  1 drivers
v0x5a70d9f9d040_0 .net *"_ivl_7", 1 0, L_0x5a70d9fa0b50;  1 drivers
v0x5a70d9f9d120_0 .net "a", 0 0, L_0x5a70d9fa0fa0;  1 drivers
v0x5a70d9f9d1e0_0 .net "b", 0 0, L_0x5a70d9fa1090;  1 drivers
v0x5a70d9f9d2a0_0 .net "carry", 0 0, L_0x5a70d9fa08d0;  1 drivers
v0x5a70d9f9d360_0 .net "cin", 0 0, L_0x5a70d9fa1180;  1 drivers
v0x5a70d9f9d420_0 .net "sum", 0 0, L_0x5a70d9fa0970;  1 drivers
L_0x5a70d9fa08d0 .part L_0x5a70d9fa0eb0, 1, 1;
L_0x5a70d9fa0970 .part L_0x5a70d9fa0eb0, 0, 1;
L_0x5a70d9fa0a60 .concat [ 1 1 0 0], L_0x5a70d9fa0fa0, L_0x70fc6f8401c8;
L_0x5a70d9fa0b50 .concat [ 1 1 0 0], L_0x5a70d9fa1090, L_0x70fc6f840210;
L_0x5a70d9fa0c40 .arith/sum 2, L_0x5a70d9fa0a60, L_0x5a70d9fa0b50;
L_0x5a70d9fa0d80 .concat [ 1 1 0 0], L_0x5a70d9fa1180, L_0x70fc6f840258;
L_0x5a70d9fa0eb0 .arith/sum 2, L_0x5a70d9fa0c40, L_0x5a70d9fa0d80;
S_0x5a70d9f9d580 .scope generate, "ripple[3]" "ripple[3]" 3 20, 3 20 0, S_0x5a70d9f6fe60;
 .timescale 0 0;
P_0x5a70d9f9d730 .param/l "i" 1 3 20, +C4<011>;
S_0x5a70d9f9d810 .scope module, "fa" "FA" 3 22, 3 1 0, S_0x5a70d9f9d580;
 .timescale 0 0;
    .port_info 0 /INPUT 1 "a";
    .port_info 1 /INPUT 1 "b";
    .port_info 2 /INPUT 1 "cin";
    .port_info 3 /OUTPUT 1 "sum";
    .port_info 4 /OUTPUT 1 "carry";
L_0x70fc6f8402e8 .functor BUFT 1, C4<0>, C4<0>, C4<0>, C4<0>;
v0x5a70d9f9d9f0_0 .net *"_ivl_10", 0 0, L_0x70fc6f8402e8;  1 drivers
v0x5a70d9f9daf0_0 .net *"_ivl_11", 1 0, L_0x5a70d9fa15c0;  1 drivers
v0x5a70d9f9dbd0_0 .net *"_ivl_13", 1 0, L_0x5a70d9fa1700;  1 drivers
L_0x70fc6f840330 .functor BUFT 1, C4<0>, C4<0>, C4<0>, C4<0>;
v0x5a70d9f9dcc0_0 .net *"_ivl_16", 0 0, L_0x70fc6f840330;  1 drivers
v0x5a70d9f9dda0_0 .net *"_ivl_17", 1 0, L_0x5a70d9fa1860;  1 drivers
v0x5a70d9f9ded0_0 .net *"_ivl_3", 1 0, L_0x5a70d9fa13b0;  1 drivers
L_0x70fc6f8402a0 .functor BUFT 1, C4<0>, C4<0>, C4<0>, C4<0>;
v0x5a70d9f9dfb0_0 .net *"_ivl_6", 0 0, L_0x70fc6f8402a0;  1 drivers
v0x5a70d9f9e090_0 .net *"_ivl_7", 1 0, L_0x5a70d9fa14a0;  1 drivers
v0x5a70d9f9e170_0 .net "a", 0 0, L_0x5a70d9fa19a0;  1 drivers
v0x5a70d9f9e230_0 .net "b", 0 0, L_0x5a70d9fa1af0;  1 drivers
v0x5a70d9f9e2f0_0 .net "carry", 0 0, L_0x5a70d9fa1220;  1 drivers
v0x5a70d9f9e3b0_0 .net "cin", 0 0, L_0x5a70d9fa1b90;  1 drivers
v0x5a70d9f9e470_0 .net "sum", 0 0, L_0x5a70d9fa12c0;  1 drivers
L_0x5a70d9fa1220 .part L_0x5a70d9fa1860, 1, 1;
L_0x5a70d9fa12c0 .part L_0x5a70d9fa1860, 0, 1;
L_0x5a70d9fa13b0 .concat [ 1 1 0 0], L_0x5a70d9fa19a0, L_0x70fc6f8402a0;
L_0x5a70d9fa14a0 .concat [ 1 1 0 0], L_0x5a70d9fa1af0, L_0x70fc6f8402e8;
L_0x5a70d9fa15c0 .arith/sum 2, L_0x5a70d9fa13b0, L_0x5a70d9fa14a0;
L_0x5a70d9fa1700 .concat [ 1 1 0 0], L_0x5a70d9fa1b90, L_0x70fc6f840330;
L_0x5a70d9fa1860 .arith/sum 2, L_0x5a70d9fa15c0, L_0x5a70d9fa1700;
    .scope S_0x5a70d9f73120;
T_0 ;
    %vpi_call 2 15 "$monitor", "a = %d, b = %d, cin = %d sum = %d, carry = %d", v0x5a70d9f9ec50_0, v0x5a70d9f9ed30_0, v0x5a70d9f9ef00_0, v0x5a70d9f9f0c0_0, v0x5a70d9f9ee00_0 {0 0 0};
    %pushi/vec4 0, 0, 32;
    %store/vec4 v0x5a70d9f9efd0_0, 0, 32;
T_0.0 ;
    %load/vec4 v0x5a70d9f9efd0_0;
    %cmpi/s 512, 0, 32;
    %jmp/0xz T_0.1, 5;
    %load/vec4 v0x5a70d9f9efd0_0;
    %pad/s 9;
    %split/vec4 1;
    %store/vec4 v0x5a70d9f9ef00_0, 0, 1;
    %split/vec4 4;
    %store/vec4 v0x5a70d9f9ed30_0, 0, 4;
    %store/vec4 v0x5a70d9f9ec50_0, 0, 4;
    %delay 2, 0;
    %load/vec4 v0x5a70d9f9efd0_0;
    %addi 1, 0, 32;
    %store/vec4 v0x5a70d9f9efd0_0, 0, 32;
    %jmp T_0.0;
T_0.1 ;
    %end;
    .thread T_0;
# The file index is used to find the file name in the following table.
:file_names 4;
    "N/A";
    "<interactive>";
    "testbench.v";
    "./design.v";
