#! /usr/bin/vvp
:ivl_version "12.0 (stable)";
:ivl_delay_selection "TYPICAL";
:vpi_time_precision + 0;
:vpi_module "/usr/lib/x86_64-linux-gnu/ivl/system.vpi";
:vpi_module "/usr/lib/x86_64-linux-gnu/ivl/vhdl_sys.vpi";
:vpi_module "/usr/lib/x86_64-linux-gnu/ivl/vhdl_textio.vpi";
:vpi_module "/usr/lib/x86_64-linux-gnu/ivl/v2005_math.vpi";
:vpi_module "/usr/lib/x86_64-linux-gnu/ivl/va_math.vpi";
S_0x5aacbde57220 .scope module, "tb" "tb" 2 3;
 .timescale 0 0;
v0x5aacbde6c880_0 .var "clk", 0 0;
v0x5aacbde6c940_0 .net "count", 2 0, v0x5aacbde6c3b0_0;  1 drivers
v0x5aacbde6ca10_0 .var "rst", 0 0;
v0x5aacbde6cb10_0 .var "updown", 0 0;
S_0x5aacbde573b0 .scope module, "dut" "moore" 2 6, 3 1 0, S_0x5aacbde57220;
 .timescale 0 0;
    .port_info 0 /INPUT 1 "updown";
    .port_info 1 /INPUT 1 "clk";
    .port_info 2 /INPUT 1 "rst";
    .port_info 3 /OUTPUT 3 "count";
P_0x5aacbde57590 .param/l "down_count" 0 3 7, C4<10>;
P_0x5aacbde575d0 .param/l "idle" 0 3 5, C4<00>;
P_0x5aacbde57610 .param/l "up_count" 0 3 6, C4<01>;
v0x5aacbde40890_0 .net "clk", 0 0, v0x5aacbde6c880_0;  1 drivers
v0x5aacbde6c3b0_0 .var "count", 2 0;
v0x5aacbde6c490_0 .var "ns", 1 0;
v0x5aacbde6c550_0 .var "ps", 1 0;
v0x5aacbde6c630_0 .net "rst", 0 0, v0x5aacbde6ca10_0;  1 drivers
v0x5aacbde6c740_0 .net "updown", 0 0, v0x5aacbde6cb10_0;  1 drivers
E_0x5aacbde53720 .event posedge, v0x5aacbde40890_0;
E_0x5aacbde1ae00 .event anyedge, v0x5aacbde6c550_0, v0x5aacbde6c740_0;
    .scope S_0x5aacbde573b0;
T_0 ;
    %wait E_0x5aacbde53720;
    %load/vec4 v0x5aacbde6c630_0;
    %nor/r;
    %flag_set/vec4 8;
    %jmp/0xz  T_0.0, 8;
    %pushi/vec4 0, 0, 2;
    %assign/vec4 v0x5aacbde6c550_0, 0;
    %jmp T_0.1;
T_0.0 ;
    %load/vec4 v0x5aacbde6c490_0;
    %assign/vec4 v0x5aacbde6c550_0, 0;
T_0.1 ;
    %jmp T_0;
    .thread T_0;
    .scope S_0x5aacbde573b0;
T_1 ;
    %wait E_0x5aacbde1ae00;
    %load/vec4 v0x5aacbde6c550_0;
    %dup/vec4;
    %pushi/vec4 0, 0, 2;
    %cmp/u;
    %jmp/1 T_1.0, 6;
    %dup/vec4;
    %pushi/vec4 1, 0, 2;
    %cmp/u;
    %jmp/1 T_1.1, 6;
    %dup/vec4;
    %pushi/vec4 2, 0, 2;
    %cmp/u;
    %jmp/1 T_1.2, 6;
    %jmp T_1.3;
T_1.0 ;
    %load/vec4 v0x5aacbde6c740_0;
    %flag_set/vec4 8;
    %jmp/0xz  T_1.4, 8;
    %pushi/vec4 1, 0, 2;
    %store/vec4 v0x5aacbde6c490_0, 0, 2;
    %jmp T_1.5;
T_1.4 ;
    %pushi/vec4 2, 0, 2;
    %store/vec4 v0x5aacbde6c490_0, 0, 2;
T_1.5 ;
    %jmp T_1.3;
T_1.1 ;
    %load/vec4 v0x5aacbde6c740_0;
    %flag_set/vec4 8;
    %jmp/0xz  T_1.6, 8;
    %pushi/vec4 1, 0, 2;
    %store/vec4 v0x5aacbde6c490_0, 0, 2;
    %jmp T_1.7;
T_1.6 ;
    %pushi/vec4 2, 0, 2;
    %store/vec4 v0x5aacbde6c490_0, 0, 2;
T_1.7 ;
    %jmp T_1.3;
T_1.2 ;
    %load/vec4 v0x5aacbde6c740_0;
    %flag_set/vec4 8;
    %jmp/0xz  T_1.8, 8;
    %pushi/vec4 1, 0, 2;
    %store/vec4 v0x5aacbde6c490_0, 0, 2;
    %jmp T_1.9;
T_1.8 ;
    %pushi/vec4 2, 0, 2;
    %store/vec4 v0x5aacbde6c490_0, 0, 2;
T_1.9 ;
    %jmp T_1.3;
T_1.3 ;
    %pop/vec4 1;
    %jmp T_1;
    .thread T_1, $push;
    .scope S_0x5aacbde573b0;
T_2 ;
    %wait E_0x5aacbde53720;
    %load/vec4 v0x5aacbde6c630_0;
    %nor/r;
    %flag_set/vec4 8;
    %jmp/0xz  T_2.0, 8;
    %pushi/vec4 0, 0, 3;
    %assign/vec4 v0x5aacbde6c3b0_0, 0;
    %jmp T_2.1;
T_2.0 ;
    %load/vec4 v0x5aacbde6c550_0;
    %dup/vec4;
    %pushi/vec4 1, 0, 2;
    %cmp/u;
    %jmp/1 T_2.2, 6;
    %dup/vec4;
    %pushi/vec4 2, 0, 2;
    %cmp/u;
    %jmp/1 T_2.3, 6;
    %load/vec4 v0x5aacbde6c3b0_0;
    %assign/vec4 v0x5aacbde6c3b0_0, 0;
    %jmp T_2.5;
T_2.2 ;
    %load/vec4 v0x5aacbde6c3b0_0;
    %addi 1, 0, 3;
    %assign/vec4 v0x5aacbde6c3b0_0, 0;
    %jmp T_2.5;
T_2.3 ;
    %load/vec4 v0x5aacbde6c3b0_0;
    %subi 1, 0, 3;
    %assign/vec4 v0x5aacbde6c3b0_0, 0;
    %jmp T_2.5;
T_2.5 ;
    %pop/vec4 1;
T_2.1 ;
    %jmp T_2;
    .thread T_2;
    .scope S_0x5aacbde57220;
T_3 ;
    %vpi_call 2 8 "$monitor", "time = %0t updown = %b count = %d", $time, v0x5aacbde6cb10_0, v0x5aacbde6c940_0 {0 0 0};
    %pushi/vec4 0, 0, 1;
    %store/vec4 v0x5aacbde6c880_0, 0, 1;
    %pushi/vec4 0, 0, 1;
    %store/vec4 v0x5aacbde6ca10_0, 0, 1;
    %delay 12, 0;
    %pushi/vec4 1, 0, 1;
    %store/vec4 v0x5aacbde6ca10_0, 0, 1;
    %pushi/vec4 1, 0, 1;
    %store/vec4 v0x5aacbde6cb10_0, 0, 1;
    %delay 60, 0;
    %pushi/vec4 0, 0, 1;
    %store/vec4 v0x5aacbde6cb10_0, 0, 1;
    %delay 30, 0;
    %pushi/vec4 1, 0, 1;
    %store/vec4 v0x5aacbde6cb10_0, 0, 1;
    %delay 30, 0;
    %vpi_call 2 15 "$finish" {0 0 0};
    %end;
    .thread T_3;
    .scope S_0x5aacbde57220;
T_4 ;
    %delay 5, 0;
    %load/vec4 v0x5aacbde6c880_0;
    %inv;
    %store/vec4 v0x5aacbde6c880_0, 0, 1;
    %jmp T_4;
    .thread T_4;
    .scope S_0x5aacbde57220;
T_5 ;
    %vpi_call 2 19 "$dumpfile", "dump.vcd" {0 0 0};
    %vpi_call 2 20 "$dumpvars", 32'sb00000000000000000000000000000000, S_0x5aacbde57220 {0 0 0};
    %end;
    .thread T_5;
# The file index is used to find the file name in the following table.
:file_names 4;
    "N/A";
    "<interactive>";
    "testbench.v";
    "./design.v";
