#! /usr/bin/vvp
:ivl_version "12.0 (stable)";
:ivl_delay_selection "TYPICAL";
:vpi_time_precision + 0;
:vpi_module "/usr/lib/x86_64-linux-gnu/ivl/system.vpi";
:vpi_module "/usr/lib/x86_64-linux-gnu/ivl/vhdl_sys.vpi";
:vpi_module "/usr/lib/x86_64-linux-gnu/ivl/vhdl_textio.vpi";
:vpi_module "/usr/lib/x86_64-linux-gnu/ivl/v2005_math.vpi";
:vpi_module "/usr/lib/x86_64-linux-gnu/ivl/va_math.vpi";
S_0x556533dcac00 .scope module, "tb" "tb" 2 3;
 .timescale 0 0;
v0x556533dde740_0 .var "clk", 0 0;
v0x556533dde7e0_0 .net "count", 3 0, v0x556533dde330_0;  1 drivers
v0x556533dde8b0_0 .var "rst", 0 0;
S_0x556533dcad90 .scope module, "dut" "counter" 2 6, 3 2 0, S_0x556533dcac00;
 .timescale 0 0;
    .port_info 0 /INPUT 1 "clk";
    .port_info 1 /INPUT 1 "rst";
    .port_info 2 /OUTPUT 4 "count";
P_0x556533db79e0 .param/l "s0" 0 3 8, C4<000>;
P_0x556533db7a20 .param/l "s2" 0 3 9, C4<010>;
P_0x556533db7a60 .param/l "s3" 0 3 10, C4<011>;
P_0x556533db7aa0 .param/l "s7" 0 3 11, C4<111>;
v0x556533db5f70_0 .net "clk", 0 0, v0x556533dde740_0;  1 drivers
v0x556533dde330_0 .var "count", 3 0;
v0x556533dde410_0 .var "ns", 2 0;
v0x556533dde4d0_0 .var "ps", 2 0;
v0x556533dde5b0_0 .net "rst", 0 0, v0x556533dde8b0_0;  1 drivers
E_0x556533dc8650 .event anyedge, v0x556533dde4d0_0;
E_0x556533dc84d0 .event posedge, v0x556533db5f70_0;
    .scope S_0x556533dcad90;
T_0 ;
    %wait E_0x556533dc84d0;
    %load/vec4 v0x556533dde5b0_0;
    %inv;
    %flag_set/vec4 8;
    %jmp/0xz  T_0.0, 8;
    %pushi/vec4 0, 0, 3;
    %assign/vec4 v0x556533dde4d0_0, 0;
    %jmp T_0.1;
T_0.0 ;
    %load/vec4 v0x556533dde410_0;
    %assign/vec4 v0x556533dde4d0_0, 0;
T_0.1 ;
    %jmp T_0;
    .thread T_0;
    .scope S_0x556533dcad90;
T_1 ;
    %wait E_0x556533dc8650;
    %load/vec4 v0x556533dde4d0_0;
    %dup/vec4;
    %pushi/vec4 0, 0, 3;
    %cmp/u;
    %jmp/1 T_1.0, 6;
    %dup/vec4;
    %pushi/vec4 2, 0, 3;
    %cmp/u;
    %jmp/1 T_1.1, 6;
    %dup/vec4;
    %pushi/vec4 3, 0, 3;
    %cmp/u;
    %jmp/1 T_1.2, 6;
    %dup/vec4;
    %pushi/vec4 7, 0, 3;
    %cmp/u;
    %jmp/1 T_1.3, 6;
    %jmp T_1.4;
T_1.0 ;
    %pushi/vec4 2, 0, 3;
    %store/vec4 v0x556533dde410_0, 0, 3;
    %jmp T_1.4;
T_1.1 ;
    %pushi/vec4 3, 0, 3;
    %store/vec4 v0x556533dde410_0, 0, 3;
    %jmp T_1.4;
T_1.2 ;
    %pushi/vec4 7, 0, 3;
    %store/vec4 v0x556533dde410_0, 0, 3;
    %jmp T_1.4;
T_1.3 ;
    %pushi/vec4 0, 0, 3;
    %store/vec4 v0x556533dde410_0, 0, 3;
    %jmp T_1.4;
T_1.4 ;
    %pop/vec4 1;
    %jmp T_1;
    .thread T_1, $push;
    .scope S_0x556533dcad90;
T_2 ;
    %wait E_0x556533dc8650;
    %load/vec4 v0x556533dde4d0_0;
    %pad/u 4;
    %store/vec4 v0x556533dde330_0, 0, 4;
    %jmp T_2;
    .thread T_2, $push;
    .scope S_0x556533dcac00;
T_3 ;
    %vpi_call 2 8 "$monitor", "time = %0t  count = %d", $time, v0x556533dde7e0_0 {0 0 0};
    %pushi/vec4 0, 0, 1;
    %store/vec4 v0x556533dde740_0, 0, 1;
    %pushi/vec4 0, 0, 1;
    %store/vec4 v0x556533dde8b0_0, 0, 1;
    %delay 12, 0;
    %pushi/vec4 1, 0, 1;
    %store/vec4 v0x556533dde8b0_0, 0, 1;
    %delay 120, 0;
    %vpi_call 2 13 "$finish" {0 0 0};
    %end;
    .thread T_3;
    .scope S_0x556533dcac00;
T_4 ;
    %delay 5, 0;
    %load/vec4 v0x556533dde740_0;
    %inv;
    %store/vec4 v0x556533dde740_0, 0, 1;
    %jmp T_4;
    .thread T_4;
    .scope S_0x556533dcac00;
T_5 ;
    %vpi_call 2 17 "$dumpfile", "dump.vcd" {0 0 0};
    %vpi_call 2 18 "$dumpvars", 32'sb00000000000000000000000000000000, S_0x556533dcac00 {0 0 0};
    %end;
    .thread T_5;
# The file index is used to find the file name in the following table.
:file_names 4;
    "N/A";
    "<interactive>";
    "testbench.v";
    "./design.v";
