#! /usr/bin/vvp
:ivl_version "12.0 (stable)";
:ivl_delay_selection "TYPICAL";
:vpi_time_precision + 0;
:vpi_module "/usr/lib/x86_64-linux-gnu/ivl/system.vpi";
:vpi_module "/usr/lib/x86_64-linux-gnu/ivl/vhdl_sys.vpi";
:vpi_module "/usr/lib/x86_64-linux-gnu/ivl/vhdl_textio.vpi";
:vpi_module "/usr/lib/x86_64-linux-gnu/ivl/v2005_math.vpi";
:vpi_module "/usr/lib/x86_64-linux-gnu/ivl/va_math.vpi";
S_0x594f9e10f5a0 .scope module, "tb" "tb" 2 1;
 .timescale 0 0;
v0x594f9e111400_0 .var "a", 2 0;
    .scope S_0x594f9e10f5a0;
T_0 ;
    %pushi/vec4 0, 0, 3;
    %store/vec4 v0x594f9e111400_0, 0, 3;
T_0.0 ;
    %load/vec4 v0x594f9e111400_0;
    %pad/u 32;
    %cmpi/u 8, 0, 32;
    %jmp/0xz T_0.1, 5;
    %vpi_call 2 5 "$display", "a=%d", v0x594f9e111400_0 {0 0 0};
    %load/vec4 v0x594f9e111400_0;
    %addi 1, 0, 3;
    %store/vec4 v0x594f9e111400_0, 0, 3;
    %jmp T_0.0;
T_0.1 ;
    %end;
    .thread T_0;
# The file index is used to find the file name in the following table.
:file_names 3;
    "N/A";
    "<interactive>";
    "design.v";
