#! /usr/bin/vvp
:ivl_version "12.0 (stable)";
:ivl_delay_selection "TYPICAL";
:vpi_time_precision + 0;
:vpi_module "/usr/lib/x86_64-linux-gnu/ivl/system.vpi";
:vpi_module "/usr/lib/x86_64-linux-gnu/ivl/vhdl_sys.vpi";
:vpi_module "/usr/lib/x86_64-linux-gnu/ivl/vhdl_textio.vpi";
:vpi_module "/usr/lib/x86_64-linux-gnu/ivl/v2005_math.vpi";
:vpi_module "/usr/lib/x86_64-linux-gnu/ivl/va_math.vpi";
S_0x5c17bf444b90 .scope module, "tb" "tb" 2 3;
 .timescale 0 0;
v0x5c17bf45ae30_0 .var "clk", 0 0;
v0x5c17bf45af00_0 .var/i "file", 31 0;
v0x5c17bf45afc0_0 .var "parallel_in", 3 0;
v0x5c17bf45b0c0_0 .var "serial_data", 3 0;
v0x5c17bf45b180_0 .net "serial_out", 0 0, v0x5c17bf45acf0_0;  1 drivers
S_0x5c17bf444d20 .scope module, "dut" "mux_p" 2 9, 3 3 0, S_0x5c17bf444b90;
 .timescale 0 0;
    .port_info 0 /INPUT 1 "clk";
    .port_info 1 /INPUT 4 "parallel_in";
    .port_info 2 /OUTPUT 1 "serial_out";
v0x5c17bf444f70_0 .net "clk", 0 0, v0x5c17bf45ae30_0;  1 drivers
v0x5c17bf45ab50_0 .var "count", 1 0;
v0x5c17bf45ac30_0 .net "parallel_in", 3 0, v0x5c17bf45afc0_0;  1 drivers
v0x5c17bf45acf0_0 .var "serial_out", 0 0;
E_0x5c17bf443560 .event posedge, v0x5c17bf444f70_0;
    .scope S_0x5c17bf444d20;
T_0 ;
    %pushi/vec4 0, 0, 2;
    %store/vec4 v0x5c17bf45ab50_0, 0, 2;
    %end;
    .thread T_0;
    .scope S_0x5c17bf444d20;
T_1 ;
    %wait E_0x5c17bf443560;
    %load/vec4 v0x5c17bf45ab50_0;
    %dup/vec4;
    %pushi/vec4 0, 0, 2;
    %cmp/u;
    %jmp/1 T_1.0, 6;
    %dup/vec4;
    %pushi/vec4 1, 0, 2;
    %cmp/u;
    %jmp/1 T_1.1, 6;
    %dup/vec4;
    %pushi/vec4 2, 0, 2;
    %cmp/u;
    %jmp/1 T_1.2, 6;
    %dup/vec4;
    %pushi/vec4 3, 0, 2;
    %cmp/u;
    %jmp/1 T_1.3, 6;
    %jmp T_1.4;
T_1.0 ;
    %load/vec4 v0x5c17bf45ac30_0;
    %parti/s 1, 0, 2;
    %assign/vec4 v0x5c17bf45acf0_0, 0;
    %jmp T_1.4;
T_1.1 ;
    %load/vec4 v0x5c17bf45ac30_0;
    %parti/s 1, 1, 2;
    %assign/vec4 v0x5c17bf45acf0_0, 0;
    %jmp T_1.4;
T_1.2 ;
    %load/vec4 v0x5c17bf45ac30_0;
    %parti/s 1, 2, 3;
    %assign/vec4 v0x5c17bf45acf0_0, 0;
    %jmp T_1.4;
T_1.3 ;
    %load/vec4 v0x5c17bf45ac30_0;
    %parti/s 1, 3, 3;
    %assign/vec4 v0x5c17bf45acf0_0, 0;
    %jmp T_1.4;
T_1.4 ;
    %pop/vec4 1;
    %load/vec4 v0x5c17bf45ab50_0;
    %addi 1, 0, 2;
    %assign/vec4 v0x5c17bf45ab50_0, 0;
    %jmp T_1;
    .thread T_1;
    .scope S_0x5c17bf444b90;
T_2 ;
    %delay 5, 0;
    %load/vec4 v0x5c17bf45ae30_0;
    %inv;
    %store/vec4 v0x5c17bf45ae30_0, 0, 1;
    %jmp T_2;
    .thread T_2;
    .scope S_0x5c17bf444b90;
T_3 ;
    %vpi_call 2 12 "$monitor", "time =%0t parallel in = %b ::  serial out =%b     count=%d", $time, v0x5c17bf45afc0_0, v0x5c17bf45b180_0, v0x5c17bf45ab50_0 {0 0 0};
    %pushi/vec4 0, 0, 1;
    %store/vec4 v0x5c17bf45ae30_0, 0, 1;
    %pushi/vec4 10, 0, 4;
    %store/vec4 v0x5c17bf45afc0_0, 0, 4;
    %pushi/vec4 0, 0, 4;
    %store/vec4 v0x5c17bf45b0c0_0, 0, 4;
    %delay 10, 0;
    %load/vec4 v0x5c17bf45b180_0;
    %ix/load 4, 0, 0;
    %flag_set/imm 4, 0;
    %store/vec4 v0x5c17bf45b0c0_0, 4, 1;
    %delay 10, 0;
    %load/vec4 v0x5c17bf45b180_0;
    %ix/load 4, 1, 0;
    %flag_set/imm 4, 0;
    %store/vec4 v0x5c17bf45b0c0_0, 4, 1;
    %delay 10, 0;
    %load/vec4 v0x5c17bf45b180_0;
    %ix/load 4, 2, 0;
    %flag_set/imm 4, 0;
    %store/vec4 v0x5c17bf45b0c0_0, 4, 1;
    %delay 10, 0;
    %load/vec4 v0x5c17bf45b180_0;
    %ix/load 4, 3, 0;
    %flag_set/imm 4, 0;
    %store/vec4 v0x5c17bf45b0c0_0, 4, 1;
    %vpi_func 2 20 "$fopen" 32, "output.bin", "wb" {0 0 0};
    %store/vec4 v0x5c17bf45af00_0, 0, 32;
    %vpi_call 2 21 "$fwrite", v0x5c17bf45af00_0, "%b", v0x5c17bf45b0c0_0 {0 0 0};
    %vpi_call 2 22 "$fclose", v0x5c17bf45af00_0 {0 0 0};
    %vpi_call 2 23 "$finish" {0 0 0};
    %end;
    .thread T_3;
    .scope S_0x5c17bf444b90;
T_4 ;
    %vpi_call 2 27 "$dumpfile", "dump.vcd" {0 0 0};
    %vpi_call 2 28 "$dumpvars", 32'sb00000000000000000000000000000000, S_0x5c17bf444b90 {0 0 0};
    %end;
    .thread T_4;
# The file index is used to find the file name in the following table.
:file_names 4;
    "N/A";
    "<interactive>";
    "testbench.v";
    "./design.v";
