#! /usr/bin/vvp
:ivl_version "12.0 (stable)";
:ivl_delay_selection "TYPICAL";
:vpi_time_precision + 0;
:vpi_module "/usr/lib/x86_64-linux-gnu/ivl/system.vpi";
:vpi_module "/usr/lib/x86_64-linux-gnu/ivl/vhdl_sys.vpi";
:vpi_module "/usr/lib/x86_64-linux-gnu/ivl/vhdl_textio.vpi";
:vpi_module "/usr/lib/x86_64-linux-gnu/ivl/v2005_math.vpi";
:vpi_module "/usr/lib/x86_64-linux-gnu/ivl/va_math.vpi";
S_0x62773156ca90 .scope module, "shiftwise" "shiftwise" 2 2;
 .timescale 0 0;
v0x627731547490_0 .var "a", 7 0;
    .scope S_0x62773156ca90;
T_0 ;
    %pushi/vec4 5, 0, 8;
    %store/vec4 v0x627731547490_0, 0, 8;
    %end;
    .thread T_0;
    .scope S_0x62773156ca90;
T_1 ;
    %load/vec4 v0x627731547490_0;
    %ix/load 4, 3, 0;
    %flag_set/imm 4, 0;
    %shiftl 4;
    %vpi_call 2 6 "$display", "The bitwise and of a = %b     ::   y =%b ", v0x627731547490_0, S<0,vec4,u8> {1 0 0};
    %load/vec4 v0x627731547490_0;
    %ix/load 4, 1, 0;
    %flag_set/imm 4, 0;
    %shiftr 4;
    %vpi_call 2 7 "$display", "The bitwise and of a = %b     ::   y =%b ", v0x627731547490_0, S<0,vec4,u8> {1 0 0};
    %end;
    .thread T_1;
# The file index is used to find the file name in the following table.
:file_names 3;
    "N/A";
    "<interactive>";
    "shiftwise.v";
