#! /usr/bin/vvp
:ivl_version "12.0 (stable)";
:ivl_delay_selection "TYPICAL";
:vpi_time_precision + 0;
:vpi_module "/usr/lib/x86_64-linux-gnu/ivl/system.vpi";
:vpi_module "/usr/lib/x86_64-linux-gnu/ivl/vhdl_sys.vpi";
:vpi_module "/usr/lib/x86_64-linux-gnu/ivl/vhdl_textio.vpi";
:vpi_module "/usr/lib/x86_64-linux-gnu/ivl/v2005_math.vpi";
:vpi_module "/usr/lib/x86_64-linux-gnu/ivl/va_math.vpi";
S_0x57dc650e6570 .scope module, "test" "test" 2 1;
 .timescale 0 0;
v0x57dc650e8400_0 .var/i "a", 31 0;
v0x57dc6512c8c0_0 .var/i "b", 31 0;
    .scope S_0x57dc650e6570;
T_0 ;
    %pushi/vec4 20, 0, 32;
    %store/vec4 v0x57dc650e8400_0, 0, 32;
    %end;
    .thread T_0;
    .scope S_0x57dc650e6570;
T_1 ;
    %pushi/vec4 30, 0, 32;
    %assign/vec4 v0x57dc6512c8c0_0, 0;
    %end;
    .thread T_1;
    .scope S_0x57dc650e6570;
T_2 ;
    %load/vec4 v0x57dc6512c8c0_0;
    %assign/vec4 v0x57dc650e8400_0, 0;
    %end;
    .thread T_2;
    .scope S_0x57dc650e6570;
T_3 ;
    %vpi_call 2 6 "$strobe", v0x57dc650e8400_0, v0x57dc6512c8c0_0 {0 0 0};
    %end;
    .thread T_3;
# The file index is used to find the file name in the following table.
:file_names 3;
    "N/A";
    "<interactive>";
    "testbench.v";
