#! /usr/bin/vvp
:ivl_version "12.0 (stable)";
:ivl_delay_selection "TYPICAL";
:vpi_time_precision + 0;
:vpi_module "/usr/lib/x86_64-linux-gnu/ivl/system.vpi";
:vpi_module "/usr/lib/x86_64-linux-gnu/ivl/vhdl_sys.vpi";
:vpi_module "/usr/lib/x86_64-linux-gnu/ivl/vhdl_textio.vpi";
:vpi_module "/usr/lib/x86_64-linux-gnu/ivl/v2005_math.vpi";
:vpi_module "/usr/lib/x86_64-linux-gnu/ivl/va_math.vpi";
S_0x64a2cb348940 .scope module, "tb" "tb" 2 3;
 .timescale 0 0;
v0x64a2cb35ce80_0 .var "a", 3 0;
v0x64a2cb35cf60_0 .var "b", 3 0;
v0x64a2cb35d030_0 .var "cin", 0 0;
v0x64a2cb35d130_0 .net "cout", 0 0, v0x64a2cb35cb10_0;  1 drivers
v0x64a2cb35d200_0 .net "sum", 3 0, v0x64a2cb35cbd0_0;  1 drivers
S_0x64a2cb348ad0 .scope module, "dut" "bcd" 2 9, 3 3 0, S_0x64a2cb348940;
 .timescale 0 0;
    .port_info 0 /INPUT 4 "a";
    .port_info 1 /INPUT 4 "b";
    .port_info 2 /INPUT 1 "cin";
    .port_info 3 /OUTPUT 4 "sum";
    .port_info 4 /OUTPUT 1 "cout";
v0x64a2cb348cd0_0 .net "a", 3 0, v0x64a2cb35ce80_0;  1 drivers
v0x64a2cb35c960_0 .net "b", 3 0, v0x64a2cb35cf60_0;  1 drivers
v0x64a2cb35ca40_0 .net "cin", 0 0, v0x64a2cb35d030_0;  1 drivers
v0x64a2cb35cb10_0 .var "cout", 0 0;
v0x64a2cb35cbd0_0 .var "sum", 3 0;
v0x64a2cb35cd00_0 .var "temp", 4 0;
E_0x64a2cb3468b0 .event anyedge, v0x64a2cb35ca40_0, v0x64a2cb35c960_0, v0x64a2cb348cd0_0;
    .scope S_0x64a2cb348ad0;
T_0 ;
    %wait E_0x64a2cb3468b0;
    %load/vec4 v0x64a2cb348cd0_0;
    %pad/u 5;
    %load/vec4 v0x64a2cb35c960_0;
    %pad/u 5;
    %add;
    %load/vec4 v0x64a2cb35ca40_0;
    %pad/u 5;
    %add;
    %store/vec4 v0x64a2cb35cd00_0, 0, 5;
    %load/vec4 v0x64a2cb35cd00_0;
    %pad/u 32;
    %cmpi/u 9, 0, 32;
    %flag_or 5, 4; GT is !LE
    %flag_inv 5;
    %jmp/0xz  T_0.0, 5;
    %load/vec4 v0x64a2cb35cd00_0;
    %addi 6, 0, 5;
    %store/vec4 v0x64a2cb35cd00_0, 0, 5;
    %pushi/vec4 1, 0, 1;
    %store/vec4 v0x64a2cb35cb10_0, 0, 1;
    %load/vec4 v0x64a2cb35cd00_0;
    %parti/s 4, 0, 2;
    %store/vec4 v0x64a2cb35cbd0_0, 0, 4;
    %jmp T_0.1;
T_0.0 ;
    %pushi/vec4 0, 0, 1;
    %store/vec4 v0x64a2cb35cb10_0, 0, 1;
    %load/vec4 v0x64a2cb35cd00_0;
    %parti/s 4, 0, 2;
    %store/vec4 v0x64a2cb35cbd0_0, 0, 4;
T_0.1 ;
    %jmp T_0;
    .thread T_0, $push;
    .scope S_0x64a2cb348940;
T_1 ;
    %vpi_call 2 12 "$monitor", "a=%d b=%d cin=%d :: result in bcd = %d", v0x64a2cb35ce80_0, v0x64a2cb35cf60_0, v0x64a2cb35d030_0, v0x64a2cb35d200_0 {0 0 0};
    %pushi/vec4 9, 0, 4;
    %store/vec4 v0x64a2cb35ce80_0, 0, 4;
    %pushi/vec4 5, 0, 4;
    %store/vec4 v0x64a2cb35cf60_0, 0, 4;
    %pushi/vec4 0, 0, 1;
    %store/vec4 v0x64a2cb35d030_0, 0, 1;
    %delay 10, 0;
    %pushi/vec4 1, 0, 4;
    %store/vec4 v0x64a2cb35ce80_0, 0, 4;
    %pushi/vec4 7, 0, 4;
    %store/vec4 v0x64a2cb35cf60_0, 0, 4;
    %pushi/vec4 0, 0, 1;
    %store/vec4 v0x64a2cb35d030_0, 0, 1;
    %delay 10, 0;
    %pushi/vec4 4, 0, 4;
    %store/vec4 v0x64a2cb35ce80_0, 0, 4;
    %pushi/vec4 7, 0, 4;
    %store/vec4 v0x64a2cb35cf60_0, 0, 4;
    %pushi/vec4 0, 0, 1;
    %store/vec4 v0x64a2cb35d030_0, 0, 1;
    %delay 10, 0;
    %end;
    .thread T_1;
    .scope S_0x64a2cb348940;
T_2 ;
    %vpi_call 2 19 "$dumpfile", "dump.vcd" {0 0 0};
    %vpi_call 2 20 "$dumpvars", 32'sb00000000000000000000000000000000, S_0x64a2cb348940 {0 0 0};
    %end;
    .thread T_2;
# The file index is used to find the file name in the following table.
:file_names 4;
    "N/A";
    "<interactive>";
    "testbench.v";
    "./design.v";
