#! /usr/bin/vvp
:ivl_version "12.0 (stable)";
:ivl_delay_selection "TYPICAL";
:vpi_time_precision + 0;
:vpi_module "/usr/lib/x86_64-linux-gnu/ivl/system.vpi";
:vpi_module "/usr/lib/x86_64-linux-gnu/ivl/vhdl_sys.vpi";
:vpi_module "/usr/lib/x86_64-linux-gnu/ivl/vhdl_textio.vpi";
:vpi_module "/usr/lib/x86_64-linux-gnu/ivl/v2005_math.vpi";
:vpi_module "/usr/lib/x86_64-linux-gnu/ivl/va_math.vpi";
S_0x5b10d613da50 .scope module, "tb" "tb" 2 2;
 .timescale 0 0;
v0x5b10d6153a90_0 .var "clk", 0 0;
v0x5b10d6153b50_0 .var "in", 0 0;
v0x5b10d6153c20_0 .var "rst", 0 0;
v0x5b10d6153d20_0 .net "y", 0 0, v0x5b10d6153950_0;  1 drivers
S_0x5b10d613dbe0 .scope module, "dut" "fsm" 2 5, 3 3 0, S_0x5b10d613da50;
 .timescale 0 0;
    .port_info 0 /INPUT 1 "clk";
    .port_info 1 /INPUT 1 "rst";
    .port_info 2 /INPUT 1 "in";
    .port_info 3 /OUTPUT 1 "y";
P_0x5b10d6128550 .param/l "s0" 0 3 6, C4<00>;
P_0x5b10d6128590 .param/l "s1" 0 3 6, C4<01>;
P_0x5b10d61285d0 .param/l "s2" 0 3 6, C4<10>;
P_0x5b10d6128610 .param/l "s3" 0 3 6, C4<11>;
v0x5b10d6100490_0 .net "clk", 0 0, v0x5b10d6153c20_0;  1 drivers
v0x5b10d61535b0_0 .net "in", 0 0, v0x5b10d6153b50_0;  1 drivers
v0x5b10d6153670_0 .var "next_state", 1 0;
v0x5b10d6153760_0 .net "rst", 0 0, v0x5b10d6153a90_0;  1 drivers
v0x5b10d6153820_0 .var "state", 1 0;
v0x5b10d6153950_0 .var "y", 0 0;
E_0x5b10d6139b40 .event anyedge, v0x5b10d6153820_0, v0x5b10d61535b0_0;
E_0x5b10d61241d0 .event posedge, v0x5b10d6153760_0, v0x5b10d6100490_0;
    .scope S_0x5b10d613dbe0;
T_0 ;
    %wait E_0x5b10d61241d0;
    %load/vec4 v0x5b10d6153760_0;
    %flag_set/vec4 8;
    %jmp/0xz  T_0.0, 8;
    %pushi/vec4 0, 0, 2;
    %assign/vec4 v0x5b10d6153820_0, 0;
    %jmp T_0.1;
T_0.0 ;
    %load/vec4 v0x5b10d6153670_0;
    %assign/vec4 v0x5b10d6153820_0, 0;
T_0.1 ;
    %jmp T_0;
    .thread T_0;
    .scope S_0x5b10d613dbe0;
T_1 ;
    %wait E_0x5b10d6139b40;
    %pushi/vec4 0, 0, 2;
    %store/vec4 v0x5b10d6153670_0, 0, 2;
    %pushi/vec4 0, 0, 1;
    %store/vec4 v0x5b10d6153950_0, 0, 1;
    %load/vec4 v0x5b10d6153820_0;
    %dup/vec4;
    %pushi/vec4 0, 0, 2;
    %cmp/u;
    %jmp/1 T_1.0, 6;
    %dup/vec4;
    %pushi/vec4 1, 0, 2;
    %cmp/u;
    %jmp/1 T_1.1, 6;
    %dup/vec4;
    %pushi/vec4 2, 0, 2;
    %cmp/u;
    %jmp/1 T_1.2, 6;
    %dup/vec4;
    %pushi/vec4 3, 0, 2;
    %cmp/u;
    %jmp/1 T_1.3, 6;
    %pushi/vec4 0, 0, 2;
    %store/vec4 v0x5b10d6153670_0, 0, 2;
    %pushi/vec4 0, 0, 1;
    %store/vec4 v0x5b10d6153950_0, 0, 1;
    %jmp T_1.5;
T_1.0 ;
    %load/vec4 v0x5b10d61535b0_0;
    %flag_set/vec4 8;
    %jmp/0 T_1.6, 8;
    %pushi/vec4 1, 0, 2;
    %jmp/1 T_1.7, 8;
T_1.6 ; End of true expr.
    %pushi/vec4 0, 0, 2;
    %jmp/0 T_1.7, 8;
 ; End of false expr.
    %blend;
T_1.7;
    %store/vec4 v0x5b10d6153670_0, 0, 2;
    %pushi/vec4 0, 0, 1;
    %store/vec4 v0x5b10d6153950_0, 0, 1;
    %jmp T_1.5;
T_1.1 ;
    %load/vec4 v0x5b10d61535b0_0;
    %flag_set/vec4 8;
    %jmp/0 T_1.8, 8;
    %pushi/vec4 2, 0, 2;
    %jmp/1 T_1.9, 8;
T_1.8 ; End of true expr.
    %pushi/vec4 0, 0, 2;
    %jmp/0 T_1.9, 8;
 ; End of false expr.
    %blend;
T_1.9;
    %store/vec4 v0x5b10d6153670_0, 0, 2;
    %pushi/vec4 0, 0, 1;
    %store/vec4 v0x5b10d6153950_0, 0, 1;
    %jmp T_1.5;
T_1.2 ;
    %load/vec4 v0x5b10d61535b0_0;
    %flag_set/vec4 8;
    %jmp/0 T_1.10, 8;
    %pushi/vec4 2, 0, 2;
    %jmp/1 T_1.11, 8;
T_1.10 ; End of true expr.
    %pushi/vec4 3, 0, 2;
    %jmp/0 T_1.11, 8;
 ; End of false expr.
    %blend;
T_1.11;
    %store/vec4 v0x5b10d6153670_0, 0, 2;
    %pushi/vec4 0, 0, 1;
    %store/vec4 v0x5b10d6153950_0, 0, 1;
    %jmp T_1.5;
T_1.3 ;
    %load/vec4 v0x5b10d61535b0_0;
    %flag_set/vec4 8;
    %jmp/0 T_1.12, 8;
    %pushi/vec4 1, 0, 2;
    %jmp/1 T_1.13, 8;
T_1.12 ; End of true expr.
    %pushi/vec4 0, 0, 2;
    %jmp/0 T_1.13, 8;
 ; End of false expr.
    %blend;
T_1.13;
    %store/vec4 v0x5b10d6153670_0, 0, 2;
    %load/vec4 v0x5b10d61535b0_0;
    %flag_set/vec4 8;
    %jmp/0 T_1.14, 8;
    %pushi/vec4 1, 0, 2;
    %jmp/1 T_1.15, 8;
T_1.14 ; End of true expr.
    %pushi/vec4 0, 0, 2;
    %jmp/0 T_1.15, 8;
 ; End of false expr.
    %blend;
T_1.15;
    %pad/s 1;
    %store/vec4 v0x5b10d6153950_0, 0, 1;
    %jmp T_1.5;
T_1.5 ;
    %pop/vec4 1;
    %jmp T_1;
    .thread T_1, $push;
    .scope S_0x5b10d613da50;
T_2 ;
    %delay 5, 0;
    %load/vec4 v0x5b10d6153a90_0;
    %inv;
    %store/vec4 v0x5b10d6153a90_0, 0, 1;
    %jmp T_2;
    .thread T_2;
    .scope S_0x5b10d613da50;
T_3 ;
    %vpi_call 2 8 "$monitor", " sim = %0t in=%b :: y=%b state = %d", $time, v0x5b10d6153b50_0, v0x5b10d6153d20_0, v0x5b10d6153820_0 {0 0 0};
    %pushi/vec4 0, 0, 1;
    %store/vec4 v0x5b10d6153a90_0, 0, 1;
    %pushi/vec4 1, 0, 1;
    %store/vec4 v0x5b10d6153c20_0, 0, 1;
    %pushi/vec4 0, 0, 1;
    %store/vec4 v0x5b10d6153b50_0, 0, 1;
    %delay 10, 0;
    %pushi/vec4 0, 0, 1;
    %store/vec4 v0x5b10d6153c20_0, 0, 1;
    %delay 10, 0;
    %pushi/vec4 1, 0, 1;
    %store/vec4 v0x5b10d6153b50_0, 0, 1;
    %delay 10, 0;
    %pushi/vec4 1, 0, 1;
    %store/vec4 v0x5b10d6153b50_0, 0, 1;
    %delay 10, 0;
    %pushi/vec4 0, 0, 1;
    %store/vec4 v0x5b10d6153b50_0, 0, 1;
    %delay 10, 0;
    %pushi/vec4 1, 0, 1;
    %store/vec4 v0x5b10d6153b50_0, 0, 1;
    %delay 10, 0;
    %vpi_call 2 17 "$finish" {0 0 0};
    %end;
    .thread T_3;
    .scope S_0x5b10d613da50;
T_4 ;
    %vpi_call 2 20 "$dumpfile", "dump.vcd" {0 0 0};
    %vpi_call 2 21 "$dumpvars", 32'sb00000000000000000000000000000000, S_0x5b10d613da50, v0x5b10d6153820_0 {0 0 0};
    %end;
    .thread T_4;
# The file index is used to find the file name in the following table.
:file_names 4;
    "N/A";
    "<interactive>";
    "testbench.v";
    "./design.v";
