#! /usr/bin/vvp
:ivl_version "12.0 (stable)";
:ivl_delay_selection "TYPICAL";
:vpi_time_precision + 0;
:vpi_module "/usr/lib/x86_64-linux-gnu/ivl/system.vpi";
:vpi_module "/usr/lib/x86_64-linux-gnu/ivl/vhdl_sys.vpi";
:vpi_module "/usr/lib/x86_64-linux-gnu/ivl/vhdl_textio.vpi";
:vpi_module "/usr/lib/x86_64-linux-gnu/ivl/v2005_math.vpi";
:vpi_module "/usr/lib/x86_64-linux-gnu/ivl/va_math.vpi";
S_0x60fb5cd909f0 .scope module, "tb" "tb" 2 4;
 .timescale 0 0;
P_0x60fb5cd7d630 .param/l "read_count" 0 2 11, +C4<00000000000000000000000000010010>;
P_0x60fb5cd7d670 .param/l "write_count" 0 2 10, +C4<00000000000000000000000000010001>;
v0x60fb5cdad8f0_0 .var "clk", 0 0;
v0x60fb5cdad9b0_0 .var "d_in", 7 0;
v0x60fb5cdada80_0 .net "d_out", 7 0, v0x60fb5cdad0d0_0;  1 drivers
v0x60fb5cdadb80_0 .net "empty", 0 0, L_0x60fb5cdadf60;  1 drivers
v0x60fb5cdadc50_0 .net "full", 0 0, L_0x60fb5cdae430;  1 drivers
v0x60fb5cdadcf0_0 .var "rd_en", 0 0;
v0x60fb5cdaddc0_0 .var "rst", 0 0;
v0x60fb5cdade90_0 .var "wr_en", 0 0;
S_0x60fb5cd90c20 .scope module, "dut" "fifo" 2 13, 3 3 0, S_0x60fb5cd909f0;
 .timescale 0 0;
    .port_info 0 /INPUT 1 "clk";
    .port_info 1 /INPUT 1 "rst";
    .port_info 2 /INPUT 1 "wr_en";
    .port_info 3 /INPUT 1 "rd_en";
    .port_info 4 /INPUT 8 "d_in";
    .port_info 5 /OUTPUT 1 "full";
    .port_info 6 /OUTPUT 1 "empty";
    .port_info 7 /OUTPUT 8 "d_out";
P_0x60fb5cd7b020 .param/l "depth" 0 3 3, +C4<00000000000000000000000000010000>;
P_0x60fb5cd7b060 .param/l "pointer_width" 1 3 8, +C4<00000000000000000000000000000100>;
L_0x60fb5cd7e8e0 .functor NOT 1, L_0x60fb5cdae080, C4<0>, C4<0>, C4<0>;
v0x60fb5cd7ea00_0 .net *"_ivl_3", 0 0, L_0x60fb5cdae080;  1 drivers
v0x60fb5cd7fc60_0 .net *"_ivl_4", 0 0, L_0x60fb5cd7e8e0;  1 drivers
v0x60fb5cd7c640_0 .net *"_ivl_7", 3 0, L_0x60fb5cdae1f0;  1 drivers
v0x60fb5cd7d0e0_0 .net *"_ivl_8", 4 0, L_0x60fb5cdae290;  1 drivers
v0x60fb5cdacee0_0 .net "clk", 0 0, v0x60fb5cdad8f0_0;  1 drivers
v0x60fb5cdacff0_0 .net "d_in", 7 0, v0x60fb5cdad9b0_0;  1 drivers
v0x60fb5cdad0d0_0 .var "d_out", 7 0;
v0x60fb5cdad1b0_0 .net "empty", 0 0, L_0x60fb5cdadf60;  alias, 1 drivers
v0x60fb5cdad270_0 .net "full", 0 0, L_0x60fb5cdae430;  alias, 1 drivers
v0x60fb5cdad330 .array "mem", 0 15, 7 0;
v0x60fb5cdad3f0_0 .net "rd_en", 0 0, v0x60fb5cdadcf0_0;  1 drivers
v0x60fb5cdad4b0_0 .var "rd_ptr", 4 0;
v0x60fb5cdad590_0 .net "rst", 0 0, v0x60fb5cdaddc0_0;  1 drivers
v0x60fb5cdad650_0 .net "wr_en", 0 0, v0x60fb5cdade90_0;  1 drivers
v0x60fb5cdad710_0 .var "wr_ptr", 4 0;
E_0x60fb5cd8c800 .event posedge, v0x60fb5cdacee0_0;
L_0x60fb5cdadf60 .cmp/eq 5, v0x60fb5cdad710_0, v0x60fb5cdad4b0_0;
L_0x60fb5cdae080 .part v0x60fb5cdad710_0, 4, 1;
L_0x60fb5cdae1f0 .part v0x60fb5cdad710_0, 0, 4;
L_0x60fb5cdae290 .concat [ 4 1 0 0], L_0x60fb5cdae1f0, L_0x60fb5cd7e8e0;
L_0x60fb5cdae430 .cmp/eq 5, L_0x60fb5cdae290, v0x60fb5cdad4b0_0;
    .scope S_0x60fb5cd90c20;
T_0 ;
    %wait E_0x60fb5cd8c800;
    %load/vec4 v0x60fb5cdad590_0;
    %nor/r;
    %flag_set/vec4 8;
    %jmp/0xz  T_0.0, 8;
    %pushi/vec4 0, 0, 5;
    %assign/vec4 v0x60fb5cdad710_0, 0;
    %pushi/vec4 0, 0, 5;
    %assign/vec4 v0x60fb5cdad4b0_0, 0;
    %pushi/vec4 0, 0, 8;
    %assign/vec4 v0x60fb5cdad0d0_0, 0;
T_0.0 ;
    %jmp T_0;
    .thread T_0;
    .scope S_0x60fb5cd90c20;
T_1 ;
    %wait E_0x60fb5cd8c800;
    %load/vec4 v0x60fb5cdad650_0;
    %flag_set/vec4 9;
    %flag_get/vec4 9;
    %jmp/0 T_1.2, 9;
    %load/vec4 v0x60fb5cdad270_0;
    %nor/r;
    %and;
T_1.2;
    %flag_set/vec4 8;
    %jmp/0xz  T_1.0, 8;
    %load/vec4 v0x60fb5cdacff0_0;
    %load/vec4 v0x60fb5cdad710_0;
    %parti/s 4, 0, 2;
    %pad/u 6;
    %ix/vec4 3;
    %ix/load 4, 0, 0; Constant delay
    %assign/vec4/a/d v0x60fb5cdad330, 0, 4;
    %load/vec4 v0x60fb5cdad710_0;
    %addi 1, 0, 5;
    %assign/vec4 v0x60fb5cdad710_0, 0;
T_1.0 ;
    %jmp T_1;
    .thread T_1;
    .scope S_0x60fb5cd90c20;
T_2 ;
    %wait E_0x60fb5cd8c800;
    %load/vec4 v0x60fb5cdad590_0;
    %nor/r;
    %flag_set/vec4 8;
    %jmp/0xz  T_2.0, 8;
    %pushi/vec4 0, 0, 8;
    %assign/vec4 v0x60fb5cdad0d0_0, 0;
    %jmp T_2.1;
T_2.0 ;
    %load/vec4 v0x60fb5cdad3f0_0;
    %flag_set/vec4 9;
    %flag_get/vec4 9;
    %jmp/0 T_2.4, 9;
    %load/vec4 v0x60fb5cdad1b0_0;
    %nor/r;
    %and;
T_2.4;
    %flag_set/vec4 8;
    %jmp/0xz  T_2.2, 8;
    %load/vec4 v0x60fb5cdad4b0_0;
    %parti/s 4, 0, 2;
    %pad/u 6;
    %ix/vec4 4;
    %load/vec4a v0x60fb5cdad330, 4;
    %assign/vec4 v0x60fb5cdad0d0_0, 0;
    %load/vec4 v0x60fb5cdad4b0_0;
    %addi 1, 0, 5;
    %assign/vec4 v0x60fb5cdad4b0_0, 0;
T_2.2 ;
T_2.1 ;
    %jmp T_2;
    .thread T_2;
    .scope S_0x60fb5cd909f0;
T_3 ;
    %pushi/vec4 0, 0, 1;
    %store/vec4 v0x60fb5cdad8f0_0, 0, 1;
    %pushi/vec4 0, 0, 1;
    %store/vec4 v0x60fb5cdaddc0_0, 0, 1;
    %pushi/vec4 0, 0, 1;
    %store/vec4 v0x60fb5cdade90_0, 0, 1;
    %pushi/vec4 0, 0, 1;
    %store/vec4 v0x60fb5cdadcf0_0, 0, 1;
    %end;
    .thread T_3;
    .scope S_0x60fb5cd909f0;
T_4 ;
    %delay 5, 0;
    %load/vec4 v0x60fb5cdad8f0_0;
    %inv;
    %store/vec4 v0x60fb5cdad8f0_0, 0, 1;
    %jmp T_4;
    .thread T_4;
    .scope S_0x60fb5cd909f0;
T_5 ;
    %delay 12, 0;
    %pushi/vec4 1, 0, 1;
    %store/vec4 v0x60fb5cdaddc0_0, 0, 1;
    %pushi/vec4 17, 0, 32;
T_5.0 %dup/vec4;
    %pushi/vec4 0, 0, 32;
    %cmp/s;
    %jmp/1xz T_5.1, 5;
    %jmp/1 T_5.1, 4;
    %pushi/vec4 1, 0, 32;
    %sub;
    %wait E_0x60fb5cd8c800;
    %delay 1, 0;
    %load/vec4 v0x60fb5cdadc50_0;
    %nor/r;
    %flag_set/vec4 8;
    %jmp/0xz  T_5.2, 8;
    %pushi/vec4 1, 0, 1;
    %store/vec4 v0x60fb5cdade90_0, 0, 1;
    %pushi/vec4 0, 0, 1;
    %store/vec4 v0x60fb5cdadcf0_0, 0, 1;
    %vpi_func 2 29 "$random" 32 {0 0 0};
    %pad/s 8;
    %store/vec4 v0x60fb5cdad9b0_0, 0, 8;
    %vpi_call 2 30 "$display", "%0d : Data_in = %0d", v0x60fb5cdad710_0, v0x60fb5cdad9b0_0 {0 0 0};
    %jmp T_5.3;
T_5.2 ;
    %vpi_call 2 34 "$display", "full" {0 0 0};
    %pushi/vec4 0, 0, 1;
    %store/vec4 v0x60fb5cdade90_0, 0, 1;
T_5.3 ;
    %jmp T_5.0;
T_5.1 ;
    %pop/vec4 1;
    %delay 2, 0;
    %pushi/vec4 18, 0, 32;
T_5.4 %dup/vec4;
    %pushi/vec4 0, 0, 32;
    %cmp/s;
    %jmp/1xz T_5.5, 5;
    %jmp/1 T_5.5, 4;
    %pushi/vec4 1, 0, 32;
    %sub;
    %delay 1, 0;
    %wait E_0x60fb5cd8c800;
    %load/vec4 v0x60fb5cdadb80_0;
    %nor/r;
    %flag_set/vec4 8;
    %jmp/0xz  T_5.6, 8;
    %pushi/vec4 1, 0, 1;
    %store/vec4 v0x60fb5cdadcf0_0, 0, 1;
    %vpi_call 2 49 "$display", "%0d : Data_out = %0d", v0x60fb5cdad4b0_0, v0x60fb5cdada80_0 {0 0 0};
    %jmp T_5.7;
T_5.6 ;
    %vpi_call 2 53 "$display", "empty" {0 0 0};
    %pushi/vec4 0, 0, 1;
    %store/vec4 v0x60fb5cdadcf0_0, 0, 1;
T_5.7 ;
    %jmp T_5.4;
T_5.5 ;
    %pop/vec4 1;
    %vpi_call 2 58 "$finish" {0 0 0};
    %end;
    .thread T_5;
    .scope S_0x60fb5cd909f0;
T_6 ;
    %vpi_call 2 62 "$dumpfile", "dump.vcd" {0 0 0};
    %vpi_call 2 63 "$dumpvars" {0 0 0};
    %end;
    .thread T_6;
# The file index is used to find the file name in the following table.
:file_names 4;
    "N/A";
    "<interactive>";
    "testbench.v";
    "./design.v";
