#! /usr/bin/vvp
:ivl_version "12.0 (stable)";
:ivl_delay_selection "TYPICAL";
:vpi_time_precision + 0;
:vpi_module "/usr/lib/x86_64-linux-gnu/ivl/system.vpi";
:vpi_module "/usr/lib/x86_64-linux-gnu/ivl/vhdl_sys.vpi";
:vpi_module "/usr/lib/x86_64-linux-gnu/ivl/vhdl_textio.vpi";
:vpi_module "/usr/lib/x86_64-linux-gnu/ivl/v2005_math.vpi";
:vpi_module "/usr/lib/x86_64-linux-gnu/ivl/va_math.vpi";
S_0x56dae4cc3490 .scope module, "tb" "tb" 2 20;
 .timescale 0 0;
v0x56dae4d11b40_0 .var "clk", 0 0;
v0x56dae4d11c00_0 .net "q", 0 0, v0x56dae4d11760_0;  1 drivers
v0x56dae4d11cd0_0 .var "rst", 0 0;
v0x56dae4d11dd0_0 .var "t", 0 0;
S_0x56dae4cc3620 .scope begin, "$ivl_for_loop0" "$ivl_for_loop0" 2 31, 2 31 0, S_0x56dae4cc3490;
 .timescale 0 0;
v0x56dae4cc3800_0 .var/i "i", 31 0;
S_0x56dae4d113f0 .scope module, "dut" "tlatch" 2 23, 2 2 0, S_0x56dae4cc3490;
 .timescale 0 0;
    .port_info 0 /INPUT 1 "t";
    .port_info 1 /INPUT 1 "clk";
    .port_info 2 /INPUT 1 "rst";
    .port_info 3 /OUTPUT 1 "q";
v0x56dae4d11680_0 .net "clk", 0 0, v0x56dae4d11b40_0;  1 drivers
v0x56dae4d11760_0 .var "q", 0 0;
v0x56dae4d11820_0 .net "rst", 0 0, v0x56dae4d11cd0_0;  1 drivers
v0x56dae4d118f0_0 .net "t", 0 0, v0x56dae4d11dd0_0;  1 drivers
v0x56dae4d119b0_0 .var "temp", 0 0;
E_0x56dae4cfddc0 .event anyedge, v0x56dae4d11820_0, v0x56dae4d11680_0, v0x56dae4d118f0_0;
    .scope S_0x56dae4d113f0;
T_0 ;
    %wait E_0x56dae4cfddc0;
    %load/vec4 v0x56dae4d11680_0;
    %inv;
    %flag_set/vec4 8;
    %jmp/0xz  T_0.0, 8;
    %load/vec4 v0x56dae4d11820_0;
    %flag_set/vec4 8;
    %jmp/0xz  T_0.2, 8;
    %pushi/vec4 0, 0, 1;
    %assign/vec4 v0x56dae4d119b0_0, 0;
    %jmp T_0.3;
T_0.2 ;
    %load/vec4 v0x56dae4d118f0_0;
    %flag_set/vec4 8;
    %jmp/0xz  T_0.4, 8;
    %load/vec4 v0x56dae4d119b0_0;
    %inv;
    %assign/vec4 v0x56dae4d119b0_0, 0;
T_0.4 ;
T_0.3 ;
T_0.0 ;
    %load/vec4 v0x56dae4d119b0_0;
    %assign/vec4 v0x56dae4d11760_0, 0;
    %jmp T_0;
    .thread T_0, $push;
    .scope S_0x56dae4cc3490;
T_1 ;
    %vpi_call 2 26 "$monitor", "t = %b  clk = %b  reset =%b  ::  output q = %b ", v0x56dae4d11dd0_0, v0x56dae4d11b40_0, v0x56dae4d11cd0_0, v0x56dae4d11c00_0 {0 0 0};
    %pushi/vec4 1, 0, 1;
    %store/vec4 v0x56dae4d11cd0_0, 0, 1;
    %pushi/vec4 0, 0, 1;
    %store/vec4 v0x56dae4d11dd0_0, 0, 1;
    %pushi/vec4 0, 0, 1;
    %store/vec4 v0x56dae4d11b40_0, 0, 1;
    %delay 5, 0;
    %pushi/vec4 0, 0, 1;
    %store/vec4 v0x56dae4d11cd0_0, 0, 1;
    %fork t_1, S_0x56dae4cc3620;
    %jmp t_0;
    .scope S_0x56dae4cc3620;
t_1 ;
    %pushi/vec4 0, 0, 32;
    %store/vec4 v0x56dae4cc3800_0, 0, 32;
T_1.0 ;
    %load/vec4 v0x56dae4cc3800_0;
    %cmpi/s 32, 0, 32;
    %jmp/0xz T_1.1, 5;
    %load/vec4 v0x56dae4cc3800_0;
    %pad/s 2;
    %split/vec4 1;
    %store/vec4 v0x56dae4d11b40_0, 0, 1;
    %store/vec4 v0x56dae4d11dd0_0, 0, 1;
    %delay 5, 0;
    ; show_stmt_assign_vector: Get l-value for compressed += operand
    %load/vec4 v0x56dae4cc3800_0;
    %pushi/vec4 1, 0, 32;
    %add;
    %store/vec4 v0x56dae4cc3800_0, 0, 32;
    %jmp T_1.0;
T_1.1 ;
    %end;
    .scope S_0x56dae4cc3490;
t_0 %join;
    %end;
    .thread T_1;
    .scope S_0x56dae4cc3490;
T_2 ;
    %vpi_call 2 36 "$dumpfile", "dump.vcd" {0 0 0};
    %vpi_call 2 37 "$dumpvars", 32'sb00000000000000000000000000000000, S_0x56dae4cc3490 {0 0 0};
    %end;
    .thread T_2;
# The file index is used to find the file name in the following table.
:file_names 3;
    "N/A";
    "<interactive>";
    "latch.v";
