#! /usr/bin/vvp
:ivl_version "12.0 (stable)";
:ivl_delay_selection "TYPICAL";
:vpi_time_precision + 0;
:vpi_module "/usr/lib/x86_64-linux-gnu/ivl/system.vpi";
:vpi_module "/usr/lib/x86_64-linux-gnu/ivl/vhdl_sys.vpi";
:vpi_module "/usr/lib/x86_64-linux-gnu/ivl/vhdl_textio.vpi";
:vpi_module "/usr/lib/x86_64-linux-gnu/ivl/v2005_math.vpi";
:vpi_module "/usr/lib/x86_64-linux-gnu/ivl/va_math.vpi";
S_0x625f3b060d10 .scope module, "tb" "tb" 2 3;
 .timescale 0 0;
v0x625f3b0794d0_0 .var "clk", 0 0;
v0x625f3b079590_0 .var "in", 0 0;
v0x625f3b079660_0 .net "out", 0 0, v0x625f3b0791a0_0;  1 drivers
v0x625f3b079760_0 .var "rst", 0 0;
S_0x625f3b060ea0 .scope module, "uut" "moore_1011_detector" 2 10, 3 1 0, S_0x625f3b060d10;
 .timescale 0 0;
    .port_info 0 /INPUT 1 "clk";
    .port_info 1 /INPUT 1 "rst";
    .port_info 2 /INPUT 1 "in";
    .port_info 3 /OUTPUT 1 "out";
P_0x625f3b061030 .param/l "S0" 0 3 8, C4<000>;
P_0x625f3b061070 .param/l "S1" 0 3 9, C4<001>;
P_0x625f3b0610b0 .param/l "S2" 0 3 10, C4<010>;
P_0x625f3b0610f0 .param/l "S3" 0 3 11, C4<011>;
P_0x625f3b061130 .param/l "S4" 0 3 12, C4<100>;
v0x625f3b0235e0_0 .net "clk", 0 0, v0x625f3b0794d0_0;  1 drivers
v0x625f3b078ff0_0 .net "in", 0 0, v0x625f3b079590_0;  1 drivers
v0x625f3b0790b0_0 .var "next_state", 2 0;
v0x625f3b0791a0_0 .var "out", 0 0;
v0x625f3b079260_0 .net "rst", 0 0, v0x625f3b079760_0;  1 drivers
v0x625f3b079370_0 .var "state", 2 0;
E_0x625f3b05ce30 .event anyedge, v0x625f3b079370_0, v0x625f3b078ff0_0;
E_0x625f3b023b80 .event posedge, v0x625f3b079260_0, v0x625f3b0235e0_0;
    .scope S_0x625f3b060ea0;
T_0 ;
    %wait E_0x625f3b023b80;
    %load/vec4 v0x625f3b079260_0;
    %flag_set/vec4 8;
    %jmp/0xz  T_0.0, 8;
    %pushi/vec4 0, 0, 3;
    %assign/vec4 v0x625f3b079370_0, 0;
    %jmp T_0.1;
T_0.0 ;
    %load/vec4 v0x625f3b0790b0_0;
    %assign/vec4 v0x625f3b079370_0, 0;
T_0.1 ;
    %jmp T_0;
    .thread T_0;
    .scope S_0x625f3b060ea0;
T_1 ;
    %wait E_0x625f3b05ce30;
    %load/vec4 v0x625f3b079370_0;
    %dup/vec4;
    %pushi/vec4 0, 0, 3;
    %cmp/u;
    %jmp/1 T_1.0, 6;
    %dup/vec4;
    %pushi/vec4 1, 0, 3;
    %cmp/u;
    %jmp/1 T_1.1, 6;
    %dup/vec4;
    %pushi/vec4 2, 0, 3;
    %cmp/u;
    %jmp/1 T_1.2, 6;
    %dup/vec4;
    %pushi/vec4 3, 0, 3;
    %cmp/u;
    %jmp/1 T_1.3, 6;
    %dup/vec4;
    %pushi/vec4 4, 0, 3;
    %cmp/u;
    %jmp/1 T_1.4, 6;
    %jmp T_1.5;
T_1.0 ;
    %load/vec4 v0x625f3b078ff0_0;
    %pad/u 32;
    %cmpi/e 1, 0, 32;
    %flag_mov 8, 4;
    %jmp/0 T_1.6, 8;
    %pushi/vec4 1, 0, 3;
    %jmp/1 T_1.7, 8;
T_1.6 ; End of true expr.
    %pushi/vec4 0, 0, 3;
    %jmp/0 T_1.7, 8;
 ; End of false expr.
    %blend;
T_1.7;
    %store/vec4 v0x625f3b0790b0_0, 0, 3;
    %pushi/vec4 0, 0, 1;
    %store/vec4 v0x625f3b0791a0_0, 0, 1;
    %jmp T_1.5;
T_1.1 ;
    %load/vec4 v0x625f3b078ff0_0;
    %pad/u 32;
    %cmpi/e 0, 0, 32;
    %flag_mov 8, 4;
    %jmp/0 T_1.8, 8;
    %pushi/vec4 2, 0, 3;
    %jmp/1 T_1.9, 8;
T_1.8 ; End of true expr.
    %pushi/vec4 1, 0, 3;
    %jmp/0 T_1.9, 8;
 ; End of false expr.
    %blend;
T_1.9;
    %store/vec4 v0x625f3b0790b0_0, 0, 3;
    %pushi/vec4 0, 0, 1;
    %store/vec4 v0x625f3b0791a0_0, 0, 1;
    %jmp T_1.5;
T_1.2 ;
    %load/vec4 v0x625f3b078ff0_0;
    %pad/u 32;
    %cmpi/e 1, 0, 32;
    %flag_mov 8, 4;
    %jmp/0 T_1.10, 8;
    %pushi/vec4 3, 0, 3;
    %jmp/1 T_1.11, 8;
T_1.10 ; End of true expr.
    %pushi/vec4 0, 0, 3;
    %jmp/0 T_1.11, 8;
 ; End of false expr.
    %blend;
T_1.11;
    %store/vec4 v0x625f3b0790b0_0, 0, 3;
    %pushi/vec4 0, 0, 1;
    %store/vec4 v0x625f3b0791a0_0, 0, 1;
    %jmp T_1.5;
T_1.3 ;
    %load/vec4 v0x625f3b078ff0_0;
    %pad/u 32;
    %cmpi/e 1, 0, 32;
    %flag_mov 8, 4;
    %jmp/0 T_1.12, 8;
    %pushi/vec4 4, 0, 3;
    %jmp/1 T_1.13, 8;
T_1.12 ; End of true expr.
    %pushi/vec4 2, 0, 3;
    %jmp/0 T_1.13, 8;
 ; End of false expr.
    %blend;
T_1.13;
    %store/vec4 v0x625f3b0790b0_0, 0, 3;
    %pushi/vec4 0, 0, 1;
    %store/vec4 v0x625f3b0791a0_0, 0, 1;
    %jmp T_1.5;
T_1.4 ;
    %load/vec4 v0x625f3b078ff0_0;
    %pad/u 32;
    %cmpi/e 1, 0, 32;
    %flag_mov 8, 4;
    %jmp/0 T_1.14, 8;
    %pushi/vec4 1, 0, 3;
    %jmp/1 T_1.15, 8;
T_1.14 ; End of true expr.
    %pushi/vec4 2, 0, 3;
    %jmp/0 T_1.15, 8;
 ; End of false expr.
    %blend;
T_1.15;
    %store/vec4 v0x625f3b0790b0_0, 0, 3;
    %pushi/vec4 1, 0, 1;
    %store/vec4 v0x625f3b0791a0_0, 0, 1;
    %jmp T_1.5;
T_1.5 ;
    %pop/vec4 1;
    %jmp T_1;
    .thread T_1, $push;
    .scope S_0x625f3b060d10;
T_2 ;
    %delay 5, 0;
    %load/vec4 v0x625f3b0794d0_0;
    %inv;
    %store/vec4 v0x625f3b0794d0_0, 0, 1;
    %jmp T_2;
    .thread T_2;
    .scope S_0x625f3b060d10;
T_3 ;
    %vpi_call 2 18 "$monitor", "time = %0t rst=%b ::   in =%b   ::  out =%b", $time, v0x625f3b079760_0, v0x625f3b079590_0, v0x625f3b079660_0 {0 0 0};
    %pushi/vec4 0, 0, 1;
    %store/vec4 v0x625f3b0794d0_0, 0, 1;
    %pushi/vec4 1, 0, 1;
    %store/vec4 v0x625f3b079760_0, 0, 1;
    %pushi/vec4 0, 0, 1;
    %store/vec4 v0x625f3b079590_0, 0, 1;
    %delay 10, 0;
    %pushi/vec4 0, 0, 1;
    %store/vec4 v0x625f3b079760_0, 0, 1;
    %pushi/vec4 1, 0, 1;
    %store/vec4 v0x625f3b079590_0, 0, 1;
    %delay 10, 0;
    %pushi/vec4 0, 0, 1;
    %store/vec4 v0x625f3b079590_0, 0, 1;
    %delay 10, 0;
    %pushi/vec4 1, 0, 1;
    %store/vec4 v0x625f3b079590_0, 0, 1;
    %delay 10, 0;
    %pushi/vec4 1, 0, 1;
    %store/vec4 v0x625f3b079590_0, 0, 1;
    %delay 10, 0;
    %pushi/vec4 1, 0, 1;
    %store/vec4 v0x625f3b079590_0, 0, 1;
    %delay 10, 0;
    %pushi/vec4 0, 0, 1;
    %store/vec4 v0x625f3b079590_0, 0, 1;
    %delay 10, 0;
    %pushi/vec4 1, 0, 1;
    %store/vec4 v0x625f3b079590_0, 0, 1;
    %delay 10, 0;
    %pushi/vec4 1, 0, 1;
    %store/vec4 v0x625f3b079590_0, 0, 1;
    %delay 10, 0;
    %pushi/vec4 0, 0, 1;
    %store/vec4 v0x625f3b079590_0, 0, 1;
    %delay 10, 0;
    %pushi/vec4 1, 0, 1;
    %store/vec4 v0x625f3b079590_0, 0, 1;
    %delay 10, 0;
    %pushi/vec4 1, 0, 1;
    %store/vec4 v0x625f3b079590_0, 0, 1;
    %delay 10, 0;
    %pushi/vec4 0, 0, 1;
    %store/vec4 v0x625f3b079590_0, 0, 1;
    %delay 10, 0;
    %vpi_call 2 43 "$finish" {0 0 0};
    %end;
    .thread T_3;
    .scope S_0x625f3b060d10;
T_4 ;
    %vpi_call 2 46 "$dumpfile", "dump.vcd" {0 0 0};
    %vpi_call 2 47 "$dumpvars", 32'sb00000000000000000000000000000000, S_0x625f3b060d10 {0 0 0};
    %end;
    .thread T_4;
# The file index is used to find the file name in the following table.
:file_names 4;
    "N/A";
    "<interactive>";
    "testbench.v";
    "./design.v";
