#! /usr/bin/vvp
:ivl_version "12.0 (stable)";
:ivl_delay_selection "TYPICAL";
:vpi_time_precision + 0;
:vpi_module "/usr/lib/x86_64-linux-gnu/ivl/system.vpi";
:vpi_module "/usr/lib/x86_64-linux-gnu/ivl/vhdl_sys.vpi";
:vpi_module "/usr/lib/x86_64-linux-gnu/ivl/vhdl_textio.vpi";
:vpi_module "/usr/lib/x86_64-linux-gnu/ivl/v2005_math.vpi";
:vpi_module "/usr/lib/x86_64-linux-gnu/ivl/va_math.vpi";
S_0x5d0941237610 .scope module, "tb" "tb" 2 9;
 .timescale 0 0;
v0x5d094124b120_0 .var "i", 1 0;
v0x5d094124b1e0_0 .var "s", 0 0;
v0x5d094124b2b0_0 .net "y", 0 0, L_0x5d094124b570;  1 drivers
S_0x5d09412377a0 .scope module, "dut" "mux" 2 13, 2 2 0, S_0x5d0941237610;
 .timescale 0 0;
    .port_info 0 /INPUT 2 "i";
    .port_info 1 /INPUT 1 "s";
    .port_info 2 /OUTPUT 1 "y";
v0x5d09412379d0_0 .net *"_ivl_1", 0 0, L_0x5d094124b3b0;  1 drivers
v0x5d094124ad30_0 .net *"_ivl_3", 0 0, L_0x5d094124b4d0;  1 drivers
v0x5d094124ae10_0 .net "i", 1 0, v0x5d094124b120_0;  1 drivers
v0x5d094124aed0_0 .net "s", 0 0, v0x5d094124b1e0_0;  1 drivers
v0x5d094124af90_0 .net "y", 0 0, L_0x5d094124b570;  alias, 1 drivers
L_0x5d094124b3b0 .part v0x5d094124b120_0, 1, 1;
L_0x5d094124b4d0 .part v0x5d094124b120_0, 0, 1;
L_0x5d094124b570 .functor MUXZ 1, L_0x5d094124b4d0, L_0x5d094124b3b0, v0x5d094124b1e0_0, C4<>;
    .scope S_0x5d0941237610;
T_0 ;
    %pushi/vec4 2, 0, 2;
    %store/vec4 v0x5d094124b120_0, 0, 2;
    %pushi/vec4 0, 0, 1;
    %store/vec4 v0x5d094124b1e0_0, 0, 1;
    %delay 5, 0;
    %pushi/vec4 1, 0, 2;
    %store/vec4 v0x5d094124b120_0, 0, 2;
    %pushi/vec4 0, 0, 1;
    %store/vec4 v0x5d094124b1e0_0, 0, 1;
    %delay 5, 0;
    %pushi/vec4 1, 0, 2;
    %store/vec4 v0x5d094124b120_0, 0, 2;
    %pushi/vec4 1, 0, 1;
    %store/vec4 v0x5d094124b1e0_0, 0, 1;
    %delay 5, 0;
    %pushi/vec4 2, 0, 2;
    %store/vec4 v0x5d094124b120_0, 0, 2;
    %pushi/vec4 1, 0, 1;
    %store/vec4 v0x5d094124b1e0_0, 0, 1;
    %delay 5, 0;
    %vpi_call 2 19 "$finish" {0 0 0};
    %end;
    .thread T_0;
    .scope S_0x5d0941237610;
T_1 ;
    %vpi_call 2 23 "$monitor", "Time = %0t   i = %b s=%b  :: y =%b ", $time, v0x5d094124b120_0, v0x5d094124b1e0_0, v0x5d094124b2b0_0 {0 0 0};
    %end;
    .thread T_1;
    .scope S_0x5d0941237610;
T_2 ;
    %vpi_call 2 26 "$dumpfile", "dump.vcd" {0 0 0};
    %vpi_call 2 27 "$dumpvars", 32'sb00000000000000000000000000000000, S_0x5d0941237610 {0 0 0};
    %end;
    .thread T_2;
# The file index is used to find the file name in the following table.
:file_names 3;
    "N/A";
    "<interactive>";
    "mux.v";
