#! /usr/bin/vvp
:ivl_version "12.0 (stable)";
:ivl_delay_selection "TYPICAL";
:vpi_time_precision + 0;
:vpi_module "/usr/lib/x86_64-linux-gnu/ivl/system.vpi";
:vpi_module "/usr/lib/x86_64-linux-gnu/ivl/vhdl_sys.vpi";
:vpi_module "/usr/lib/x86_64-linux-gnu/ivl/vhdl_textio.vpi";
:vpi_module "/usr/lib/x86_64-linux-gnu/ivl/v2005_math.vpi";
:vpi_module "/usr/lib/x86_64-linux-gnu/ivl/va_math.vpi";
S_0x57c14e3c8520 .scope module, "tb" "tb" 2 23;
 .timescale 0 0;
v0x57c14e3db420_0 .var "clk", 0 0;
v0x57c14e3db4e0_0 .net "count", 2 0, L_0x57c14e3db780;  1 drivers
v0x57c14e3db5b0_0 .var "rst", 0 0;
v0x57c14e3db6b0_0 .var "updown", 0 0;
S_0x57c14e3c86b0 .scope module, "dut" "counter" 2 26, 2 3 0, S_0x57c14e3c8520;
 .timescale 0 0;
    .port_info 0 /INPUT 1 "rst";
    .port_info 1 /INPUT 1 "clk";
    .port_info 2 /INPUT 1 "updown";
    .port_info 3 /OUTPUT 3 "count";
L_0x57c14e3db780 .functor BUFZ 3, v0x57c14e3db1b0_0, C4<000>, C4<000>, C4<000>;
v0x57c14e3c8900_0 .net "clk", 0 0, v0x57c14e3db420_0;  1 drivers
v0x57c14e3db030_0 .net "count", 2 0, L_0x57c14e3db780;  alias, 1 drivers
v0x57c14e3db110_0 .net "rst", 0 0, v0x57c14e3db5b0_0;  1 drivers
v0x57c14e3db1b0_0 .var "temp", 2 0;
v0x57c14e3db290_0 .net "updown", 0 0, v0x57c14e3db6b0_0;  1 drivers
E_0x57c14e38f6a0 .event posedge, v0x57c14e3c8900_0;
    .scope S_0x57c14e3c86b0;
T_0 ;
    %wait E_0x57c14e38f6a0;
    %load/vec4 v0x57c14e3db110_0;
    %flag_set/vec4 8;
    %jmp/0xz  T_0.0, 8;
    %pushi/vec4 0, 0, 3;
    %assign/vec4 v0x57c14e3db1b0_0, 0;
    %jmp T_0.1;
T_0.0 ;
    %load/vec4 v0x57c14e3db290_0;
    %flag_set/vec4 8;
    %jmp/0xz  T_0.2, 8;
    %load/vec4 v0x57c14e3db1b0_0;
    %addi 1, 0, 3;
    %assign/vec4 v0x57c14e3db1b0_0, 0;
    %jmp T_0.3;
T_0.2 ;
    %load/vec4 v0x57c14e3db1b0_0;
    %subi 1, 0, 3;
    %assign/vec4 v0x57c14e3db1b0_0, 0;
T_0.3 ;
T_0.1 ;
    %jmp T_0;
    .thread T_0;
    .scope S_0x57c14e3c8520;
T_1 ;
    %delay 5, 0;
    %load/vec4 v0x57c14e3db420_0;
    %inv;
    %store/vec4 v0x57c14e3db420_0, 0, 1;
    %jmp T_1;
    .thread T_1;
    .scope S_0x57c14e3c8520;
T_2 ;
    %vpi_call 2 29 "$monitor", "rst =%b updown=%b ::   count =%d ", v0x57c14e3db5b0_0, v0x57c14e3db6b0_0, v0x57c14e3db4e0_0 {0 0 0};
    %pushi/vec4 0, 0, 1;
    %store/vec4 v0x57c14e3db420_0, 0, 1;
    %pushi/vec4 1, 0, 1;
    %store/vec4 v0x57c14e3db5b0_0, 0, 1;
    %delay 13, 0;
    %pushi/vec4 0, 0, 1;
    %store/vec4 v0x57c14e3db5b0_0, 0, 1;
    %pushi/vec4 1, 0, 1;
    %store/vec4 v0x57c14e3db6b0_0, 0, 1;
    %delay 70, 0;
    %pushi/vec4 0, 0, 1;
    %store/vec4 v0x57c14e3db6b0_0, 0, 1;
    %delay 70, 0;
    %vpi_call 2 35 "$finish" {0 0 0};
    %end;
    .thread T_2;
    .scope S_0x57c14e3c8520;
T_3 ;
    %vpi_call 2 38 "$dumpfile", "dump.vcd" {0 0 0};
    %vpi_call 2 39 "$dumpvars", 32'sb00000000000000000000000000000000, S_0x57c14e3c8520 {0 0 0};
    %end;
    .thread T_3;
# The file index is used to find the file name in the following table.
:file_names 3;
    "N/A";
    "<interactive>";
    "counter.v";
