#! /usr/bin/vvp
:ivl_version "12.0 (stable)";
:ivl_delay_selection "TYPICAL";
:vpi_time_precision + 0;
:vpi_module "/usr/lib/x86_64-linux-gnu/ivl/system.vpi";
:vpi_module "/usr/lib/x86_64-linux-gnu/ivl/vhdl_sys.vpi";
:vpi_module "/usr/lib/x86_64-linux-gnu/ivl/vhdl_textio.vpi";
:vpi_module "/usr/lib/x86_64-linux-gnu/ivl/v2005_math.vpi";
:vpi_module "/usr/lib/x86_64-linux-gnu/ivl/va_math.vpi";
S_0x617542de9490 .scope module, "tb" "tb" 2 15;
 .timescale 0 0;
v0x617542e35880_0 .var "clk", 0 0;
v0x617542e35940_0 .var "d", 0 0;
v0x617542e35a10_0 .net "q", 0 0, v0x617542e35640_0;  1 drivers
v0x617542e35b10_0 .var "rst", 0 0;
S_0x617542de9620 .scope module, "dut" "tff" 2 18, 2 2 0, S_0x617542de9490;
 .timescale 0 0;
    .port_info 0 /INPUT 1 "d";
    .port_info 1 /INPUT 1 "clk";
    .port_info 2 /INPUT 1 "rst";
    .port_info 3 /OUTPUT 1 "q";
v0x617542e22ac0_0 .net "clk", 0 0, v0x617542e35880_0;  1 drivers
v0x617542e35580_0 .net "d", 0 0, v0x617542e35940_0;  1 drivers
v0x617542e35640_0 .var "q", 0 0;
v0x617542e35710_0 .net "rst", 0 0, v0x617542e35b10_0;  1 drivers
E_0x617542e231f0 .event posedge, v0x617542e35710_0, v0x617542e22ac0_0;
    .scope S_0x617542de9620;
T_0 ;
    %wait E_0x617542e231f0;
    %load/vec4 v0x617542e35710_0;
    %flag_set/vec4 8;
    %jmp/0xz  T_0.0, 8;
    %pushi/vec4 0, 0, 1;
    %assign/vec4 v0x617542e35640_0, 0;
    %jmp T_0.1;
T_0.0 ;
    %load/vec4 v0x617542e35580_0;
    %assign/vec4 v0x617542e35640_0, 0;
T_0.1 ;
    %jmp T_0;
    .thread T_0;
    .scope S_0x617542de9490;
T_1 ;
    %delay 5, 0;
    %load/vec4 v0x617542e35880_0;
    %inv;
    %store/vec4 v0x617542e35880_0, 0, 1;
    %jmp T_1;
    .thread T_1;
    .scope S_0x617542de9490;
T_2 ;
    %vpi_call 2 21 "$monitor", "rst =%b  clk=%b  d =%b  ::  q=%b", v0x617542e35b10_0, v0x617542e35880_0, v0x617542e35940_0, v0x617542e35a10_0 {0 0 0};
    %pushi/vec4 0, 0, 1;
    %store/vec4 v0x617542e35880_0, 0, 1;
    %delay 5, 0;
    %pushi/vec4 1, 0, 1;
    %store/vec4 v0x617542e35b10_0, 0, 1;
    %delay 5, 0;
    %pushi/vec4 0, 0, 1;
    %store/vec4 v0x617542e35b10_0, 0, 1;
    %pushi/vec4 0, 0, 1;
    %store/vec4 v0x617542e35940_0, 0, 1;
    %delay 5, 0;
    %pushi/vec4 1, 0, 1;
    %store/vec4 v0x617542e35940_0, 0, 1;
    %delay 5, 0;
    %pushi/vec4 0, 0, 1;
    %store/vec4 v0x617542e35940_0, 0, 1;
    %delay 5, 0;
    %pushi/vec4 0, 0, 1;
    %store/vec4 v0x617542e35940_0, 0, 1;
    %delay 4, 0;
    %pushi/vec4 0, 0, 1;
    %store/vec4 v0x617542e35940_0, 0, 1;
    %delay 20, 0;
    %vpi_call 2 29 "$finish" {0 0 0};
    %end;
    .thread T_2;
# The file index is used to find the file name in the following table.
:file_names 3;
    "N/A";
    "<interactive>";
    "dff.v";
