#! /usr/bin/vvp
:ivl_version "12.0 (stable)";
:ivl_delay_selection "TYPICAL";
:vpi_time_precision - 3;
:vpi_module "/usr/lib/x86_64-linux-gnu/ivl/system.vpi";
:vpi_module "/usr/lib/x86_64-linux-gnu/ivl/vhdl_sys.vpi";
:vpi_module "/usr/lib/x86_64-linux-gnu/ivl/vhdl_textio.vpi";
:vpi_module "/usr/lib/x86_64-linux-gnu/ivl/v2005_math.vpi";
:vpi_module "/usr/lib/x86_64-linux-gnu/ivl/va_math.vpi";
S_0x5d107a153a10 .scope module, "WashingMachine_tb" "WashingMachine_tb" 2 6;
 .timescale 0 -3;
v0x5d107a174900_0 .var "clk", 0 0;
v0x5d107a1749c0_0 .net "done", 0 0, v0x5d107a174400_0;  1 drivers
v0x5d107a174a90_0 .var "reset", 0 0;
v0x5d107a174b90_0 .var "start", 0 0;
v0x5d107a174c60_0 .net "state", 2 0, v0x5d107a174650_0;  1 drivers
v0x5d107a174d50_0 .var "state_str", 640 1;
E_0x5d107a112dd0 .event anyedge, v0x5d107a174650_0;
E_0x5d107a14b320 .event anyedge, v0x5d107a174400_0;
S_0x5d107a153ba0 .scope module, "uut" "WashingMachine" 2 15, 3 2 0, S_0x5d107a153a10;
 .timescale 0 0;
    .port_info 0 /INPUT 1 "clk";
    .port_info 1 /INPUT 1 "reset";
    .port_info 2 /INPUT 1 "start";
    .port_info 3 /OUTPUT 3 "state";
    .port_info 4 /OUTPUT 1 "done";
P_0x5d107a112490 .param/l "DRAIN" 0 3 14, C4<100>;
P_0x5d107a1124d0 .param/l "DRAIN_TIME" 0 3 20, +C4<00000000000000000000000000000011>;
P_0x5d107a112510 .param/l "FILL" 0 3 11, C4<001>;
P_0x5d107a112550 .param/l "FILL_TIME" 0 3 17, +C4<00000000000000000000000000000010>;
P_0x5d107a112590 .param/l "IDLE" 0 3 10, C4<000>;
P_0x5d107a1125d0 .param/l "RINSE" 0 3 13, C4<011>;
P_0x5d107a112610 .param/l "RINSE_TIME" 0 3 19, +C4<00000000000000000000000000001010>;
P_0x5d107a112650 .param/l "SPIN" 0 3 15, C4<101>;
P_0x5d107a112690 .param/l "SPIN_TIME" 0 3 21, +C4<00000000000000000000000000000101>;
P_0x5d107a1126d0 .param/l "WASH" 0 3 12, C4<010>;
P_0x5d107a112710 .param/l "WASH_TIME" 0 3 18, +C4<00000000000000000000000000010100>;
v0x5d107a13edb0_0 .net "clk", 0 0, v0x5d107a174900_0;  1 drivers
v0x5d107a174400_0 .var "done", 0 0;
v0x5d107a1744c0_0 .net "reset", 0 0, v0x5d107a174a90_0;  1 drivers
v0x5d107a174590_0 .net "start", 0 0, v0x5d107a174b90_0;  1 drivers
v0x5d107a174650_0 .var "state", 2 0;
v0x5d107a174780_0 .var "timer", 4 0;
E_0x5d107a14c960 .event posedge, v0x5d107a1744c0_0, v0x5d107a13edb0_0;
    .scope S_0x5d107a153ba0;
T_0 ;
    %wait E_0x5d107a14c960;
    %load/vec4 v0x5d107a1744c0_0;
    %flag_set/vec4 8;
    %jmp/0xz  T_0.0, 8;
    %pushi/vec4 0, 0, 3;
    %assign/vec4 v0x5d107a174650_0, 0;
    %pushi/vec4 0, 0, 5;
    %assign/vec4 v0x5d107a174780_0, 0;
    %pushi/vec4 0, 0, 1;
    %assign/vec4 v0x5d107a174400_0, 0;
    %jmp T_0.1;
T_0.0 ;
    %load/vec4 v0x5d107a174650_0;
    %dup/vec4;
    %pushi/vec4 0, 0, 3;
    %cmp/u;
    %jmp/1 T_0.2, 6;
    %dup/vec4;
    %pushi/vec4 1, 0, 3;
    %cmp/u;
    %jmp/1 T_0.3, 6;
    %dup/vec4;
    %pushi/vec4 2, 0, 3;
    %cmp/u;
    %jmp/1 T_0.4, 6;
    %dup/vec4;
    %pushi/vec4 3, 0, 3;
    %cmp/u;
    %jmp/1 T_0.5, 6;
    %dup/vec4;
    %pushi/vec4 4, 0, 3;
    %cmp/u;
    %jmp/1 T_0.6, 6;
    %dup/vec4;
    %pushi/vec4 5, 0, 3;
    %cmp/u;
    %jmp/1 T_0.7, 6;
    %pushi/vec4 0, 0, 3;
    %assign/vec4 v0x5d107a174650_0, 0;
    %pushi/vec4 0, 0, 5;
    %assign/vec4 v0x5d107a174780_0, 0;
    %pushi/vec4 0, 0, 1;
    %assign/vec4 v0x5d107a174400_0, 0;
    %jmp T_0.9;
T_0.2 ;
    %pushi/vec4 0, 0, 1;
    %assign/vec4 v0x5d107a174400_0, 0;
    %pushi/vec4 0, 0, 5;
    %assign/vec4 v0x5d107a174780_0, 0;
    %load/vec4 v0x5d107a174590_0;
    %flag_set/vec4 8;
    %jmp/0xz  T_0.10, 8;
    %pushi/vec4 1, 0, 3;
    %assign/vec4 v0x5d107a174650_0, 0;
T_0.10 ;
    %jmp T_0.9;
T_0.3 ;
    %load/vec4 v0x5d107a174780_0;
    %pad/u 32;
    %cmpi/e 2, 0, 32;
    %jmp/0xz  T_0.12, 4;
    %pushi/vec4 0, 0, 5;
    %assign/vec4 v0x5d107a174780_0, 0;
    %pushi/vec4 2, 0, 3;
    %assign/vec4 v0x5d107a174650_0, 0;
    %jmp T_0.13;
T_0.12 ;
    %load/vec4 v0x5d107a174780_0;
    %addi 1, 0, 5;
    %assign/vec4 v0x5d107a174780_0, 0;
T_0.13 ;
    %jmp T_0.9;
T_0.4 ;
    %load/vec4 v0x5d107a174780_0;
    %pad/u 32;
    %cmpi/e 20, 0, 32;
    %jmp/0xz  T_0.14, 4;
    %pushi/vec4 0, 0, 5;
    %assign/vec4 v0x5d107a174780_0, 0;
    %pushi/vec4 3, 0, 3;
    %assign/vec4 v0x5d107a174650_0, 0;
    %jmp T_0.15;
T_0.14 ;
    %load/vec4 v0x5d107a174780_0;
    %addi 1, 0, 5;
    %assign/vec4 v0x5d107a174780_0, 0;
T_0.15 ;
    %jmp T_0.9;
T_0.5 ;
    %load/vec4 v0x5d107a174780_0;
    %pad/u 32;
    %cmpi/e 10, 0, 32;
    %jmp/0xz  T_0.16, 4;
    %pushi/vec4 0, 0, 5;
    %assign/vec4 v0x5d107a174780_0, 0;
    %pushi/vec4 4, 0, 3;
    %assign/vec4 v0x5d107a174650_0, 0;
    %jmp T_0.17;
T_0.16 ;
    %load/vec4 v0x5d107a174780_0;
    %addi 1, 0, 5;
    %assign/vec4 v0x5d107a174780_0, 0;
T_0.17 ;
    %jmp T_0.9;
T_0.6 ;
    %load/vec4 v0x5d107a174780_0;
    %pad/u 32;
    %cmpi/e 3, 0, 32;
    %jmp/0xz  T_0.18, 4;
    %pushi/vec4 0, 0, 5;
    %assign/vec4 v0x5d107a174780_0, 0;
    %pushi/vec4 5, 0, 3;
    %assign/vec4 v0x5d107a174650_0, 0;
    %jmp T_0.19;
T_0.18 ;
    %load/vec4 v0x5d107a174780_0;
    %addi 1, 0, 5;
    %assign/vec4 v0x5d107a174780_0, 0;
T_0.19 ;
    %jmp T_0.9;
T_0.7 ;
    %load/vec4 v0x5d107a174780_0;
    %pad/u 32;
    %cmpi/e 5, 0, 32;
    %jmp/0xz  T_0.20, 4;
    %pushi/vec4 0, 0, 5;
    %assign/vec4 v0x5d107a174780_0, 0;
    %pushi/vec4 0, 0, 3;
    %assign/vec4 v0x5d107a174650_0, 0;
    %pushi/vec4 1, 0, 1;
    %assign/vec4 v0x5d107a174400_0, 0;
    %jmp T_0.21;
T_0.20 ;
    %load/vec4 v0x5d107a174780_0;
    %addi 1, 0, 5;
    %assign/vec4 v0x5d107a174780_0, 0;
T_0.21 ;
    %jmp T_0.9;
T_0.9 ;
    %pop/vec4 1;
T_0.1 ;
    %jmp T_0;
    .thread T_0;
    .scope S_0x5d107a153a10;
T_1 ;
    %vpi_call 2 24 "$dumpfile", "dump.vcd" {0 0 0};
    %vpi_call 2 25 "$dumpvars", 32'sb00000000000000000000000000000000, S_0x5d107a153a10 {0 0 0};
    %end;
    .thread T_1;
    .scope S_0x5d107a153a10;
T_2 ;
    %pushi/vec4 0, 0, 1;
    %store/vec4 v0x5d107a174900_0, 0, 1;
T_2.0 ;
    %delay 500, 0;
    %load/vec4 v0x5d107a174900_0;
    %inv;
    %store/vec4 v0x5d107a174900_0, 0, 1;
    %jmp T_2.0;
    %end;
    .thread T_2;
    .scope S_0x5d107a153a10;
T_3 ;
    %pushi/vec4 1, 0, 1;
    %store/vec4 v0x5d107a174a90_0, 0, 1;
    %pushi/vec4 0, 0, 1;
    %store/vec4 v0x5d107a174b90_0, 0, 1;
    %delay 2000, 0;
    %pushi/vec4 0, 0, 1;
    %store/vec4 v0x5d107a174a90_0, 0, 1;
    %delay 2000, 0;
    %pushi/vec4 1, 0, 1;
    %store/vec4 v0x5d107a174b90_0, 0, 1;
    %delay 1000, 0;
    %pushi/vec4 0, 0, 1;
    %store/vec4 v0x5d107a174b90_0, 0, 1;
T_3.0 ;
    %load/vec4 v0x5d107a1749c0_0;
    %cmpi/ne 1, 0, 1;
    %jmp/0xz T_3.1, 6;
    %wait E_0x5d107a14b320;
    %jmp T_3.0;
T_3.1 ;
    %delay 5000, 0;
    %vpi_call 2 44 "$finish" {0 0 0};
    %end;
    .thread T_3;
    .scope S_0x5d107a153a10;
T_4 ;
    %wait E_0x5d107a112dd0;
    %load/vec4 v0x5d107a174c60_0;
    %dup/vec4;
    %pushi/vec4 0, 0, 3;
    %cmp/u;
    %jmp/1 T_4.0, 6;
    %dup/vec4;
    %pushi/vec4 1, 0, 3;
    %cmp/u;
    %jmp/1 T_4.1, 6;
    %dup/vec4;
    %pushi/vec4 2, 0, 3;
    %cmp/u;
    %jmp/1 T_4.2, 6;
    %dup/vec4;
    %pushi/vec4 3, 0, 3;
    %cmp/u;
    %jmp/1 T_4.3, 6;
    %dup/vec4;
    %pushi/vec4 4, 0, 3;
    %cmp/u;
    %jmp/1 T_4.4, 6;
    %dup/vec4;
    %pushi/vec4 5, 0, 3;
    %cmp/u;
    %jmp/1 T_4.5, 6;
    %pushi/vec4 0, 0, 32; draw_string_vec4
    %pushi/vec4 0, 0, 32; draw_string_vec4
    %concat/vec4; draw_string_vec4
    %pushi/vec4 0, 0, 32; draw_string_vec4
    %concat/vec4; draw_string_vec4
    %pushi/vec4 0, 0, 32; draw_string_vec4
    %concat/vec4; draw_string_vec4
    %pushi/vec4 0, 0, 32; draw_string_vec4
    %concat/vec4; draw_string_vec4
    %pushi/vec4 0, 0, 32; draw_string_vec4
    %concat/vec4; draw_string_vec4
    %pushi/vec4 0, 0, 32; draw_string_vec4
    %concat/vec4; draw_string_vec4
    %pushi/vec4 0, 0, 32; draw_string_vec4
    %concat/vec4; draw_string_vec4
    %pushi/vec4 0, 0, 32; draw_string_vec4
    %concat/vec4; draw_string_vec4
    %pushi/vec4 0, 0, 32; draw_string_vec4
    %concat/vec4; draw_string_vec4
    %pushi/vec4 0, 0, 32; draw_string_vec4
    %concat/vec4; draw_string_vec4
    %pushi/vec4 0, 0, 32; draw_string_vec4
    %concat/vec4; draw_string_vec4
    %pushi/vec4 0, 0, 32; draw_string_vec4
    %concat/vec4; draw_string_vec4
    %pushi/vec4 0, 0, 32; draw_string_vec4
    %concat/vec4; draw_string_vec4
    %pushi/vec4 0, 0, 32; draw_string_vec4
    %concat/vec4; draw_string_vec4
    %pushi/vec4 0, 0, 32; draw_string_vec4
    %concat/vec4; draw_string_vec4
    %pushi/vec4 0, 0, 32; draw_string_vec4
    %concat/vec4; draw_string_vec4
    %pushi/vec4 0, 0, 32; draw_string_vec4
    %concat/vec4; draw_string_vec4
    %pushi/vec4 5590603, 0, 32; draw_string_vec4
    %concat/vec4; draw_string_vec4
    %pushi/vec4 1313822542, 0, 32; draw_string_vec4
    %concat/vec4; draw_string_vec4
    %store/vec4 v0x5d107a174d50_0, 0, 640;
    %jmp T_4.7;
T_4.0 ;
    %pushi/vec4 0, 0, 32; draw_string_vec4
    %pushi/vec4 0, 0, 32; draw_string_vec4
    %concat/vec4; draw_string_vec4
    %pushi/vec4 0, 0, 32; draw_string_vec4
    %concat/vec4; draw_string_vec4
    %pushi/vec4 0, 0, 32; draw_string_vec4
    %concat/vec4; draw_string_vec4
    %pushi/vec4 0, 0, 32; draw_string_vec4
    %concat/vec4; draw_string_vec4
    %pushi/vec4 0, 0, 32; draw_string_vec4
    %concat/vec4; draw_string_vec4
    %pushi/vec4 0, 0, 32; draw_string_vec4
    %concat/vec4; draw_string_vec4
    %pushi/vec4 0, 0, 32; draw_string_vec4
    %concat/vec4; draw_string_vec4
    %pushi/vec4 0, 0, 32; draw_string_vec4
    %concat/vec4; draw_string_vec4
    %pushi/vec4 0, 0, 32; draw_string_vec4
    %concat/vec4; draw_string_vec4
    %pushi/vec4 0, 0, 32; draw_string_vec4
    %concat/vec4; draw_string_vec4
    %pushi/vec4 0, 0, 32; draw_string_vec4
    %concat/vec4; draw_string_vec4
    %pushi/vec4 0, 0, 32; draw_string_vec4
    %concat/vec4; draw_string_vec4
    %pushi/vec4 0, 0, 32; draw_string_vec4
    %concat/vec4; draw_string_vec4
    %pushi/vec4 0, 0, 32; draw_string_vec4
    %concat/vec4; draw_string_vec4
    %pushi/vec4 0, 0, 32; draw_string_vec4
    %concat/vec4; draw_string_vec4
    %pushi/vec4 0, 0, 32; draw_string_vec4
    %concat/vec4; draw_string_vec4
    %pushi/vec4 0, 0, 32; draw_string_vec4
    %concat/vec4; draw_string_vec4
    %pushi/vec4 0, 0, 32; draw_string_vec4
    %concat/vec4; draw_string_vec4
    %pushi/vec4 1229212741, 0, 32; draw_string_vec4
    %concat/vec4; draw_string_vec4
    %store/vec4 v0x5d107a174d50_0, 0, 640;
    %jmp T_4.7;
T_4.1 ;
    %pushi/vec4 0, 0, 32; draw_string_vec4
    %pushi/vec4 0, 0, 32; draw_string_vec4
    %concat/vec4; draw_string_vec4
    %pushi/vec4 0, 0, 32; draw_string_vec4
    %concat/vec4; draw_string_vec4
    %pushi/vec4 0, 0, 32; draw_string_vec4
    %concat/vec4; draw_string_vec4
    %pushi/vec4 0, 0, 32; draw_string_vec4
    %concat/vec4; draw_string_vec4
    %pushi/vec4 0, 0, 32; draw_string_vec4
    %concat/vec4; draw_string_vec4
    %pushi/vec4 0, 0, 32; draw_string_vec4
    %concat/vec4; draw_string_vec4
    %pushi/vec4 0, 0, 32; draw_string_vec4
    %concat/vec4; draw_string_vec4
    %pushi/vec4 0, 0, 32; draw_string_vec4
    %concat/vec4; draw_string_vec4
    %pushi/vec4 0, 0, 32; draw_string_vec4
    %concat/vec4; draw_string_vec4
    %pushi/vec4 0, 0, 32; draw_string_vec4
    %concat/vec4; draw_string_vec4
    %pushi/vec4 0, 0, 32; draw_string_vec4
    %concat/vec4; draw_string_vec4
    %pushi/vec4 0, 0, 32; draw_string_vec4
    %concat/vec4; draw_string_vec4
    %pushi/vec4 0, 0, 32; draw_string_vec4
    %concat/vec4; draw_string_vec4
    %pushi/vec4 0, 0, 32; draw_string_vec4
    %concat/vec4; draw_string_vec4
    %pushi/vec4 0, 0, 32; draw_string_vec4
    %concat/vec4; draw_string_vec4
    %pushi/vec4 0, 0, 32; draw_string_vec4
    %concat/vec4; draw_string_vec4
    %pushi/vec4 0, 0, 32; draw_string_vec4
    %concat/vec4; draw_string_vec4
    %pushi/vec4 0, 0, 32; draw_string_vec4
    %concat/vec4; draw_string_vec4
    %pushi/vec4 1179208780, 0, 32; draw_string_vec4
    %concat/vec4; draw_string_vec4
    %store/vec4 v0x5d107a174d50_0, 0, 640;
    %jmp T_4.7;
T_4.2 ;
    %pushi/vec4 0, 0, 32; draw_string_vec4
    %pushi/vec4 0, 0, 32; draw_string_vec4
    %concat/vec4; draw_string_vec4
    %pushi/vec4 0, 0, 32; draw_string_vec4
    %concat/vec4; draw_string_vec4
    %pushi/vec4 0, 0, 32; draw_string_vec4
    %concat/vec4; draw_string_vec4
    %pushi/vec4 0, 0, 32; draw_string_vec4
    %concat/vec4; draw_string_vec4
    %pushi/vec4 0, 0, 32; draw_string_vec4
    %concat/vec4; draw_string_vec4
    %pushi/vec4 0, 0, 32; draw_string_vec4
    %concat/vec4; draw_string_vec4
    %pushi/vec4 0, 0, 32; draw_string_vec4
    %concat/vec4; draw_string_vec4
    %pushi/vec4 0, 0, 32; draw_string_vec4
    %concat/vec4; draw_string_vec4
    %pushi/vec4 0, 0, 32; draw_string_vec4
    %concat/vec4; draw_string_vec4
    %pushi/vec4 0, 0, 32; draw_string_vec4
    %concat/vec4; draw_string_vec4
    %pushi/vec4 0, 0, 32; draw_string_vec4
    %concat/vec4; draw_string_vec4
    %pushi/vec4 0, 0, 32; draw_string_vec4
    %concat/vec4; draw_string_vec4
    %pushi/vec4 0, 0, 32; draw_string_vec4
    %concat/vec4; draw_string_vec4
    %pushi/vec4 0, 0, 32; draw_string_vec4
    %concat/vec4; draw_string_vec4
    %pushi/vec4 0, 0, 32; draw_string_vec4
    %concat/vec4; draw_string_vec4
    %pushi/vec4 0, 0, 32; draw_string_vec4
    %concat/vec4; draw_string_vec4
    %pushi/vec4 0, 0, 32; draw_string_vec4
    %concat/vec4; draw_string_vec4
    %pushi/vec4 0, 0, 32; draw_string_vec4
    %concat/vec4; draw_string_vec4
    %pushi/vec4 1463898952, 0, 32; draw_string_vec4
    %concat/vec4; draw_string_vec4
    %store/vec4 v0x5d107a174d50_0, 0, 640;
    %jmp T_4.7;
T_4.3 ;
    %pushi/vec4 0, 0, 32; draw_string_vec4
    %pushi/vec4 0, 0, 32; draw_string_vec4
    %concat/vec4; draw_string_vec4
    %pushi/vec4 0, 0, 32; draw_string_vec4
    %concat/vec4; draw_string_vec4
    %pushi/vec4 0, 0, 32; draw_string_vec4
    %concat/vec4; draw_string_vec4
    %pushi/vec4 0, 0, 32; draw_string_vec4
    %concat/vec4; draw_string_vec4
    %pushi/vec4 0, 0, 32; draw_string_vec4
    %concat/vec4; draw_string_vec4
    %pushi/vec4 0, 0, 32; draw_string_vec4
    %concat/vec4; draw_string_vec4
    %pushi/vec4 0, 0, 32; draw_string_vec4
    %concat/vec4; draw_string_vec4
    %pushi/vec4 0, 0, 32; draw_string_vec4
    %concat/vec4; draw_string_vec4
    %pushi/vec4 0, 0, 32; draw_string_vec4
    %concat/vec4; draw_string_vec4
    %pushi/vec4 0, 0, 32; draw_string_vec4
    %concat/vec4; draw_string_vec4
    %pushi/vec4 0, 0, 32; draw_string_vec4
    %concat/vec4; draw_string_vec4
    %pushi/vec4 0, 0, 32; draw_string_vec4
    %concat/vec4; draw_string_vec4
    %pushi/vec4 0, 0, 32; draw_string_vec4
    %concat/vec4; draw_string_vec4
    %pushi/vec4 0, 0, 32; draw_string_vec4
    %concat/vec4; draw_string_vec4
    %pushi/vec4 0, 0, 32; draw_string_vec4
    %concat/vec4; draw_string_vec4
    %pushi/vec4 0, 0, 32; draw_string_vec4
    %concat/vec4; draw_string_vec4
    %pushi/vec4 0, 0, 32; draw_string_vec4
    %concat/vec4; draw_string_vec4
    %pushi/vec4 82, 0, 32; draw_string_vec4
    %concat/vec4; draw_string_vec4
    %pushi/vec4 1229869893, 0, 32; draw_string_vec4
    %concat/vec4; draw_string_vec4
    %store/vec4 v0x5d107a174d50_0, 0, 640;
    %jmp T_4.7;
T_4.4 ;
    %pushi/vec4 0, 0, 32; draw_string_vec4
    %pushi/vec4 0, 0, 32; draw_string_vec4
    %concat/vec4; draw_string_vec4
    %pushi/vec4 0, 0, 32; draw_string_vec4
    %concat/vec4; draw_string_vec4
    %pushi/vec4 0, 0, 32; draw_string_vec4
    %concat/vec4; draw_string_vec4
    %pushi/vec4 0, 0, 32; draw_string_vec4
    %concat/vec4; draw_string_vec4
    %pushi/vec4 0, 0, 32; draw_string_vec4
    %concat/vec4; draw_string_vec4
    %pushi/vec4 0, 0, 32; draw_string_vec4
    %concat/vec4; draw_string_vec4
    %pushi/vec4 0, 0, 32; draw_string_vec4
    %concat/vec4; draw_string_vec4
    %pushi/vec4 0, 0, 32; draw_string_vec4
    %concat/vec4; draw_string_vec4
    %pushi/vec4 0, 0, 32; draw_string_vec4
    %concat/vec4; draw_string_vec4
    %pushi/vec4 0, 0, 32; draw_string_vec4
    %concat/vec4; draw_string_vec4
    %pushi/vec4 0, 0, 32; draw_string_vec4
    %concat/vec4; draw_string_vec4
    %pushi/vec4 0, 0, 32; draw_string_vec4
    %concat/vec4; draw_string_vec4
    %pushi/vec4 0, 0, 32; draw_string_vec4
    %concat/vec4; draw_string_vec4
    %pushi/vec4 0, 0, 32; draw_string_vec4
    %concat/vec4; draw_string_vec4
    %pushi/vec4 0, 0, 32; draw_string_vec4
    %concat/vec4; draw_string_vec4
    %pushi/vec4 0, 0, 32; draw_string_vec4
    %concat/vec4; draw_string_vec4
    %pushi/vec4 0, 0, 32; draw_string_vec4
    %concat/vec4; draw_string_vec4
    %pushi/vec4 68, 0, 32; draw_string_vec4
    %concat/vec4; draw_string_vec4
    %pushi/vec4 1380010318, 0, 32; draw_string_vec4
    %concat/vec4; draw_string_vec4
    %store/vec4 v0x5d107a174d50_0, 0, 640;
    %jmp T_4.7;
T_4.5 ;
    %pushi/vec4 0, 0, 32; draw_string_vec4
    %pushi/vec4 0, 0, 32; draw_string_vec4
    %concat/vec4; draw_string_vec4
    %pushi/vec4 0, 0, 32; draw_string_vec4
    %concat/vec4; draw_string_vec4
    %pushi/vec4 0, 0, 32; draw_string_vec4
    %concat/vec4; draw_string_vec4
    %pushi/vec4 0, 0, 32; draw_string_vec4
    %concat/vec4; draw_string_vec4
    %pushi/vec4 0, 0, 32; draw_string_vec4
    %concat/vec4; draw_string_vec4
    %pushi/vec4 0, 0, 32; draw_string_vec4
    %concat/vec4; draw_string_vec4
    %pushi/vec4 0, 0, 32; draw_string_vec4
    %concat/vec4; draw_string_vec4
    %pushi/vec4 0, 0, 32; draw_string_vec4
    %concat/vec4; draw_string_vec4
    %pushi/vec4 0, 0, 32; draw_string_vec4
    %concat/vec4; draw_string_vec4
    %pushi/vec4 0, 0, 32; draw_string_vec4
    %concat/vec4; draw_string_vec4
    %pushi/vec4 0, 0, 32; draw_string_vec4
    %concat/vec4; draw_string_vec4
    %pushi/vec4 0, 0, 32; draw_string_vec4
    %concat/vec4; draw_string_vec4
    %pushi/vec4 0, 0, 32; draw_string_vec4
    %concat/vec4; draw_string_vec4
    %pushi/vec4 0, 0, 32; draw_string_vec4
    %concat/vec4; draw_string_vec4
    %pushi/vec4 0, 0, 32; draw_string_vec4
    %concat/vec4; draw_string_vec4
    %pushi/vec4 0, 0, 32; draw_string_vec4
    %concat/vec4; draw_string_vec4
    %pushi/vec4 0, 0, 32; draw_string_vec4
    %concat/vec4; draw_string_vec4
    %pushi/vec4 0, 0, 32; draw_string_vec4
    %concat/vec4; draw_string_vec4
    %pushi/vec4 1397770574, 0, 32; draw_string_vec4
    %concat/vec4; draw_string_vec4
    %store/vec4 v0x5d107a174d50_0, 0, 640;
    %jmp T_4.7;
T_4.7 ;
    %pop/vec4 1;
    %jmp T_4;
    .thread T_4, $push;
    .scope S_0x5d107a153a10;
T_5 ;
    %vpi_call 2 60 "$monitor", "Time: %9t | State: %6s | Done: %4b", $time, v0x5d107a174d50_0, v0x5d107a1749c0_0 {0 0 0};
    %end;
    .thread T_5;
# The file index is used to find the file name in the following table.
:file_names 4;
    "N/A";
    "<interactive>";
    "testbench.v";
    "./design.v";
