#! /usr/bin/vvp
:ivl_version "12.0 (stable)";
:ivl_delay_selection "TYPICAL";
:vpi_time_precision + 0;
:vpi_module "/usr/lib/x86_64-linux-gnu/ivl/system.vpi";
:vpi_module "/usr/lib/x86_64-linux-gnu/ivl/vhdl_sys.vpi";
:vpi_module "/usr/lib/x86_64-linux-gnu/ivl/vhdl_textio.vpi";
:vpi_module "/usr/lib/x86_64-linux-gnu/ivl/v2005_math.vpi";
:vpi_module "/usr/lib/x86_64-linux-gnu/ivl/va_math.vpi";
S_0x5ce9398a3510 .scope module, "test" "test" 2 2;
 .timescale 0 0;
v0x5ce9398a5400_0 .var/i "a", 31 0;
v0x5ce9398ece50_0 .var/i "b", 31 0;
v0x5ce9398ecf30_0 .var/i "c", 31 0;
v0x5ce9398ecff0_0 .var/i "d", 31 0;
    .scope S_0x5ce9398a3510;
T_0 ;
    %pushi/vec4 100, 0, 32;
    %store/vec4 v0x5ce9398a5400_0, 0, 32;
    %pushi/vec4 200, 0, 32;
    %store/vec4 v0x5ce9398ece50_0, 0, 32;
    %pushi/vec4 0, 0, 32;
    %assign/vec4 v0x5ce9398ecf30_0, 0;
    %pushi/vec4 10, 0, 32;
    %assign/vec4 v0x5ce9398a5400_0, 0;
    %pushi/vec4 20, 0, 32;
    %assign/vec4 v0x5ce9398ece50_0, 0;
    %load/vec4 v0x5ce9398ece50_0;
    %assign/vec4 v0x5ce9398a5400_0, 0;
    %pushi/vec4 50, 0, 32;
    %store/vec4 v0x5ce9398ece50_0, 0, 32;
    %end;
    .thread T_0;
    .scope S_0x5ce9398a3510;
T_1 ;
    %delay 0, 0;
    %load/vec4 v0x5ce9398a5400_0;
    %assign/vec4 v0x5ce9398ece50_0, 0;
    %load/vec4 v0x5ce9398ece50_0;
    %assign/vec4 v0x5ce9398a5400_0, 0;
    %pushi/vec4 20, 0, 32;
    %store/vec4 v0x5ce9398a5400_0, 0, 32;
    %end;
    .thread T_1;
    .scope S_0x5ce9398a3510;
T_2 ;
    %vpi_call 2 25 "$strobe", "sim=%0t   ::   a=%0d   b=%0d  c=%0d  d=%0d", $time, v0x5ce9398a5400_0, v0x5ce9398ece50_0, v0x5ce9398ecf30_0, v0x5ce9398ecff0_0 {0 0 0};
    %end;
    .thread T_2;
# The file index is used to find the file name in the following table.
:file_names 3;
    "N/A";
    "<interactive>";
    "testbench.v";
