#! /usr/bin/vvp
:ivl_version "12.0 (stable)";
:ivl_delay_selection "TYPICAL";
:vpi_time_precision + 0;
:vpi_module "/usr/lib/x86_64-linux-gnu/ivl/system.vpi";
:vpi_module "/usr/lib/x86_64-linux-gnu/ivl/vhdl_sys.vpi";
:vpi_module "/usr/lib/x86_64-linux-gnu/ivl/vhdl_textio.vpi";
:vpi_module "/usr/lib/x86_64-linux-gnu/ivl/v2005_math.vpi";
:vpi_module "/usr/lib/x86_64-linux-gnu/ivl/va_math.vpi";
S_0x59ae8de41ea0 .scope module, "tb" "tb" 2 20;
 .timescale 0 0;
v0x59ae8de55520_0 .var "clk", 0 0;
v0x59ae8de555e0_0 .var "d", 0 0;
v0x59ae8de556b0_0 .net "q", 0 0, v0x59ae8de55340_0;  1 drivers
v0x59ae8de557b0_0 .var "rst", 0 0;
S_0x59ae8de42030 .scope begin, "$ivl_for_loop0" "$ivl_for_loop0" 2 27, 2 27 0, S_0x59ae8de41ea0;
 .timescale 0 0;
v0x59ae8de42210_0 .var/i "i", 31 0;
S_0x59ae8de54f10 .scope module, "dut" "dlatch" 2 23, 2 2 0, S_0x59ae8de41ea0;
 .timescale 0 0;
    .port_info 0 /INPUT 1 "d";
    .port_info 1 /INPUT 1 "clk";
    .port_info 2 /INPUT 1 "rst";
    .port_info 3 /OUTPUT 1 "q";
v0x59ae8de551a0_0 .net "clk", 0 0, v0x59ae8de55520_0;  1 drivers
v0x59ae8de55280_0 .net "d", 0 0, v0x59ae8de555e0_0;  1 drivers
v0x59ae8de55340_0 .var "q", 0 0;
v0x59ae8de553e0_0 .net "rst", 0 0, v0x59ae8de557b0_0;  1 drivers
E_0x59ae8de096a0 .event anyedge, v0x59ae8de553e0_0, v0x59ae8de551a0_0, v0x59ae8de55280_0;
    .scope S_0x59ae8de54f10;
T_0 ;
    %wait E_0x59ae8de096a0;
    %load/vec4 v0x59ae8de551a0_0;
    %flag_set/vec4 8;
    %jmp/0xz  T_0.0, 8;
    %load/vec4 v0x59ae8de553e0_0;
    %flag_set/vec4 8;
    %jmp/0xz  T_0.2, 8;
    %pushi/vec4 0, 0, 1;
    %assign/vec4 v0x59ae8de55340_0, 0;
    %jmp T_0.3;
T_0.2 ;
    %load/vec4 v0x59ae8de55280_0;
    %assign/vec4 v0x59ae8de55340_0, 0;
T_0.3 ;
    %jmp T_0.1;
T_0.0 ;
    %load/vec4 v0x59ae8de55340_0;
    %assign/vec4 v0x59ae8de55340_0, 0;
T_0.1 ;
    %jmp T_0;
    .thread T_0, $push;
    .scope S_0x59ae8de41ea0;
T_1 ;
    %vpi_call 2 26 "$monitor", "d = %b  clk = %b  reset =%b  ::  output q = %b ", v0x59ae8de555e0_0, v0x59ae8de55520_0, v0x59ae8de557b0_0, v0x59ae8de556b0_0 {0 0 0};
    %fork t_1, S_0x59ae8de42030;
    %jmp t_0;
    .scope S_0x59ae8de42030;
t_1 ;
    %pushi/vec4 0, 0, 32;
    %store/vec4 v0x59ae8de42210_0, 0, 32;
T_1.0 ;
    %load/vec4 v0x59ae8de42210_0;
    %cmpi/s 8, 0, 32;
    %jmp/0xz T_1.1, 5;
    %load/vec4 v0x59ae8de42210_0;
    %pad/s 3;
    %split/vec4 1;
    %store/vec4 v0x59ae8de55520_0, 0, 1;
    %split/vec4 1;
    %store/vec4 v0x59ae8de557b0_0, 0, 1;
    %store/vec4 v0x59ae8de555e0_0, 0, 1;
    %delay 5, 0;
    ; show_stmt_assign_vector: Get l-value for compressed += operand
    %load/vec4 v0x59ae8de42210_0;
    %pushi/vec4 1, 0, 32;
    %add;
    %store/vec4 v0x59ae8de42210_0, 0, 32;
    %jmp T_1.0;
T_1.1 ;
    %end;
    .scope S_0x59ae8de41ea0;
t_0 %join;
    %end;
    .thread T_1;
    .scope S_0x59ae8de41ea0;
T_2 ;
    %vpi_call 2 32 "$dumpfile", "dump.vcd" {0 0 0};
    %vpi_call 2 33 "$dumpvars", 32'sb00000000000000000000000000000000, S_0x59ae8de41ea0 {0 0 0};
    %end;
    .thread T_2;
# The file index is used to find the file name in the following table.
:file_names 3;
    "N/A";
    "<interactive>";
    "dlatch.v";
