#! /usr/bin/vvp
:ivl_version "12.0 (stable)";
:ivl_delay_selection "TYPICAL";
:vpi_time_precision + 0;
:vpi_module "/usr/lib/x86_64-linux-gnu/ivl/system.vpi";
:vpi_module "/usr/lib/x86_64-linux-gnu/ivl/vhdl_sys.vpi";
:vpi_module "/usr/lib/x86_64-linux-gnu/ivl/vhdl_textio.vpi";
:vpi_module "/usr/lib/x86_64-linux-gnu/ivl/v2005_math.vpi";
:vpi_module "/usr/lib/x86_64-linux-gnu/ivl/va_math.vpi";
S_0x5c1a9f713ef0 .scope module, "tb" "tb" 2 15;
 .timescale 0 0;
v0x5c1a9f738020_0 .var "i", 15 0;
v0x5c1a9f7380e0_0 .var "s", 3 0;
v0x5c1a9f738180_0 .net "y", 0 0, L_0x5c1a9f73a430;  1 drivers
S_0x5c1a9f714080 .scope begin, "$ivl_for_loop0" "$ivl_for_loop0" 2 22, 2 22 0, S_0x5c1a9f713ef0;
 .timescale 0 0;
v0x5c1a9f714260_0 .var/i "j", 31 0;
S_0x5c1a9f734f30 .scope module, "dut" "mux10" 2 19, 2 3 0, S_0x5c1a9f713ef0;
 .timescale 0 0;
    .port_info 0 /INPUT 16 "i";
    .port_info 1 /INPUT 4 "s";
    .port_info 2 /OUTPUT 1 "y";
v0x5c1a9f737920_0 .net *"_ivl_14", 0 0, L_0x5c1a9f73a5d0;  1 drivers
v0x5c1a9f737a00_0 .net *"_ivl_16", 0 0, L_0x5c1a9f73a700;  1 drivers
v0x5c1a9f737ae0_0 .net *"_ivl_18", 0 0, L_0x5c1a9f73a7a0;  1 drivers
v0x5c1a9f737ba0_0 .net *"_ivl_20", 0 0, L_0x5c1a9f73a890;  1 drivers
v0x5c1a9f737c80_0 .net "i", 15 0, v0x5c1a9f738020_0;  1 drivers
v0x5c1a9f737d60_0 .net "s", 3 0, v0x5c1a9f7380e0_0;  1 drivers
v0x5c1a9f737e40_0 .net "w", 1 0, L_0x5c1a9f739a90;  1 drivers
v0x5c1a9f737f20_0 .net "y", 0 0, L_0x5c1a9f73a430;  alias, 1 drivers
L_0x5c1a9f738d60 .part v0x5c1a9f738020_0, 0, 4;
L_0x5c1a9f738e50 .part v0x5c1a9f7380e0_0, 2, 2;
L_0x5c1a9f739920 .part v0x5c1a9f738020_0, 4, 4;
L_0x5c1a9f7399c0 .part v0x5c1a9f7380e0_0, 2, 2;
L_0x5c1a9f739a90 .concat8 [ 1 1 0 0], L_0x5c1a9f739780, L_0x5c1a9f738bc0;
L_0x5c1a9f73a5d0 .part v0x5c1a9f738020_0, 9, 1;
L_0x5c1a9f73a700 .part v0x5c1a9f738020_0, 8, 1;
L_0x5c1a9f73a7a0 .part L_0x5c1a9f739a90, 1, 1;
L_0x5c1a9f73a890 .part L_0x5c1a9f739a90, 0, 1;
L_0x5c1a9f73a930 .concat [ 1 1 1 1], L_0x5c1a9f73a890, L_0x5c1a9f73a7a0, L_0x5c1a9f73a700, L_0x5c1a9f73a5d0;
L_0x5c1a9f73ab70 .part v0x5c1a9f7380e0_0, 0, 2;
S_0x5c1a9f735180 .scope module, "m1" "mux" 2 8, 3 2 0, S_0x5c1a9f734f30;
 .timescale 0 0;
    .port_info 0 /INPUT 4 "i";
    .port_info 1 /INPUT 2 "s";
    .port_info 2 /OUTPUT 1 "y";
v0x5c1a9f7353f0_0 .net *"_ivl_1", 0 0, L_0x5c1a9f738270;  1 drivers
v0x5c1a9f7354f0_0 .net *"_ivl_11", 0 0, L_0x5c1a9f738810;  1 drivers
v0x5c1a9f7355d0_0 .net *"_ivl_13", 0 0, L_0x5c1a9f7388f0;  1 drivers
v0x5c1a9f735690_0 .net *"_ivl_15", 0 0, L_0x5c1a9f738990;  1 drivers
v0x5c1a9f735770_0 .net *"_ivl_16", 0 0, L_0x5c1a9f738a80;  1 drivers
v0x5c1a9f7358a0_0 .net *"_ivl_3", 0 0, L_0x5c1a9f738340;  1 drivers
v0x5c1a9f735980_0 .net *"_ivl_5", 0 0, L_0x5c1a9f738460;  1 drivers
v0x5c1a9f735a60_0 .net *"_ivl_7", 0 0, L_0x5c1a9f738530;  1 drivers
v0x5c1a9f735b40_0 .net *"_ivl_8", 0 0, L_0x5c1a9f738680;  1 drivers
v0x5c1a9f735c20_0 .net "i", 3 0, L_0x5c1a9f738d60;  1 drivers
v0x5c1a9f735d00_0 .net "s", 1 0, L_0x5c1a9f738e50;  1 drivers
v0x5c1a9f735de0_0 .net "y", 0 0, L_0x5c1a9f738bc0;  1 drivers
L_0x5c1a9f738270 .part L_0x5c1a9f738e50, 1, 1;
L_0x5c1a9f738340 .part L_0x5c1a9f738e50, 0, 1;
L_0x5c1a9f738460 .part L_0x5c1a9f738d60, 3, 1;
L_0x5c1a9f738530 .part L_0x5c1a9f738d60, 2, 1;
L_0x5c1a9f738680 .functor MUXZ 1, L_0x5c1a9f738530, L_0x5c1a9f738460, L_0x5c1a9f738340, C4<>;
L_0x5c1a9f738810 .part L_0x5c1a9f738e50, 0, 1;
L_0x5c1a9f7388f0 .part L_0x5c1a9f738d60, 1, 1;
L_0x5c1a9f738990 .part L_0x5c1a9f738d60, 0, 1;
L_0x5c1a9f738a80 .functor MUXZ 1, L_0x5c1a9f738990, L_0x5c1a9f7388f0, L_0x5c1a9f738810, C4<>;
L_0x5c1a9f738bc0 .functor MUXZ 1, L_0x5c1a9f738a80, L_0x5c1a9f738680, L_0x5c1a9f738270, C4<>;
S_0x5c1a9f735f20 .scope module, "m2" "mux" 2 9, 3 2 0, S_0x5c1a9f734f30;
 .timescale 0 0;
    .port_info 0 /INPUT 4 "i";
    .port_info 1 /INPUT 2 "s";
    .port_info 2 /OUTPUT 1 "y";
v0x5c1a9f736100_0 .net *"_ivl_1", 0 0, L_0x5c1a9f738ef0;  1 drivers
v0x5c1a9f736200_0 .net *"_ivl_11", 0 0, L_0x5c1a9f7393d0;  1 drivers
v0x5c1a9f7362e0_0 .net *"_ivl_13", 0 0, L_0x5c1a9f7394b0;  1 drivers
v0x5c1a9f7363a0_0 .net *"_ivl_15", 0 0, L_0x5c1a9f739550;  1 drivers
v0x5c1a9f736480_0 .net *"_ivl_16", 0 0, L_0x5c1a9f739640;  1 drivers
v0x5c1a9f7365b0_0 .net *"_ivl_3", 0 0, L_0x5c1a9f738f90;  1 drivers
v0x5c1a9f736690_0 .net *"_ivl_5", 0 0, L_0x5c1a9f739080;  1 drivers
v0x5c1a9f736770_0 .net *"_ivl_7", 0 0, L_0x5c1a9f739120;  1 drivers
v0x5c1a9f736850_0 .net *"_ivl_8", 0 0, L_0x5c1a9f739240;  1 drivers
v0x5c1a9f736930_0 .net "i", 3 0, L_0x5c1a9f739920;  1 drivers
v0x5c1a9f736a10_0 .net "s", 1 0, L_0x5c1a9f7399c0;  1 drivers
v0x5c1a9f736af0_0 .net "y", 0 0, L_0x5c1a9f739780;  1 drivers
L_0x5c1a9f738ef0 .part L_0x5c1a9f7399c0, 1, 1;
L_0x5c1a9f738f90 .part L_0x5c1a9f7399c0, 0, 1;
L_0x5c1a9f739080 .part L_0x5c1a9f739920, 3, 1;
L_0x5c1a9f739120 .part L_0x5c1a9f739920, 2, 1;
L_0x5c1a9f739240 .functor MUXZ 1, L_0x5c1a9f739120, L_0x5c1a9f739080, L_0x5c1a9f738f90, C4<>;
L_0x5c1a9f7393d0 .part L_0x5c1a9f7399c0, 0, 1;
L_0x5c1a9f7394b0 .part L_0x5c1a9f739920, 1, 1;
L_0x5c1a9f739550 .part L_0x5c1a9f739920, 0, 1;
L_0x5c1a9f739640 .functor MUXZ 1, L_0x5c1a9f739550, L_0x5c1a9f7394b0, L_0x5c1a9f7393d0, C4<>;
L_0x5c1a9f739780 .functor MUXZ 1, L_0x5c1a9f739640, L_0x5c1a9f739240, L_0x5c1a9f738ef0, C4<>;
S_0x5c1a9f736c30 .scope module, "m3" "mux" 2 10, 3 2 0, S_0x5c1a9f734f30;
 .timescale 0 0;
    .port_info 0 /INPUT 4 "i";
    .port_info 1 /INPUT 2 "s";
    .port_info 2 /OUTPUT 1 "y";
v0x5c1a9f736e10_0 .net *"_ivl_1", 0 0, L_0x5c1a9f739b80;  1 drivers
v0x5c1a9f736ef0_0 .net *"_ivl_11", 0 0, L_0x5c1a9f73a030;  1 drivers
v0x5c1a9f736fd0_0 .net *"_ivl_13", 0 0, L_0x5c1a9f73a0d0;  1 drivers
v0x5c1a9f737090_0 .net *"_ivl_15", 0 0, L_0x5c1a9f73a170;  1 drivers
v0x5c1a9f737170_0 .net *"_ivl_16", 0 0, L_0x5c1a9f73a2f0;  1 drivers
v0x5c1a9f7372a0_0 .net *"_ivl_3", 0 0, L_0x5c1a9f739c20;  1 drivers
v0x5c1a9f737380_0 .net *"_ivl_5", 0 0, L_0x5c1a9f739d10;  1 drivers
v0x5c1a9f737460_0 .net *"_ivl_7", 0 0, L_0x5c1a9f739db0;  1 drivers
v0x5c1a9f737540_0 .net *"_ivl_8", 0 0, L_0x5c1a9f739ea0;  1 drivers
v0x5c1a9f737620_0 .net "i", 3 0, L_0x5c1a9f73a930;  1 drivers
v0x5c1a9f737700_0 .net "s", 1 0, L_0x5c1a9f73ab70;  1 drivers
v0x5c1a9f7377e0_0 .net "y", 0 0, L_0x5c1a9f73a430;  alias, 1 drivers
L_0x5c1a9f739b80 .part L_0x5c1a9f73ab70, 1, 1;
L_0x5c1a9f739c20 .part L_0x5c1a9f73ab70, 0, 1;
L_0x5c1a9f739d10 .part L_0x5c1a9f73a930, 3, 1;
L_0x5c1a9f739db0 .part L_0x5c1a9f73a930, 2, 1;
L_0x5c1a9f739ea0 .functor MUXZ 1, L_0x5c1a9f739db0, L_0x5c1a9f739d10, L_0x5c1a9f739c20, C4<>;
L_0x5c1a9f73a030 .part L_0x5c1a9f73ab70, 0, 1;
L_0x5c1a9f73a0d0 .part L_0x5c1a9f73a930, 1, 1;
L_0x5c1a9f73a170 .part L_0x5c1a9f73a930, 0, 1;
L_0x5c1a9f73a2f0 .functor MUXZ 1, L_0x5c1a9f73a170, L_0x5c1a9f73a0d0, L_0x5c1a9f73a030, C4<>;
L_0x5c1a9f73a430 .functor MUXZ 1, L_0x5c1a9f73a2f0, L_0x5c1a9f739ea0, L_0x5c1a9f739b80, C4<>;
    .scope S_0x5c1a9f713ef0;
T_0 ;
    %pushi/vec4 43690, 0, 16;
    %store/vec4 v0x5c1a9f738020_0, 0, 16;
    %end;
    .thread T_0;
    .scope S_0x5c1a9f713ef0;
T_1 ;
    %vpi_call 2 21 "$monitor", "i = %b  s = %b  ::  y=%b ", v0x5c1a9f738020_0, v0x5c1a9f7380e0_0, v0x5c1a9f738180_0 {0 0 0};
    %fork t_1, S_0x5c1a9f714080;
    %jmp t_0;
    .scope S_0x5c1a9f714080;
t_1 ;
    %pushi/vec4 0, 0, 32;
    %store/vec4 v0x5c1a9f714260_0, 0, 32;
T_1.0 ;
    %load/vec4 v0x5c1a9f714260_0;
    %cmpi/s 16, 0, 32;
    %jmp/0xz T_1.1, 5;
    %load/vec4 v0x5c1a9f714260_0;
    %pad/s 4;
    %store/vec4 v0x5c1a9f7380e0_0, 0, 4;
    %delay 5, 0;
    %load/vec4 v0x5c1a9f714260_0;
    %addi 1, 0, 32;
    %store/vec4 v0x5c1a9f714260_0, 0, 32;
    %jmp T_1.0;
T_1.1 ;
    %end;
    .scope S_0x5c1a9f713ef0;
t_0 %join;
    %end;
    .thread T_1;
# The file index is used to find the file name in the following table.
:file_names 4;
    "N/A";
    "<interactive>";
    "mux10.v";
    "./mux.v";
