#! /usr/bin/vvp
:ivl_version "12.0 (stable)";
:ivl_delay_selection "TYPICAL";
:vpi_time_precision + 0;
:vpi_module "/usr/lib/x86_64-linux-gnu/ivl/system.vpi";
:vpi_module "/usr/lib/x86_64-linux-gnu/ivl/vhdl_sys.vpi";
:vpi_module "/usr/lib/x86_64-linux-gnu/ivl/vhdl_textio.vpi";
:vpi_module "/usr/lib/x86_64-linux-gnu/ivl/v2005_math.vpi";
:vpi_module "/usr/lib/x86_64-linux-gnu/ivl/va_math.vpi";
S_0x59447a0286f0 .scope module, "pallindrome" "pallindrome" 2 1;
 .timescale 0 0;
P_0x59447a028880 .param/l "org_num" 0 2 1, +C4<00000000000000100000110100011111>;
v0x59447a002490_0 .var/i "num", 31 0;
v0x59447a04b590_0 .var/i "rem", 31 0;
v0x59447a04b670_0 .var/i "rev_num", 31 0;
    .scope S_0x59447a0286f0;
T_0 ;
    %pushi/vec4 134431, 0, 32;
    %store/vec4 v0x59447a002490_0, 0, 32;
    %pushi/vec4 0, 0, 32;
    %store/vec4 v0x59447a04b670_0, 0, 32;
T_0.0 ;
    %load/vec4 v0x59447a002490_0;
    %cmpi/ne 0, 0, 32;
    %jmp/0xz T_0.1, 4;
    %load/vec4 v0x59447a002490_0;
    %pushi/vec4 10, 0, 32;
    %mod/s;
    %store/vec4 v0x59447a04b590_0, 0, 32;
    %load/vec4 v0x59447a04b670_0;
    %muli 10, 0, 32;
    %load/vec4 v0x59447a04b590_0;
    %add;
    %store/vec4 v0x59447a04b670_0, 0, 32;
    %load/vec4 v0x59447a002490_0;
    %pushi/vec4 10, 0, 32;
    %div/s;
    %store/vec4 v0x59447a002490_0, 0, 32;
    %jmp T_0.0;
T_0.1 ;
    %load/vec4 v0x59447a04b670_0;
    %cmpi/e 134431, 0, 32;
    %jmp/0xz  T_0.2, 4;
    %vpi_call 2 15 "$display", "the given number %0d is pallindrome", P_0x59447a028880 {0 0 0};
    %jmp T_0.3;
T_0.2 ;
    %vpi_call 2 17 "$display", "the given number %0d is not pallindrome", P_0x59447a028880 {0 0 0};
T_0.3 ;
    %end;
    .thread T_0;
# The file index is used to find the file name in the following table.
:file_names 3;
    "N/A";
    "<interactive>";
    "testbench.v";
