#! /usr/bin/vvp
:ivl_version "12.0 (stable)";
:ivl_delay_selection "TYPICAL";
:vpi_time_precision + 0;
:vpi_module "/usr/lib/x86_64-linux-gnu/ivl/system.vpi";
:vpi_module "/usr/lib/x86_64-linux-gnu/ivl/vhdl_sys.vpi";
:vpi_module "/usr/lib/x86_64-linux-gnu/ivl/vhdl_textio.vpi";
:vpi_module "/usr/lib/x86_64-linux-gnu/ivl/v2005_math.vpi";
:vpi_module "/usr/lib/x86_64-linux-gnu/ivl/va_math.vpi";
S_0x5c9dfe281990 .scope module, "tb" "tb" 2 4;
 .timescale 0 0;
v0x5c9dfe2962b0_0 .var "clk", 0 0;
v0x5c9dfe296370_0 .var "load", 0 0;
v0x5c9dfe296440_0 .net "q", 0 0, L_0x5c9dfe296700;  1 drivers
v0x5c9dfe296540_0 .var "rst", 0 0;
v0x5c9dfe296610_0 .var "sin", 3 0;
S_0x5c9dfe281b20 .scope module, "dut" "piso" 2 8, 3 3 0, S_0x5c9dfe281990;
 .timescale 0 0;
    .port_info 0 /INPUT 1 "load";
    .port_info 1 /INPUT 1 "clk";
    .port_info 2 /INPUT 1 "rst";
    .port_info 3 /INPUT 4 "sin";
    .port_info 4 /OUTPUT 1 "q";
v0x5c9dfe281d00_0 .net "clk", 0 0, v0x5c9dfe2962b0_0;  1 drivers
v0x5c9dfe295de0_0 .net "load", 0 0, v0x5c9dfe296370_0;  1 drivers
v0x5c9dfe295ea0_0 .net "q", 0 0, L_0x5c9dfe296700;  alias, 1 drivers
v0x5c9dfe295f40_0 .net "rst", 0 0, v0x5c9dfe296540_0;  1 drivers
v0x5c9dfe296000_0 .net "sin", 3 0, v0x5c9dfe296610_0;  1 drivers
v0x5c9dfe296130_0 .var "temp", 3 0;
E_0x5c9dfe247e00 .event posedge, v0x5c9dfe281d00_0;
L_0x5c9dfe296700 .part v0x5c9dfe296130_0, 0, 1;
    .scope S_0x5c9dfe281b20;
T_0 ;
    %wait E_0x5c9dfe247e00;
    %load/vec4 v0x5c9dfe295f40_0;
    %flag_set/vec4 8;
    %jmp/0xz  T_0.0, 8;
    %pushi/vec4 0, 0, 4;
    %assign/vec4 v0x5c9dfe296130_0, 0;
    %jmp T_0.1;
T_0.0 ;
    %load/vec4 v0x5c9dfe295de0_0;
    %flag_set/vec4 8;
    %jmp/0xz  T_0.2, 8;
    %load/vec4 v0x5c9dfe296000_0;
    %assign/vec4 v0x5c9dfe296130_0, 0;
    %jmp T_0.3;
T_0.2 ;
    %pushi/vec4 1, 1, 1;
    %load/vec4 v0x5c9dfe296130_0;
    %parti/s 3, 1, 2;
    %concat/vec4; draw_concat_vec4
    %assign/vec4 v0x5c9dfe296130_0, 0;
T_0.3 ;
T_0.1 ;
    %jmp T_0;
    .thread T_0;
    .scope S_0x5c9dfe281990;
T_1 ;
    %vpi_call 2 10 "$monitor", "time=%0t temp = %b :: serial out  = %b", $time, v0x5c9dfe296130_0, v0x5c9dfe296440_0 {0 0 0};
    %pushi/vec4 0, 0, 1;
    %store/vec4 v0x5c9dfe2962b0_0, 0, 1;
    %pushi/vec4 1, 0, 1;
    %store/vec4 v0x5c9dfe296540_0, 0, 1;
    %pushi/vec4 0, 0, 1;
    %store/vec4 v0x5c9dfe296370_0, 0, 1;
    %pushi/vec4 0, 0, 4;
    %store/vec4 v0x5c9dfe296610_0, 0, 4;
    %delay 12, 0;
    %pushi/vec4 0, 0, 1;
    %store/vec4 v0x5c9dfe296540_0, 0, 1;
    %pushi/vec4 1, 0, 1;
    %store/vec4 v0x5c9dfe296370_0, 0, 1;
    %pushi/vec4 10, 0, 4;
    %store/vec4 v0x5c9dfe296610_0, 0, 4;
    %delay 10, 0;
    %pushi/vec4 0, 0, 1;
    %store/vec4 v0x5c9dfe296370_0, 0, 1;
    %delay 100, 0;
    %vpi_call 2 18 "$finish" {0 0 0};
    %end;
    .thread T_1;
    .scope S_0x5c9dfe281990;
T_2 ;
    %delay 5, 0;
    %load/vec4 v0x5c9dfe2962b0_0;
    %inv;
    %store/vec4 v0x5c9dfe2962b0_0, 0, 1;
    %jmp T_2;
    .thread T_2;
    .scope S_0x5c9dfe281990;
T_3 ;
    %vpi_call 2 22 "$dumpfile", "dump.vcd" {0 0 0};
    %vpi_call 2 23 "$dumpvars", 32'sb00000000000000000000000000000000, S_0x5c9dfe281990 {0 0 0};
    %end;
    .thread T_3;
# The file index is used to find the file name in the following table.
:file_names 4;
    "N/A";
    "<interactive>";
    "testbench.v";
    "./design.v";
