#! /usr/bin/vvp
:ivl_version "12.0 (stable)";
:ivl_delay_selection "TYPICAL";
:vpi_time_precision + 0;
:vpi_module "/usr/lib/x86_64-linux-gnu/ivl/system.vpi";
:vpi_module "/usr/lib/x86_64-linux-gnu/ivl/vhdl_sys.vpi";
:vpi_module "/usr/lib/x86_64-linux-gnu/ivl/vhdl_textio.vpi";
:vpi_module "/usr/lib/x86_64-linux-gnu/ivl/v2005_math.vpi";
:vpi_module "/usr/lib/x86_64-linux-gnu/ivl/va_math.vpi";
S_0x62be02842640 .scope module, "tb" "tb" 2 7;
 .timescale 0 0;
v0x62be02855da0_0 .var "a", 15 0;
v0x62be02855e60_0 .net "y", 32 0, L_0x62be02866200;  1 drivers
S_0x62be028427d0 .scope module, "dut" "pallindrome" 2 10, 2 1 0, S_0x62be02842640;
 .timescale 0 0;
    .port_info 0 /INPUT 16 "a";
    .port_info 1 /OUTPUT 33 "y";
L_0x70975266b018 .functor BUFT 1, C4<0>, C4<0>, C4<0>, C4<0>;
L_0x62be02856050 .functor XNOR 1, L_0x62be02855f30, L_0x70975266b018, C4<0>, C4<0>;
v0x62be028429b0_0 .net *"_ivl_1", 0 0, L_0x62be02855f30;  1 drivers
v0x62be028557f0_0 .net/2u *"_ivl_2", 0 0, L_0x70975266b018;  1 drivers
v0x62be028558d0_0 .net *"_ivl_4", 0 0, L_0x62be02856050;  1 drivers
L_0x70975266b060 .functor BUFT 1, C4<001100101011101100110010101101110>, C4<0>, C4<0>, C4<0>;
v0x62be02855970_0 .net/2u *"_ivl_6", 32 0, L_0x70975266b060;  1 drivers
L_0x70975266b0a8 .functor BUFT 1, C4<000000000011011110110010001100100>, C4<0>, C4<0>, C4<0>;
v0x62be02855a50_0 .net/2u *"_ivl_8", 32 0, L_0x70975266b0a8;  1 drivers
v0x62be02855b80_0 .net "a", 15 0, v0x62be02855da0_0;  1 drivers
v0x62be02855c60_0 .net "y", 32 0, L_0x62be02866200;  alias, 1 drivers
L_0x62be02855f30 .part v0x62be02855da0_0, 0, 1;
L_0x62be02866200 .functor MUXZ 33, L_0x70975266b0a8, L_0x70975266b060, L_0x62be02856050, C4<>;
    .scope S_0x62be02842640;
T_0 ;
    %pushi/vec4 3, 0, 16;
    %store/vec4 v0x62be02855da0_0, 0, 16;
    %delay 5, 0;
    %pushi/vec4 2, 0, 16;
    %store/vec4 v0x62be02855da0_0, 0, 16;
    %delay 5, 0;
    %pushi/vec4 7, 0, 16;
    %store/vec4 v0x62be02855da0_0, 0, 16;
    %delay 5, 0;
    %vpi_call 2 15 "$finish" {0 0 0};
    %end;
    .thread T_0;
    .scope S_0x62be02842640;
T_1 ;
    %vpi_call 2 18 "$monitor", "Time %0t  a=%b   :: y=%s", $time, v0x62be02855da0_0, v0x62be02855e60_0 {0 0 0};
    %end;
    .thread T_1;
    .scope S_0x62be02842640;
T_2 ;
    %vpi_call 2 21 "$dumpfile", "dump.vcd" {0 0 0};
    %vpi_call 2 22 "$dumpvars", 32'sb00000000000000000000000000000000, S_0x62be02842640 {0 0 0};
    %end;
    .thread T_2;
# The file index is used to find the file name in the following table.
:file_names 3;
    "N/A";
    "<interactive>";
    "pallindrome.v";
