#! /usr/bin/vvp
:ivl_version "12.0 (stable)";
:ivl_delay_selection "TYPICAL";
:vpi_time_precision + 0;
:vpi_module "/usr/lib/x86_64-linux-gnu/ivl/system.vpi";
:vpi_module "/usr/lib/x86_64-linux-gnu/ivl/vhdl_sys.vpi";
:vpi_module "/usr/lib/x86_64-linux-gnu/ivl/vhdl_textio.vpi";
:vpi_module "/usr/lib/x86_64-linux-gnu/ivl/v2005_math.vpi";
:vpi_module "/usr/lib/x86_64-linux-gnu/ivl/va_math.vpi";
S_0x5e1ee42e8510 .scope module, "tb" "tb" 2 1;
 .timescale 0 0;
v0x5e1ee42e86a0_0 .var "a", 7 0;
v0x5e1ee43304c0_0 .var "b", 0 0;
v0x5e1ee4330580_0 .var "c", 7 0;
    .scope S_0x5e1ee42e8510;
T_0 ;
    %pushi/vec4 57, 0, 8;
    %store/vec4 v0x5e1ee42e86a0_0, 0, 8;
    %pushi/vec4 255, 0, 8;
    %store/vec4 v0x5e1ee4330580_0, 0, 8;
    %end;
    .thread T_0;
    .scope S_0x5e1ee42e8510;
T_1 ;
    %vpi_call 2 7 "$display", "c = %b", v0x5e1ee4330580_0 {0 0 0};
    %load/vec4 v0x5e1ee42e86a0_0;
    %nor/r;
    %store/vec4 v0x5e1ee43304c0_0, 0, 1;
    %vpi_call 2 9 "$display", "b = %b", v0x5e1ee43304c0_0 {0 0 0};
    %load/vec4 v0x5e1ee42e86a0_0;
    %parti/s 3, 3, 3;
    %load/vec4 v0x5e1ee43304c0_0;
    %replicate 3;
    %concat/vec4; draw_concat_vec4
    %pad/u 8;
    %store/vec4 v0x5e1ee4330580_0, 0, 8;
    %vpi_call 2 11 "$display", "c = %b", v0x5e1ee4330580_0 {0 0 0};
    %end;
    .thread T_1;
# The file index is used to find the file name in the following table.
:file_names 3;
    "N/A";
    "<interactive>";
    "testbench.v";
