#! /usr/bin/vvp
:ivl_version "12.0 (stable)";
:ivl_delay_selection "TYPICAL";
:vpi_time_precision + 0;
:vpi_module "/usr/lib/x86_64-linux-gnu/ivl/system.vpi";
:vpi_module "/usr/lib/x86_64-linux-gnu/ivl/vhdl_sys.vpi";
:vpi_module "/usr/lib/x86_64-linux-gnu/ivl/vhdl_textio.vpi";
:vpi_module "/usr/lib/x86_64-linux-gnu/ivl/v2005_math.vpi";
:vpi_module "/usr/lib/x86_64-linux-gnu/ivl/va_math.vpi";
S_0x6492d2d14c80 .scope module, "tb_priority_encoder" "tb_priority_encoder" 2 2;
 .timescale 0 0;
v0x6492d2d28f80_0 .var "d", 7 0;
v0x6492d2d29040_0 .net "y", 2 0, v0x6492d2d28e40_0;  1 drivers
S_0x6492d2d14e10 .scope module, "uut" "priority_encoder" 2 6, 3 1 0, S_0x6492d2d14c80;
 .timescale 0 0;
    .port_info 0 /INPUT 8 "d";
    .port_info 1 /OUTPUT 3 "y";
v0x6492d2d14ff0_0 .net "d", 7 0, v0x6492d2d28f80_0;  1 drivers
v0x6492d2d28e40_0 .var "y", 2 0;
E_0x6492d2cdaf20 .event anyedge, v0x6492d2d14ff0_0;
    .scope S_0x6492d2d14e10;
T_0 ;
    %wait E_0x6492d2cdaf20;
    %load/vec4 v0x6492d2d14ff0_0;
    %dup/vec4;
    %pushi/vec4 255, 127, 8;
    %cmp/x;
    %jmp/1 T_0.0, 4;
    %dup/vec4;
    %pushi/vec4 127, 63, 8;
    %cmp/x;
    %jmp/1 T_0.1, 4;
    %dup/vec4;
    %pushi/vec4 63, 31, 8;
    %cmp/x;
    %jmp/1 T_0.2, 4;
    %dup/vec4;
    %pushi/vec4 31, 15, 8;
    %cmp/x;
    %jmp/1 T_0.3, 4;
    %dup/vec4;
    %pushi/vec4 15, 7, 8;
    %cmp/x;
    %jmp/1 T_0.4, 4;
    %dup/vec4;
    %pushi/vec4 7, 3, 8;
    %cmp/x;
    %jmp/1 T_0.5, 4;
    %dup/vec4;
    %pushi/vec4 3, 1, 8;
    %cmp/x;
    %jmp/1 T_0.6, 4;
    %dup/vec4;
    %pushi/vec4 1, 0, 8;
    %cmp/x;
    %jmp/1 T_0.7, 4;
    %pushi/vec4 7, 7, 3;
    %store/vec4 v0x6492d2d28e40_0, 0, 3;
    %jmp T_0.9;
T_0.0 ;
    %pushi/vec4 7, 0, 3;
    %store/vec4 v0x6492d2d28e40_0, 0, 3;
    %jmp T_0.9;
T_0.1 ;
    %pushi/vec4 6, 0, 3;
    %store/vec4 v0x6492d2d28e40_0, 0, 3;
    %jmp T_0.9;
T_0.2 ;
    %pushi/vec4 5, 0, 3;
    %store/vec4 v0x6492d2d28e40_0, 0, 3;
    %jmp T_0.9;
T_0.3 ;
    %pushi/vec4 4, 0, 3;
    %store/vec4 v0x6492d2d28e40_0, 0, 3;
    %jmp T_0.9;
T_0.4 ;
    %pushi/vec4 3, 0, 3;
    %store/vec4 v0x6492d2d28e40_0, 0, 3;
    %jmp T_0.9;
T_0.5 ;
    %pushi/vec4 2, 0, 3;
    %store/vec4 v0x6492d2d28e40_0, 0, 3;
    %jmp T_0.9;
T_0.6 ;
    %pushi/vec4 1, 0, 3;
    %store/vec4 v0x6492d2d28e40_0, 0, 3;
    %jmp T_0.9;
T_0.7 ;
    %pushi/vec4 0, 0, 3;
    %store/vec4 v0x6492d2d28e40_0, 0, 3;
    %jmp T_0.9;
T_0.9 ;
    %pop/vec4 1;
    %jmp T_0;
    .thread T_0, $push;
    .scope S_0x6492d2d14c80;
T_1 ;
    %vpi_call 2 7 "$monitor", "sim = %0t d = %b :: y = %b", $time, v0x6492d2d28f80_0, v0x6492d2d29040_0 {0 0 0};
    %end;
    .thread T_1;
    .scope S_0x6492d2d14c80;
T_2 ;
    %pushi/vec4 0, 0, 8;
    %store/vec4 v0x6492d2d28f80_0, 0, 8;
    %delay 10, 0;
    %pushi/vec4 1, 0, 8;
    %store/vec4 v0x6492d2d28f80_0, 0, 8;
    %delay 10, 0;
    %pushi/vec4 2, 0, 8;
    %store/vec4 v0x6492d2d28f80_0, 0, 8;
    %delay 10, 0;
    %pushi/vec4 4, 0, 8;
    %store/vec4 v0x6492d2d28f80_0, 0, 8;
    %delay 10, 0;
    %pushi/vec4 8, 0, 8;
    %store/vec4 v0x6492d2d28f80_0, 0, 8;
    %delay 10, 0;
    %pushi/vec4 16, 0, 8;
    %store/vec4 v0x6492d2d28f80_0, 0, 8;
    %delay 10, 0;
    %pushi/vec4 32, 0, 8;
    %store/vec4 v0x6492d2d28f80_0, 0, 8;
    %delay 10, 0;
    %pushi/vec4 64, 0, 8;
    %store/vec4 v0x6492d2d28f80_0, 0, 8;
    %delay 10, 0;
    %pushi/vec4 128, 0, 8;
    %store/vec4 v0x6492d2d28f80_0, 0, 8;
    %delay 10, 0;
    %pushi/vec4 192, 0, 8;
    %store/vec4 v0x6492d2d28f80_0, 0, 8;
    %delay 10, 0;
    %pushi/vec4 160, 0, 8;
    %store/vec4 v0x6492d2d28f80_0, 0, 8;
    %delay 10, 0;
    %pushi/vec4 0, 0, 8;
    %store/vec4 v0x6492d2d28f80_0, 0, 8;
    %delay 10, 0;
    %vpi_call 2 21 "$finish" {0 0 0};
    %end;
    .thread T_2;
# The file index is used to find the file name in the following table.
:file_names 4;
    "N/A";
    "<interactive>";
    "testbench.v";
    "./design.v";
