#! /usr/bin/vvp
:ivl_version "12.0 (stable)";
:ivl_delay_selection "TYPICAL";
:vpi_time_precision + 0;
:vpi_module "/usr/lib/x86_64-linux-gnu/ivl/system.vpi";
:vpi_module "/usr/lib/x86_64-linux-gnu/ivl/vhdl_sys.vpi";
:vpi_module "/usr/lib/x86_64-linux-gnu/ivl/vhdl_textio.vpi";
:vpi_module "/usr/lib/x86_64-linux-gnu/ivl/v2005_math.vpi";
:vpi_module "/usr/lib/x86_64-linux-gnu/ivl/va_math.vpi";
S_0x5afa842ceca0 .scope module, "tb" "tb" 2 17;
 .timescale 0 0;
v0x5afa8430a980_0 .var "i", 3 0;
v0x5afa8430aa40_0 .net "y", 15 0, L_0x5afa84311870;  1 drivers
S_0x5afa842cee30 .scope begin, "$ivl_for_loop0" "$ivl_for_loop0" 2 22, 2 22 0, S_0x5afa842ceca0;
 .timescale 0 0;
v0x5afa842c8f80_0 .var/i "j", 31 0;
S_0x5afa84303160 .scope module, "dut" "dec16" 2 20, 2 3 0, S_0x5afa842ceca0;
 .timescale 0 0;
    .port_info 0 /INPUT 4 "i";
    .port_info 1 /OUTPUT 16 "y";
v0x5afa8430a6e0_0 .net "i", 3 0, v0x5afa8430a980_0;  1 drivers
v0x5afa8430a7c0_0 .net "w", 3 0, L_0x5afa8430b960;  1 drivers
v0x5afa8430a880_0 .net "y", 15 0, L_0x5afa84311870;  alias, 1 drivers
L_0x5afa8430c020 .part v0x5afa8430a980_0, 2, 2;
L_0x5afa8430d5a0 .part L_0x5afa8430b960, 3, 1;
L_0x5afa8430d640 .part v0x5afa8430a980_0, 0, 2;
L_0x5afa8430eb20 .part L_0x5afa8430b960, 2, 1;
L_0x5afa8430ec80 .part v0x5afa8430a980_0, 0, 2;
L_0x5afa84310150 .part L_0x5afa8430b960, 1, 1;
L_0x5afa843101f0 .part v0x5afa8430a980_0, 0, 2;
L_0x5afa843116e0 .part L_0x5afa8430b960, 0, 1;
L_0x5afa843117d0 .part v0x5afa8430a980_0, 0, 2;
L_0x5afa84311870 .concat8 [ 4 4 4 4], L_0x5afa84311070, L_0x5afa8430fae0, L_0x5afa8430e4b0, L_0x5afa8430cf30;
S_0x5afa84303360 .scope module, "d" "dec" 2 8, 3 1 0, S_0x5afa84303160;
 .timescale 0 0;
    .port_info 0 /INPUT 1 "en";
    .port_info 1 /INPUT 2 "i";
    .port_info 2 /OUTPUT 4 "y";
L_0x5afa8430c160 .functor NOT 1, L_0x5afa8430c0c0, C4<0>, C4<0>, C4<0>;
L_0x5afa8430c310 .functor NOT 1, L_0x5afa8430c220, C4<0>, C4<0>, C4<0>;
L_0x5afa8430c3d0 .functor AND 1, L_0x5afa8430c160, L_0x5afa8430c310, C4<1>, C4<1>;
L_0x5afa8430c4e0 .functor AND 1, L_0x5afa8430c3d0, L_0x5afa8430d5a0, C4<1>, C4<1>;
L_0x5afa8430c640 .functor NOT 1, L_0x5afa8430c5a0, C4<0>, C4<0>, C4<0>;
L_0x5afa8430c860 .functor AND 1, L_0x5afa8430c640, L_0x5afa8430c700, C4<1>, C4<1>;
L_0x5afa8430c960 .functor AND 1, L_0x5afa8430c860, L_0x5afa8430d5a0, C4<1>, C4<1>;
L_0x5afa8430cbf0 .functor NOT 1, L_0x5afa8430cb10, C4<0>, C4<0>, C4<0>;
L_0x5afa8430cd00 .functor AND 1, L_0x5afa8430ca70, L_0x5afa8430cbf0, C4<1>, C4<1>;
L_0x5afa8430ce10 .functor AND 1, L_0x5afa8430cd00, L_0x5afa8430d5a0, C4<1>, C4<1>;
L_0x5afa8430d310 .functor AND 1, L_0x5afa8430d070, L_0x5afa8430d160, C4<1>, C4<1>;
L_0x5afa8430d420 .functor AND 1, L_0x5afa8430d310, L_0x5afa8430d5a0, C4<1>, C4<1>;
v0x5afa842d72c0_0 .net *"_ivl_10", 0 0, L_0x5afa8430c3d0;  1 drivers
v0x5afa842dd510_0 .net *"_ivl_12", 0 0, L_0x5afa8430c4e0;  1 drivers
v0x5afa842e3760_0 .net *"_ivl_17", 0 0, L_0x5afa8430c5a0;  1 drivers
v0x5afa84303690_0 .net *"_ivl_18", 0 0, L_0x5afa8430c640;  1 drivers
v0x5afa84303770_0 .net *"_ivl_21", 0 0, L_0x5afa8430c700;  1 drivers
v0x5afa843038a0_0 .net *"_ivl_22", 0 0, L_0x5afa8430c860;  1 drivers
v0x5afa84303980_0 .net *"_ivl_24", 0 0, L_0x5afa8430c960;  1 drivers
v0x5afa84303a60_0 .net *"_ivl_29", 0 0, L_0x5afa8430ca70;  1 drivers
v0x5afa84303b40_0 .net *"_ivl_3", 0 0, L_0x5afa8430c0c0;  1 drivers
v0x5afa84303c20_0 .net *"_ivl_31", 0 0, L_0x5afa8430cb10;  1 drivers
v0x5afa84303d00_0 .net *"_ivl_32", 0 0, L_0x5afa8430cbf0;  1 drivers
v0x5afa84303de0_0 .net *"_ivl_34", 0 0, L_0x5afa8430cd00;  1 drivers
v0x5afa84303ec0_0 .net *"_ivl_36", 0 0, L_0x5afa8430ce10;  1 drivers
v0x5afa84303fa0_0 .net *"_ivl_4", 0 0, L_0x5afa8430c160;  1 drivers
v0x5afa84304080_0 .net *"_ivl_42", 0 0, L_0x5afa8430d070;  1 drivers
v0x5afa84304160_0 .net *"_ivl_44", 0 0, L_0x5afa8430d160;  1 drivers
v0x5afa84304240_0 .net *"_ivl_45", 0 0, L_0x5afa8430d310;  1 drivers
v0x5afa84304320_0 .net *"_ivl_47", 0 0, L_0x5afa8430d420;  1 drivers
v0x5afa84304400_0 .net *"_ivl_7", 0 0, L_0x5afa8430c220;  1 drivers
v0x5afa843044e0_0 .net *"_ivl_8", 0 0, L_0x5afa8430c310;  1 drivers
v0x5afa843045c0_0 .net "en", 0 0, L_0x5afa8430d5a0;  1 drivers
v0x5afa84304680_0 .net "i", 1 0, L_0x5afa8430d640;  1 drivers
v0x5afa84304760_0 .net "y", 3 0, L_0x5afa8430cf30;  1 drivers
L_0x5afa8430c0c0 .part L_0x5afa8430d640, 1, 1;
L_0x5afa8430c220 .part L_0x5afa8430d640, 0, 1;
L_0x5afa8430c5a0 .part L_0x5afa8430d640, 1, 1;
L_0x5afa8430c700 .part L_0x5afa8430d640, 0, 1;
L_0x5afa8430ca70 .part L_0x5afa8430d640, 1, 1;
L_0x5afa8430cb10 .part L_0x5afa8430d640, 0, 1;
L_0x5afa8430cf30 .concat8 [ 1 1 1 1], L_0x5afa8430d420, L_0x5afa8430ce10, L_0x5afa8430c960, L_0x5afa8430c4e0;
L_0x5afa8430d070 .part L_0x5afa8430d640, 1, 1;
L_0x5afa8430d160 .part L_0x5afa8430d640, 0, 1;
S_0x5afa843048c0 .scope module, "d1" "dec" 2 7, 3 1 0, S_0x5afa84303160;
 .timescale 0 0;
    .port_info 0 /INPUT 1 "en";
    .port_info 1 /INPUT 2 "i";
    .port_info 2 /OUTPUT 4 "y";
L_0x5afa8430abb0 .functor NOT 1, L_0x5afa8430aae0, C4<0>, C4<0>, C4<0>;
L_0x5afa8430ad40 .functor NOT 1, L_0x5afa8430ac50, C4<0>, C4<0>, C4<0>;
L_0x5afa8430ae00 .functor AND 1, L_0x5afa8430abb0, L_0x5afa8430ad40, C4<1>, C4<1>;
L_0x7f5f87040018 .functor BUFT 1, C4<1>, C4<0>, C4<0>, C4<0>;
L_0x5afa8430af10 .functor AND 1, L_0x5afa8430ae00, L_0x7f5f87040018, C4<1>, C4<1>;
L_0x5afa8430b0a0 .functor NOT 1, L_0x5afa8430b000, C4<0>, C4<0>, C4<0>;
L_0x5afa8430b260 .functor AND 1, L_0x5afa8430b0a0, L_0x5afa8430b190, C4<1>, C4<1>;
L_0x5afa8430b390 .functor AND 1, L_0x5afa8430b260, L_0x7f5f87040018, C4<1>, C4<1>;
L_0x5afa8430b620 .functor NOT 1, L_0x5afa8430b540, C4<0>, C4<0>, C4<0>;
L_0x5afa8430b730 .functor AND 1, L_0x5afa8430b4a0, L_0x5afa8430b620, C4<1>, C4<1>;
L_0x5afa8430b840 .functor AND 1, L_0x5afa8430b730, L_0x7f5f87040018, C4<1>, C4<1>;
L_0x5afa8430bd90 .functor AND 1, L_0x5afa8430baf0, L_0x5afa8430bbe0, C4<1>, C4<1>;
L_0x5afa8430bea0 .functor AND 1, L_0x5afa8430bd90, L_0x7f5f87040018, C4<1>, C4<1>;
v0x5afa84304aa0_0 .net *"_ivl_10", 0 0, L_0x5afa8430ae00;  1 drivers
v0x5afa84304ba0_0 .net *"_ivl_12", 0 0, L_0x5afa8430af10;  1 drivers
v0x5afa84304c80_0 .net *"_ivl_17", 0 0, L_0x5afa8430b000;  1 drivers
v0x5afa84304d40_0 .net *"_ivl_18", 0 0, L_0x5afa8430b0a0;  1 drivers
v0x5afa84304e20_0 .net *"_ivl_21", 0 0, L_0x5afa8430b190;  1 drivers
v0x5afa84304f50_0 .net *"_ivl_22", 0 0, L_0x5afa8430b260;  1 drivers
v0x5afa84305030_0 .net *"_ivl_24", 0 0, L_0x5afa8430b390;  1 drivers
v0x5afa84305110_0 .net *"_ivl_29", 0 0, L_0x5afa8430b4a0;  1 drivers
v0x5afa843051f0_0 .net *"_ivl_3", 0 0, L_0x5afa8430aae0;  1 drivers
v0x5afa843052d0_0 .net *"_ivl_31", 0 0, L_0x5afa8430b540;  1 drivers
v0x5afa843053b0_0 .net *"_ivl_32", 0 0, L_0x5afa8430b620;  1 drivers
v0x5afa84305490_0 .net *"_ivl_34", 0 0, L_0x5afa8430b730;  1 drivers
v0x5afa84305570_0 .net *"_ivl_36", 0 0, L_0x5afa8430b840;  1 drivers
v0x5afa84305650_0 .net *"_ivl_4", 0 0, L_0x5afa8430abb0;  1 drivers
v0x5afa84305730_0 .net *"_ivl_42", 0 0, L_0x5afa8430baf0;  1 drivers
v0x5afa84305810_0 .net *"_ivl_44", 0 0, L_0x5afa8430bbe0;  1 drivers
v0x5afa843058f0_0 .net *"_ivl_45", 0 0, L_0x5afa8430bd90;  1 drivers
v0x5afa843059d0_0 .net *"_ivl_47", 0 0, L_0x5afa8430bea0;  1 drivers
v0x5afa84305ab0_0 .net *"_ivl_7", 0 0, L_0x5afa8430ac50;  1 drivers
v0x5afa84305b90_0 .net *"_ivl_8", 0 0, L_0x5afa8430ad40;  1 drivers
v0x5afa84305c70_0 .net "en", 0 0, L_0x7f5f87040018;  1 drivers
v0x5afa84305d30_0 .net "i", 1 0, L_0x5afa8430c020;  1 drivers
v0x5afa84305e10_0 .net "y", 3 0, L_0x5afa8430b960;  alias, 1 drivers
L_0x5afa8430aae0 .part L_0x5afa8430c020, 1, 1;
L_0x5afa8430ac50 .part L_0x5afa8430c020, 0, 1;
L_0x5afa8430b000 .part L_0x5afa8430c020, 1, 1;
L_0x5afa8430b190 .part L_0x5afa8430c020, 0, 1;
L_0x5afa8430b4a0 .part L_0x5afa8430c020, 1, 1;
L_0x5afa8430b540 .part L_0x5afa8430c020, 0, 1;
L_0x5afa8430b960 .concat8 [ 1 1 1 1], L_0x5afa8430bea0, L_0x5afa8430b840, L_0x5afa8430b390, L_0x5afa8430af10;
L_0x5afa8430baf0 .part L_0x5afa8430c020, 1, 1;
L_0x5afa8430bbe0 .part L_0x5afa8430c020, 0, 1;
S_0x5afa84305f70 .scope module, "d3" "dec" 2 9, 3 1 0, S_0x5afa84303160;
 .timescale 0 0;
    .port_info 0 /INPUT 1 "en";
    .port_info 1 /INPUT 2 "i";
    .port_info 2 /OUTPUT 4 "y";
L_0x5afa8430d780 .functor NOT 1, L_0x5afa8430d6e0, C4<0>, C4<0>, C4<0>;
L_0x5afa8430d8e0 .functor NOT 1, L_0x5afa8430d7f0, C4<0>, C4<0>, C4<0>;
L_0x5afa8430d9a0 .functor AND 1, L_0x5afa8430d780, L_0x5afa8430d8e0, C4<1>, C4<1>;
L_0x5afa8430dab0 .functor AND 1, L_0x5afa8430d9a0, L_0x5afa8430eb20, C4<1>, C4<1>;
L_0x5afa8430dc40 .functor NOT 1, L_0x5afa8430dba0, C4<0>, C4<0>, C4<0>;
L_0x5afa8430de60 .functor AND 1, L_0x5afa8430dc40, L_0x5afa8430dd00, C4<1>, C4<1>;
L_0x5afa8430df20 .functor AND 1, L_0x5afa8430de60, L_0x5afa8430eb20, C4<1>, C4<1>;
L_0x5afa8430e170 .functor NOT 1, L_0x5afa8430e0d0, C4<0>, C4<0>, C4<0>;
L_0x5afa8430e280 .functor AND 1, L_0x5afa8430e030, L_0x5afa8430e170, C4<1>, C4<1>;
L_0x5afa8430e390 .functor AND 1, L_0x5afa8430e280, L_0x5afa8430eb20, C4<1>, C4<1>;
L_0x5afa8430e890 .functor AND 1, L_0x5afa8430e5f0, L_0x5afa8430e6e0, C4<1>, C4<1>;
L_0x5afa8430e9a0 .functor AND 1, L_0x5afa8430e890, L_0x5afa8430eb20, C4<1>, C4<1>;
v0x5afa84306150_0 .net *"_ivl_10", 0 0, L_0x5afa8430d9a0;  1 drivers
v0x5afa84306230_0 .net *"_ivl_12", 0 0, L_0x5afa8430dab0;  1 drivers
v0x5afa84306310_0 .net *"_ivl_17", 0 0, L_0x5afa8430dba0;  1 drivers
v0x5afa843063d0_0 .net *"_ivl_18", 0 0, L_0x5afa8430dc40;  1 drivers
v0x5afa843064b0_0 .net *"_ivl_21", 0 0, L_0x5afa8430dd00;  1 drivers
v0x5afa843065e0_0 .net *"_ivl_22", 0 0, L_0x5afa8430de60;  1 drivers
v0x5afa843066c0_0 .net *"_ivl_24", 0 0, L_0x5afa8430df20;  1 drivers
v0x5afa843067a0_0 .net *"_ivl_29", 0 0, L_0x5afa8430e030;  1 drivers
v0x5afa84306880_0 .net *"_ivl_3", 0 0, L_0x5afa8430d6e0;  1 drivers
v0x5afa84306960_0 .net *"_ivl_31", 0 0, L_0x5afa8430e0d0;  1 drivers
v0x5afa84306a40_0 .net *"_ivl_32", 0 0, L_0x5afa8430e170;  1 drivers
v0x5afa84306b20_0 .net *"_ivl_34", 0 0, L_0x5afa8430e280;  1 drivers
v0x5afa84306c00_0 .net *"_ivl_36", 0 0, L_0x5afa8430e390;  1 drivers
v0x5afa84306ce0_0 .net *"_ivl_4", 0 0, L_0x5afa8430d780;  1 drivers
v0x5afa84306dc0_0 .net *"_ivl_42", 0 0, L_0x5afa8430e5f0;  1 drivers
v0x5afa84306ea0_0 .net *"_ivl_44", 0 0, L_0x5afa8430e6e0;  1 drivers
v0x5afa84306f80_0 .net *"_ivl_45", 0 0, L_0x5afa8430e890;  1 drivers
v0x5afa84307170_0 .net *"_ivl_47", 0 0, L_0x5afa8430e9a0;  1 drivers
v0x5afa84307250_0 .net *"_ivl_7", 0 0, L_0x5afa8430d7f0;  1 drivers
v0x5afa84307330_0 .net *"_ivl_8", 0 0, L_0x5afa8430d8e0;  1 drivers
v0x5afa84307410_0 .net "en", 0 0, L_0x5afa8430eb20;  1 drivers
v0x5afa843074d0_0 .net "i", 1 0, L_0x5afa8430ec80;  1 drivers
v0x5afa843075b0_0 .net "y", 3 0, L_0x5afa8430e4b0;  1 drivers
L_0x5afa8430d6e0 .part L_0x5afa8430ec80, 1, 1;
L_0x5afa8430d7f0 .part L_0x5afa8430ec80, 0, 1;
L_0x5afa8430dba0 .part L_0x5afa8430ec80, 1, 1;
L_0x5afa8430dd00 .part L_0x5afa8430ec80, 0, 1;
L_0x5afa8430e030 .part L_0x5afa8430ec80, 1, 1;
L_0x5afa8430e0d0 .part L_0x5afa8430ec80, 0, 1;
L_0x5afa8430e4b0 .concat8 [ 1 1 1 1], L_0x5afa8430e9a0, L_0x5afa8430e390, L_0x5afa8430df20, L_0x5afa8430dab0;
L_0x5afa8430e5f0 .part L_0x5afa8430ec80, 1, 1;
L_0x5afa8430e6e0 .part L_0x5afa8430ec80, 0, 1;
S_0x5afa84307710 .scope module, "d4" "dec" 2 10, 3 1 0, S_0x5afa84303160;
 .timescale 0 0;
    .port_info 0 /INPUT 1 "en";
    .port_info 1 /INPUT 2 "i";
    .port_info 2 /OUTPUT 4 "y";
L_0x5afa8430ee50 .functor NOT 1, L_0x5afa8430edb0, C4<0>, C4<0>, C4<0>;
L_0x5afa8430ef60 .functor NOT 1, L_0x5afa8430eec0, C4<0>, C4<0>, C4<0>;
L_0x5afa8430efd0 .functor AND 1, L_0x5afa8430ee50, L_0x5afa8430ef60, C4<1>, C4<1>;
L_0x5afa8430f0e0 .functor AND 1, L_0x5afa8430efd0, L_0x5afa84310150, C4<1>, C4<1>;
L_0x5afa8430f270 .functor NOT 1, L_0x5afa8430f1d0, C4<0>, C4<0>, C4<0>;
L_0x5afa8430f490 .functor AND 1, L_0x5afa8430f270, L_0x5afa8430f330, C4<1>, C4<1>;
L_0x5afa8430f550 .functor AND 1, L_0x5afa8430f490, L_0x5afa84310150, C4<1>, C4<1>;
L_0x5afa8430f7a0 .functor NOT 1, L_0x5afa8430f700, C4<0>, C4<0>, C4<0>;
L_0x5afa8430f8b0 .functor AND 1, L_0x5afa8430f660, L_0x5afa8430f7a0, C4<1>, C4<1>;
L_0x5afa8430f9c0 .functor AND 1, L_0x5afa8430f8b0, L_0x5afa84310150, C4<1>, C4<1>;
L_0x5afa8430fec0 .functor AND 1, L_0x5afa8430fc20, L_0x5afa8430fd10, C4<1>, C4<1>;
L_0x5afa8430ffd0 .functor AND 1, L_0x5afa8430fec0, L_0x5afa84310150, C4<1>, C4<1>;
v0x5afa843078f0_0 .net *"_ivl_10", 0 0, L_0x5afa8430efd0;  1 drivers
v0x5afa843079f0_0 .net *"_ivl_12", 0 0, L_0x5afa8430f0e0;  1 drivers
v0x5afa84307ad0_0 .net *"_ivl_17", 0 0, L_0x5afa8430f1d0;  1 drivers
v0x5afa84307b90_0 .net *"_ivl_18", 0 0, L_0x5afa8430f270;  1 drivers
v0x5afa84307c70_0 .net *"_ivl_21", 0 0, L_0x5afa8430f330;  1 drivers
v0x5afa84307da0_0 .net *"_ivl_22", 0 0, L_0x5afa8430f490;  1 drivers
v0x5afa84307e80_0 .net *"_ivl_24", 0 0, L_0x5afa8430f550;  1 drivers
v0x5afa84307f60_0 .net *"_ivl_29", 0 0, L_0x5afa8430f660;  1 drivers
v0x5afa84308040_0 .net *"_ivl_3", 0 0, L_0x5afa8430edb0;  1 drivers
v0x5afa84308120_0 .net *"_ivl_31", 0 0, L_0x5afa8430f700;  1 drivers
v0x5afa84308200_0 .net *"_ivl_32", 0 0, L_0x5afa8430f7a0;  1 drivers
v0x5afa843082e0_0 .net *"_ivl_34", 0 0, L_0x5afa8430f8b0;  1 drivers
v0x5afa843083c0_0 .net *"_ivl_36", 0 0, L_0x5afa8430f9c0;  1 drivers
v0x5afa843084a0_0 .net *"_ivl_4", 0 0, L_0x5afa8430ee50;  1 drivers
v0x5afa84308580_0 .net *"_ivl_42", 0 0, L_0x5afa8430fc20;  1 drivers
v0x5afa84308660_0 .net *"_ivl_44", 0 0, L_0x5afa8430fd10;  1 drivers
v0x5afa84308740_0 .net *"_ivl_45", 0 0, L_0x5afa8430fec0;  1 drivers
v0x5afa84308930_0 .net *"_ivl_47", 0 0, L_0x5afa8430ffd0;  1 drivers
v0x5afa84308a10_0 .net *"_ivl_7", 0 0, L_0x5afa8430eec0;  1 drivers
v0x5afa84308af0_0 .net *"_ivl_8", 0 0, L_0x5afa8430ef60;  1 drivers
v0x5afa84308bd0_0 .net "en", 0 0, L_0x5afa84310150;  1 drivers
v0x5afa84308c90_0 .net "i", 1 0, L_0x5afa843101f0;  1 drivers
v0x5afa84308d70_0 .net "y", 3 0, L_0x5afa8430fae0;  1 drivers
L_0x5afa8430edb0 .part L_0x5afa843101f0, 1, 1;
L_0x5afa8430eec0 .part L_0x5afa843101f0, 0, 1;
L_0x5afa8430f1d0 .part L_0x5afa843101f0, 1, 1;
L_0x5afa8430f330 .part L_0x5afa843101f0, 0, 1;
L_0x5afa8430f660 .part L_0x5afa843101f0, 1, 1;
L_0x5afa8430f700 .part L_0x5afa843101f0, 0, 1;
L_0x5afa8430fae0 .concat8 [ 1 1 1 1], L_0x5afa8430ffd0, L_0x5afa8430f9c0, L_0x5afa8430f550, L_0x5afa8430f0e0;
L_0x5afa8430fc20 .part L_0x5afa843101f0, 1, 1;
L_0x5afa8430fd10 .part L_0x5afa843101f0, 0, 1;
S_0x5afa84308ed0 .scope module, "d5" "dec" 2 11, 3 1 0, S_0x5afa84303160;
 .timescale 0 0;
    .port_info 0 /INPUT 1 "en";
    .port_info 1 /INPUT 2 "i";
    .port_info 2 /OUTPUT 4 "y";
L_0x5afa84310330 .functor NOT 1, L_0x5afa84310290, C4<0>, C4<0>, C4<0>;
L_0x5afa84310490 .functor NOT 1, L_0x5afa843103a0, C4<0>, C4<0>, C4<0>;
L_0x5afa84310550 .functor AND 1, L_0x5afa84310330, L_0x5afa84310490, C4<1>, C4<1>;
L_0x5afa84310660 .functor AND 1, L_0x5afa84310550, L_0x5afa843116e0, C4<1>, C4<1>;
L_0x5afa843107c0 .functor NOT 1, L_0x5afa84310720, C4<0>, C4<0>, C4<0>;
L_0x5afa843109e0 .functor AND 1, L_0x5afa843107c0, L_0x5afa84310880, C4<1>, C4<1>;
L_0x5afa84310aa0 .functor AND 1, L_0x5afa843109e0, L_0x5afa843116e0, C4<1>, C4<1>;
L_0x5afa84310d30 .functor NOT 1, L_0x5afa84310c50, C4<0>, C4<0>, C4<0>;
L_0x5afa84310e40 .functor AND 1, L_0x5afa84310bb0, L_0x5afa84310d30, C4<1>, C4<1>;
L_0x5afa84310f50 .functor AND 1, L_0x5afa84310e40, L_0x5afa843116e0, C4<1>, C4<1>;
L_0x5afa84311450 .functor AND 1, L_0x5afa843111b0, L_0x5afa843112a0, C4<1>, C4<1>;
L_0x5afa84311560 .functor AND 1, L_0x5afa84311450, L_0x5afa843116e0, C4<1>, C4<1>;
v0x5afa84309100_0 .net *"_ivl_10", 0 0, L_0x5afa84310550;  1 drivers
v0x5afa84309200_0 .net *"_ivl_12", 0 0, L_0x5afa84310660;  1 drivers
v0x5afa843092e0_0 .net *"_ivl_17", 0 0, L_0x5afa84310720;  1 drivers
v0x5afa843093a0_0 .net *"_ivl_18", 0 0, L_0x5afa843107c0;  1 drivers
v0x5afa84309480_0 .net *"_ivl_21", 0 0, L_0x5afa84310880;  1 drivers
v0x5afa843095b0_0 .net *"_ivl_22", 0 0, L_0x5afa843109e0;  1 drivers
v0x5afa84309690_0 .net *"_ivl_24", 0 0, L_0x5afa84310aa0;  1 drivers
v0x5afa84309770_0 .net *"_ivl_29", 0 0, L_0x5afa84310bb0;  1 drivers
v0x5afa84309850_0 .net *"_ivl_3", 0 0, L_0x5afa84310290;  1 drivers
v0x5afa84309930_0 .net *"_ivl_31", 0 0, L_0x5afa84310c50;  1 drivers
v0x5afa84309a10_0 .net *"_ivl_32", 0 0, L_0x5afa84310d30;  1 drivers
v0x5afa84309af0_0 .net *"_ivl_34", 0 0, L_0x5afa84310e40;  1 drivers
v0x5afa84309bd0_0 .net *"_ivl_36", 0 0, L_0x5afa84310f50;  1 drivers
v0x5afa84309cb0_0 .net *"_ivl_4", 0 0, L_0x5afa84310330;  1 drivers
v0x5afa84309d90_0 .net *"_ivl_42", 0 0, L_0x5afa843111b0;  1 drivers
v0x5afa84309e70_0 .net *"_ivl_44", 0 0, L_0x5afa843112a0;  1 drivers
v0x5afa84309f50_0 .net *"_ivl_45", 0 0, L_0x5afa84311450;  1 drivers
v0x5afa8430a140_0 .net *"_ivl_47", 0 0, L_0x5afa84311560;  1 drivers
v0x5afa8430a220_0 .net *"_ivl_7", 0 0, L_0x5afa843103a0;  1 drivers
v0x5afa8430a300_0 .net *"_ivl_8", 0 0, L_0x5afa84310490;  1 drivers
v0x5afa8430a3e0_0 .net "en", 0 0, L_0x5afa843116e0;  1 drivers
v0x5afa8430a4a0_0 .net "i", 1 0, L_0x5afa843117d0;  1 drivers
v0x5afa8430a580_0 .net "y", 3 0, L_0x5afa84311070;  1 drivers
L_0x5afa84310290 .part L_0x5afa843117d0, 1, 1;
L_0x5afa843103a0 .part L_0x5afa843117d0, 0, 1;
L_0x5afa84310720 .part L_0x5afa843117d0, 1, 1;
L_0x5afa84310880 .part L_0x5afa843117d0, 0, 1;
L_0x5afa84310bb0 .part L_0x5afa843117d0, 1, 1;
L_0x5afa84310c50 .part L_0x5afa843117d0, 0, 1;
L_0x5afa84311070 .concat8 [ 1 1 1 1], L_0x5afa84311560, L_0x5afa84310f50, L_0x5afa84310aa0, L_0x5afa84310660;
L_0x5afa843111b0 .part L_0x5afa843117d0, 1, 1;
L_0x5afa843112a0 .part L_0x5afa843117d0, 0, 1;
    .scope S_0x5afa842ceca0;
T_0 ;
    %fork t_1, S_0x5afa842cee30;
    %jmp t_0;
    .scope S_0x5afa842cee30;
t_1 ;
    %pushi/vec4 0, 0, 32;
    %store/vec4 v0x5afa842c8f80_0, 0, 32;
T_0.0 ;
    %load/vec4 v0x5afa842c8f80_0;
    %cmpi/s 15, 0, 32;
    %flag_or 5, 4;
    %jmp/0xz T_0.1, 5;
    %delay 5, 0;
    %load/vec4 v0x5afa842c8f80_0;
    %pad/s 4;
    %store/vec4 v0x5afa8430a980_0, 0, 4;
    %load/vec4 v0x5afa842c8f80_0;
    %addi 1, 0, 32;
    %store/vec4 v0x5afa842c8f80_0, 0, 32;
    %jmp T_0.0;
T_0.1 ;
    %end;
    .scope S_0x5afa842ceca0;
t_0 %join;
    %end;
    .thread T_0;
    .scope S_0x5afa842ceca0;
T_1 ;
    %vpi_call 2 26 "$monitor", "i=%b  :: y=%b", v0x5afa8430a980_0, v0x5afa8430aa40_0 {0 0 0};
    %end;
    .thread T_1;
# The file index is used to find the file name in the following table.
:file_names 4;
    "N/A";
    "<interactive>";
    "dec4x16.v";
    "./dec2x4.v";
