#! /usr/bin/vvp
:ivl_version "12.0 (stable)";
:ivl_delay_selection "TYPICAL";
:vpi_time_precision + 0;
:vpi_module "/usr/lib/x86_64-linux-gnu/ivl/system.vpi";
:vpi_module "/usr/lib/x86_64-linux-gnu/ivl/vhdl_sys.vpi";
:vpi_module "/usr/lib/x86_64-linux-gnu/ivl/vhdl_textio.vpi";
:vpi_module "/usr/lib/x86_64-linux-gnu/ivl/v2005_math.vpi";
:vpi_module "/usr/lib/x86_64-linux-gnu/ivl/va_math.vpi";
S_0x596f75cb0490 .scope module, "logical" "logical" 2 2;
 .timescale 0 0;
v0x596f75cb0620_0 .var "a", 3 0;
v0x596f75cf8f40_0 .var "b", 3 0;
    .scope S_0x596f75cb0490;
T_0 ;
    %pushi/vec4 5, 0, 4;
    %store/vec4 v0x596f75cb0620_0, 0, 4;
    %pushi/vec4 0, 0, 4;
    %store/vec4 v0x596f75cf8f40_0, 0, 4;
    %end;
    .thread T_0;
    .scope S_0x596f75cb0490;
T_1 ;
    %load/vec4 v0x596f75cb0620_0;
    %cmpi/ne 0, 0, 4;
    %flag_get/vec4 4;
    %jmp/0 T_1.0, 4;
    %load/vec4 v0x596f75cf8f40_0;
    %pushi/vec4 0, 0, 4;
    %cmp/ne;
    %flag_get/vec4 4;
    %and;
T_1.0;
    %vpi_call 2 6 "$display", "The logical and of a = %b   b = %b   ::   y =%b ", v0x596f75cb0620_0, v0x596f75cf8f40_0, S<0,vec4,u1> {1 0 0};
    %load/vec4 v0x596f75cb0620_0;
    %cmpi/ne 0, 0, 4;
    %flag_get/vec4 4;
    %jmp/1 T_1.1, 4;
    %load/vec4 v0x596f75cf8f40_0;
    %pushi/vec4 0, 0, 4;
    %cmp/ne;
    %flag_get/vec4 4;
    %or;
T_1.1;
    %vpi_call 2 7 "$display", "The logical or of a = %b   b = %b    ::   y =%b ", v0x596f75cb0620_0, v0x596f75cf8f40_0, S<0,vec4,u1> {1 0 0};
    %load/vec4 v0x596f75cb0620_0;
    %nor/r;
    %vpi_call 2 8 "$display", "The logical not of a = %b              ::   y =%b ", v0x596f75cb0620_0, S<0,vec4,u1> {1 0 0};
    %end;
    .thread T_1;
# The file index is used to find the file name in the following table.
:file_names 3;
    "N/A";
    "<interactive>";
    "logical.v";
