#! /usr/bin/vvp
:ivl_version "12.0 (stable)";
:ivl_delay_selection "TYPICAL";
:vpi_time_precision + 0;
:vpi_module "/usr/lib/x86_64-linux-gnu/ivl/system.vpi";
:vpi_module "/usr/lib/x86_64-linux-gnu/ivl/vhdl_sys.vpi";
:vpi_module "/usr/lib/x86_64-linux-gnu/ivl/vhdl_textio.vpi";
:vpi_module "/usr/lib/x86_64-linux-gnu/ivl/v2005_math.vpi";
:vpi_module "/usr/lib/x86_64-linux-gnu/ivl/va_math.vpi";
S_0x5d16a3b935c0 .scope module, "tb" "tb" 2 1;
 .timescale 0 0;
S_0x5d16a3b93750 .scope begin, "$ivl_for_loop0" "$ivl_for_loop0" 2 3, 2 3 0, S_0x5d16a3b935c0;
 .timescale 0 0;
v0x5d16a3bdc070_0 .var/i "a", 31 0;
S_0x5d16a3bb9920 .scope begin, "$ivl_for_loop1" "$ivl_for_loop1" 2 4, 2 4 0, S_0x5d16a3b93750;
 .timescale 0 0;
v0x5d16a3bb9b20_0 .var/i "b", 31 0;
    .scope S_0x5d16a3b935c0;
T_0 ;
    %fork t_1, S_0x5d16a3b93750;
    %jmp t_0;
    .scope S_0x5d16a3b93750;
t_1 ;
    %pushi/vec4 0, 0, 32;
    %store/vec4 v0x5d16a3bdc070_0, 0, 32;
T_0.0 ;
    %load/vec4 v0x5d16a3bdc070_0;
    %cmpi/s 8, 0, 32;
    %jmp/0xz T_0.1, 5;
    %fork t_3, S_0x5d16a3bb9920;
    %jmp t_2;
    .scope S_0x5d16a3bb9920;
t_3 ;
    %pushi/vec4 0, 0, 32;
    %store/vec4 v0x5d16a3bb9b20_0, 0, 32;
T_0.2 ;
    %load/vec4 v0x5d16a3bb9b20_0;
    %load/vec4 v0x5d16a3bdc070_0;
    %cmp/s;
    %jmp/0xz T_0.3, 5;
    %vpi_call 2 5 "$write", "*" {0 0 0};
    %load/vec4 v0x5d16a3bb9b20_0;
    %addi 1, 0, 32;
    %store/vec4 v0x5d16a3bb9b20_0, 0, 32;
    %jmp T_0.2;
T_0.3 ;
    %end;
    .scope S_0x5d16a3b93750;
t_2 %join;
    %vpi_call 2 7 "$write", "\012" {0 0 0};
    %load/vec4 v0x5d16a3bdc070_0;
    %addi 1, 0, 32;
    %store/vec4 v0x5d16a3bdc070_0, 0, 32;
    %jmp T_0.0;
T_0.1 ;
    %end;
    .scope S_0x5d16a3b935c0;
t_0 %join;
    %end;
    .thread T_0;
# The file index is used to find the file name in the following table.
:file_names 3;
    "N/A";
    "<interactive>";
    "testbench.v";
