#! /usr/bin/vvp
:ivl_version "12.0 (stable)";
:ivl_delay_selection "TYPICAL";
:vpi_time_precision + 0;
:vpi_module "/usr/lib/x86_64-linux-gnu/ivl/system.vpi";
:vpi_module "/usr/lib/x86_64-linux-gnu/ivl/vhdl_sys.vpi";
:vpi_module "/usr/lib/x86_64-linux-gnu/ivl/vhdl_textio.vpi";
:vpi_module "/usr/lib/x86_64-linux-gnu/ivl/v2005_math.vpi";
:vpi_module "/usr/lib/x86_64-linux-gnu/ivl/va_math.vpi";
S_0x5fea2581fe90 .scope module, "tb" "tb" 2 5;
 .timescale 0 0;
v0x5fea25837760_0 .var "clk", 0 0;
v0x5fea25837820_0 .var "control", 1 0;
v0x5fea258378f0_0 .var "data_in", 3 0;
v0x5fea258379f0_0 .net "q", 3 0, L_0x5fea2580c0e0;  1 drivers
v0x5fea25837ac0_0 .var "rst", 0 0;
v0x5fea25837bb0_0 .var "si_left", 0 0;
v0x5fea25837c80_0 .var "si_right", 0 0;
S_0x5fea25820020 .scope module, "dut" "universal_shift_registor" 2 15, 3 3 0, S_0x5fea2581fe90;
 .timescale 0 0;
    .port_info 0 /INPUT 1 "clk";
    .port_info 1 /INPUT 1 "rst";
    .port_info 2 /INPUT 2 "control";
    .port_info 3 /INPUT 4 "data_in";
    .port_info 4 /INPUT 1 "si_left";
    .port_info 5 /INPUT 1 "si_right";
    .port_info 6 /OUTPUT 4 "q";
L_0x5fea2580c0e0 .functor BUFZ 4, v0x5fea258375a0_0, C4<0000>, C4<0000>, C4<0000>;
v0x5fea25820260_0 .net "clk", 0 0, v0x5fea25837760_0;  1 drivers
v0x5fea25837090_0 .net "control", 1 0, v0x5fea25837820_0;  1 drivers
v0x5fea25837170_0 .net "data_in", 3 0, v0x5fea258378f0_0;  1 drivers
v0x5fea25837230_0 .net "q", 3 0, L_0x5fea2580c0e0;  alias, 1 drivers
v0x5fea25837310_0 .net "rst", 0 0, v0x5fea25837ac0_0;  1 drivers
v0x5fea25837420_0 .net "si_left", 0 0, v0x5fea25837bb0_0;  1 drivers
v0x5fea258374e0_0 .net "si_right", 0 0, v0x5fea25837c80_0;  1 drivers
v0x5fea258375a0_0 .var "temp", 3 0;
E_0x5fea25820fe0 .event posedge, v0x5fea25820260_0;
    .scope S_0x5fea25820020;
T_0 ;
    %wait E_0x5fea25820fe0;
    %load/vec4 v0x5fea25837310_0;
    %flag_set/vec4 8;
    %jmp/0xz  T_0.0, 8;
    %pushi/vec4 0, 0, 4;
    %assign/vec4 v0x5fea258375a0_0, 0;
    %jmp T_0.1;
T_0.0 ;
    %load/vec4 v0x5fea25837090_0;
    %dup/vec4;
    %pushi/vec4 0, 0, 2;
    %cmp/u;
    %jmp/1 T_0.2, 6;
    %dup/vec4;
    %pushi/vec4 1, 0, 2;
    %cmp/u;
    %jmp/1 T_0.3, 6;
    %dup/vec4;
    %pushi/vec4 2, 0, 2;
    %cmp/u;
    %jmp/1 T_0.4, 6;
    %dup/vec4;
    %pushi/vec4 3, 0, 2;
    %cmp/u;
    %jmp/1 T_0.5, 6;
    %jmp T_0.6;
T_0.2 ;
    %load/vec4 v0x5fea258375a0_0;
    %assign/vec4 v0x5fea258375a0_0, 0;
    %jmp T_0.6;
T_0.3 ;
    %load/vec4 v0x5fea25837420_0;
    %load/vec4 v0x5fea258375a0_0;
    %parti/s 3, 1, 2;
    %concat/vec4; draw_concat_vec4
    %assign/vec4 v0x5fea258375a0_0, 0;
    %jmp T_0.6;
T_0.4 ;
    %load/vec4 v0x5fea258375a0_0;
    %parti/s 3, 0, 2;
    %load/vec4 v0x5fea258374e0_0;
    %concat/vec4; draw_concat_vec4
    %assign/vec4 v0x5fea258375a0_0, 0;
    %jmp T_0.6;
T_0.5 ;
    %load/vec4 v0x5fea25837170_0;
    %assign/vec4 v0x5fea258375a0_0, 0;
    %jmp T_0.6;
T_0.6 ;
    %pop/vec4 1;
T_0.1 ;
    %jmp T_0;
    .thread T_0;
    .scope S_0x5fea2581fe90;
T_1 ;
    %vpi_call 2 24 "$monitor", "time=%4t | rst = %2b control = %2b | si left = %2b  | si right = %2b | temp = %2b ::  q=%2b ", $time, v0x5fea25837ac0_0, v0x5fea25837820_0, v0x5fea25837bb0_0, v0x5fea25837c80_0, v0x5fea258375a0_0, v0x5fea258379f0_0 {0 0 0};
    %pushi/vec4 0, 0, 1;
    %store/vec4 v0x5fea25837760_0, 0, 1;
    %pushi/vec4 1, 0, 1;
    %store/vec4 v0x5fea25837ac0_0, 0, 1;
    %pushi/vec4 0, 0, 2;
    %store/vec4 v0x5fea25837820_0, 0, 2;
    %pushi/vec4 10, 0, 4;
    %store/vec4 v0x5fea258378f0_0, 0, 4;
    %pushi/vec4 0, 0, 1;
    %store/vec4 v0x5fea25837bb0_0, 0, 1;
    %pushi/vec4 1, 0, 1;
    %store/vec4 v0x5fea25837c80_0, 0, 1;
    %delay 12, 0;
    %pushi/vec4 0, 0, 1;
    %store/vec4 v0x5fea25837ac0_0, 0, 1;
    %pushi/vec4 3, 0, 2;
    %store/vec4 v0x5fea25837820_0, 0, 2;
    %delay 10, 0;
    %pushi/vec4 1, 0, 2;
    %store/vec4 v0x5fea25837820_0, 0, 2;
    %pushi/vec4 1, 0, 1;
    %store/vec4 v0x5fea25837c80_0, 0, 1;
    %delay 10, 0;
    %pushi/vec4 2, 0, 2;
    %store/vec4 v0x5fea25837820_0, 0, 2;
    %pushi/vec4 1, 0, 1;
    %store/vec4 v0x5fea25837bb0_0, 0, 1;
    %delay 20, 0;
    %vpi_call 2 37 "$finish" {0 0 0};
    %end;
    .thread T_1;
    .scope S_0x5fea2581fe90;
T_2 ;
    %delay 5, 0;
    %load/vec4 v0x5fea25837760_0;
    %inv;
    %store/vec4 v0x5fea25837760_0, 0, 1;
    %jmp T_2;
    .thread T_2;
    .scope S_0x5fea2581fe90;
T_3 ;
    %vpi_call 2 41 "$dumpfile", "dump.vcd" {0 0 0};
    %vpi_call 2 42 "$dumpvars", 32'sb00000000000000000000000000000000, S_0x5fea2581fe90 {0 0 0};
    %end;
    .thread T_3;
# The file index is used to find the file name in the following table.
:file_names 4;
    "N/A";
    "<interactive>";
    "testbench.v";
    "./design.v";
