#! /usr/bin/vvp
:ivl_version "12.0 (stable)";
:ivl_delay_selection "TYPICAL";
:vpi_time_precision + 0;
:vpi_module "/usr/lib/x86_64-linux-gnu/ivl/system.vpi";
:vpi_module "/usr/lib/x86_64-linux-gnu/ivl/vhdl_sys.vpi";
:vpi_module "/usr/lib/x86_64-linux-gnu/ivl/vhdl_textio.vpi";
:vpi_module "/usr/lib/x86_64-linux-gnu/ivl/v2005_math.vpi";
:vpi_module "/usr/lib/x86_64-linux-gnu/ivl/va_math.vpi";
S_0x5b033cf08ef0 .scope module, "tb" "tb" 2 15;
 .timescale 0 0;
v0x5b033cf2c410_0 .var "i", 15 0;
v0x5b033cf2c4d0_0 .var "s", 3 0;
v0x5b033cf2c570_0 .net "y", 0 0, L_0x5b033cf2e820;  1 drivers
S_0x5b033cf09080 .scope begin, "$ivl_for_loop0" "$ivl_for_loop0" 2 22, 2 22 0, S_0x5b033cf08ef0;
 .timescale 0 0;
v0x5b033cf09260_0 .var/i "j", 31 0;
S_0x5b033cf294e0 .scope module, "dut" "mux10" 2 19, 2 3 0, S_0x5b033cf08ef0;
 .timescale 0 0;
    .port_info 0 /INPUT 16 "i";
    .port_info 1 /INPUT 4 "s";
    .port_info 2 /OUTPUT 1 "y";
v0x5b033cf2bed0_0 .net *"_ivl_14", 0 0, L_0x5b033cf2e9c0;  1 drivers
v0x5b033cf2bfb0_0 .net *"_ivl_16", 0 0, L_0x5b033cf2eaf0;  1 drivers
v0x5b033cf2c090_0 .net "i", 15 0, v0x5b033cf2c410_0;  1 drivers
v0x5b033cf2c150_0 .net "s", 3 0, v0x5b033cf2c4d0_0;  1 drivers
v0x5b033cf2c230_0 .net "w", 1 0, L_0x5b033cf2de80;  1 drivers
v0x5b033cf2c310_0 .net "y", 0 0, L_0x5b033cf2e820;  alias, 1 drivers
L_0x5b033cf2d150 .part v0x5b033cf2c410_0, 0, 4;
L_0x5b033cf2d240 .part v0x5b033cf2c4d0_0, 0, 2;
L_0x5b033cf2dd10 .part v0x5b033cf2c410_0, 4, 4;
L_0x5b033cf2ddb0 .part v0x5b033cf2c4d0_0, 0, 2;
L_0x5b033cf2de80 .concat8 [ 1 1 0 0], L_0x5b033cf2cfb0, L_0x5b033cf2db70;
L_0x5b033cf2e9c0 .part v0x5b033cf2c410_0, 9, 1;
L_0x5b033cf2eaf0 .part v0x5b033cf2c410_0, 8, 1;
L_0x5b033cf2eb90 .concat [ 2 1 1 0], L_0x5b033cf2de80, L_0x5b033cf2eaf0, L_0x5b033cf2e9c0;
L_0x5b033cf2ed20 .part v0x5b033cf2c4d0_0, 2, 2;
S_0x5b033cf29730 .scope module, "m1" "mux" 2 8, 3 2 0, S_0x5b033cf294e0;
 .timescale 0 0;
    .port_info 0 /INPUT 4 "i";
    .port_info 1 /INPUT 2 "s";
    .port_info 2 /OUTPUT 1 "y";
v0x5b033cf299a0_0 .net *"_ivl_1", 0 0, L_0x5b033cf2c660;  1 drivers
v0x5b033cf29aa0_0 .net *"_ivl_11", 0 0, L_0x5b033cf2cc00;  1 drivers
v0x5b033cf29b80_0 .net *"_ivl_13", 0 0, L_0x5b033cf2cce0;  1 drivers
v0x5b033cf29c40_0 .net *"_ivl_15", 0 0, L_0x5b033cf2cd80;  1 drivers
v0x5b033cf29d20_0 .net *"_ivl_16", 0 0, L_0x5b033cf2ce70;  1 drivers
v0x5b033cf29e50_0 .net *"_ivl_3", 0 0, L_0x5b033cf2c730;  1 drivers
v0x5b033cf29f30_0 .net *"_ivl_5", 0 0, L_0x5b033cf2c850;  1 drivers
v0x5b033cf2a010_0 .net *"_ivl_7", 0 0, L_0x5b033cf2c920;  1 drivers
v0x5b033cf2a0f0_0 .net *"_ivl_8", 0 0, L_0x5b033cf2ca70;  1 drivers
v0x5b033cf2a1d0_0 .net "i", 3 0, L_0x5b033cf2d150;  1 drivers
v0x5b033cf2a2b0_0 .net "s", 1 0, L_0x5b033cf2d240;  1 drivers
v0x5b033cf2a390_0 .net "y", 0 0, L_0x5b033cf2cfb0;  1 drivers
L_0x5b033cf2c660 .part L_0x5b033cf2d240, 1, 1;
L_0x5b033cf2c730 .part L_0x5b033cf2d240, 0, 1;
L_0x5b033cf2c850 .part L_0x5b033cf2d150, 3, 1;
L_0x5b033cf2c920 .part L_0x5b033cf2d150, 2, 1;
L_0x5b033cf2ca70 .functor MUXZ 1, L_0x5b033cf2c920, L_0x5b033cf2c850, L_0x5b033cf2c730, C4<>;
L_0x5b033cf2cc00 .part L_0x5b033cf2d240, 0, 1;
L_0x5b033cf2cce0 .part L_0x5b033cf2d150, 1, 1;
L_0x5b033cf2cd80 .part L_0x5b033cf2d150, 0, 1;
L_0x5b033cf2ce70 .functor MUXZ 1, L_0x5b033cf2cd80, L_0x5b033cf2cce0, L_0x5b033cf2cc00, C4<>;
L_0x5b033cf2cfb0 .functor MUXZ 1, L_0x5b033cf2ce70, L_0x5b033cf2ca70, L_0x5b033cf2c660, C4<>;
S_0x5b033cf2a4d0 .scope module, "m2" "mux" 2 9, 3 2 0, S_0x5b033cf294e0;
 .timescale 0 0;
    .port_info 0 /INPUT 4 "i";
    .port_info 1 /INPUT 2 "s";
    .port_info 2 /OUTPUT 1 "y";
v0x5b033cf2a6b0_0 .net *"_ivl_1", 0 0, L_0x5b033cf2d2e0;  1 drivers
v0x5b033cf2a7b0_0 .net *"_ivl_11", 0 0, L_0x5b033cf2d7c0;  1 drivers
v0x5b033cf2a890_0 .net *"_ivl_13", 0 0, L_0x5b033cf2d8a0;  1 drivers
v0x5b033cf2a950_0 .net *"_ivl_15", 0 0, L_0x5b033cf2d940;  1 drivers
v0x5b033cf2aa30_0 .net *"_ivl_16", 0 0, L_0x5b033cf2da30;  1 drivers
v0x5b033cf2ab60_0 .net *"_ivl_3", 0 0, L_0x5b033cf2d380;  1 drivers
v0x5b033cf2ac40_0 .net *"_ivl_5", 0 0, L_0x5b033cf2d470;  1 drivers
v0x5b033cf2ad20_0 .net *"_ivl_7", 0 0, L_0x5b033cf2d510;  1 drivers
v0x5b033cf2ae00_0 .net *"_ivl_8", 0 0, L_0x5b033cf2d630;  1 drivers
v0x5b033cf2aee0_0 .net "i", 3 0, L_0x5b033cf2dd10;  1 drivers
v0x5b033cf2afc0_0 .net "s", 1 0, L_0x5b033cf2ddb0;  1 drivers
v0x5b033cf2b0a0_0 .net "y", 0 0, L_0x5b033cf2db70;  1 drivers
L_0x5b033cf2d2e0 .part L_0x5b033cf2ddb0, 1, 1;
L_0x5b033cf2d380 .part L_0x5b033cf2ddb0, 0, 1;
L_0x5b033cf2d470 .part L_0x5b033cf2dd10, 3, 1;
L_0x5b033cf2d510 .part L_0x5b033cf2dd10, 2, 1;
L_0x5b033cf2d630 .functor MUXZ 1, L_0x5b033cf2d510, L_0x5b033cf2d470, L_0x5b033cf2d380, C4<>;
L_0x5b033cf2d7c0 .part L_0x5b033cf2ddb0, 0, 1;
L_0x5b033cf2d8a0 .part L_0x5b033cf2dd10, 1, 1;
L_0x5b033cf2d940 .part L_0x5b033cf2dd10, 0, 1;
L_0x5b033cf2da30 .functor MUXZ 1, L_0x5b033cf2d940, L_0x5b033cf2d8a0, L_0x5b033cf2d7c0, C4<>;
L_0x5b033cf2db70 .functor MUXZ 1, L_0x5b033cf2da30, L_0x5b033cf2d630, L_0x5b033cf2d2e0, C4<>;
S_0x5b033cf2b1e0 .scope module, "m3" "mux" 2 10, 3 2 0, S_0x5b033cf294e0;
 .timescale 0 0;
    .port_info 0 /INPUT 4 "i";
    .port_info 1 /INPUT 2 "s";
    .port_info 2 /OUTPUT 1 "y";
v0x5b033cf2b3c0_0 .net *"_ivl_1", 0 0, L_0x5b033cf2df70;  1 drivers
v0x5b033cf2b4a0_0 .net *"_ivl_11", 0 0, L_0x5b033cf2e420;  1 drivers
v0x5b033cf2b580_0 .net *"_ivl_13", 0 0, L_0x5b033cf2e4c0;  1 drivers
v0x5b033cf2b640_0 .net *"_ivl_15", 0 0, L_0x5b033cf2e560;  1 drivers
v0x5b033cf2b720_0 .net *"_ivl_16", 0 0, L_0x5b033cf2e6e0;  1 drivers
v0x5b033cf2b850_0 .net *"_ivl_3", 0 0, L_0x5b033cf2e010;  1 drivers
v0x5b033cf2b930_0 .net *"_ivl_5", 0 0, L_0x5b033cf2e100;  1 drivers
v0x5b033cf2ba10_0 .net *"_ivl_7", 0 0, L_0x5b033cf2e1a0;  1 drivers
v0x5b033cf2baf0_0 .net *"_ivl_8", 0 0, L_0x5b033cf2e290;  1 drivers
v0x5b033cf2bbd0_0 .net "i", 3 0, L_0x5b033cf2eb90;  1 drivers
v0x5b033cf2bcb0_0 .net "s", 1 0, L_0x5b033cf2ed20;  1 drivers
v0x5b033cf2bd90_0 .net "y", 0 0, L_0x5b033cf2e820;  alias, 1 drivers
L_0x5b033cf2df70 .part L_0x5b033cf2ed20, 1, 1;
L_0x5b033cf2e010 .part L_0x5b033cf2ed20, 0, 1;
L_0x5b033cf2e100 .part L_0x5b033cf2eb90, 3, 1;
L_0x5b033cf2e1a0 .part L_0x5b033cf2eb90, 2, 1;
L_0x5b033cf2e290 .functor MUXZ 1, L_0x5b033cf2e1a0, L_0x5b033cf2e100, L_0x5b033cf2e010, C4<>;
L_0x5b033cf2e420 .part L_0x5b033cf2ed20, 0, 1;
L_0x5b033cf2e4c0 .part L_0x5b033cf2eb90, 1, 1;
L_0x5b033cf2e560 .part L_0x5b033cf2eb90, 0, 1;
L_0x5b033cf2e6e0 .functor MUXZ 1, L_0x5b033cf2e560, L_0x5b033cf2e4c0, L_0x5b033cf2e420, C4<>;
L_0x5b033cf2e820 .functor MUXZ 1, L_0x5b033cf2e6e0, L_0x5b033cf2e290, L_0x5b033cf2df70, C4<>;
    .scope S_0x5b033cf08ef0;
T_0 ;
    %pushi/vec4 43690, 0, 16;
    %store/vec4 v0x5b033cf2c410_0, 0, 16;
    %end;
    .thread T_0;
    .scope S_0x5b033cf08ef0;
T_1 ;
    %vpi_call 2 21 "$monitor", "i = %b  s = %b  ::  y=%b ", v0x5b033cf2c410_0, v0x5b033cf2c4d0_0, v0x5b033cf2c570_0 {0 0 0};
    %fork t_1, S_0x5b033cf09080;
    %jmp t_0;
    .scope S_0x5b033cf09080;
t_1 ;
    %pushi/vec4 0, 0, 32;
    %store/vec4 v0x5b033cf09260_0, 0, 32;
T_1.0 ;
    %load/vec4 v0x5b033cf09260_0;
    %cmpi/s 16, 0, 32;
    %jmp/0xz T_1.1, 5;
    %load/vec4 v0x5b033cf09260_0;
    %pad/s 4;
    %store/vec4 v0x5b033cf2c4d0_0, 0, 4;
    %delay 5, 0;
    %load/vec4 v0x5b033cf09260_0;
    %addi 1, 0, 32;
    %store/vec4 v0x5b033cf09260_0, 0, 32;
    %jmp T_1.0;
T_1.1 ;
    %end;
    .scope S_0x5b033cf08ef0;
t_0 %join;
    %end;
    .thread T_1;
# The file index is used to find the file name in the following table.
:file_names 4;
    "N/A";
    "<interactive>";
    "mux10.v";
    "./mux.v";
