#! /usr/bin/vvp
:ivl_version "12.0 (stable)";
:ivl_delay_selection "TYPICAL";
:vpi_time_precision + 0;
:vpi_module "/usr/lib/x86_64-linux-gnu/ivl/system.vpi";
:vpi_module "/usr/lib/x86_64-linux-gnu/ivl/vhdl_sys.vpi";
:vpi_module "/usr/lib/x86_64-linux-gnu/ivl/vhdl_textio.vpi";
:vpi_module "/usr/lib/x86_64-linux-gnu/ivl/v2005_math.vpi";
:vpi_module "/usr/lib/x86_64-linux-gnu/ivl/va_math.vpi";
S_0x55eff95e6f50 .scope module, "tb" "tb" 2 24;
 .timescale 0 0;
v0x55eff95fc8f0_0 .var "clk", 0 0;
v0x55eff95fc9b0_0 .var "j", 0 0;
v0x55eff95fca80_0 .var "k", 0 0;
v0x55eff95fcb80_0 .net "q", 0 0, v0x55eff95fc5c0_0;  1 drivers
v0x55eff95fcc50_0 .var "rst", 0 0;
S_0x55eff95e70e0 .scope begin, "$ivl_for_loop0" "$ivl_for_loop0" 2 32, 2 32 0, S_0x55eff95e6f50;
 .timescale 0 0;
v0x55eff95e72c0_0 .var/i "i", 31 0;
S_0x55eff95fc150 .scope module, "dut" "latch" 2 27, 2 2 0, S_0x55eff95e6f50;
 .timescale 0 0;
    .port_info 0 /INPUT 1 "rst";
    .port_info 1 /INPUT 1 "clk";
    .port_info 2 /INPUT 1 "j";
    .port_info 3 /INPUT 1 "k";
    .port_info 4 /OUTPUT 1 "q";
v0x55eff95fc380_0 .net "clk", 0 0, v0x55eff95fc8f0_0;  1 drivers
v0x55eff95fc460_0 .net "j", 0 0, v0x55eff95fc9b0_0;  1 drivers
v0x55eff95fc520_0 .net "k", 0 0, v0x55eff95fca80_0;  1 drivers
v0x55eff95fc5c0_0 .var "q", 0 0;
v0x55eff95fc680_0 .net "rst", 0 0, v0x55eff95fcc50_0;  1 drivers
v0x55eff95fc790_0 .var "temp", 0 0;
E_0x55eff95e53c0 .event anyedge, v0x55eff95fc520_0, v0x55eff95fc460_0, v0x55eff95fc380_0, v0x55eff95fc680_0;
    .scope S_0x55eff95fc150;
T_0 ;
    %wait E_0x55eff95e53c0;
    %load/vec4 v0x55eff95fc380_0;
    %flag_set/vec4 8;
    %jmp/0xz  T_0.0, 8;
    %load/vec4 v0x55eff95fc680_0;
    %flag_set/vec4 8;
    %jmp/0xz  T_0.2, 8;
    %pushi/vec4 0, 0, 1;
    %store/vec4 v0x55eff95fc790_0, 0, 1;
    %jmp T_0.3;
T_0.2 ;
    %load/vec4 v0x55eff95fc460_0;
    %load/vec4 v0x55eff95fc520_0;
    %concat/vec4; draw_concat_vec4
    %dup/vec4;
    %pushi/vec4 0, 0, 2;
    %cmp/u;
    %jmp/1 T_0.4, 6;
    %dup/vec4;
    %pushi/vec4 1, 0, 2;
    %cmp/u;
    %jmp/1 T_0.5, 6;
    %dup/vec4;
    %pushi/vec4 2, 0, 2;
    %cmp/u;
    %jmp/1 T_0.6, 6;
    %dup/vec4;
    %pushi/vec4 3, 0, 2;
    %cmp/u;
    %jmp/1 T_0.7, 6;
    %jmp T_0.8;
T_0.4 ;
    %load/vec4 v0x55eff95fc790_0;
    %store/vec4 v0x55eff95fc790_0, 0, 1;
    %jmp T_0.8;
T_0.5 ;
    %pushi/vec4 0, 0, 1;
    %store/vec4 v0x55eff95fc790_0, 0, 1;
    %jmp T_0.8;
T_0.6 ;
    %pushi/vec4 1, 0, 1;
    %store/vec4 v0x55eff95fc790_0, 0, 1;
    %jmp T_0.8;
T_0.7 ;
    %load/vec4 v0x55eff95fc790_0;
    %inv;
    %store/vec4 v0x55eff95fc790_0, 0, 1;
    %jmp T_0.8;
T_0.8 ;
    %pop/vec4 1;
T_0.3 ;
T_0.0 ;
    %load/vec4 v0x55eff95fc790_0;
    %store/vec4 v0x55eff95fc5c0_0, 0, 1;
    %jmp T_0;
    .thread T_0, $push;
    .scope S_0x55eff95e6f50;
T_1 ;
    %delay 5, 0;
    %load/vec4 v0x55eff95fc8f0_0;
    %inv;
    %store/vec4 v0x55eff95fc8f0_0, 0, 1;
    %jmp T_1;
    .thread T_1;
    .scope S_0x55eff95e6f50;
T_2 ;
    %vpi_call 2 30 "$monitor", "rst=%b  clk =%b  ::  j=%b   k=%b  :: q=%b", v0x55eff95fcc50_0, v0x55eff95fc8f0_0, v0x55eff95fc9b0_0, v0x55eff95fca80_0, v0x55eff95fcb80_0 {0 0 0};
    %pushi/vec4 0, 0, 1;
    %store/vec4 v0x55eff95fc8f0_0, 0, 1;
    %fork t_1, S_0x55eff95e70e0;
    %jmp t_0;
    .scope S_0x55eff95e70e0;
t_1 ;
    %pushi/vec4 0, 0, 32;
    %store/vec4 v0x55eff95e72c0_0, 0, 32;
T_2.0 ;
    %load/vec4 v0x55eff95e72c0_0;
    %cmpi/s 8, 0, 32;
    %jmp/0xz T_2.1, 5;
    %pushi/vec4 1, 0, 1;
    %store/vec4 v0x55eff95fcc50_0, 0, 1;
    %delay 5, 0;
    %pushi/vec4 0, 0, 1;
    %store/vec4 v0x55eff95fcc50_0, 0, 1;
    %load/vec4 v0x55eff95e72c0_0;
    %pad/s 2;
    %split/vec4 1;
    %store/vec4 v0x55eff95fca80_0, 0, 1;
    %store/vec4 v0x55eff95fc9b0_0, 0, 1;
    %delay 5, 0;
    %load/vec4 v0x55eff95e72c0_0;
    %addi 1, 0, 32;
    %store/vec4 v0x55eff95e72c0_0, 0, 32;
    %jmp T_2.0;
T_2.1 ;
    %end;
    .scope S_0x55eff95e6f50;
t_0 %join;
    %delay 300, 0;
    %vpi_call 2 36 "$finish" {0 0 0};
    %end;
    .thread T_2;
    .scope S_0x55eff95e6f50;
T_3 ;
    %vpi_call 2 39 "$dumpfile", "dump.vcd" {0 0 0};
    %vpi_call 2 40 "$dumpvars", 32'sb00000000000000000000000000000000, S_0x55eff95e6f50 {0 0 0};
    %end;
    .thread T_3;
# The file index is used to find the file name in the following table.
:file_names 3;
    "N/A";
    "<interactive>";
    "jk.v";
