#! /usr/bin/vvp
:ivl_version "12.0 (stable)";
:ivl_delay_selection "TYPICAL";
:vpi_time_precision + 0;
:vpi_module "/usr/lib/x86_64-linux-gnu/ivl/system.vpi";
:vpi_module "/usr/lib/x86_64-linux-gnu/ivl/vhdl_sys.vpi";
:vpi_module "/usr/lib/x86_64-linux-gnu/ivl/vhdl_textio.vpi";
:vpi_module "/usr/lib/x86_64-linux-gnu/ivl/v2005_math.vpi";
:vpi_module "/usr/lib/x86_64-linux-gnu/ivl/va_math.vpi";
S_0x562b2d49f450 .scope module, "Tlatch_tb" "Tlatch_tb" 2 20;
 .timescale 0 0;
v0x562b2d4b4760_0 .net "Q", 0 0, v0x562b2d465490_0;  1 drivers
v0x562b2d4b4820_0 .var "T", 0 0;
v0x562b2d4b48f0_0 .var "clk", 0 0;
v0x562b2d4b49f0_0 .var "reset", 0 0;
S_0x562b2d49f5e0 .scope module, "dut" "Tlatch" 2 23, 2 1 0, S_0x562b2d49f450;
 .timescale 0 0;
    .port_info 0 /INPUT 1 "T";
    .port_info 1 /INPUT 1 "clk";
    .port_info 2 /INPUT 1 "reset";
    .port_info 3 /OUTPUT 1 "Q";
v0x562b2d465490_0 .var "Q", 0 0;
v0x562b2d4b4380_0 .net "T", 0 0, v0x562b2d4b4820_0;  1 drivers
v0x562b2d4b4440_0 .net "clk", 0 0, v0x562b2d4b48f0_0;  1 drivers
v0x562b2d4b4510_0 .net "reset", 0 0, v0x562b2d4b49f0_0;  1 drivers
v0x562b2d4b45d0_0 .var "temp", 0 0;
E_0x562b2d465dc0 .event anyedge, v0x562b2d4b4510_0, v0x562b2d4b4380_0, v0x562b2d4b4440_0;
    .scope S_0x562b2d49f5e0;
T_0 ;
    %wait E_0x562b2d465dc0;
    %load/vec4 v0x562b2d4b4440_0;
    %nor/r;
    %flag_set/vec4 8;
    %jmp/0xz  T_0.0, 8;
    %load/vec4 v0x562b2d4b4510_0;
    %flag_set/vec4 8;
    %jmp/0xz  T_0.2, 8;
    %pushi/vec4 0, 0, 1;
    %store/vec4 v0x562b2d4b45d0_0, 0, 1;
    %jmp T_0.3;
T_0.2 ;
    %load/vec4 v0x562b2d4b4380_0;
    %flag_set/vec4 8;
    %jmp/0xz  T_0.4, 8;
    %load/vec4 v0x562b2d4b45d0_0;
    %inv;
    %store/vec4 v0x562b2d4b45d0_0, 0, 1;
    %jmp T_0.5;
T_0.4 ;
    %load/vec4 v0x562b2d4b45d0_0;
    %store/vec4 v0x562b2d4b45d0_0, 0, 1;
T_0.5 ;
T_0.3 ;
T_0.0 ;
    %load/vec4 v0x562b2d4b45d0_0;
    %store/vec4 v0x562b2d465490_0, 0, 1;
    %jmp T_0;
    .thread T_0, $push;
    .scope S_0x562b2d49f450;
T_1 ;
    %pushi/vec4 1, 0, 1;
    %store/vec4 v0x562b2d4b48f0_0, 0, 1;
T_1.0 ;
    %delay 5, 0;
    %load/vec4 v0x562b2d4b48f0_0;
    %inv;
    %store/vec4 v0x562b2d4b48f0_0, 0, 1;
    %jmp T_1.0;
    %end;
    .thread T_1;
    .scope S_0x562b2d49f450;
T_2 ;
    %pushi/vec4 0, 0, 1;
    %store/vec4 v0x562b2d4b49f0_0, 0, 1;
    %pushi/vec4 0, 0, 1;
    %store/vec4 v0x562b2d4b4820_0, 0, 1;
    %delay 5, 0;
    %pushi/vec4 1, 0, 1;
    %store/vec4 v0x562b2d4b49f0_0, 0, 1;
    %pushi/vec4 1, 0, 1;
    %store/vec4 v0x562b2d4b4820_0, 0, 1;
    %delay 5, 0;
    %pushi/vec4 0, 0, 1;
    %store/vec4 v0x562b2d4b49f0_0, 0, 1;
    %pushi/vec4 0, 0, 1;
    %store/vec4 v0x562b2d4b4820_0, 0, 1;
    %delay 5, 0;
    %pushi/vec4 0, 0, 1;
    %store/vec4 v0x562b2d4b49f0_0, 0, 1;
    %pushi/vec4 1, 0, 1;
    %store/vec4 v0x562b2d4b4820_0, 0, 1;
    %delay 5, 0;
    %pushi/vec4 0, 0, 1;
    %store/vec4 v0x562b2d4b49f0_0, 0, 1;
    %pushi/vec4 1, 0, 1;
    %store/vec4 v0x562b2d4b4820_0, 0, 1;
    %delay 20, 0;
    %vpi_call 2 35 "$finish" {0 0 0};
    %end;
    .thread T_2;
    .scope S_0x562b2d49f450;
T_3 ;
    %vpi_call 2 38 "$monitor", "Sim time=%0t,T=%b,reset=%b,Q=%b", $realtime, v0x562b2d4b4820_0, v0x562b2d4b49f0_0, v0x562b2d4b4760_0 {0 0 0};
    %end;
    .thread T_3;
    .scope S_0x562b2d49f450;
T_4 ;
    %vpi_call 2 41 "$dumpfile", "dump.vcd" {0 0 0};
    %vpi_call 2 42 "$dumpvars", 32'sb00000000000000000000000000000000, S_0x562b2d49f450 {0 0 0};
    %end;
    .thread T_4;
# The file index is used to find the file name in the following table.
:file_names 3;
    "N/A";
    "<interactive>";
    "tff.v";
