#! /usr/bin/vvp
:ivl_version "12.0 (stable)";
:ivl_delay_selection "TYPICAL";
:vpi_time_precision + 0;
:vpi_module "/usr/lib/x86_64-linux-gnu/ivl/system.vpi";
:vpi_module "/usr/lib/x86_64-linux-gnu/ivl/vhdl_sys.vpi";
:vpi_module "/usr/lib/x86_64-linux-gnu/ivl/vhdl_textio.vpi";
:vpi_module "/usr/lib/x86_64-linux-gnu/ivl/v2005_math.vpi";
:vpi_module "/usr/lib/x86_64-linux-gnu/ivl/va_math.vpi";
S_0x5d0a3f078430 .scope module, "tb" "tb" 2 10;
 .timescale 0 0;
v0x5d0a3f08b340_0 .var "a", 63 0;
v0x5d0a3f08b420_0 .var "b", 63 0;
v0x5d0a3f08b500_0 .net "clk", 0 0, v0x5d0a3f065d70_0;  1 drivers
v0x5d0a3f08b5d0_0 .var "flag", 0 0;
v0x5d0a3f08b670_0 .var "tp", 63 0;
E_0x5d0a3f0792c0 .event posedge, v0x5d0a3f065d70_0;
S_0x5d0a3f0785c0 .scope module, "d1" "clock" 2 13, 2 1 0, S_0x5d0a3f078430;
 .timescale 0 0;
    .port_info 0 /OUTPUT 1 "clk";
v0x5d0a3f065d70_0 .var "clk", 0 0;
    .scope S_0x5d0a3f0785c0;
T_0 ;
    %delay 6, 0;
    %load/vec4 v0x5d0a3f065d70_0;
    %inv;
    %store/vec4 v0x5d0a3f065d70_0, 0, 1;
    %jmp T_0;
    .thread T_0;
    .scope S_0x5d0a3f0785c0;
T_1 ;
    %pushi/vec4 0, 0, 1;
    %store/vec4 v0x5d0a3f065d70_0, 0, 1;
    %delay 200, 0;
    %vpi_call 2 6 "$finish" {0 0 0};
    %end;
    .thread T_1;
    .scope S_0x5d0a3f078430;
T_2 ;
    %pushi/vec4 0, 0, 1;
    %store/vec4 v0x5d0a3f08b5d0_0, 0, 1;
    %end;
    .thread T_2;
    .scope S_0x5d0a3f078430;
T_3 ;
    %vpi_call 2 19 "$dumpfile", "dump.vcd" {0 0 0};
    %vpi_call 2 20 "$dumpvars", 32'sb00000000000000000000000000000000, v0x5d0a3f08b500_0 {0 0 0};
    %end;
    .thread T_3;
    .scope S_0x5d0a3f078430;
T_4 ;
    %wait E_0x5d0a3f0792c0;
    %load/vec4 v0x5d0a3f08b5d0_0;
    %nor/r;
    %flag_set/vec4 8;
    %jmp/0xz  T_4.0, 8;
    %vpi_func 2 25 "$time" 64 {0 0 0};
    %store/vec4 v0x5d0a3f08b340_0, 0, 64;
    %pushi/vec4 1, 0, 1;
    %store/vec4 v0x5d0a3f08b5d0_0, 0, 1;
T_4.0 ;
    %jmp T_4;
    .thread T_4;
    .scope S_0x5d0a3f078430;
T_5 ;
    %wait E_0x5d0a3f0792c0;
    %load/vec4 v0x5d0a3f08b5d0_0;
    %flag_set/vec4 8;
    %jmp/0xz  T_5.0, 8;
    %vpi_func 2 32 "$time" 64 {0 0 0};
    %store/vec4 v0x5d0a3f08b420_0, 0, 64;
    %load/vec4 v0x5d0a3f08b420_0;
    %load/vec4 v0x5d0a3f08b340_0;
    %sub;
    %store/vec4 v0x5d0a3f08b670_0, 0, 64;
    %vpi_call 2 34 "$display", "Time period is %0t", v0x5d0a3f08b670_0 {0 0 0};
    %vpi_call 2 35 "$finish" {0 0 0};
T_5.0 ;
    %jmp T_5;
    .thread T_5;
# The file index is used to find the file name in the following table.
:file_names 3;
    "N/A";
    "<interactive>";
    "testbench.v";
