#! /usr/bin/vvp
:ivl_version "12.0 (stable)";
:ivl_delay_selection "TYPICAL";
:vpi_time_precision + 0;
:vpi_module "/usr/lib/x86_64-linux-gnu/ivl/system.vpi";
:vpi_module "/usr/lib/x86_64-linux-gnu/ivl/vhdl_sys.vpi";
:vpi_module "/usr/lib/x86_64-linux-gnu/ivl/vhdl_textio.vpi";
:vpi_module "/usr/lib/x86_64-linux-gnu/ivl/v2005_math.vpi";
:vpi_module "/usr/lib/x86_64-linux-gnu/ivl/va_math.vpi";
S_0x5ff1c09a4bd0 .scope module, "tb" "tb" 2 19;
 .timescale 0 0;
v0x5ff1c097f5c0_0 .var/i "i", 31 0;
v0x5ff1c09c7d70_0 .var/i "is_prime", 31 0;
v0x5ff1c09c7e50_0 .var/i "num", 31 0;
    .scope S_0x5ff1c09a4bd0;
T_0 ;
    %pushi/vec4 12, 0, 32;
    %store/vec4 v0x5ff1c09c7e50_0, 0, 32;
    %pushi/vec4 1, 0, 32;
    %store/vec4 v0x5ff1c09c7d70_0, 0, 32;
    %pushi/vec4 2, 0, 32;
    %store/vec4 v0x5ff1c097f5c0_0, 0, 32;
T_0.0 ;
    %load/vec4 v0x5ff1c097f5c0_0;
    %load/vec4 v0x5ff1c09c7e50_0;
    %subi 1, 0, 32;
    %cmp/s;
    %flag_or 5, 4;
    %jmp/0xz T_0.1, 5;
    %load/vec4 v0x5ff1c09c7e50_0;
    %load/vec4 v0x5ff1c097f5c0_0;
    %mod/s;
    %cmpi/e 0, 0, 32;
    %jmp/0xz  T_0.2, 4;
    %pushi/vec4 0, 0, 32;
    %store/vec4 v0x5ff1c09c7d70_0, 0, 32;
T_0.2 ;
    %load/vec4 v0x5ff1c097f5c0_0;
    %addi 1, 0, 32;
    %store/vec4 v0x5ff1c097f5c0_0, 0, 32;
    %jmp T_0.0;
T_0.1 ;
    %load/vec4 v0x5ff1c09c7d70_0;
    %cmpi/e 1, 0, 32;
    %jmp/0xz  T_0.4, 4;
    %vpi_call 2 34 "$display", "Prime number" {0 0 0};
    %jmp T_0.5;
T_0.4 ;
    %vpi_call 2 36 "$display", "It is not prime" {0 0 0};
T_0.5 ;
    %end;
    .thread T_0;
# The file index is used to find the file name in the following table.
:file_names 3;
    "N/A";
    "<interactive>";
    "testbench.v";
