#! /usr/bin/vvp
:ivl_version "12.0 (stable)";
:ivl_delay_selection "TYPICAL";
:vpi_time_precision - 12;
:vpi_module "/usr/lib/x86_64-linux-gnu/ivl/system.vpi";
:vpi_module "/usr/lib/x86_64-linux-gnu/ivl/vhdl_sys.vpi";
:vpi_module "/usr/lib/x86_64-linux-gnu/ivl/vhdl_textio.vpi";
:vpi_module "/usr/lib/x86_64-linux-gnu/ivl/v2005_math.vpi";
:vpi_module "/usr/lib/x86_64-linux-gnu/ivl/va_math.vpi";
S_0x61b09c25b490 .scope module, "tb" "tb" 2 114;
 .timescale -9 -12;
v0x61b09c2be010_0 .var "clk", 0 0;
v0x61b09c2be0b0_0 .var "rst", 0 0;
S_0x61b09c25b620 .scope module, "uut" "pipeline_top" 2 119, 2 50 0, S_0x61b09c25b490;
 .timescale 0 0;
    .port_info 0 /INPUT 1 "clk";
    .port_info 1 /INPUT 1 "rst";
v0x61b09c2bd160_0 .var "EX_MEM_dest", 1 0;
v0x61b09c2bd260_0 .var "EX_MEM_result", 7 0;
v0x61b09c2bd340_0 .var "ID_EX_A", 7 0;
v0x61b09c2bd440_0 .var "ID_EX_B", 7 0;
v0x61b09c2bd510_0 .var "ID_EX_dest", 1 0;
v0x61b09c2bd5d0_0 .var "ID_EX_opcode", 3 0;
v0x61b09c2bd690_0 .var "IF_ID", 7 0;
v0x61b09c2bd750_0 .var "MEM_WB_data", 7 0;
v0x61b09c2bd840_0 .var "MEM_WB_dest", 1 0;
v0x61b09c2bd9a0_0 .var "MEM_WB_write_en", 0 0;
v0x61b09c2bda70_0 .net "alu_result", 7 0, v0x61b09c2bc2b0_0;  1 drivers
v0x61b09c2bdb40_0 .net "clk", 0 0, v0x61b09c2be010_0;  1 drivers
v0x61b09c2bdc10_0 .net "instr", 7 0, v0x61b09c29e810_0;  1 drivers
v0x61b09c2bdce0_0 .var "pc", 3 0;
v0x61b09c2bddb0_0 .net "reg_data1", 7 0, v0x61b09c2bc8c0_0;  1 drivers
v0x61b09c2bde80_0 .net "reg_data2", 7 0, v0x61b09c2bc9a0_0;  1 drivers
v0x61b09c2bdf50_0 .net "rst", 0 0, v0x61b09c2be0b0_0;  1 drivers
E_0x61b09c299b60 .event posedge, v0x61b09c2bdf50_0, v0x61b09c2bc7e0_0;
L_0x61b09c2be170 .part v0x61b09c2bd690_0, 2, 2;
L_0x61b09c2be270 .part v0x61b09c2bd690_0, 0, 2;
S_0x61b09c29b370 .scope module, "imem" "instruction_memory" 2 64, 2 1 0, S_0x61b09c25b620;
 .timescale 0 0;
    .port_info 0 /INPUT 4 "pc";
    .port_info 1 /OUTPUT 8 "instruction";
v0x61b09c29e810_0 .var "instruction", 7 0;
v0x61b09c2bb960 .array "mem", 15 0, 7 0;
v0x61b09c2bbc20_0 .net "pc", 3 0, v0x61b09c2bdce0_0;  1 drivers
v0x61b09c2bb960_0 .array/port v0x61b09c2bb960, 0;
v0x61b09c2bb960_1 .array/port v0x61b09c2bb960, 1;
v0x61b09c2bb960_2 .array/port v0x61b09c2bb960, 2;
E_0x61b09c29a430/0 .event anyedge, v0x61b09c2bbc20_0, v0x61b09c2bb960_0, v0x61b09c2bb960_1, v0x61b09c2bb960_2;
v0x61b09c2bb960_3 .array/port v0x61b09c2bb960, 3;
v0x61b09c2bb960_4 .array/port v0x61b09c2bb960, 4;
v0x61b09c2bb960_5 .array/port v0x61b09c2bb960, 5;
v0x61b09c2bb960_6 .array/port v0x61b09c2bb960, 6;
E_0x61b09c29a430/1 .event anyedge, v0x61b09c2bb960_3, v0x61b09c2bb960_4, v0x61b09c2bb960_5, v0x61b09c2bb960_6;
v0x61b09c2bb960_7 .array/port v0x61b09c2bb960, 7;
v0x61b09c2bb960_8 .array/port v0x61b09c2bb960, 8;
v0x61b09c2bb960_9 .array/port v0x61b09c2bb960, 9;
v0x61b09c2bb960_10 .array/port v0x61b09c2bb960, 10;
E_0x61b09c29a430/2 .event anyedge, v0x61b09c2bb960_7, v0x61b09c2bb960_8, v0x61b09c2bb960_9, v0x61b09c2bb960_10;
v0x61b09c2bb960_11 .array/port v0x61b09c2bb960, 11;
v0x61b09c2bb960_12 .array/port v0x61b09c2bb960, 12;
v0x61b09c2bb960_13 .array/port v0x61b09c2bb960, 13;
v0x61b09c2bb960_14 .array/port v0x61b09c2bb960, 14;
E_0x61b09c29a430/3 .event anyedge, v0x61b09c2bb960_11, v0x61b09c2bb960_12, v0x61b09c2bb960_13, v0x61b09c2bb960_14;
v0x61b09c2bb960_15 .array/port v0x61b09c2bb960, 15;
E_0x61b09c29a430/4 .event anyedge, v0x61b09c2bb960_15;
E_0x61b09c29a430 .event/or E_0x61b09c29a430/0, E_0x61b09c29a430/1, E_0x61b09c29a430/2, E_0x61b09c29a430/3, E_0x61b09c29a430/4;
S_0x61b09c2bbd40 .scope module, "my_alu" "alu" 2 75, 2 35 0, S_0x61b09c25b620;
 .timescale 0 0;
    .port_info 0 /INPUT 8 "a";
    .port_info 1 /INPUT 8 "b";
    .port_info 2 /INPUT 4 "opcode";
    .port_info 3 /OUTPUT 8 "result";
v0x61b09c2bbfe0_0 .net "a", 7 0, v0x61b09c2bd340_0;  1 drivers
v0x61b09c2bc0e0_0 .net "b", 7 0, v0x61b09c2bd440_0;  1 drivers
v0x61b09c2bc1c0_0 .net "opcode", 3 0, v0x61b09c2bd5d0_0;  1 drivers
v0x61b09c2bc2b0_0 .var "result", 7 0;
E_0x61b09c27f250 .event anyedge, v0x61b09c2bc1c0_0, v0x61b09c2bbfe0_0, v0x61b09c2bc0e0_0;
S_0x61b09c2bc440 .scope module, "rf" "register_file" 2 65, 2 16 0, S_0x61b09c25b620;
 .timescale 0 0;
    .port_info 0 /INPUT 1 "clk";
    .port_info 1 /INPUT 1 "write_enable";
    .port_info 2 /INPUT 2 "read_reg1";
    .port_info 3 /INPUT 2 "read_reg2";
    .port_info 4 /INPUT 2 "write_reg";
    .port_info 5 /INPUT 8 "write_data";
    .port_info 6 /OUTPUT 8 "read_data1";
    .port_info 7 /OUTPUT 8 "read_data2";
v0x61b09c2bc7e0_0 .net "clk", 0 0, v0x61b09c2be010_0;  alias, 1 drivers
v0x61b09c2bc8c0_0 .var "read_data1", 7 0;
v0x61b09c2bc9a0_0 .var "read_data2", 7 0;
v0x61b09c2bca90_0 .net "read_reg1", 1 0, L_0x61b09c2be170;  1 drivers
v0x61b09c2bcb70_0 .net "read_reg2", 1 0, L_0x61b09c2be270;  1 drivers
v0x61b09c2bcca0 .array "regs", 3 0, 7 0;
v0x61b09c2bcde0_0 .net "write_data", 7 0, v0x61b09c2bd750_0;  1 drivers
v0x61b09c2bcec0_0 .net "write_enable", 0 0, v0x61b09c2bd9a0_0;  1 drivers
v0x61b09c2bcf80_0 .net "write_reg", 1 0, v0x61b09c2bd840_0;  1 drivers
v0x61b09c2bcca0_0 .array/port v0x61b09c2bcca0, 0;
v0x61b09c2bcca0_1 .array/port v0x61b09c2bcca0, 1;
v0x61b09c2bcca0_2 .array/port v0x61b09c2bcca0, 2;
E_0x61b09c28ada0/0 .event anyedge, v0x61b09c2bca90_0, v0x61b09c2bcca0_0, v0x61b09c2bcca0_1, v0x61b09c2bcca0_2;
v0x61b09c2bcca0_3 .array/port v0x61b09c2bcca0, 3;
E_0x61b09c28ada0/1 .event anyedge, v0x61b09c2bcca0_3, v0x61b09c2bcb70_0;
E_0x61b09c28ada0 .event/or E_0x61b09c28ada0/0, E_0x61b09c28ada0/1;
E_0x61b09c2bc780 .event posedge, v0x61b09c2bc7e0_0;
    .scope S_0x61b09c29b370;
T_0 ;
    %pushi/vec4 17, 0, 8;
    %ix/load 4, 0, 0;
    %flag_set/imm 4, 0;
    %store/vec4a v0x61b09c2bb960, 4, 0;
    %pushi/vec4 18, 0, 8;
    %ix/load 4, 1, 0;
    %flag_set/imm 4, 0;
    %store/vec4a v0x61b09c2bb960, 4, 0;
    %pushi/vec4 20, 0, 8;
    %ix/load 4, 2, 0;
    %flag_set/imm 4, 0;
    %store/vec4a v0x61b09c2bb960, 4, 0;
    %pushi/vec4 25, 0, 8;
    %ix/load 4, 3, 0;
    %flag_set/imm 4, 0;
    %store/vec4a v0x61b09c2bb960, 4, 0;
    %pushi/vec4 0, 0, 8;
    %ix/load 4, 4, 0;
    %flag_set/imm 4, 0;
    %store/vec4a v0x61b09c2bb960, 4, 0;
    %end;
    .thread T_0;
    .scope S_0x61b09c29b370;
T_1 ;
    %wait E_0x61b09c29a430;
    %load/vec4 v0x61b09c2bbc20_0;
    %pad/u 6;
    %ix/vec4 4;
    %load/vec4a v0x61b09c2bb960, 4;
    %store/vec4 v0x61b09c29e810_0, 0, 8;
    %jmp T_1;
    .thread T_1, $push;
    .scope S_0x61b09c2bc440;
T_2 ;
    %wait E_0x61b09c2bc780;
    %load/vec4 v0x61b09c2bcec0_0;
    %flag_set/vec4 8;
    %jmp/0xz  T_2.0, 8;
    %load/vec4 v0x61b09c2bcde0_0;
    %load/vec4 v0x61b09c2bcf80_0;
    %pad/u 4;
    %ix/vec4 3;
    %ix/load 4, 0, 0; Constant delay
    %assign/vec4/a/d v0x61b09c2bcca0, 0, 4;
T_2.0 ;
    %jmp T_2;
    .thread T_2;
    .scope S_0x61b09c2bc440;
T_3 ;
    %wait E_0x61b09c28ada0;
    %load/vec4 v0x61b09c2bca90_0;
    %pad/u 4;
    %ix/vec4 4;
    %load/vec4a v0x61b09c2bcca0, 4;
    %store/vec4 v0x61b09c2bc8c0_0, 0, 8;
    %load/vec4 v0x61b09c2bcb70_0;
    %pad/u 4;
    %ix/vec4 4;
    %load/vec4a v0x61b09c2bcca0, 4;
    %store/vec4 v0x61b09c2bc9a0_0, 0, 8;
    %jmp T_3;
    .thread T_3, $push;
    .scope S_0x61b09c2bbd40;
T_4 ;
    %wait E_0x61b09c27f250;
    %load/vec4 v0x61b09c2bc1c0_0;
    %dup/vec4;
    %pushi/vec4 1, 0, 4;
    %cmp/u;
    %jmp/1 T_4.0, 6;
    %dup/vec4;
    %pushi/vec4 2, 0, 4;
    %cmp/u;
    %jmp/1 T_4.1, 6;
    %pushi/vec4 0, 0, 8;
    %store/vec4 v0x61b09c2bc2b0_0, 0, 8;
    %jmp T_4.3;
T_4.0 ;
    %load/vec4 v0x61b09c2bbfe0_0;
    %load/vec4 v0x61b09c2bc0e0_0;
    %add;
    %store/vec4 v0x61b09c2bc2b0_0, 0, 8;
    %jmp T_4.3;
T_4.1 ;
    %load/vec4 v0x61b09c2bbfe0_0;
    %load/vec4 v0x61b09c2bc0e0_0;
    %sub;
    %store/vec4 v0x61b09c2bc2b0_0, 0, 8;
    %jmp T_4.3;
T_4.3 ;
    %pop/vec4 1;
    %jmp T_4;
    .thread T_4, $push;
    .scope S_0x61b09c25b620;
T_5 ;
    %wait E_0x61b09c299b60;
    %load/vec4 v0x61b09c2bdf50_0;
    %flag_set/vec4 8;
    %jmp/0xz  T_5.0, 8;
    %pushi/vec4 0, 0, 4;
    %assign/vec4 v0x61b09c2bdce0_0, 0;
    %pushi/vec4 0, 0, 8;
    %assign/vec4 v0x61b09c2bd690_0, 0;
    %pushi/vec4 0, 0, 8;
    %assign/vec4 v0x61b09c2bd340_0, 0;
    %pushi/vec4 0, 0, 8;
    %assign/vec4 v0x61b09c2bd440_0, 0;
    %pushi/vec4 0, 0, 4;
    %assign/vec4 v0x61b09c2bd5d0_0, 0;
    %pushi/vec4 0, 0, 2;
    %assign/vec4 v0x61b09c2bd510_0, 0;
    %pushi/vec4 0, 0, 8;
    %assign/vec4 v0x61b09c2bd260_0, 0;
    %pushi/vec4 0, 0, 2;
    %assign/vec4 v0x61b09c2bd160_0, 0;
    %pushi/vec4 0, 0, 8;
    %assign/vec4 v0x61b09c2bd750_0, 0;
    %pushi/vec4 0, 0, 2;
    %assign/vec4 v0x61b09c2bd840_0, 0;
    %pushi/vec4 0, 0, 1;
    %assign/vec4 v0x61b09c2bd9a0_0, 0;
    %jmp T_5.1;
T_5.0 ;
    %load/vec4 v0x61b09c2bdce0_0;
    %addi 1, 0, 4;
    %assign/vec4 v0x61b09c2bdce0_0, 0;
    %load/vec4 v0x61b09c2bdc10_0;
    %assign/vec4 v0x61b09c2bd690_0, 0;
    %load/vec4 v0x61b09c2bd690_0;
    %parti/s 4, 4, 4;
    %assign/vec4 v0x61b09c2bd5d0_0, 0;
    %load/vec4 v0x61b09c2bddb0_0;
    %assign/vec4 v0x61b09c2bd340_0, 0;
    %load/vec4 v0x61b09c2bde80_0;
    %assign/vec4 v0x61b09c2bd440_0, 0;
    %load/vec4 v0x61b09c2bd690_0;
    %parti/s 2, 0, 2;
    %assign/vec4 v0x61b09c2bd510_0, 0;
    %load/vec4 v0x61b09c2bda70_0;
    %assign/vec4 v0x61b09c2bd260_0, 0;
    %load/vec4 v0x61b09c2bd510_0;
    %assign/vec4 v0x61b09c2bd160_0, 0;
    %load/vec4 v0x61b09c2bd260_0;
    %assign/vec4 v0x61b09c2bd750_0, 0;
    %load/vec4 v0x61b09c2bd160_0;
    %assign/vec4 v0x61b09c2bd840_0, 0;
    %pushi/vec4 1, 0, 1;
    %assign/vec4 v0x61b09c2bd9a0_0, 0;
T_5.1 ;
    %jmp T_5;
    .thread T_5;
    .scope S_0x61b09c25b490;
T_6 ;
    %delay 5000, 0;
    %load/vec4 v0x61b09c2be010_0;
    %inv;
    %store/vec4 v0x61b09c2be010_0, 0, 1;
    %jmp T_6;
    .thread T_6;
    .scope S_0x61b09c25b490;
T_7 ;
    %vpi_call 2 127 "$dumpfile", "dump.vcd" {0 0 0};
    %vpi_call 2 128 "$dumpvars", 32'sb00000000000000000000000000000000, S_0x61b09c25b490 {0 0 0};
    %pushi/vec4 0, 0, 1;
    %store/vec4 v0x61b09c2be010_0, 0, 1;
    %pushi/vec4 1, 0, 1;
    %store/vec4 v0x61b09c2be0b0_0, 0, 1;
    %delay 10000, 0;
    %pushi/vec4 0, 0, 1;
    %store/vec4 v0x61b09c2be0b0_0, 0, 1;
    %delay 150000, 0;
    %vpi_call 2 134 "$finish" {0 0 0};
    %end;
    .thread T_7;
# The file index is used to find the file name in the following table.
:file_names 3;
    "N/A";
    "<interactive>";
    "testbench.v";
