#! /usr/bin/vvp
:ivl_version "12.0 (stable)";
:ivl_delay_selection "TYPICAL";
:vpi_time_precision + 0;
:vpi_module "/usr/lib/x86_64-linux-gnu/ivl/system.vpi";
:vpi_module "/usr/lib/x86_64-linux-gnu/ivl/vhdl_sys.vpi";
:vpi_module "/usr/lib/x86_64-linux-gnu/ivl/vhdl_textio.vpi";
:vpi_module "/usr/lib/x86_64-linux-gnu/ivl/v2005_math.vpi";
:vpi_module "/usr/lib/x86_64-linux-gnu/ivl/va_math.vpi";
S_0x6066f5245e50 .scope module, "tb" "tb" 2 23;
 .timescale 0 0;
v0x6066f5258e90_0 .var "c", 0 0;
v0x6066f5258f60_0 .var "clk", 0 0;
v0x6066f5259030_0 .net "count", 2 0, v0x6066f5258c70_0;  1 drivers
S_0x6066f5245fe0 .scope module, "dut" "counter" 2 26, 2 3 0, S_0x6066f5245e50;
 .timescale 0 0;
    .port_info 0 /INPUT 1 "clk";
    .port_info 1 /INPUT 1 "c";
    .port_info 2 /OUTPUT 3 "count";
v0x6066f5246230_0 .net "c", 0 0, v0x6066f5258e90_0;  1 drivers
v0x6066f5258bb0_0 .net "clk", 0 0, v0x6066f5258f60_0;  1 drivers
v0x6066f5258c70_0 .var "count", 2 0;
v0x6066f5258d30_0 .var "temp", 2 0;
E_0x6066f520c6a0 .event posedge, v0x6066f5258bb0_0;
    .scope S_0x6066f5245fe0;
T_0 ;
    %pushi/vec4 0, 0, 3;
    %store/vec4 v0x6066f5258d30_0, 0, 3;
    %end;
    .thread T_0;
    .scope S_0x6066f5245fe0;
T_1 ;
    %wait E_0x6066f520c6a0;
    %load/vec4 v0x6066f5246230_0;
    %pad/u 32;
    %cmpi/e 0, 0, 32;
    %jmp/0xz  T_1.0, 4;
    %load/vec4 v0x6066f5258d30_0;
    %pad/u 32;
    %cmpi/u 7, 0, 32;
    %jmp/0xz  T_1.2, 5;
    %load/vec4 v0x6066f5258d30_0;
    %addi 1, 0, 3;
    %assign/vec4 v0x6066f5258d30_0, 0;
T_1.2 ;
    %jmp T_1.1;
T_1.0 ;
    %load/vec4 v0x6066f5246230_0;
    %pad/u 32;
    %cmpi/e 1, 0, 32;
    %jmp/0xz  T_1.4, 4;
    %load/vec4 v0x6066f5258d30_0;
    %pad/u 32;
    %cmpi/u 0, 0, 32;
    %flag_or 5, 4; GT is !LE
    %flag_inv 5;
    %jmp/0xz  T_1.6, 5;
    %load/vec4 v0x6066f5258d30_0;
    %subi 1, 0, 3;
    %assign/vec4 v0x6066f5258d30_0, 0;
T_1.6 ;
T_1.4 ;
T_1.1 ;
    %load/vec4 v0x6066f5258d30_0;
    %assign/vec4 v0x6066f5258c70_0, 0;
    %jmp T_1;
    .thread T_1;
    .scope S_0x6066f5245e50;
T_2 ;
    %delay 5, 0;
    %load/vec4 v0x6066f5258f60_0;
    %inv;
    %store/vec4 v0x6066f5258f60_0, 0, 1;
    %jmp T_2;
    .thread T_2;
    .scope S_0x6066f5245e50;
T_3 ;
    %vpi_call 2 29 "$monitor", "time = %0t ::  count =%d", $time, v0x6066f5259030_0 {0 0 0};
    %pushi/vec4 0, 0, 1;
    %store/vec4 v0x6066f5258f60_0, 0, 1;
    %pushi/vec4 0, 0, 1;
    %store/vec4 v0x6066f5258e90_0, 0, 1;
    %delay 90, 0;
    %pushi/vec4 1, 0, 1;
    %store/vec4 v0x6066f5258e90_0, 0, 1;
    %delay 90, 0;
    %vpi_call 2 33 "$finish" {0 0 0};
    %end;
    .thread T_3;
    .scope S_0x6066f5245e50;
T_4 ;
    %vpi_call 2 36 "$dumpfile", "dump.vcd" {0 0 0};
    %vpi_call 2 37 "$dumpvars", 32'sb00000000000000000000000000000000, S_0x6066f5245e50 {0 0 0};
    %end;
    .thread T_4;
# The file index is used to find the file name in the following table.
:file_names 3;
    "N/A";
    "<interactive>";
    "counter.v";
