#! /usr/bin/vvp
:ivl_version "12.0 (stable)";
:ivl_delay_selection "TYPICAL";
:vpi_time_precision + 0;
:vpi_module "/usr/lib/x86_64-linux-gnu/ivl/system.vpi";
:vpi_module "/usr/lib/x86_64-linux-gnu/ivl/vhdl_sys.vpi";
:vpi_module "/usr/lib/x86_64-linux-gnu/ivl/vhdl_textio.vpi";
:vpi_module "/usr/lib/x86_64-linux-gnu/ivl/v2005_math.vpi";
:vpi_module "/usr/lib/x86_64-linux-gnu/ivl/va_math.vpi";
S_0x64ec09b75510 .scope module, "prime_or_not" "prime_or_not" 2 1;
 .timescale 0 0;
v0x64ec09b756a0_0 .var/i "i", 31 0;
v0x64ec09bbf040_0 .var/i "n", 31 0;
v0x64ec09bbf120_0 .var "prime_d", 0 0;
    .scope S_0x64ec09b75510;
T_0 ;
    %pushi/vec4 93, 0, 32;
    %store/vec4 v0x64ec09bbf040_0, 0, 32;
    %end;
    .thread T_0;
    .scope S_0x64ec09b75510;
T_1 ;
    %pushi/vec4 1, 0, 1;
    %store/vec4 v0x64ec09bbf120_0, 0, 1;
    %load/vec4 v0x64ec09bbf040_0;
    %cmpi/e 0, 0, 32;
    %jmp/1 T_1.2, 4;
    %flag_mov 8, 4;
    %load/vec4 v0x64ec09bbf040_0;
    %cmpi/e 1, 0, 32;
    %flag_or 4, 8;
T_1.2;
    %jmp/0xz  T_1.0, 4;
    %pushi/vec4 0, 0, 1;
    %store/vec4 v0x64ec09bbf120_0, 0, 1;
T_1.0 ;
    %pushi/vec4 2, 0, 32;
    %store/vec4 v0x64ec09b756a0_0, 0, 32;
T_1.3 ;
    %load/vec4 v0x64ec09b756a0_0;
    %load/vec4 v0x64ec09bbf040_0;
    %pushi/vec4 2, 0, 32;
    %div/s;
    %cmp/s;
    %jmp/0xz T_1.4, 5;
    %load/vec4 v0x64ec09bbf040_0;
    %load/vec4 v0x64ec09b756a0_0;
    %mod/s;
    %cmpi/e 0, 0, 32;
    %flag_get/vec4 4;
    %jmp/0 T_1.7, 4;
    %load/vec4 v0x64ec09bbf120_0;
    %and;
T_1.7;
    %flag_set/vec4 8;
    %jmp/0xz  T_1.5, 8;
    %pushi/vec4 0, 0, 1;
    %store/vec4 v0x64ec09bbf120_0, 0, 1;
T_1.5 ;
    %load/vec4 v0x64ec09b756a0_0;
    %addi 1, 0, 32;
    %store/vec4 v0x64ec09b756a0_0, 0, 32;
    %jmp T_1.3;
T_1.4 ;
    %load/vec4 v0x64ec09bbf120_0;
    %pad/u 32;
    %cmpi/e 1, 0, 32;
    %jmp/0xz  T_1.8, 4;
    %vpi_call 2 17 "$display", "the number %0d is prime number", v0x64ec09bbf040_0 {0 0 0};
    %jmp T_1.9;
T_1.8 ;
    %vpi_call 2 19 "$display", "the number %0d is not prime number", v0x64ec09bbf040_0 {0 0 0};
T_1.9 ;
    %end;
    .thread T_1;
# The file index is used to find the file name in the following table.
:file_names 3;
    "N/A";
    "<interactive>";
    "testbench.v";
