#! /usr/bin/vvp
:ivl_version "12.0 (stable)";
:ivl_delay_selection "TYPICAL";
:vpi_time_precision + 0;
:vpi_module "/usr/lib/x86_64-linux-gnu/ivl/system.vpi";
:vpi_module "/usr/lib/x86_64-linux-gnu/ivl/vhdl_sys.vpi";
:vpi_module "/usr/lib/x86_64-linux-gnu/ivl/vhdl_textio.vpi";
:vpi_module "/usr/lib/x86_64-linux-gnu/ivl/v2005_math.vpi";
:vpi_module "/usr/lib/x86_64-linux-gnu/ivl/va_math.vpi";
S_0x5ad107934510 .scope module, "tb" "tb" 2 1;
 .timescale 0 0;
v0x5ad1079346a0 .array/i "arr", 4 0, 31 0;
v0x5ad107934760_0 .var/i "i", 31 0;
v0x5ad107980740_0 .var/i "j", 31 0;
v0x5ad107980800_0 .var/i "temp", 31 0;
    .scope S_0x5ad107934510;
T_0 ;
    %pushi/vec4 3, 0, 32;
    %ix/load 4, 0, 0;
    %flag_set/imm 4, 0;
    %store/vec4a v0x5ad1079346a0, 4, 0;
    %pushi/vec4 5, 0, 32;
    %ix/load 4, 1, 0;
    %flag_set/imm 4, 0;
    %store/vec4a v0x5ad1079346a0, 4, 0;
    %pushi/vec4 2, 0, 32;
    %ix/load 4, 2, 0;
    %flag_set/imm 4, 0;
    %store/vec4a v0x5ad1079346a0, 4, 0;
    %pushi/vec4 1, 0, 32;
    %ix/load 4, 3, 0;
    %flag_set/imm 4, 0;
    %store/vec4a v0x5ad1079346a0, 4, 0;
    %pushi/vec4 0, 0, 32;
    %store/vec4 v0x5ad107934760_0, 0, 32;
T_0.0 ;
    %load/vec4 v0x5ad107934760_0;
    %cmpi/s 5, 0, 32;
    %jmp/0xz T_0.1, 5;
    %pushi/vec4 0, 0, 32;
    %store/vec4 v0x5ad107980740_0, 0, 32;
T_0.2 ;
    %load/vec4 v0x5ad107980740_0;
    %cmpi/s 5, 0, 32;
    %jmp/0xz T_0.3, 5;
    %load/vec4 v0x5ad107980740_0;
    %addi 1, 0, 32;
    %ix/vec4/s 4;
    %load/vec4a v0x5ad1079346a0, 4;
    %ix/getv/s 4, v0x5ad107980740_0;
    %load/vec4a v0x5ad1079346a0, 4;
    %cmp/s;
    %jmp/0xz  T_0.4, 5;
    %ix/getv/s 4, v0x5ad107980740_0;
    %load/vec4a v0x5ad1079346a0, 4;
    %store/vec4 v0x5ad107980800_0, 0, 32;
    %load/vec4 v0x5ad107980740_0;
    %addi 1, 0, 32;
    %ix/vec4/s 4;
    %load/vec4a v0x5ad1079346a0, 4;
    %ix/getv/s 4, v0x5ad107980740_0;
    %store/vec4a v0x5ad1079346a0, 4, 0;
    %load/vec4 v0x5ad107980800_0;
    %load/vec4 v0x5ad107980740_0;
    %addi 1, 0, 32;
    %ix/vec4/s 4;
    %store/vec4a v0x5ad1079346a0, 4, 0;
T_0.4 ;
    %load/vec4 v0x5ad107980740_0;
    %addi 1, 0, 32;
    %store/vec4 v0x5ad107980740_0, 0, 32;
    %jmp T_0.2;
T_0.3 ;
    %load/vec4 v0x5ad107934760_0;
    %addi 1, 0, 32;
    %store/vec4 v0x5ad107934760_0, 0, 32;
    %jmp T_0.0;
T_0.1 ;
    %vpi_call 2 20 "$display", "Sorted array:" {0 0 0};
    %pushi/vec4 0, 0, 32;
    %store/vec4 v0x5ad107934760_0, 0, 32;
T_0.6 ;
    %load/vec4 v0x5ad107934760_0;
    %cmpi/s 5, 0, 32;
    %jmp/0xz T_0.7, 5;
    %vpi_call 2 22 "$display", "%0d ", &A<v0x5ad1079346a0, v0x5ad107934760_0 > {0 0 0};
    %load/vec4 v0x5ad107934760_0;
    %addi 1, 0, 32;
    %store/vec4 v0x5ad107934760_0, 0, 32;
    %jmp T_0.6;
T_0.7 ;
    %end;
    .thread T_0;
# The file index is used to find the file name in the following table.
:file_names 3;
    "N/A";
    "<interactive>";
    "testbench.v";
