#! /usr/bin/vvp
:ivl_version "12.0 (stable)";
:ivl_delay_selection "TYPICAL";
:vpi_time_precision + 0;
:vpi_module "/usr/lib/x86_64-linux-gnu/ivl/system.vpi";
:vpi_module "/usr/lib/x86_64-linux-gnu/ivl/vhdl_sys.vpi";
:vpi_module "/usr/lib/x86_64-linux-gnu/ivl/vhdl_textio.vpi";
:vpi_module "/usr/lib/x86_64-linux-gnu/ivl/v2005_math.vpi";
:vpi_module "/usr/lib/x86_64-linux-gnu/ivl/va_math.vpi";
S_0x56b3cad3fb30 .scope module, "tb" "tb" 2 1;
 .timescale 0 0;
v0x56b3cad1b400 .array/i "a", 9 0, 31 0;
v0x56b3cad19730_0 .var/i "i", 31 0;
v0x56b3cad64100_0 .var/i "j", 31 0;
v0x56b3cad641c0_0 .var/i "temp", 31 0;
S_0x56b3cad19510 .scope begin, "loop" "loop" 2 9, 2 9 0, S_0x56b3cad3fb30;
 .timescale 0 0;
    .scope S_0x56b3cad3fb30;
T_0 ;
    %pushi/vec4 0, 0, 32;
    %store/vec4 v0x56b3cad19730_0, 0, 32;
T_0.0 ;
    %load/vec4 v0x56b3cad19730_0;
    %cmpi/ne 10, 0, 32;
    %jmp/0xz T_0.1, 4;
    %vpi_func 2 8 "$random" 32 {0 0 0};
    %store/vec4 v0x56b3cad641c0_0, 0, 32;
    %fork t_1, S_0x56b3cad19510;
    %jmp t_0;
    .scope S_0x56b3cad19510;
t_1 ;
    %pushi/vec4 0, 0, 32;
    %store/vec4 v0x56b3cad64100_0, 0, 32;
T_0.2 ;
    %load/vec4 v0x56b3cad64100_0;
    %load/vec4 v0x56b3cad19730_0;
    %cmp/s;
    %jmp/0xz T_0.3, 5;
    %ix/getv/s 4, v0x56b3cad64100_0;
    %load/vec4a v0x56b3cad1b400, 4;
    %load/vec4 v0x56b3cad641c0_0;
    %cmp/e;
    %jmp/0xz  T_0.4, 4;
    %disable S_0x56b3cad19510;
T_0.4 ;
    %load/vec4 v0x56b3cad64100_0;
    %addi 1, 0, 32;
    %store/vec4 v0x56b3cad64100_0, 0, 32;
    %jmp T_0.2;
T_0.3 ;
    %load/vec4 v0x56b3cad641c0_0;
    %ix/getv/s 4, v0x56b3cad19730_0;
    %store/vec4a v0x56b3cad1b400, 4, 0;
    %load/vec4 v0x56b3cad19730_0;
    %addi 1, 0, 32;
    %store/vec4 v0x56b3cad19730_0, 0, 32;
    %end;
    .scope S_0x56b3cad3fb30;
t_0 %join;
    %jmp T_0.0;
T_0.1 ;
    %pushi/vec4 0, 0, 32;
    %store/vec4 v0x56b3cad19730_0, 0, 32;
T_0.6 ;
    %load/vec4 v0x56b3cad19730_0;
    %cmpi/s 10, 0, 32;
    %jmp/0xz T_0.7, 5;
    %vpi_call 2 22 "$display", "a[%0d] = %0d", v0x56b3cad19730_0, &A<v0x56b3cad1b400, v0x56b3cad19730_0 > {0 0 0};
    %load/vec4 v0x56b3cad19730_0;
    %addi 1, 0, 32;
    %store/vec4 v0x56b3cad19730_0, 0, 32;
    %jmp T_0.6;
T_0.7 ;
    %end;
    .thread T_0;
# The file index is used to find the file name in the following table.
:file_names 3;
    "N/A";
    "<interactive>";
    "design.v";
