#! /usr/bin/vvp
:ivl_version "12.0 (stable)";
:ivl_delay_selection "TYPICAL";
:vpi_time_precision + 0;
:vpi_module "/usr/lib/x86_64-linux-gnu/ivl/system.vpi";
:vpi_module "/usr/lib/x86_64-linux-gnu/ivl/vhdl_sys.vpi";
:vpi_module "/usr/lib/x86_64-linux-gnu/ivl/vhdl_textio.vpi";
:vpi_module "/usr/lib/x86_64-linux-gnu/ivl/v2005_math.vpi";
:vpi_module "/usr/lib/x86_64-linux-gnu/ivl/va_math.vpi";
S_0x5e37e5ebc590 .scope module, "tb" "tb" 2 15;
 .timescale 0 0;
v0x5e37e5ed0820_0 .var "a", 0 0;
v0x5e37e5ed08e0_0 .var "b", 0 0;
v0x5e37e5ed09b0_0 .net "carry", 0 0, v0x5e37e5ed0420_0;  1 drivers
v0x5e37e5ed0ab0_0 .var "cin", 0 0;
v0x5e37e5ed0b80_0 .net "sum", 0 0, v0x5e37e5ed06c0_0;  1 drivers
S_0x5e37e5ebc720 .scope begin, "$ivl_for_loop0" "$ivl_for_loop0" 2 21, 2 21 0, S_0x5e37e5ebc590;
 .timescale 0 0;
v0x5e37e5ebc900_0 .var/i "i", 31 0;
S_0x5e37e5ed0060 .scope module, "dut" "fa" 2 18, 2 2 0, S_0x5e37e5ebc590;
 .timescale 0 0;
    .port_info 0 /INPUT 1 "a";
    .port_info 1 /INPUT 1 "b";
    .port_info 2 /INPUT 1 "cin";
    .port_info 3 /OUTPUT 1 "sum";
    .port_info 4 /OUTPUT 1 "carry";
v0x5e37e5ed0280_0 .net "a", 0 0, v0x5e37e5ed0820_0;  1 drivers
v0x5e37e5ed0360_0 .net "b", 0 0, v0x5e37e5ed08e0_0;  1 drivers
v0x5e37e5ed0420_0 .var "carry", 0 0;
v0x5e37e5ed04f0_0 .net "cin", 0 0, v0x5e37e5ed0ab0_0;  1 drivers
v0x5e37e5ed05b0_0 .var "p", 0 0;
v0x5e37e5ed06c0_0 .var "sum", 0 0;
E_0x5e37e5e82dc0 .event anyedge, v0x5e37e5ed04f0_0, v0x5e37e5ed0360_0, v0x5e37e5ed0280_0;
    .scope S_0x5e37e5ed0060;
T_0 ;
    %wait E_0x5e37e5e82dc0;
    %load/vec4 v0x5e37e5ed0280_0;
    %load/vec4 v0x5e37e5ed0360_0;
    %xor;
    %store/vec4 v0x5e37e5ed05b0_0, 0, 1;
    %load/vec4 v0x5e37e5ed05b0_0;
    %load/vec4 v0x5e37e5ed04f0_0;
    %xor;
    %store/vec4 v0x5e37e5ed06c0_0, 0, 1;
    %load/vec4 v0x5e37e5ed0280_0;
    %load/vec4 v0x5e37e5ed0360_0;
    %and;
    %load/vec4 v0x5e37e5ed05b0_0;
    %load/vec4 v0x5e37e5ed04f0_0;
    %and;
    %or;
    %store/vec4 v0x5e37e5ed0420_0, 0, 1;
    %jmp T_0;
    .thread T_0, $push;
    .scope S_0x5e37e5ebc590;
T_1 ;
    %vpi_call 2 20 "$monitor", "a =%b b=%b c=%b :: sum=%b carry =%b", v0x5e37e5ed0820_0, v0x5e37e5ed08e0_0, v0x5e37e5ed0ab0_0, v0x5e37e5ed0b80_0, v0x5e37e5ed09b0_0 {0 0 0};
    %fork t_1, S_0x5e37e5ebc720;
    %jmp t_0;
    .scope S_0x5e37e5ebc720;
t_1 ;
    %pushi/vec4 0, 0, 32;
    %store/vec4 v0x5e37e5ebc900_0, 0, 32;
T_1.0 ;
    %load/vec4 v0x5e37e5ebc900_0;
    %cmpi/s 8, 0, 32;
    %jmp/0xz T_1.1, 5;
    %load/vec4 v0x5e37e5ebc900_0;
    %pad/s 3;
    %split/vec4 1;
    %store/vec4 v0x5e37e5ed0ab0_0, 0, 1;
    %split/vec4 1;
    %store/vec4 v0x5e37e5ed08e0_0, 0, 1;
    %store/vec4 v0x5e37e5ed0820_0, 0, 1;
    %delay 5, 0;
    %load/vec4 v0x5e37e5ebc900_0;
    %addi 1, 0, 32;
    %store/vec4 v0x5e37e5ebc900_0, 0, 32;
    %jmp T_1.0;
T_1.1 ;
    %end;
    .scope S_0x5e37e5ebc590;
t_0 %join;
    %end;
    .thread T_1;
    .scope S_0x5e37e5ebc590;
T_2 ;
    %vpi_call 2 25 "$dumpfile", "dump.vcd" {0 0 0};
    %vpi_call 2 26 "$dumpvars", 32'sb00000000000000000000000000000000, S_0x5e37e5ebc590 {0 0 0};
    %end;
    .thread T_2;
# The file index is used to find the file name in the following table.
:file_names 3;
    "N/A";
    "<interactive>";
    "fa.v";
