#! /usr/bin/vvp
:ivl_version "12.0 (stable)";
:ivl_delay_selection "TYPICAL";
:vpi_time_precision + 0;
:vpi_module "/usr/lib/x86_64-linux-gnu/ivl/system.vpi";
:vpi_module "/usr/lib/x86_64-linux-gnu/ivl/vhdl_sys.vpi";
:vpi_module "/usr/lib/x86_64-linux-gnu/ivl/vhdl_textio.vpi";
:vpi_module "/usr/lib/x86_64-linux-gnu/ivl/v2005_math.vpi";
:vpi_module "/usr/lib/x86_64-linux-gnu/ivl/va_math.vpi";
S_0x585ea3fe8490 .scope module, "tb" "tb" 2 3;
 .timescale 0 0;
v0x585ea4043da0_0 .net "beep", 0 0, v0x585ea4010370_0;  1 drivers
v0x585ea4043e60_0 .var "clk", 0 0;
v0x585ea4043f30_0 .var "reset", 0 0;
v0x585ea4044030_0 .var "start", 0 0;
v0x585ea4044100_0 .net "state", 2 0, L_0x585ea4010250;  1 drivers
S_0x585ea3fe8620 .scope module, "wm" "washing_machine" 2 11, 3 1 0, S_0x585ea3fe8490;
 .timescale 0 0;
    .port_info 0 /INPUT 1 "clk";
    .port_info 1 /INPUT 1 "reset";
    .port_info 2 /INPUT 1 "start";
    .port_info 3 /OUTPUT 1 "beep";
    .port_info 4 /OUTPUT 3 "state_out";
P_0x585ea4028850 .param/l "BEEP_TIME" 0 3 24, +C4<00000000000000000000000000011110>;
P_0x585ea4028890 .param/l "DONE" 0 3 17, C4<110>;
P_0x585ea40288d0 .param/l "DRAIN" 0 3 15, C4<100>;
P_0x585ea4028910 .param/l "DRAIN_TIME" 0 3 22, +C4<00000000000000000000000000000011>;
P_0x585ea4028950 .param/l "FILL" 0 3 12, C4<001>;
P_0x585ea4028990 .param/l "FILL_TIME" 0 3 19, +C4<00000000000000000000000000000010>;
P_0x585ea40289d0 .param/l "IDLE" 0 3 11, C4<000>;
P_0x585ea4028a10 .param/l "RINSE" 0 3 14, C4<011>;
P_0x585ea4028a50 .param/l "RINSE_TIME" 0 3 21, +C4<00000000000000000000000000001010>;
P_0x585ea4028a90 .param/l "SPIN" 0 3 16, C4<101>;
P_0x585ea4028ad0 .param/l "SPIN_TIME" 0 3 23, +C4<00000000000000000000000000000101>;
P_0x585ea4028b10 .param/l "WASH" 0 3 13, C4<010>;
P_0x585ea4028b50 .param/l "WASH_TIME" 0 3 20, +C4<00000000000000000000000000010100>;
L_0x585ea4010250 .functor BUFZ 3, v0x585ea4043a60_0, C4<000>, C4<000>, C4<000>;
v0x585ea4010370_0 .var "beep", 0 0;
v0x585ea4010440_0 .net "clk", 0 0, v0x585ea4043e60_0;  1 drivers
v0x585ea40437d0_0 .var "next_state", 2 0;
v0x585ea4043890_0 .net "reset", 0 0, v0x585ea4043f30_0;  1 drivers
v0x585ea4043950_0 .net "start", 0 0, v0x585ea4044030_0;  1 drivers
v0x585ea4043a60_0 .var "state", 2 0;
v0x585ea4043b40_0 .net "state_out", 2 0, L_0x585ea4010250;  alias, 1 drivers
v0x585ea4043c20_0 .var "timer", 7 0;
E_0x585ea4029100 .event posedge, v0x585ea4043890_0, v0x585ea4010440_0;
E_0x585ea40292f0 .event anyedge, v0x585ea4043a60_0, v0x585ea4043950_0, v0x585ea4043c20_0;
    .scope S_0x585ea3fe8620;
T_0 ;
    %wait E_0x585ea4029100;
    %load/vec4 v0x585ea4043890_0;
    %flag_set/vec4 8;
    %jmp/0xz  T_0.0, 8;
    %pushi/vec4 0, 0, 3;
    %assign/vec4 v0x585ea4043a60_0, 0;
    %pushi/vec4 0, 0, 8;
    %assign/vec4 v0x585ea4043c20_0, 0;
    %jmp T_0.1;
T_0.0 ;
    %load/vec4 v0x585ea4043a60_0;
    %load/vec4 v0x585ea40437d0_0;
    %cmp/ne;
    %jmp/0xz  T_0.2, 4;
    %pushi/vec4 0, 0, 8;
    %assign/vec4 v0x585ea4043c20_0, 0;
    %jmp T_0.3;
T_0.2 ;
    %load/vec4 v0x585ea4043c20_0;
    %addi 1, 0, 8;
    %assign/vec4 v0x585ea4043c20_0, 0;
T_0.3 ;
    %load/vec4 v0x585ea40437d0_0;
    %assign/vec4 v0x585ea4043a60_0, 0;
T_0.1 ;
    %jmp T_0;
    .thread T_0;
    .scope S_0x585ea3fe8620;
T_1 ;
    %wait E_0x585ea40292f0;
    %load/vec4 v0x585ea4043a60_0;
    %dup/vec4;
    %pushi/vec4 0, 0, 3;
    %cmp/u;
    %jmp/1 T_1.0, 6;
    %dup/vec4;
    %pushi/vec4 1, 0, 3;
    %cmp/u;
    %jmp/1 T_1.1, 6;
    %dup/vec4;
    %pushi/vec4 2, 0, 3;
    %cmp/u;
    %jmp/1 T_1.2, 6;
    %dup/vec4;
    %pushi/vec4 3, 0, 3;
    %cmp/u;
    %jmp/1 T_1.3, 6;
    %dup/vec4;
    %pushi/vec4 4, 0, 3;
    %cmp/u;
    %jmp/1 T_1.4, 6;
    %dup/vec4;
    %pushi/vec4 5, 0, 3;
    %cmp/u;
    %jmp/1 T_1.5, 6;
    %dup/vec4;
    %pushi/vec4 6, 0, 3;
    %cmp/u;
    %jmp/1 T_1.6, 6;
    %pushi/vec4 0, 0, 3;
    %store/vec4 v0x585ea40437d0_0, 0, 3;
    %jmp T_1.8;
T_1.0 ;
    %load/vec4 v0x585ea4043950_0;
    %flag_set/vec4 8;
    %jmp/0xz  T_1.9, 8;
    %pushi/vec4 1, 0, 3;
    %store/vec4 v0x585ea40437d0_0, 0, 3;
    %jmp T_1.10;
T_1.9 ;
    %pushi/vec4 0, 0, 3;
    %store/vec4 v0x585ea40437d0_0, 0, 3;
T_1.10 ;
    %jmp T_1.8;
T_1.1 ;
    %load/vec4 v0x585ea4043c20_0;
    %pad/u 32;
    %cmpi/u 2, 0, 32;
    %flag_inv 5; GE is !LT
    %jmp/0xz  T_1.11, 5;
    %pushi/vec4 2, 0, 3;
    %store/vec4 v0x585ea40437d0_0, 0, 3;
    %jmp T_1.12;
T_1.11 ;
    %pushi/vec4 1, 0, 3;
    %store/vec4 v0x585ea40437d0_0, 0, 3;
T_1.12 ;
    %jmp T_1.8;
T_1.2 ;
    %load/vec4 v0x585ea4043c20_0;
    %pad/u 32;
    %cmpi/u 20, 0, 32;
    %flag_inv 5; GE is !LT
    %jmp/0xz  T_1.13, 5;
    %pushi/vec4 3, 0, 3;
    %store/vec4 v0x585ea40437d0_0, 0, 3;
    %jmp T_1.14;
T_1.13 ;
    %pushi/vec4 2, 0, 3;
    %store/vec4 v0x585ea40437d0_0, 0, 3;
T_1.14 ;
    %jmp T_1.8;
T_1.3 ;
    %load/vec4 v0x585ea4043c20_0;
    %pad/u 32;
    %cmpi/u 10, 0, 32;
    %flag_inv 5; GE is !LT
    %jmp/0xz  T_1.15, 5;
    %pushi/vec4 4, 0, 3;
    %store/vec4 v0x585ea40437d0_0, 0, 3;
    %jmp T_1.16;
T_1.15 ;
    %pushi/vec4 3, 0, 3;
    %store/vec4 v0x585ea40437d0_0, 0, 3;
T_1.16 ;
    %jmp T_1.8;
T_1.4 ;
    %load/vec4 v0x585ea4043c20_0;
    %pad/u 32;
    %cmpi/u 3, 0, 32;
    %flag_inv 5; GE is !LT
    %jmp/0xz  T_1.17, 5;
    %pushi/vec4 5, 0, 3;
    %store/vec4 v0x585ea40437d0_0, 0, 3;
    %jmp T_1.18;
T_1.17 ;
    %pushi/vec4 4, 0, 3;
    %store/vec4 v0x585ea40437d0_0, 0, 3;
T_1.18 ;
    %jmp T_1.8;
T_1.5 ;
    %load/vec4 v0x585ea4043c20_0;
    %pad/u 32;
    %cmpi/u 5, 0, 32;
    %flag_inv 5; GE is !LT
    %jmp/0xz  T_1.19, 5;
    %pushi/vec4 6, 0, 3;
    %store/vec4 v0x585ea40437d0_0, 0, 3;
    %jmp T_1.20;
T_1.19 ;
    %pushi/vec4 5, 0, 3;
    %store/vec4 v0x585ea40437d0_0, 0, 3;
T_1.20 ;
    %jmp T_1.8;
T_1.6 ;
    %load/vec4 v0x585ea4043c20_0;
    %pad/u 32;
    %cmpi/u 30, 0, 32;
    %flag_inv 5; GE is !LT
    %jmp/0xz  T_1.21, 5;
    %pushi/vec4 0, 0, 3;
    %store/vec4 v0x585ea40437d0_0, 0, 3;
    %jmp T_1.22;
T_1.21 ;
    %pushi/vec4 6, 0, 3;
    %store/vec4 v0x585ea40437d0_0, 0, 3;
T_1.22 ;
    %jmp T_1.8;
T_1.8 ;
    %pop/vec4 1;
    %jmp T_1;
    .thread T_1, $push;
    .scope S_0x585ea3fe8620;
T_2 ;
    %wait E_0x585ea4029100;
    %load/vec4 v0x585ea4043890_0;
    %flag_set/vec4 8;
    %jmp/0xz  T_2.0, 8;
    %pushi/vec4 0, 0, 1;
    %assign/vec4 v0x585ea4010370_0, 0;
    %jmp T_2.1;
T_2.0 ;
    %load/vec4 v0x585ea4043a60_0;
    %pushi/vec4 6, 0, 3;
    %cmp/e;
    %flag_get/vec4 4;
    %assign/vec4 v0x585ea4010370_0, 0;
T_2.1 ;
    %jmp T_2;
    .thread T_2;
    .scope S_0x585ea3fe8490;
T_3 ;
    %pushi/vec4 0, 0, 1;
    %store/vec4 v0x585ea4043e60_0, 0, 1;
T_3.0 ;
    %delay 1, 0;
    %load/vec4 v0x585ea4043e60_0;
    %inv;
    %store/vec4 v0x585ea4043e60_0, 0, 1;
    %jmp T_3.0;
    %end;
    .thread T_3;
    .scope S_0x585ea3fe8490;
T_4 ;
    %pushi/vec4 1, 0, 1;
    %store/vec4 v0x585ea4043f30_0, 0, 1;
    %pushi/vec4 0, 0, 1;
    %store/vec4 v0x585ea4044030_0, 0, 1;
    %delay 5, 0;
    %pushi/vec4 0, 0, 1;
    %store/vec4 v0x585ea4043f30_0, 0, 1;
    %delay 5, 0;
    %pushi/vec4 1, 0, 1;
    %store/vec4 v0x585ea4044030_0, 0, 1;
    %delay 2, 0;
    %pushi/vec4 0, 0, 1;
    %store/vec4 v0x585ea4044030_0, 0, 1;
    %delay 40, 0;
    %pushi/vec4 1, 0, 1;
    %store/vec4 v0x585ea4044030_0, 0, 1;
    %delay 2, 0;
    %pushi/vec4 0, 0, 1;
    %store/vec4 v0x585ea4044030_0, 0, 1;
    %delay 50, 0;
    %pushi/vec4 1, 0, 1;
    %store/vec4 v0x585ea4043f30_0, 0, 1;
    %delay 2, 0;
    %pushi/vec4 0, 0, 1;
    %store/vec4 v0x585ea4043f30_0, 0, 1;
    %delay 10, 0;
    %pushi/vec4 1, 0, 1;
    %store/vec4 v0x585ea4044030_0, 0, 1;
    %delay 3, 0;
    %pushi/vec4 0, 0, 1;
    %store/vec4 v0x585ea4044030_0, 0, 1;
    %delay 200, 0;
    %pushi/vec4 1, 0, 1;
    %store/vec4 v0x585ea4044030_0, 0, 1;
    %delay 1, 0;
    %pushi/vec4 0, 0, 1;
    %store/vec4 v0x585ea4044030_0, 0, 1;
    %delay 100, 0;
    %vpi_call 2 50 "$finish" {0 0 0};
    %end;
    .thread T_4;
    .scope S_0x585ea3fe8490;
T_5 ;
    %vpi_call 2 54 "$monitor", "time=%3t, state=%2d, beep=%2b", $time, v0x585ea4044100_0, v0x585ea4043da0_0 {0 0 0};
    %end;
    .thread T_5;
    .scope S_0x585ea3fe8490;
T_6 ;
    %vpi_call 2 57 "$dumpfile", "dump.vcd" {0 0 0};
    %vpi_call 2 58 "$dumpvars", 32'sb00000000000000000000000000000000, S_0x585ea3fe8490 {0 0 0};
    %end;
    .thread T_6;
# The file index is used to find the file name in the following table.
:file_names 4;
    "N/A";
    "<interactive>";
    "testbench.v";
    "./design.v";
