#! /usr/bin/vvp
:ivl_version "12.0 (stable)";
:ivl_delay_selection "TYPICAL";
:vpi_time_precision + 0;
:vpi_module "/usr/lib/x86_64-linux-gnu/ivl/system.vpi";
:vpi_module "/usr/lib/x86_64-linux-gnu/ivl/vhdl_sys.vpi";
:vpi_module "/usr/lib/x86_64-linux-gnu/ivl/vhdl_textio.vpi";
:vpi_module "/usr/lib/x86_64-linux-gnu/ivl/v2005_math.vpi";
:vpi_module "/usr/lib/x86_64-linux-gnu/ivl/va_math.vpi";
S_0x5c9f3c77a510 .scope module, "test" "test" 2 1;
 .timescale 0 0;
v0x5c9f3c77c400_0 .var/i "a", 31 0;
v0x5c9f3c7c1260_0 .var/i "b", 31 0;
v0x5c9f3c7c1340_0 .var/i "c", 31 0;
    .scope S_0x5c9f3c77a510;
T_0 ;
    %pushi/vec4 5, 0, 32;
    %assign/vec4 v0x5c9f3c77c400_0, 0;
    %pushi/vec4 6, 0, 32;
    %store/vec4 v0x5c9f3c77c400_0, 0, 32;
    %end;
    .thread T_0;
    .scope S_0x5c9f3c77a510;
T_1 ;
    %load/vec4 v0x5c9f3c77c400_0;
    %assign/vec4 v0x5c9f3c7c1260_0, 0;
    %end;
    .thread T_1;
    .scope S_0x5c9f3c77a510;
T_2 ;
    %load/vec4 v0x5c9f3c7c1260_0;
    %assign/vec4 v0x5c9f3c7c1340_0, 0;
    %end;
    .thread T_2;
    .scope S_0x5c9f3c77a510;
T_3 ;
    %vpi_call 2 9 "$strobe", v0x5c9f3c77c400_0, v0x5c9f3c7c1260_0, v0x5c9f3c7c1340_0 {0 0 0};
    %end;
    .thread T_3;
# The file index is used to find the file name in the following table.
:file_names 3;
    "N/A";
    "<interactive>";
    "testbench.v";
